[2025-06-16 03:00:03,761] {taskinstance.py:896} INFO - Dependencies all met for <TaskInstance: Job_dag.elt_transform 2025-06-16T02:00:00+00:00 [queued]>
[2025-06-16 03:00:03,814] {taskinstance.py:896} INFO - Dependencies all met for <TaskInstance: Job_dag.elt_transform 2025-06-16T02:00:00+00:00 [queued]>
[2025-06-16 03:00:03,814] {taskinstance.py:1087} INFO - 
--------------------------------------------------------------------------------
[2025-06-16 03:00:03,814] {taskinstance.py:1088} INFO - Starting attempt 1 of 2
[2025-06-16 03:00:03,814] {taskinstance.py:1089} INFO - 
--------------------------------------------------------------------------------
[2025-06-16 03:00:03,830] {taskinstance.py:1107} INFO - Executing <Task(PythonOperator): elt_transform> on 2025-06-16T02:00:00+00:00
[2025-06-16 03:00:03,832] {standard_task_runner.py:52} INFO - Started process 218 to run task
[2025-06-16 03:00:03,834] {standard_task_runner.py:76} INFO - Running: ['***', 'tasks', 'run', 'Job_dag', 'elt_transform', '2025-06-16T02:00:00+00:00', '--job-id', '11', '--pool', 'default_pool', '--raw', '--subdir', 'DAGS_FOLDER/churn_dag.py', '--cfg-path', '/tmp/tmpyhkudhky', '--error-file', '/tmp/tmpbx6alwiu']
[2025-06-16 03:00:03,835] {standard_task_runner.py:77} INFO - Job 11: Subtask elt_transform
[2025-06-16 03:00:03,962] {logging_mixin.py:104} INFO - Running <TaskInstance: Job_dag.elt_transform 2025-06-16T02:00:00+00:00 [running]> on host 00c15d6be3a5
[2025-06-16 03:00:04,167] {taskinstance.py:1302} INFO - Exporting the following env vars:
AIRFLOW_CTX_DAG_EMAIL=***@example.com
AIRFLOW_CTX_DAG_OWNER=***
AIRFLOW_CTX_DAG_ID=Job_dag
AIRFLOW_CTX_TASK_ID=elt_transform
AIRFLOW_CTX_EXECUTION_DATE=2025-06-16T02:00:00+00:00
AIRFLOW_CTX_DAG_RUN_ID=scheduled__2025-06-16T02:00:00+00:00
[2025-06-16 03:00:04,736] {logging_mixin.py:104} INFO - Transformation complete.
[2025-06-16 03:00:04,736] {python.py:151} INFO - Done. Returned value was: None
[2025-06-16 03:00:04,777] {taskinstance.py:1211} INFO - Marking task as SUCCESS. dag_id=Job_dag, task_id=elt_transform, execution_date=20250616T020000, start_date=20250616T030003, end_date=20250616T030004
[2025-06-16 03:00:04,877] {taskinstance.py:1265} INFO - 0 downstream tasks scheduled from follow-on schedule check
[2025-06-16 03:00:04,919] {local_task_job.py:151} INFO - Task exited with return code 0
