[2025-06-15 18:19:06,034] {taskinstance.py:896} INFO - Dependencies all met for <TaskInstance: Job_dag.elt_transform 2025-06-15T18:19:02.311618+00:00 [queued]>
[2025-06-15 18:19:06,045] {taskinstance.py:896} INFO - Dependencies all met for <TaskInstance: Job_dag.elt_transform 2025-06-15T18:19:02.311618+00:00 [queued]>
[2025-06-15 18:19:06,045] {taskinstance.py:1087} INFO - 
--------------------------------------------------------------------------------
[2025-06-15 18:19:06,045] {taskinstance.py:1088} INFO - Starting attempt 1 of 2
[2025-06-15 18:19:06,045] {taskinstance.py:1089} INFO - 
--------------------------------------------------------------------------------
[2025-06-15 18:19:06,096] {taskinstance.py:1107} INFO - Executing <Task(PythonOperator): elt_transform> on 2025-06-15T18:19:02.311618+00:00
[2025-06-15 18:19:06,100] {standard_task_runner.py:52} INFO - Started process 116 to run task
[2025-06-15 18:19:06,103] {standard_task_runner.py:76} INFO - Running: ['***', 'tasks', 'run', 'Job_dag', 'elt_transform', '2025-06-15T18:19:02.311618+00:00', '--job-id', '86', '--pool', 'default_pool', '--raw', '--subdir', 'DAGS_FOLDER/churn_dag.py', '--cfg-path', '/tmp/tmparluu8qj', '--error-file', '/tmp/tmpsby21eqy']
[2025-06-15 18:19:06,103] {standard_task_runner.py:77} INFO - Job 86: Subtask elt_transform
[2025-06-15 18:19:06,238] {logging_mixin.py:104} INFO - Running <TaskInstance: Job_dag.elt_transform 2025-06-15T18:19:02.311618+00:00 [running]> on host c455ceb3e41f
[2025-06-15 18:19:06,492] {taskinstance.py:1302} INFO - Exporting the following env vars:
AIRFLOW_CTX_DAG_EMAIL=***@example.com
AIRFLOW_CTX_DAG_OWNER=***
AIRFLOW_CTX_DAG_ID=Job_dag
AIRFLOW_CTX_TASK_ID=elt_transform
AIRFLOW_CTX_EXECUTION_DATE=2025-06-15T18:19:02.311618+00:00
AIRFLOW_CTX_DAG_RUN_ID=manual__2025-06-15T18:19:02.311618+00:00
[2025-06-15 18:19:06,885] {logging_mixin.py:104} INFO - Transformation complete.
[2025-06-15 18:19:06,885] {python.py:151} INFO - Done. Returned value was: None
[2025-06-15 18:19:06,927] {taskinstance.py:1211} INFO - Marking task as SUCCESS. dag_id=Job_dag, task_id=elt_transform, execution_date=20250615T181902, start_date=20250615T181906, end_date=20250615T181906
[2025-06-15 18:19:07,024] {taskinstance.py:1265} INFO - 0 downstream tasks scheduled from follow-on schedule check
[2025-06-15 18:19:07,065] {local_task_job.py:151} INFO - Task exited with return code 0
