[2025-06-16 02:56:28,920] {taskinstance.py:896} INFO - Dependencies all met for <TaskInstance: Job_dag.elt_transform 2025-06-16T02:56:24.679655+00:00 [queued]>
[2025-06-16 02:56:28,975] {taskinstance.py:896} INFO - Dependencies all met for <TaskInstance: Job_dag.elt_transform 2025-06-16T02:56:24.679655+00:00 [queued]>
[2025-06-16 02:56:28,975] {taskinstance.py:1087} INFO - 
--------------------------------------------------------------------------------
[2025-06-16 02:56:28,975] {taskinstance.py:1088} INFO - Starting attempt 1 of 2
[2025-06-16 02:56:28,975] {taskinstance.py:1089} INFO - 
--------------------------------------------------------------------------------
[2025-06-16 02:56:28,991] {taskinstance.py:1107} INFO - Executing <Task(PythonOperator): elt_transform> on 2025-06-16T02:56:24.679655+00:00
[2025-06-16 02:56:28,993] {standard_task_runner.py:52} INFO - Started process 153 to run task
[2025-06-16 02:56:28,995] {standard_task_runner.py:76} INFO - Running: ['***', 'tasks', 'run', 'Job_dag', 'elt_transform', '2025-06-16T02:56:24.679655+00:00', '--job-id', '8', '--pool', 'default_pool', '--raw', '--subdir', 'DAGS_FOLDER/churn_dag.py', '--cfg-path', '/tmp/tmp_70ntrc0', '--error-file', '/tmp/tmpqo5q7lsj']
[2025-06-16 02:56:28,996] {standard_task_runner.py:77} INFO - Job 8: Subtask elt_transform
[2025-06-16 02:56:29,143] {logging_mixin.py:104} INFO - Running <TaskInstance: Job_dag.elt_transform 2025-06-16T02:56:24.679655+00:00 [running]> on host 00c15d6be3a5
[2025-06-16 02:56:29,361] {taskinstance.py:1302} INFO - Exporting the following env vars:
AIRFLOW_CTX_DAG_EMAIL=***@example.com
AIRFLOW_CTX_DAG_OWNER=***
AIRFLOW_CTX_DAG_ID=Job_dag
AIRFLOW_CTX_TASK_ID=elt_transform
AIRFLOW_CTX_EXECUTION_DATE=2025-06-16T02:56:24.679655+00:00
AIRFLOW_CTX_DAG_RUN_ID=manual__2025-06-16T02:56:24.679655+00:00
[2025-06-16 02:56:29,878] {logging_mixin.py:104} INFO - Transformation complete.
[2025-06-16 02:56:29,878] {python.py:151} INFO - Done. Returned value was: None
[2025-06-16 02:56:29,921] {taskinstance.py:1211} INFO - Marking task as SUCCESS. dag_id=Job_dag, task_id=elt_transform, execution_date=20250616T025624, start_date=20250616T025628, end_date=20250616T025629
[2025-06-16 02:56:30,019] {taskinstance.py:1265} INFO - 0 downstream tasks scheduled from follow-on schedule check
[2025-06-16 02:56:30,036] {local_task_job.py:151} INFO - Task exited with return code 0
