[2025-06-16 02:51:41,225] {scheduler_job.py:182} INFO - Started process (PID=49) to work on /opt/airflow/dags/churn_dag.py
[2025-06-16 02:51:41,227] {scheduler_job.py:633} INFO - Processing file /opt/airflow/dags/churn_dag.py for tasks to queue
[2025-06-16 02:51:41,228] {logging_mixin.py:104} INFO - [2025-06-16 02:51:41,228] {dagbag.py:496} INFO - Filling up the DagBag from /opt/airflow/dags/churn_dag.py
[2025-06-16 02:51:42,513] {logging_mixin.py:104} INFO - [2025-06-16 02:51:42,510] {dagbag.py:329} ERROR - Failed to import: /opt/airflow/dags/churn_dag.py
Traceback (most recent call last):
  File "/home/airflow/.local/lib/python3.6/site-packages/airflow/models/dagbag.py", line 326, in _load_modules_from_file
    loader.exec_module(new_module)
  File "<frozen importlib._bootstrap_external>", line 678, in exec_module
  File "<frozen importlib._bootstrap>", line 219, in _call_with_frames_removed
  File "/opt/airflow/dags/churn_dag.py", line 19, in <module>
    cron_schedule = os.environ('CRON_SCHEDULE')
TypeError: '_Environ' object is not callable
[2025-06-16 02:51:42,513] {scheduler_job.py:645} WARNING - No viable dags retrieved from /opt/airflow/dags/churn_dag.py
[2025-06-16 02:51:42,584] {scheduler_job.py:190} INFO - Processing /opt/airflow/dags/churn_dag.py took 1.361 seconds
[2025-06-16 02:52:12,672] {scheduler_job.py:182} INFO - Started process (PID=348) to work on /opt/airflow/dags/churn_dag.py
[2025-06-16 02:52:12,673] {scheduler_job.py:633} INFO - Processing file /opt/airflow/dags/churn_dag.py for tasks to queue
[2025-06-16 02:52:12,674] {logging_mixin.py:104} INFO - [2025-06-16 02:52:12,674] {dagbag.py:496} INFO - Filling up the DagBag from /opt/airflow/dags/churn_dag.py
[2025-06-16 02:52:13,159] {logging_mixin.py:104} INFO - [2025-06-16 02:52:13,157] {dagbag.py:329} ERROR - Failed to import: /opt/airflow/dags/churn_dag.py
Traceback (most recent call last):
  File "/home/airflow/.local/lib/python3.6/site-packages/airflow/models/dagbag.py", line 326, in _load_modules_from_file
    loader.exec_module(new_module)
  File "<frozen importlib._bootstrap_external>", line 678, in exec_module
  File "<frozen importlib._bootstrap>", line 219, in _call_with_frames_removed
  File "/opt/airflow/dags/churn_dag.py", line 19, in <module>
    cron_schedule = os.environ('CRON_SCHEDULE')
TypeError: '_Environ' object is not callable
[2025-06-16 02:52:13,159] {scheduler_job.py:645} WARNING - No viable dags retrieved from /opt/airflow/dags/churn_dag.py
[2025-06-16 02:52:13,218] {scheduler_job.py:190} INFO - Processing /opt/airflow/dags/churn_dag.py took 0.548 seconds
[2025-06-16 02:52:43,484] {scheduler_job.py:182} INFO - Started process (PID=417) to work on /opt/airflow/dags/churn_dag.py
[2025-06-16 02:52:43,486] {scheduler_job.py:633} INFO - Processing file /opt/airflow/dags/churn_dag.py for tasks to queue
[2025-06-16 02:52:43,487] {logging_mixin.py:104} INFO - [2025-06-16 02:52:43,487] {dagbag.py:496} INFO - Filling up the DagBag from /opt/airflow/dags/churn_dag.py
[2025-06-16 02:52:44,071] {logging_mixin.py:104} INFO - [2025-06-16 02:52:44,069] {dagbag.py:329} ERROR - Failed to import: /opt/airflow/dags/churn_dag.py
Traceback (most recent call last):
  File "/home/airflow/.local/lib/python3.6/site-packages/airflow/models/dagbag.py", line 326, in _load_modules_from_file
    loader.exec_module(new_module)
  File "<frozen importlib._bootstrap_external>", line 678, in exec_module
  File "<frozen importlib._bootstrap>", line 219, in _call_with_frames_removed
  File "/opt/airflow/dags/churn_dag.py", line 19, in <module>
    cron_schedule = os.environ('CRON_SCHEDULE')
TypeError: '_Environ' object is not callable
[2025-06-16 02:52:44,071] {scheduler_job.py:645} WARNING - No viable dags retrieved from /opt/airflow/dags/churn_dag.py
[2025-06-16 02:52:44,141] {scheduler_job.py:190} INFO - Processing /opt/airflow/dags/churn_dag.py took 0.661 seconds
[2025-06-16 02:53:15,040] {scheduler_job.py:182} INFO - Started process (PID=486) to work on /opt/airflow/dags/churn_dag.py
[2025-06-16 02:53:15,041] {scheduler_job.py:633} INFO - Processing file /opt/airflow/dags/churn_dag.py for tasks to queue
[2025-06-16 02:53:15,044] {logging_mixin.py:104} INFO - [2025-06-16 02:53:15,044] {dagbag.py:496} INFO - Filling up the DagBag from /opt/airflow/dags/churn_dag.py
[2025-06-16 02:53:15,977] {logging_mixin.py:104} INFO - [2025-06-16 02:53:15,976] {dagbag.py:329} ERROR - Failed to import: /opt/airflow/dags/churn_dag.py
Traceback (most recent call last):
  File "/home/airflow/.local/lib/python3.6/site-packages/airflow/models/dagbag.py", line 326, in _load_modules_from_file
    loader.exec_module(new_module)
  File "<frozen importlib._bootstrap_external>", line 678, in exec_module
  File "<frozen importlib._bootstrap>", line 219, in _call_with_frames_removed
  File "/opt/airflow/dags/churn_dag.py", line 19, in <module>
    cron_schedule = os.environ('CRON_SCHEDULE')
TypeError: '_Environ' object is not callable
[2025-06-16 02:53:15,978] {scheduler_job.py:645} WARNING - No viable dags retrieved from /opt/airflow/dags/churn_dag.py
[2025-06-16 02:53:16,061] {scheduler_job.py:190} INFO - Processing /opt/airflow/dags/churn_dag.py took 1.024 seconds
[2025-06-16 02:53:40,854] {scheduler_job.py:182} INFO - Started process (PID=49) to work on /opt/airflow/dags/churn_dag.py
[2025-06-16 02:53:40,876] {scheduler_job.py:633} INFO - Processing file /opt/airflow/dags/churn_dag.py for tasks to queue
[2025-06-16 02:53:40,885] {logging_mixin.py:104} INFO - [2025-06-16 02:53:40,885] {dagbag.py:496} INFO - Filling up the DagBag from /opt/airflow/dags/churn_dag.py
[2025-06-16 02:53:41,658] {logging_mixin.py:104} INFO - [2025-06-16 02:53:41,654] {dagbag.py:329} ERROR - Failed to import: /opt/airflow/dags/churn_dag.py
Traceback (most recent call last):
  File "/home/airflow/.local/lib/python3.6/site-packages/airflow/models/dagbag.py", line 326, in _load_modules_from_file
    loader.exec_module(new_module)
  File "<frozen importlib._bootstrap_external>", line 678, in exec_module
  File "<frozen importlib._bootstrap>", line 219, in _call_with_frames_removed
  File "/opt/airflow/dags/churn_dag.py", line 19, in <module>
    cron_schedule = os.environ('CRON_SCHEDULE')
TypeError: '_Environ' object is not callable
[2025-06-16 02:53:41,663] {scheduler_job.py:645} WARNING - No viable dags retrieved from /opt/airflow/dags/churn_dag.py
[2025-06-16 02:53:41,792] {scheduler_job.py:190} INFO - Processing /opt/airflow/dags/churn_dag.py took 0.941 seconds
[2025-06-16 02:54:12,228] {scheduler_job.py:182} INFO - Started process (PID=109) to work on /opt/airflow/dags/churn_dag.py
[2025-06-16 02:54:12,231] {scheduler_job.py:633} INFO - Processing file /opt/airflow/dags/churn_dag.py for tasks to queue
[2025-06-16 02:54:12,234] {logging_mixin.py:104} INFO - [2025-06-16 02:54:12,234] {dagbag.py:496} INFO - Filling up the DagBag from /opt/airflow/dags/churn_dag.py
[2025-06-16 02:54:12,803] {logging_mixin.py:104} INFO - [2025-06-16 02:54:12,802] {dagbag.py:329} ERROR - Failed to import: /opt/airflow/dags/churn_dag.py
Traceback (most recent call last):
  File "/home/airflow/.local/lib/python3.6/site-packages/airflow/models/dagbag.py", line 326, in _load_modules_from_file
    loader.exec_module(new_module)
  File "<frozen importlib._bootstrap_external>", line 678, in exec_module
  File "<frozen importlib._bootstrap>", line 219, in _call_with_frames_removed
  File "/opt/airflow/dags/churn_dag.py", line 19, in <module>
    cron_schedule = os.environ('CRON_SCHEDULE')
TypeError: '_Environ' object is not callable
[2025-06-16 02:54:12,804] {scheduler_job.py:645} WARNING - No viable dags retrieved from /opt/airflow/dags/churn_dag.py
[2025-06-16 02:54:12,864] {scheduler_job.py:190} INFO - Processing /opt/airflow/dags/churn_dag.py took 0.641 seconds
[2025-06-16 02:54:42,948] {scheduler_job.py:182} INFO - Started process (PID=178) to work on /opt/airflow/dags/churn_dag.py
[2025-06-16 02:54:42,950] {scheduler_job.py:633} INFO - Processing file /opt/airflow/dags/churn_dag.py for tasks to queue
[2025-06-16 02:54:42,951] {logging_mixin.py:104} INFO - [2025-06-16 02:54:42,951] {dagbag.py:496} INFO - Filling up the DagBag from /opt/airflow/dags/churn_dag.py
[2025-06-16 02:54:43,483] {logging_mixin.py:104} INFO - [2025-06-16 02:54:43,482] {dagbag.py:329} ERROR - Failed to import: /opt/airflow/dags/churn_dag.py
Traceback (most recent call last):
  File "/home/airflow/.local/lib/python3.6/site-packages/airflow/models/dagbag.py", line 326, in _load_modules_from_file
    loader.exec_module(new_module)
  File "<frozen importlib._bootstrap_external>", line 678, in exec_module
  File "<frozen importlib._bootstrap>", line 219, in _call_with_frames_removed
  File "/opt/airflow/dags/churn_dag.py", line 19, in <module>
    cron_schedule = os.environ('CRON_SCHEDULE')
TypeError: '_Environ' object is not callable
[2025-06-16 02:54:43,484] {scheduler_job.py:645} WARNING - No viable dags retrieved from /opt/airflow/dags/churn_dag.py
[2025-06-16 02:54:43,543] {scheduler_job.py:190} INFO - Processing /opt/airflow/dags/churn_dag.py took 0.600 seconds
[2025-06-16 02:55:02,190] {scheduler_job.py:182} INFO - Started process (PID=236) to work on /opt/airflow/dags/churn_dag.py
[2025-06-16 02:55:02,191] {scheduler_job.py:633} INFO - Processing file /opt/airflow/dags/churn_dag.py for tasks to queue
[2025-06-16 02:55:02,192] {logging_mixin.py:104} INFO - [2025-06-16 02:55:02,192] {dagbag.py:496} INFO - Filling up the DagBag from /opt/airflow/dags/churn_dag.py
[2025-06-16 02:55:02,639] {scheduler_job.py:643} INFO - DAG(s) dict_keys(['Job_dag']) retrieved from /opt/airflow/dags/churn_dag.py
[2025-06-16 02:55:03,744] {logging_mixin.py:104} INFO - [2025-06-16 02:55:03,743] {dag.py:1833} INFO - Sync 1 DAGs
[2025-06-16 02:55:03,751] {logging_mixin.py:104} INFO - [2025-06-16 02:55:03,750] {dag.py:1852} INFO - Creating ORM DAG for Job_dag
[2025-06-16 02:55:03,761] {logging_mixin.py:104} INFO - [2025-06-16 02:55:03,761] {dag.py:2306} INFO - Setting next_dagrun for Job_dag to 2025-06-16T01:00:00+00:00
[2025-06-16 02:55:03,768] {scheduler_job.py:190} INFO - Processing /opt/airflow/dags/churn_dag.py took 1.581 seconds
[2025-06-16 02:55:04,786] {scheduler_job.py:182} INFO - Started process (PID=245) to work on /opt/airflow/dags/churn_dag.py
[2025-06-16 02:55:04,786] {scheduler_job.py:633} INFO - Processing file /opt/airflow/dags/churn_dag.py for tasks to queue
[2025-06-16 02:55:04,787] {logging_mixin.py:104} INFO - [2025-06-16 02:55:04,787] {dagbag.py:496} INFO - Filling up the DagBag from /opt/airflow/dags/churn_dag.py
[2025-06-16 02:55:05,257] {scheduler_job.py:643} INFO - DAG(s) dict_keys(['Job_dag']) retrieved from /opt/airflow/dags/churn_dag.py
[2025-06-16 02:55:05,316] {logging_mixin.py:104} INFO - [2025-06-16 02:55:05,316] {dag.py:1833} INFO - Sync 1 DAGs
[2025-06-16 02:55:05,335] {logging_mixin.py:104} INFO - [2025-06-16 02:55:05,335] {dag.py:2306} INFO - Setting next_dagrun for Job_dag to 2025-06-16T01:00:00+00:00
[2025-06-16 02:55:05,347] {scheduler_job.py:190} INFO - Processing /opt/airflow/dags/churn_dag.py took 0.564 seconds
[2025-06-16 02:55:35,328] {scheduler_job.py:182} INFO - Started process (PID=49) to work on /opt/airflow/dags/churn_dag.py
[2025-06-16 02:55:35,338] {scheduler_job.py:633} INFO - Processing file /opt/airflow/dags/churn_dag.py for tasks to queue
[2025-06-16 02:55:35,343] {logging_mixin.py:104} INFO - [2025-06-16 02:55:35,342] {dagbag.py:496} INFO - Filling up the DagBag from /opt/airflow/dags/churn_dag.py
[2025-06-16 02:55:36,045] {scheduler_job.py:643} INFO - DAG(s) dict_keys(['Job_dag']) retrieved from /opt/airflow/dags/churn_dag.py
[2025-06-16 02:55:36,143] {logging_mixin.py:104} INFO - [2025-06-16 02:55:36,143] {dag.py:1833} INFO - Sync 1 DAGs
[2025-06-16 02:55:36,179] {logging_mixin.py:104} INFO - [2025-06-16 02:55:36,179] {dag.py:2306} INFO - Setting next_dagrun for Job_dag to 2025-06-16T01:00:00+00:00
[2025-06-16 02:55:36,200] {scheduler_job.py:190} INFO - Processing /opt/airflow/dags/churn_dag.py took 0.880 seconds
[2025-06-16 02:56:06,289] {scheduler_job.py:182} INFO - Started process (PID=108) to work on /opt/airflow/dags/churn_dag.py
[2025-06-16 02:56:06,290] {scheduler_job.py:633} INFO - Processing file /opt/airflow/dags/churn_dag.py for tasks to queue
[2025-06-16 02:56:06,291] {logging_mixin.py:104} INFO - [2025-06-16 02:56:06,291] {dagbag.py:496} INFO - Filling up the DagBag from /opt/airflow/dags/churn_dag.py
[2025-06-16 02:56:06,764] {scheduler_job.py:643} INFO - DAG(s) dict_keys(['Job_dag']) retrieved from /opt/airflow/dags/churn_dag.py
[2025-06-16 02:56:06,823] {logging_mixin.py:104} INFO - [2025-06-16 02:56:06,823] {dag.py:1833} INFO - Sync 1 DAGs
[2025-06-16 02:56:06,841] {logging_mixin.py:104} INFO - [2025-06-16 02:56:06,841] {dag.py:2306} INFO - Setting next_dagrun for Job_dag to 2025-06-16T01:00:00+00:00
[2025-06-16 02:56:06,850] {scheduler_job.py:190} INFO - Processing /opt/airflow/dags/churn_dag.py took 0.566 seconds
[2025-06-16 02:56:37,028] {scheduler_job.py:182} INFO - Started process (PID=180) to work on /opt/airflow/dags/churn_dag.py
[2025-06-16 02:56:37,029] {scheduler_job.py:633} INFO - Processing file /opt/airflow/dags/churn_dag.py for tasks to queue
[2025-06-16 02:56:37,030] {logging_mixin.py:104} INFO - [2025-06-16 02:56:37,029] {dagbag.py:496} INFO - Filling up the DagBag from /opt/airflow/dags/churn_dag.py
[2025-06-16 02:56:37,445] {scheduler_job.py:643} INFO - DAG(s) dict_keys(['Job_dag']) retrieved from /opt/airflow/dags/churn_dag.py
[2025-06-16 02:56:37,502] {logging_mixin.py:104} INFO - [2025-06-16 02:56:37,502] {dag.py:1833} INFO - Sync 1 DAGs
[2025-06-16 02:56:37,520] {logging_mixin.py:104} INFO - [2025-06-16 02:56:37,520] {dag.py:2306} INFO - Setting next_dagrun for Job_dag to 2025-06-16T02:00:00+00:00
[2025-06-16 02:56:37,529] {scheduler_job.py:190} INFO - Processing /opt/airflow/dags/churn_dag.py took 0.502 seconds
[2025-06-16 02:57:07,702] {scheduler_job.py:182} INFO - Started process (PID=251) to work on /opt/airflow/dags/churn_dag.py
[2025-06-16 02:57:07,702] {scheduler_job.py:633} INFO - Processing file /opt/airflow/dags/churn_dag.py for tasks to queue
[2025-06-16 02:57:07,703] {logging_mixin.py:104} INFO - [2025-06-16 02:57:07,703] {dagbag.py:496} INFO - Filling up the DagBag from /opt/airflow/dags/churn_dag.py
[2025-06-16 02:57:08,158] {scheduler_job.py:643} INFO - DAG(s) dict_keys(['Job_dag']) retrieved from /opt/airflow/dags/churn_dag.py
[2025-06-16 02:57:08,213] {logging_mixin.py:104} INFO - [2025-06-16 02:57:08,213] {dag.py:1833} INFO - Sync 1 DAGs
[2025-06-16 02:57:08,234] {logging_mixin.py:104} INFO - [2025-06-16 02:57:08,233] {dag.py:2306} INFO - Setting next_dagrun for Job_dag to 2025-06-16T02:00:00+00:00
[2025-06-16 02:57:08,242] {scheduler_job.py:190} INFO - Processing /opt/airflow/dags/churn_dag.py took 0.542 seconds
[2025-06-16 02:57:38,404] {scheduler_job.py:182} INFO - Started process (PID=310) to work on /opt/airflow/dags/churn_dag.py
[2025-06-16 02:57:38,405] {scheduler_job.py:633} INFO - Processing file /opt/airflow/dags/churn_dag.py for tasks to queue
[2025-06-16 02:57:38,405] {logging_mixin.py:104} INFO - [2025-06-16 02:57:38,405] {dagbag.py:496} INFO - Filling up the DagBag from /opt/airflow/dags/churn_dag.py
[2025-06-16 02:57:38,910] {scheduler_job.py:643} INFO - DAG(s) dict_keys(['Job_dag']) retrieved from /opt/airflow/dags/churn_dag.py
[2025-06-16 02:57:38,971] {logging_mixin.py:104} INFO - [2025-06-16 02:57:38,971] {dag.py:1833} INFO - Sync 1 DAGs
[2025-06-16 02:57:38,989] {logging_mixin.py:104} INFO - [2025-06-16 02:57:38,989] {dag.py:2306} INFO - Setting next_dagrun for Job_dag to 2025-06-16T02:00:00+00:00
[2025-06-16 02:57:38,998] {scheduler_job.py:190} INFO - Processing /opt/airflow/dags/churn_dag.py took 0.595 seconds
[2025-06-16 02:58:18,681] {scheduler_job.py:182} INFO - Started process (PID=48) to work on /opt/airflow/dags/churn_dag.py
[2025-06-16 02:58:18,684] {scheduler_job.py:633} INFO - Processing file /opt/airflow/dags/churn_dag.py for tasks to queue
[2025-06-16 02:58:18,686] {logging_mixin.py:104} INFO - [2025-06-16 02:58:18,686] {dagbag.py:496} INFO - Filling up the DagBag from /opt/airflow/dags/churn_dag.py
[2025-06-16 02:58:19,510] {scheduler_job.py:643} INFO - DAG(s) dict_keys(['Job_dag']) retrieved from /opt/airflow/dags/churn_dag.py
[2025-06-16 02:58:19,602] {logging_mixin.py:104} INFO - [2025-06-16 02:58:19,602] {dag.py:1833} INFO - Sync 1 DAGs
[2025-06-16 02:58:19,656] {logging_mixin.py:104} INFO - [2025-06-16 02:58:19,656] {dag.py:2306} INFO - Setting next_dagrun for Job_dag to 2025-06-16T02:00:00+00:00
[2025-06-16 02:58:19,682] {scheduler_job.py:190} INFO - Processing /opt/airflow/dags/churn_dag.py took 1.003 seconds
[2025-06-16 02:58:49,973] {scheduler_job.py:182} INFO - Started process (PID=108) to work on /opt/airflow/dags/churn_dag.py
[2025-06-16 02:58:49,975] {scheduler_job.py:633} INFO - Processing file /opt/airflow/dags/churn_dag.py for tasks to queue
[2025-06-16 02:58:49,975] {logging_mixin.py:104} INFO - [2025-06-16 02:58:49,975] {dagbag.py:496} INFO - Filling up the DagBag from /opt/airflow/dags/churn_dag.py
[2025-06-16 02:58:50,454] {scheduler_job.py:643} INFO - DAG(s) dict_keys(['Job_dag']) retrieved from /opt/airflow/dags/churn_dag.py
[2025-06-16 02:58:50,510] {logging_mixin.py:104} INFO - [2025-06-16 02:58:50,510] {dag.py:1833} INFO - Sync 1 DAGs
[2025-06-16 02:58:50,528] {logging_mixin.py:104} INFO - [2025-06-16 02:58:50,528] {dag.py:2306} INFO - Setting next_dagrun for Job_dag to 2025-06-16T02:00:00+00:00
[2025-06-16 02:58:50,542] {scheduler_job.py:190} INFO - Processing /opt/airflow/dags/churn_dag.py took 0.573 seconds
[2025-06-16 02:59:20,714] {scheduler_job.py:182} INFO - Started process (PID=180) to work on /opt/airflow/dags/churn_dag.py
[2025-06-16 02:59:20,714] {scheduler_job.py:633} INFO - Processing file /opt/airflow/dags/churn_dag.py for tasks to queue
[2025-06-16 02:59:20,714] {logging_mixin.py:104} INFO - [2025-06-16 02:59:20,714] {dagbag.py:496} INFO - Filling up the DagBag from /opt/airflow/dags/churn_dag.py
[2025-06-16 02:59:21,116] {scheduler_job.py:643} INFO - DAG(s) dict_keys(['Job_dag']) retrieved from /opt/airflow/dags/churn_dag.py
[2025-06-16 02:59:21,172] {logging_mixin.py:104} INFO - [2025-06-16 02:59:21,172] {dag.py:1833} INFO - Sync 1 DAGs
[2025-06-16 02:59:21,189] {logging_mixin.py:104} INFO - [2025-06-16 02:59:21,189] {dag.py:2306} INFO - Setting next_dagrun for Job_dag to 2025-06-16T02:00:00+00:00
[2025-06-16 02:59:21,199] {scheduler_job.py:190} INFO - Processing /opt/airflow/dags/churn_dag.py took 0.487 seconds
[2025-06-16 02:59:51,270] {scheduler_job.py:182} INFO - Started process (PID=251) to work on /opt/airflow/dags/churn_dag.py
[2025-06-16 02:59:51,271] {scheduler_job.py:633} INFO - Processing file /opt/airflow/dags/churn_dag.py for tasks to queue
[2025-06-16 02:59:51,271] {logging_mixin.py:104} INFO - [2025-06-16 02:59:51,271] {dagbag.py:496} INFO - Filling up the DagBag from /opt/airflow/dags/churn_dag.py
[2025-06-16 02:59:51,792] {scheduler_job.py:643} INFO - DAG(s) dict_keys(['Job_dag']) retrieved from /opt/airflow/dags/churn_dag.py
[2025-06-16 02:59:51,848] {logging_mixin.py:104} INFO - [2025-06-16 02:59:51,848] {dag.py:1833} INFO - Sync 1 DAGs
[2025-06-16 02:59:51,867] {logging_mixin.py:104} INFO - [2025-06-16 02:59:51,867] {dag.py:2306} INFO - Setting next_dagrun for Job_dag to 2025-06-16T02:00:00+00:00
[2025-06-16 02:59:51,876] {scheduler_job.py:190} INFO - Processing /opt/airflow/dags/churn_dag.py took 0.607 seconds
