[2025-06-16 03:00:01,562] {taskinstance.py:896} INFO - Dependencies all met for <TaskInstance: Job_dag.data_ingestion 2025-06-16T02:00:00+00:00 [queued]>
[2025-06-16 03:00:01,627] {taskinstance.py:896} INFO - Dependencies all met for <TaskInstance: Job_dag.data_ingestion 2025-06-16T02:00:00+00:00 [queued]>
[2025-06-16 03:00:01,627] {taskinstance.py:1087} INFO - 
--------------------------------------------------------------------------------
[2025-06-16 03:00:01,627] {taskinstance.py:1088} INFO - Starting attempt 1 of 2
[2025-06-16 03:00:01,627] {taskinstance.py:1089} INFO - 
--------------------------------------------------------------------------------
[2025-06-16 03:00:01,645] {taskinstance.py:1107} INFO - Executing <Task(PythonOperator): data_ingestion> on 2025-06-16T02:00:00+00:00
[2025-06-16 03:00:01,648] {standard_task_runner.py:52} INFO - Started process 216 to run task
[2025-06-16 03:00:01,651] {standard_task_runner.py:76} INFO - Running: ['***', 'tasks', 'run', 'Job_dag', 'data_ingestion', '2025-06-16T02:00:00+00:00', '--job-id', '10', '--pool', 'default_pool', '--raw', '--subdir', 'DAGS_FOLDER/churn_dag.py', '--cfg-path', '/tmp/tmp09qp2ygn', '--error-file', '/tmp/tmpdfapiryk']
[2025-06-16 03:00:01,651] {standard_task_runner.py:77} INFO - Job 10: Subtask data_ingestion
[2025-06-16 03:00:01,782] {logging_mixin.py:104} INFO - Running <TaskInstance: Job_dag.data_ingestion 2025-06-16T02:00:00+00:00 [running]> on host 00c15d6be3a5
[2025-06-16 03:00:01,988] {taskinstance.py:1302} INFO - Exporting the following env vars:
AIRFLOW_CTX_DAG_EMAIL=***@example.com
AIRFLOW_CTX_DAG_OWNER=***
AIRFLOW_CTX_DAG_ID=Job_dag
AIRFLOW_CTX_TASK_ID=data_ingestion
AIRFLOW_CTX_EXECUTION_DATE=2025-06-16T02:00:00+00:00
AIRFLOW_CTX_DAG_RUN_ID=scheduled__2025-06-16T02:00:00+00:00
[2025-06-16 03:00:02,019] {logging_mixin.py:104} INFO - Conection Testing123
[2025-06-16 03:00:02,019] {logging_mixin.py:104} INFO - <connection object at 0x7fffb0da2548; dsn: 'user=myuser password=xxx dbname=cust_churn_stg host=host.docker.internal port=6543', closed: 0>
[2025-06-16 03:00:02,036] {logging_mixin.py:104} INFO - Old data deleted.
[2025-06-16 03:00:02,365] {logging_mixin.py:104} INFO - CSV data inserted into Postgres successfully.
[2025-06-16 03:00:02,365] {python.py:151} INFO - Done. Returned value was: None
[2025-06-16 03:00:02,407] {taskinstance.py:1211} INFO - Marking task as SUCCESS. dag_id=Job_dag, task_id=data_ingestion, execution_date=20250616T020000, start_date=20250616T030001, end_date=20250616T030002
[2025-06-16 03:00:02,552] {taskinstance.py:1265} INFO - 1 downstream tasks scheduled from follow-on schedule check
[2025-06-16 03:00:02,569] {local_task_job.py:151} INFO - Task exited with return code 0
