[2025-06-16 02:52:05,623] {scheduler_job.py:182} INFO - Started process (PID=301) to work on /home/airflow/.local/lib/python3.6/site-packages/airflow/example_dags/example_task_group.py
[2025-06-16 02:52:05,625] {scheduler_job.py:633} INFO - Processing file /home/airflow/.local/lib/python3.6/site-packages/airflow/example_dags/example_task_group.py for tasks to queue
[2025-06-16 02:52:05,626] {logging_mixin.py:104} INFO - [2025-06-16 02:52:05,626] {dagbag.py:496} INFO - Filling up the DagBag from /home/airflow/.local/lib/python3.6/site-packages/airflow/example_dags/example_task_group.py
[2025-06-16 02:52:05,640] {scheduler_job.py:643} INFO - DAG(s) dict_keys(['example_task_group']) retrieved from /home/airflow/.local/lib/python3.6/site-packages/airflow/example_dags/example_task_group.py
[2025-06-16 02:52:07,385] {logging_mixin.py:104} INFO - [2025-06-16 02:52:07,385] {dag.py:1833} INFO - Sync 1 DAGs
[2025-06-16 02:52:07,392] {logging_mixin.py:104} INFO - [2025-06-16 02:52:07,391] {dag.py:1852} INFO - Creating ORM DAG for example_task_group
[2025-06-16 02:52:07,401] {logging_mixin.py:104} INFO - [2025-06-16 02:52:07,401] {dag.py:2306} INFO - Setting next_dagrun for example_task_group to 2025-06-14 00:00:00+00:00
[2025-06-16 02:52:07,408] {scheduler_job.py:190} INFO - Processing /home/airflow/.local/lib/python3.6/site-packages/airflow/example_dags/example_task_group.py took 1.789 seconds
[2025-06-16 02:52:38,099] {scheduler_job.py:182} INFO - Started process (PID=411) to work on /home/airflow/.local/lib/python3.6/site-packages/airflow/example_dags/example_task_group.py
[2025-06-16 02:52:38,100] {scheduler_job.py:633} INFO - Processing file /home/airflow/.local/lib/python3.6/site-packages/airflow/example_dags/example_task_group.py for tasks to queue
[2025-06-16 02:52:38,100] {logging_mixin.py:104} INFO - [2025-06-16 02:52:38,100] {dagbag.py:496} INFO - Filling up the DagBag from /home/airflow/.local/lib/python3.6/site-packages/airflow/example_dags/example_task_group.py
[2025-06-16 02:52:38,110] {scheduler_job.py:643} INFO - DAG(s) dict_keys(['example_task_group']) retrieved from /home/airflow/.local/lib/python3.6/site-packages/airflow/example_dags/example_task_group.py
[2025-06-16 02:52:38,176] {logging_mixin.py:104} INFO - [2025-06-16 02:52:38,175] {dag.py:1833} INFO - Sync 1 DAGs
[2025-06-16 02:52:38,195] {logging_mixin.py:104} INFO - [2025-06-16 02:52:38,195] {dag.py:2306} INFO - Setting next_dagrun for example_task_group to 2025-06-14 00:00:00+00:00
[2025-06-16 02:52:38,206] {scheduler_job.py:190} INFO - Processing /home/airflow/.local/lib/python3.6/site-packages/airflow/example_dags/example_task_group.py took 0.109 seconds
[2025-06-16 02:53:08,763] {scheduler_job.py:182} INFO - Started process (PID=470) to work on /home/airflow/.local/lib/python3.6/site-packages/airflow/example_dags/example_task_group.py
[2025-06-16 02:53:08,765] {scheduler_job.py:633} INFO - Processing file /home/airflow/.local/lib/python3.6/site-packages/airflow/example_dags/example_task_group.py for tasks to queue
[2025-06-16 02:53:08,765] {logging_mixin.py:104} INFO - [2025-06-16 02:53:08,765] {dagbag.py:496} INFO - Filling up the DagBag from /home/airflow/.local/lib/python3.6/site-packages/airflow/example_dags/example_task_group.py
[2025-06-16 02:53:08,781] {scheduler_job.py:643} INFO - DAG(s) dict_keys(['example_task_group']) retrieved from /home/airflow/.local/lib/python3.6/site-packages/airflow/example_dags/example_task_group.py
[2025-06-16 02:53:08,850] {logging_mixin.py:104} INFO - [2025-06-16 02:53:08,850] {dag.py:1833} INFO - Sync 1 DAGs
[2025-06-16 02:53:08,868] {logging_mixin.py:104} INFO - [2025-06-16 02:53:08,868] {dag.py:2306} INFO - Setting next_dagrun for example_task_group to 2025-06-14 00:00:00+00:00
[2025-06-16 02:53:08,879] {scheduler_job.py:190} INFO - Processing /home/airflow/.local/lib/python3.6/site-packages/airflow/example_dags/example_task_group.py took 0.121 seconds
[2025-06-16 02:53:44,125] {scheduler_job.py:182} INFO - Started process (PID=82) to work on /home/airflow/.local/lib/python3.6/site-packages/airflow/example_dags/example_task_group.py
[2025-06-16 02:53:44,127] {scheduler_job.py:633} INFO - Processing file /home/airflow/.local/lib/python3.6/site-packages/airflow/example_dags/example_task_group.py for tasks to queue
[2025-06-16 02:53:44,130] {logging_mixin.py:104} INFO - [2025-06-16 02:53:44,129] {dagbag.py:496} INFO - Filling up the DagBag from /home/airflow/.local/lib/python3.6/site-packages/airflow/example_dags/example_task_group.py
[2025-06-16 02:53:44,161] {scheduler_job.py:643} INFO - DAG(s) dict_keys(['example_task_group']) retrieved from /home/airflow/.local/lib/python3.6/site-packages/airflow/example_dags/example_task_group.py
[2025-06-16 02:53:44,512] {logging_mixin.py:104} INFO - [2025-06-16 02:53:44,512] {dag.py:1833} INFO - Sync 1 DAGs
[2025-06-16 02:53:44,565] {logging_mixin.py:104} INFO - [2025-06-16 02:53:44,565] {dag.py:2306} INFO - Setting next_dagrun for example_task_group to 2025-06-14 00:00:00+00:00
[2025-06-16 02:53:44,603] {scheduler_job.py:190} INFO - Processing /home/airflow/.local/lib/python3.6/site-packages/airflow/example_dags/example_task_group.py took 0.480 seconds
[2025-06-16 02:54:15,371] {scheduler_job.py:182} INFO - Started process (PID=151) to work on /home/airflow/.local/lib/python3.6/site-packages/airflow/example_dags/example_task_group.py
[2025-06-16 02:54:15,371] {scheduler_job.py:633} INFO - Processing file /home/airflow/.local/lib/python3.6/site-packages/airflow/example_dags/example_task_group.py for tasks to queue
[2025-06-16 02:54:15,372] {logging_mixin.py:104} INFO - [2025-06-16 02:54:15,372] {dagbag.py:496} INFO - Filling up the DagBag from /home/airflow/.local/lib/python3.6/site-packages/airflow/example_dags/example_task_group.py
[2025-06-16 02:54:15,381] {scheduler_job.py:643} INFO - DAG(s) dict_keys(['example_task_group']) retrieved from /home/airflow/.local/lib/python3.6/site-packages/airflow/example_dags/example_task_group.py
[2025-06-16 02:54:15,445] {logging_mixin.py:104} INFO - [2025-06-16 02:54:15,444] {dag.py:1833} INFO - Sync 1 DAGs
[2025-06-16 02:54:15,466] {logging_mixin.py:104} INFO - [2025-06-16 02:54:15,466] {dag.py:2306} INFO - Setting next_dagrun for example_task_group to 2025-06-14 00:00:00+00:00
[2025-06-16 02:54:15,478] {scheduler_job.py:190} INFO - Processing /home/airflow/.local/lib/python3.6/site-packages/airflow/example_dags/example_task_group.py took 0.110 seconds
[2025-06-16 02:54:45,758] {scheduler_job.py:182} INFO - Started process (PID=210) to work on /home/airflow/.local/lib/python3.6/site-packages/airflow/example_dags/example_task_group.py
[2025-06-16 02:54:45,759] {scheduler_job.py:633} INFO - Processing file /home/airflow/.local/lib/python3.6/site-packages/airflow/example_dags/example_task_group.py for tasks to queue
[2025-06-16 02:54:45,760] {logging_mixin.py:104} INFO - [2025-06-16 02:54:45,760] {dagbag.py:496} INFO - Filling up the DagBag from /home/airflow/.local/lib/python3.6/site-packages/airflow/example_dags/example_task_group.py
[2025-06-16 02:54:45,774] {scheduler_job.py:643} INFO - DAG(s) dict_keys(['example_task_group']) retrieved from /home/airflow/.local/lib/python3.6/site-packages/airflow/example_dags/example_task_group.py
[2025-06-16 02:54:45,837] {logging_mixin.py:104} INFO - [2025-06-16 02:54:45,836] {dag.py:1833} INFO - Sync 1 DAGs
[2025-06-16 02:54:45,854] {logging_mixin.py:104} INFO - [2025-06-16 02:54:45,853] {dag.py:2306} INFO - Setting next_dagrun for example_task_group to 2025-06-14 00:00:00+00:00
[2025-06-16 02:54:45,864] {scheduler_job.py:190} INFO - Processing /home/airflow/.local/lib/python3.6/site-packages/airflow/example_dags/example_task_group.py took 0.113 seconds
[2025-06-16 02:55:38,355] {scheduler_job.py:182} INFO - Started process (PID=82) to work on /home/airflow/.local/lib/python3.6/site-packages/airflow/example_dags/example_task_group.py
[2025-06-16 02:55:38,356] {scheduler_job.py:633} INFO - Processing file /home/airflow/.local/lib/python3.6/site-packages/airflow/example_dags/example_task_group.py for tasks to queue
[2025-06-16 02:55:38,356] {logging_mixin.py:104} INFO - [2025-06-16 02:55:38,356] {dagbag.py:496} INFO - Filling up the DagBag from /home/airflow/.local/lib/python3.6/site-packages/airflow/example_dags/example_task_group.py
[2025-06-16 02:55:38,366] {scheduler_job.py:643} INFO - DAG(s) dict_keys(['example_task_group']) retrieved from /home/airflow/.local/lib/python3.6/site-packages/airflow/example_dags/example_task_group.py
[2025-06-16 02:55:38,439] {logging_mixin.py:104} INFO - [2025-06-16 02:55:38,439] {dag.py:1833} INFO - Sync 1 DAGs
[2025-06-16 02:55:38,464] {logging_mixin.py:104} INFO - [2025-06-16 02:55:38,464] {dag.py:2306} INFO - Setting next_dagrun for example_task_group to 2025-06-14 00:00:00+00:00
[2025-06-16 02:55:38,501] {scheduler_job.py:190} INFO - Processing /home/airflow/.local/lib/python3.6/site-packages/airflow/example_dags/example_task_group.py took 0.148 seconds
[2025-06-16 02:56:09,319] {scheduler_job.py:182} INFO - Started process (PID=151) to work on /home/airflow/.local/lib/python3.6/site-packages/airflow/example_dags/example_task_group.py
[2025-06-16 02:56:09,320] {scheduler_job.py:633} INFO - Processing file /home/airflow/.local/lib/python3.6/site-packages/airflow/example_dags/example_task_group.py for tasks to queue
[2025-06-16 02:56:09,320] {logging_mixin.py:104} INFO - [2025-06-16 02:56:09,320] {dagbag.py:496} INFO - Filling up the DagBag from /home/airflow/.local/lib/python3.6/site-packages/airflow/example_dags/example_task_group.py
[2025-06-16 02:56:09,328] {scheduler_job.py:643} INFO - DAG(s) dict_keys(['example_task_group']) retrieved from /home/airflow/.local/lib/python3.6/site-packages/airflow/example_dags/example_task_group.py
[2025-06-16 02:56:09,386] {logging_mixin.py:104} INFO - [2025-06-16 02:56:09,386] {dag.py:1833} INFO - Sync 1 DAGs
[2025-06-16 02:56:09,403] {logging_mixin.py:104} INFO - [2025-06-16 02:56:09,403] {dag.py:2306} INFO - Setting next_dagrun for example_task_group to 2025-06-14 00:00:00+00:00
[2025-06-16 02:56:09,415] {scheduler_job.py:190} INFO - Processing /home/airflow/.local/lib/python3.6/site-packages/airflow/example_dags/example_task_group.py took 0.098 seconds
[2025-06-16 02:56:39,806] {scheduler_job.py:182} INFO - Started process (PID=210) to work on /home/airflow/.local/lib/python3.6/site-packages/airflow/example_dags/example_task_group.py
[2025-06-16 02:56:39,807] {scheduler_job.py:633} INFO - Processing file /home/airflow/.local/lib/python3.6/site-packages/airflow/example_dags/example_task_group.py for tasks to queue
[2025-06-16 02:56:39,807] {logging_mixin.py:104} INFO - [2025-06-16 02:56:39,807] {dagbag.py:496} INFO - Filling up the DagBag from /home/airflow/.local/lib/python3.6/site-packages/airflow/example_dags/example_task_group.py
[2025-06-16 02:56:39,816] {scheduler_job.py:643} INFO - DAG(s) dict_keys(['example_task_group']) retrieved from /home/airflow/.local/lib/python3.6/site-packages/airflow/example_dags/example_task_group.py
[2025-06-16 02:56:39,875] {logging_mixin.py:104} INFO - [2025-06-16 02:56:39,875] {dag.py:1833} INFO - Sync 1 DAGs
[2025-06-16 02:56:39,893] {logging_mixin.py:104} INFO - [2025-06-16 02:56:39,893] {dag.py:2306} INFO - Setting next_dagrun for example_task_group to 2025-06-14 00:00:00+00:00
[2025-06-16 02:56:39,904] {scheduler_job.py:190} INFO - Processing /home/airflow/.local/lib/python3.6/site-packages/airflow/example_dags/example_task_group.py took 0.099 seconds
[2025-06-16 02:57:10,446] {scheduler_job.py:182} INFO - Started process (PID=279) to work on /home/airflow/.local/lib/python3.6/site-packages/airflow/example_dags/example_task_group.py
[2025-06-16 02:57:10,447] {scheduler_job.py:633} INFO - Processing file /home/airflow/.local/lib/python3.6/site-packages/airflow/example_dags/example_task_group.py for tasks to queue
[2025-06-16 02:57:10,448] {logging_mixin.py:104} INFO - [2025-06-16 02:57:10,448] {dagbag.py:496} INFO - Filling up the DagBag from /home/airflow/.local/lib/python3.6/site-packages/airflow/example_dags/example_task_group.py
[2025-06-16 02:57:10,456] {scheduler_job.py:643} INFO - DAG(s) dict_keys(['example_task_group']) retrieved from /home/airflow/.local/lib/python3.6/site-packages/airflow/example_dags/example_task_group.py
[2025-06-16 02:57:10,523] {logging_mixin.py:104} INFO - [2025-06-16 02:57:10,522] {dag.py:1833} INFO - Sync 1 DAGs
[2025-06-16 02:57:10,539] {logging_mixin.py:104} INFO - [2025-06-16 02:57:10,539] {dag.py:2306} INFO - Setting next_dagrun for example_task_group to 2025-06-14 00:00:00+00:00
[2025-06-16 02:57:10,553] {scheduler_job.py:190} INFO - Processing /home/airflow/.local/lib/python3.6/site-packages/airflow/example_dags/example_task_group.py took 0.108 seconds
[2025-06-16 02:57:41,166] {scheduler_job.py:182} INFO - Started process (PID=345) to work on /home/airflow/.local/lib/python3.6/site-packages/airflow/example_dags/example_task_group.py
[2025-06-16 02:57:41,167] {scheduler_job.py:633} INFO - Processing file /home/airflow/.local/lib/python3.6/site-packages/airflow/example_dags/example_task_group.py for tasks to queue
[2025-06-16 02:57:41,167] {logging_mixin.py:104} INFO - [2025-06-16 02:57:41,167] {dagbag.py:496} INFO - Filling up the DagBag from /home/airflow/.local/lib/python3.6/site-packages/airflow/example_dags/example_task_group.py
[2025-06-16 02:57:41,177] {scheduler_job.py:643} INFO - DAG(s) dict_keys(['example_task_group']) retrieved from /home/airflow/.local/lib/python3.6/site-packages/airflow/example_dags/example_task_group.py
[2025-06-16 02:57:41,241] {logging_mixin.py:104} INFO - [2025-06-16 02:57:41,241] {dag.py:1833} INFO - Sync 1 DAGs
[2025-06-16 02:57:41,261] {logging_mixin.py:104} INFO - [2025-06-16 02:57:41,261] {dag.py:2306} INFO - Setting next_dagrun for example_task_group to 2025-06-14 00:00:00+00:00
[2025-06-16 02:57:41,272] {scheduler_job.py:190} INFO - Processing /home/airflow/.local/lib/python3.6/site-packages/airflow/example_dags/example_task_group.py took 0.108 seconds
[2025-06-16 02:58:21,907] {scheduler_job.py:182} INFO - Started process (PID=81) to work on /home/airflow/.local/lib/python3.6/site-packages/airflow/example_dags/example_task_group.py
[2025-06-16 02:58:21,909] {scheduler_job.py:633} INFO - Processing file /home/airflow/.local/lib/python3.6/site-packages/airflow/example_dags/example_task_group.py for tasks to queue
[2025-06-16 02:58:21,910] {logging_mixin.py:104} INFO - [2025-06-16 02:58:21,909] {dagbag.py:496} INFO - Filling up the DagBag from /home/airflow/.local/lib/python3.6/site-packages/airflow/example_dags/example_task_group.py
[2025-06-16 02:58:21,928] {scheduler_job.py:643} INFO - DAG(s) dict_keys(['example_task_group']) retrieved from /home/airflow/.local/lib/python3.6/site-packages/airflow/example_dags/example_task_group.py
[2025-06-16 02:58:22,248] {logging_mixin.py:104} INFO - [2025-06-16 02:58:22,247] {dag.py:1833} INFO - Sync 1 DAGs
[2025-06-16 02:58:22,275] {logging_mixin.py:104} INFO - [2025-06-16 02:58:22,275] {dag.py:2306} INFO - Setting next_dagrun for example_task_group to 2025-06-14 00:00:00+00:00
[2025-06-16 02:58:22,308] {scheduler_job.py:190} INFO - Processing /home/airflow/.local/lib/python3.6/site-packages/airflow/example_dags/example_task_group.py took 0.404 seconds
[2025-06-16 02:58:52,933] {scheduler_job.py:182} INFO - Started process (PID=150) to work on /home/airflow/.local/lib/python3.6/site-packages/airflow/example_dags/example_task_group.py
[2025-06-16 02:58:52,936] {scheduler_job.py:633} INFO - Processing file /home/airflow/.local/lib/python3.6/site-packages/airflow/example_dags/example_task_group.py for tasks to queue
[2025-06-16 02:58:52,936] {logging_mixin.py:104} INFO - [2025-06-16 02:58:52,936] {dagbag.py:496} INFO - Filling up the DagBag from /home/airflow/.local/lib/python3.6/site-packages/airflow/example_dags/example_task_group.py
[2025-06-16 02:58:52,943] {scheduler_job.py:643} INFO - DAG(s) dict_keys(['example_task_group']) retrieved from /home/airflow/.local/lib/python3.6/site-packages/airflow/example_dags/example_task_group.py
[2025-06-16 02:58:52,999] {logging_mixin.py:104} INFO - [2025-06-16 02:58:52,999] {dag.py:1833} INFO - Sync 1 DAGs
[2025-06-16 02:58:53,015] {logging_mixin.py:104} INFO - [2025-06-16 02:58:53,014] {dag.py:2306} INFO - Setting next_dagrun for example_task_group to 2025-06-14 00:00:00+00:00
[2025-06-16 02:58:53,024] {scheduler_job.py:190} INFO - Processing /home/airflow/.local/lib/python3.6/site-packages/airflow/example_dags/example_task_group.py took 0.092 seconds
[2025-06-16 02:59:23,288] {scheduler_job.py:182} INFO - Started process (PID=209) to work on /home/airflow/.local/lib/python3.6/site-packages/airflow/example_dags/example_task_group.py
[2025-06-16 02:59:23,288] {scheduler_job.py:633} INFO - Processing file /home/airflow/.local/lib/python3.6/site-packages/airflow/example_dags/example_task_group.py for tasks to queue
[2025-06-16 02:59:23,289] {logging_mixin.py:104} INFO - [2025-06-16 02:59:23,288] {dagbag.py:496} INFO - Filling up the DagBag from /home/airflow/.local/lib/python3.6/site-packages/airflow/example_dags/example_task_group.py
[2025-06-16 02:59:23,297] {scheduler_job.py:643} INFO - DAG(s) dict_keys(['example_task_group']) retrieved from /home/airflow/.local/lib/python3.6/site-packages/airflow/example_dags/example_task_group.py
[2025-06-16 02:59:23,361] {logging_mixin.py:104} INFO - [2025-06-16 02:59:23,361] {dag.py:1833} INFO - Sync 1 DAGs
[2025-06-16 02:59:23,379] {logging_mixin.py:104} INFO - [2025-06-16 02:59:23,378] {dag.py:2306} INFO - Setting next_dagrun for example_task_group to 2025-06-14 00:00:00+00:00
[2025-06-16 02:59:23,391] {scheduler_job.py:190} INFO - Processing /home/airflow/.local/lib/python3.6/site-packages/airflow/example_dags/example_task_group.py took 0.105 seconds
[2025-06-16 02:59:54,164] {scheduler_job.py:182} INFO - Started process (PID=278) to work on /home/airflow/.local/lib/python3.6/site-packages/airflow/example_dags/example_task_group.py
[2025-06-16 02:59:54,166] {scheduler_job.py:633} INFO - Processing file /home/airflow/.local/lib/python3.6/site-packages/airflow/example_dags/example_task_group.py for tasks to queue
[2025-06-16 02:59:54,167] {logging_mixin.py:104} INFO - [2025-06-16 02:59:54,167] {dagbag.py:496} INFO - Filling up the DagBag from /home/airflow/.local/lib/python3.6/site-packages/airflow/example_dags/example_task_group.py
[2025-06-16 02:59:54,174] {scheduler_job.py:643} INFO - DAG(s) dict_keys(['example_task_group']) retrieved from /home/airflow/.local/lib/python3.6/site-packages/airflow/example_dags/example_task_group.py
[2025-06-16 02:59:54,232] {logging_mixin.py:104} INFO - [2025-06-16 02:59:54,232] {dag.py:1833} INFO - Sync 1 DAGs
[2025-06-16 02:59:54,252] {logging_mixin.py:104} INFO - [2025-06-16 02:59:54,252] {dag.py:2306} INFO - Setting next_dagrun for example_task_group to 2025-06-14 00:00:00+00:00
[2025-06-16 02:59:54,263] {scheduler_job.py:190} INFO - Processing /home/airflow/.local/lib/python3.6/site-packages/airflow/example_dags/example_task_group.py took 0.100 seconds
