[2025-06-16 02:52:07,424] {scheduler_job.py:182} INFO - Started process (PID=319) to work on /home/airflow/.local/lib/python3.6/site-packages/airflow/example_dags/example_branch_python_dop_operator_3.py
[2025-06-16 02:52:07,425] {scheduler_job.py:633} INFO - Processing file /home/airflow/.local/lib/python3.6/site-packages/airflow/example_dags/example_branch_python_dop_operator_3.py for tasks to queue
[2025-06-16 02:52:07,425] {logging_mixin.py:104} INFO - [2025-06-16 02:52:07,425] {dagbag.py:496} INFO - Filling up the DagBag from /home/airflow/.local/lib/python3.6/site-packages/airflow/example_dags/example_branch_python_dop_operator_3.py
[2025-06-16 02:52:07,434] {scheduler_job.py:643} INFO - DAG(s) dict_keys(['example_branch_dop_operator_v3']) retrieved from /home/airflow/.local/lib/python3.6/site-packages/airflow/example_dags/example_branch_python_dop_operator_3.py
[2025-06-16 02:52:09,026] {logging_mixin.py:104} INFO - [2025-06-16 02:52:09,026] {dag.py:1833} INFO - Sync 1 DAGs
[2025-06-16 02:52:09,033] {logging_mixin.py:104} INFO - [2025-06-16 02:52:09,032] {dag.py:1852} INFO - Creating ORM DAG for example_branch_dop_operator_v3
[2025-06-16 02:52:09,048] {logging_mixin.py:104} INFO - [2025-06-16 02:52:09,048] {dag.py:2306} INFO - Setting next_dagrun for example_branch_dop_operator_v3 to 2025-06-14 00:00:00+00:00
[2025-06-16 02:52:09,054] {scheduler_job.py:190} INFO - Processing /home/airflow/.local/lib/python3.6/site-packages/airflow/example_dags/example_branch_python_dop_operator_3.py took 1.632 seconds
[2025-06-16 02:52:39,224] {scheduler_job.py:182} INFO - Started process (PID=413) to work on /home/airflow/.local/lib/python3.6/site-packages/airflow/example_dags/example_branch_python_dop_operator_3.py
[2025-06-16 02:52:39,225] {scheduler_job.py:633} INFO - Processing file /home/airflow/.local/lib/python3.6/site-packages/airflow/example_dags/example_branch_python_dop_operator_3.py for tasks to queue
[2025-06-16 02:52:39,226] {logging_mixin.py:104} INFO - [2025-06-16 02:52:39,226] {dagbag.py:496} INFO - Filling up the DagBag from /home/airflow/.local/lib/python3.6/site-packages/airflow/example_dags/example_branch_python_dop_operator_3.py
[2025-06-16 02:52:39,234] {scheduler_job.py:643} INFO - DAG(s) dict_keys(['example_branch_dop_operator_v3']) retrieved from /home/airflow/.local/lib/python3.6/site-packages/airflow/example_dags/example_branch_python_dop_operator_3.py
[2025-06-16 02:52:39,296] {logging_mixin.py:104} INFO - [2025-06-16 02:52:39,296] {dag.py:1833} INFO - Sync 1 DAGs
[2025-06-16 02:52:39,321] {logging_mixin.py:104} INFO - [2025-06-16 02:52:39,321] {dag.py:2306} INFO - Setting next_dagrun for example_branch_dop_operator_v3 to 2025-06-14 00:00:00+00:00
[2025-06-16 02:52:39,332] {scheduler_job.py:190} INFO - Processing /home/airflow/.local/lib/python3.6/site-packages/airflow/example_dags/example_branch_python_dop_operator_3.py took 0.111 seconds
[2025-06-16 02:53:09,914] {scheduler_job.py:182} INFO - Started process (PID=472) to work on /home/airflow/.local/lib/python3.6/site-packages/airflow/example_dags/example_branch_python_dop_operator_3.py
[2025-06-16 02:53:09,915] {scheduler_job.py:633} INFO - Processing file /home/airflow/.local/lib/python3.6/site-packages/airflow/example_dags/example_branch_python_dop_operator_3.py for tasks to queue
[2025-06-16 02:53:09,916] {logging_mixin.py:104} INFO - [2025-06-16 02:53:09,916] {dagbag.py:496} INFO - Filling up the DagBag from /home/airflow/.local/lib/python3.6/site-packages/airflow/example_dags/example_branch_python_dop_operator_3.py
[2025-06-16 02:53:09,928] {scheduler_job.py:643} INFO - DAG(s) dict_keys(['example_branch_dop_operator_v3']) retrieved from /home/airflow/.local/lib/python3.6/site-packages/airflow/example_dags/example_branch_python_dop_operator_3.py
[2025-06-16 02:53:09,996] {logging_mixin.py:104} INFO - [2025-06-16 02:53:09,996] {dag.py:1833} INFO - Sync 1 DAGs
[2025-06-16 02:53:10,017] {logging_mixin.py:104} INFO - [2025-06-16 02:53:10,017] {dag.py:2306} INFO - Setting next_dagrun for example_branch_dop_operator_v3 to 2025-06-14 00:00:00+00:00
[2025-06-16 02:53:10,026] {scheduler_job.py:190} INFO - Processing /home/airflow/.local/lib/python3.6/site-packages/airflow/example_dags/example_branch_python_dop_operator_3.py took 0.116 seconds
[2025-06-16 02:53:44,391] {scheduler_job.py:182} INFO - Started process (PID=84) to work on /home/airflow/.local/lib/python3.6/site-packages/airflow/example_dags/example_branch_python_dop_operator_3.py
[2025-06-16 02:53:44,393] {scheduler_job.py:633} INFO - Processing file /home/airflow/.local/lib/python3.6/site-packages/airflow/example_dags/example_branch_python_dop_operator_3.py for tasks to queue
[2025-06-16 02:53:44,394] {logging_mixin.py:104} INFO - [2025-06-16 02:53:44,394] {dagbag.py:496} INFO - Filling up the DagBag from /home/airflow/.local/lib/python3.6/site-packages/airflow/example_dags/example_branch_python_dop_operator_3.py
[2025-06-16 02:53:44,409] {scheduler_job.py:643} INFO - DAG(s) dict_keys(['example_branch_dop_operator_v3']) retrieved from /home/airflow/.local/lib/python3.6/site-packages/airflow/example_dags/example_branch_python_dop_operator_3.py
[2025-06-16 02:53:44,493] {logging_mixin.py:104} INFO - [2025-06-16 02:53:44,493] {dag.py:1833} INFO - Sync 1 DAGs
[2025-06-16 02:53:44,543] {logging_mixin.py:104} INFO - [2025-06-16 02:53:44,543] {dag.py:2306} INFO - Setting next_dagrun for example_branch_dop_operator_v3 to 2025-06-14 00:00:00+00:00
[2025-06-16 02:53:44,573] {scheduler_job.py:190} INFO - Processing /home/airflow/.local/lib/python3.6/site-packages/airflow/example_dags/example_branch_python_dop_operator_3.py took 0.186 seconds
[2025-06-16 02:54:15,488] {scheduler_job.py:182} INFO - Started process (PID=153) to work on /home/airflow/.local/lib/python3.6/site-packages/airflow/example_dags/example_branch_python_dop_operator_3.py
[2025-06-16 02:54:15,489] {scheduler_job.py:633} INFO - Processing file /home/airflow/.local/lib/python3.6/site-packages/airflow/example_dags/example_branch_python_dop_operator_3.py for tasks to queue
[2025-06-16 02:54:15,489] {logging_mixin.py:104} INFO - [2025-06-16 02:54:15,489] {dagbag.py:496} INFO - Filling up the DagBag from /home/airflow/.local/lib/python3.6/site-packages/airflow/example_dags/example_branch_python_dop_operator_3.py
[2025-06-16 02:54:15,498] {scheduler_job.py:643} INFO - DAG(s) dict_keys(['example_branch_dop_operator_v3']) retrieved from /home/airflow/.local/lib/python3.6/site-packages/airflow/example_dags/example_branch_python_dop_operator_3.py
[2025-06-16 02:54:15,567] {logging_mixin.py:104} INFO - [2025-06-16 02:54:15,567] {dag.py:1833} INFO - Sync 1 DAGs
[2025-06-16 02:54:15,595] {logging_mixin.py:104} INFO - [2025-06-16 02:54:15,595] {dag.py:2306} INFO - Setting next_dagrun for example_branch_dop_operator_v3 to 2025-06-14 00:00:00+00:00
[2025-06-16 02:54:15,608] {scheduler_job.py:190} INFO - Processing /home/airflow/.local/lib/python3.6/site-packages/airflow/example_dags/example_branch_python_dop_operator_3.py took 0.121 seconds
[2025-06-16 02:54:45,873] {scheduler_job.py:182} INFO - Started process (PID=212) to work on /home/airflow/.local/lib/python3.6/site-packages/airflow/example_dags/example_branch_python_dop_operator_3.py
[2025-06-16 02:54:45,873] {scheduler_job.py:633} INFO - Processing file /home/airflow/.local/lib/python3.6/site-packages/airflow/example_dags/example_branch_python_dop_operator_3.py for tasks to queue
[2025-06-16 02:54:45,874] {logging_mixin.py:104} INFO - [2025-06-16 02:54:45,874] {dagbag.py:496} INFO - Filling up the DagBag from /home/airflow/.local/lib/python3.6/site-packages/airflow/example_dags/example_branch_python_dop_operator_3.py
[2025-06-16 02:54:45,882] {scheduler_job.py:643} INFO - DAG(s) dict_keys(['example_branch_dop_operator_v3']) retrieved from /home/airflow/.local/lib/python3.6/site-packages/airflow/example_dags/example_branch_python_dop_operator_3.py
[2025-06-16 02:54:45,948] {logging_mixin.py:104} INFO - [2025-06-16 02:54:45,948] {dag.py:1833} INFO - Sync 1 DAGs
[2025-06-16 02:54:45,971] {logging_mixin.py:104} INFO - [2025-06-16 02:54:45,970] {dag.py:2306} INFO - Setting next_dagrun for example_branch_dop_operator_v3 to 2025-06-14 00:00:00+00:00
[2025-06-16 02:54:45,983] {scheduler_job.py:190} INFO - Processing /home/airflow/.local/lib/python3.6/site-packages/airflow/example_dags/example_branch_python_dop_operator_3.py took 0.112 seconds
[2025-06-16 02:55:38,524] {scheduler_job.py:182} INFO - Started process (PID=84) to work on /home/airflow/.local/lib/python3.6/site-packages/airflow/example_dags/example_branch_python_dop_operator_3.py
[2025-06-16 02:55:38,525] {scheduler_job.py:633} INFO - Processing file /home/airflow/.local/lib/python3.6/site-packages/airflow/example_dags/example_branch_python_dop_operator_3.py for tasks to queue
[2025-06-16 02:55:38,525] {logging_mixin.py:104} INFO - [2025-06-16 02:55:38,525] {dagbag.py:496} INFO - Filling up the DagBag from /home/airflow/.local/lib/python3.6/site-packages/airflow/example_dags/example_branch_python_dop_operator_3.py
[2025-06-16 02:55:38,535] {scheduler_job.py:643} INFO - DAG(s) dict_keys(['example_branch_dop_operator_v3']) retrieved from /home/airflow/.local/lib/python3.6/site-packages/airflow/example_dags/example_branch_python_dop_operator_3.py
[2025-06-16 02:55:38,675] {logging_mixin.py:104} INFO - [2025-06-16 02:55:38,675] {dag.py:1833} INFO - Sync 1 DAGs
[2025-06-16 02:55:38,735] {logging_mixin.py:104} INFO - [2025-06-16 02:55:38,735] {dag.py:2306} INFO - Setting next_dagrun for example_branch_dop_operator_v3 to 2025-06-14 00:00:00+00:00
[2025-06-16 02:55:38,772] {scheduler_job.py:190} INFO - Processing /home/airflow/.local/lib/python3.6/site-packages/airflow/example_dags/example_branch_python_dop_operator_3.py took 0.251 seconds
[2025-06-16 02:56:09,424] {scheduler_job.py:182} INFO - Started process (PID=153) to work on /home/airflow/.local/lib/python3.6/site-packages/airflow/example_dags/example_branch_python_dop_operator_3.py
[2025-06-16 02:56:09,425] {scheduler_job.py:633} INFO - Processing file /home/airflow/.local/lib/python3.6/site-packages/airflow/example_dags/example_branch_python_dop_operator_3.py for tasks to queue
[2025-06-16 02:56:09,425] {logging_mixin.py:104} INFO - [2025-06-16 02:56:09,425] {dagbag.py:496} INFO - Filling up the DagBag from /home/airflow/.local/lib/python3.6/site-packages/airflow/example_dags/example_branch_python_dop_operator_3.py
[2025-06-16 02:56:09,433] {scheduler_job.py:643} INFO - DAG(s) dict_keys(['example_branch_dop_operator_v3']) retrieved from /home/airflow/.local/lib/python3.6/site-packages/airflow/example_dags/example_branch_python_dop_operator_3.py
[2025-06-16 02:56:09,492] {logging_mixin.py:104} INFO - [2025-06-16 02:56:09,492] {dag.py:1833} INFO - Sync 1 DAGs
[2025-06-16 02:56:09,516] {logging_mixin.py:104} INFO - [2025-06-16 02:56:09,516] {dag.py:2306} INFO - Setting next_dagrun for example_branch_dop_operator_v3 to 2025-06-14 00:00:00+00:00
[2025-06-16 02:56:09,527] {scheduler_job.py:190} INFO - Processing /home/airflow/.local/lib/python3.6/site-packages/airflow/example_dags/example_branch_python_dop_operator_3.py took 0.104 seconds
[2025-06-16 02:56:39,912] {scheduler_job.py:182} INFO - Started process (PID=212) to work on /home/airflow/.local/lib/python3.6/site-packages/airflow/example_dags/example_branch_python_dop_operator_3.py
[2025-06-16 02:56:39,912] {scheduler_job.py:633} INFO - Processing file /home/airflow/.local/lib/python3.6/site-packages/airflow/example_dags/example_branch_python_dop_operator_3.py for tasks to queue
[2025-06-16 02:56:39,913] {logging_mixin.py:104} INFO - [2025-06-16 02:56:39,913] {dagbag.py:496} INFO - Filling up the DagBag from /home/airflow/.local/lib/python3.6/site-packages/airflow/example_dags/example_branch_python_dop_operator_3.py
[2025-06-16 02:56:39,920] {scheduler_job.py:643} INFO - DAG(s) dict_keys(['example_branch_dop_operator_v3']) retrieved from /home/airflow/.local/lib/python3.6/site-packages/airflow/example_dags/example_branch_python_dop_operator_3.py
[2025-06-16 02:56:39,995] {logging_mixin.py:104} INFO - [2025-06-16 02:56:39,994] {dag.py:1833} INFO - Sync 1 DAGs
[2025-06-16 02:56:40,133] {logging_mixin.py:104} INFO - [2025-06-16 02:56:40,132] {dag.py:2306} INFO - Setting next_dagrun for example_branch_dop_operator_v3 to 2025-06-14 00:00:00+00:00
[2025-06-16 02:56:40,152] {scheduler_job.py:190} INFO - Processing /home/airflow/.local/lib/python3.6/site-packages/airflow/example_dags/example_branch_python_dop_operator_3.py took 0.241 seconds
[2025-06-16 02:57:10,563] {scheduler_job.py:182} INFO - Started process (PID=281) to work on /home/airflow/.local/lib/python3.6/site-packages/airflow/example_dags/example_branch_python_dop_operator_3.py
[2025-06-16 02:57:10,564] {scheduler_job.py:633} INFO - Processing file /home/airflow/.local/lib/python3.6/site-packages/airflow/example_dags/example_branch_python_dop_operator_3.py for tasks to queue
[2025-06-16 02:57:10,564] {logging_mixin.py:104} INFO - [2025-06-16 02:57:10,564] {dagbag.py:496} INFO - Filling up the DagBag from /home/airflow/.local/lib/python3.6/site-packages/airflow/example_dags/example_branch_python_dop_operator_3.py
[2025-06-16 02:57:10,572] {scheduler_job.py:643} INFO - DAG(s) dict_keys(['example_branch_dop_operator_v3']) retrieved from /home/airflow/.local/lib/python3.6/site-packages/airflow/example_dags/example_branch_python_dop_operator_3.py
[2025-06-16 02:57:10,661] {logging_mixin.py:104} INFO - [2025-06-16 02:57:10,661] {dag.py:1833} INFO - Sync 1 DAGs
[2025-06-16 02:57:10,702] {logging_mixin.py:104} INFO - [2025-06-16 02:57:10,702] {dag.py:2306} INFO - Setting next_dagrun for example_branch_dop_operator_v3 to 2025-06-14 00:00:00+00:00
[2025-06-16 02:57:10,728] {scheduler_job.py:190} INFO - Processing /home/airflow/.local/lib/python3.6/site-packages/airflow/example_dags/example_branch_python_dop_operator_3.py took 0.167 seconds
[2025-06-16 02:57:41,280] {scheduler_job.py:182} INFO - Started process (PID=349) to work on /home/airflow/.local/lib/python3.6/site-packages/airflow/example_dags/example_branch_python_dop_operator_3.py
[2025-06-16 02:57:41,281] {scheduler_job.py:633} INFO - Processing file /home/airflow/.local/lib/python3.6/site-packages/airflow/example_dags/example_branch_python_dop_operator_3.py for tasks to queue
[2025-06-16 02:57:41,281] {logging_mixin.py:104} INFO - [2025-06-16 02:57:41,281] {dagbag.py:496} INFO - Filling up the DagBag from /home/airflow/.local/lib/python3.6/site-packages/airflow/example_dags/example_branch_python_dop_operator_3.py
[2025-06-16 02:57:41,288] {scheduler_job.py:643} INFO - DAG(s) dict_keys(['example_branch_dop_operator_v3']) retrieved from /home/airflow/.local/lib/python3.6/site-packages/airflow/example_dags/example_branch_python_dop_operator_3.py
[2025-06-16 02:57:41,348] {logging_mixin.py:104} INFO - [2025-06-16 02:57:41,348] {dag.py:1833} INFO - Sync 1 DAGs
[2025-06-16 02:57:41,372] {logging_mixin.py:104} INFO - [2025-06-16 02:57:41,372] {dag.py:2306} INFO - Setting next_dagrun for example_branch_dop_operator_v3 to 2025-06-14 00:00:00+00:00
[2025-06-16 02:57:41,383] {scheduler_job.py:190} INFO - Processing /home/airflow/.local/lib/python3.6/site-packages/airflow/example_dags/example_branch_python_dop_operator_3.py took 0.104 seconds
[2025-06-16 02:58:22,333] {scheduler_job.py:182} INFO - Started process (PID=83) to work on /home/airflow/.local/lib/python3.6/site-packages/airflow/example_dags/example_branch_python_dop_operator_3.py
[2025-06-16 02:58:22,334] {scheduler_job.py:633} INFO - Processing file /home/airflow/.local/lib/python3.6/site-packages/airflow/example_dags/example_branch_python_dop_operator_3.py for tasks to queue
[2025-06-16 02:58:22,339] {logging_mixin.py:104} INFO - [2025-06-16 02:58:22,339] {dagbag.py:496} INFO - Filling up the DagBag from /home/airflow/.local/lib/python3.6/site-packages/airflow/example_dags/example_branch_python_dop_operator_3.py
[2025-06-16 02:58:22,363] {scheduler_job.py:643} INFO - DAG(s) dict_keys(['example_branch_dop_operator_v3']) retrieved from /home/airflow/.local/lib/python3.6/site-packages/airflow/example_dags/example_branch_python_dop_operator_3.py
[2025-06-16 02:58:22,486] {logging_mixin.py:104} INFO - [2025-06-16 02:58:22,486] {dag.py:1833} INFO - Sync 1 DAGs
[2025-06-16 02:58:22,531] {logging_mixin.py:104} INFO - [2025-06-16 02:58:22,531] {dag.py:2306} INFO - Setting next_dagrun for example_branch_dop_operator_v3 to 2025-06-14 00:00:00+00:00
[2025-06-16 02:58:22,552] {scheduler_job.py:190} INFO - Processing /home/airflow/.local/lib/python3.6/site-packages/airflow/example_dags/example_branch_python_dop_operator_3.py took 0.222 seconds
[2025-06-16 02:58:53,031] {scheduler_job.py:182} INFO - Started process (PID=152) to work on /home/airflow/.local/lib/python3.6/site-packages/airflow/example_dags/example_branch_python_dop_operator_3.py
[2025-06-16 02:58:53,035] {scheduler_job.py:633} INFO - Processing file /home/airflow/.local/lib/python3.6/site-packages/airflow/example_dags/example_branch_python_dop_operator_3.py for tasks to queue
[2025-06-16 02:58:53,035] {logging_mixin.py:104} INFO - [2025-06-16 02:58:53,035] {dagbag.py:496} INFO - Filling up the DagBag from /home/airflow/.local/lib/python3.6/site-packages/airflow/example_dags/example_branch_python_dop_operator_3.py
[2025-06-16 02:58:53,042] {scheduler_job.py:643} INFO - DAG(s) dict_keys(['example_branch_dop_operator_v3']) retrieved from /home/airflow/.local/lib/python3.6/site-packages/airflow/example_dags/example_branch_python_dop_operator_3.py
[2025-06-16 02:58:53,099] {logging_mixin.py:104} INFO - [2025-06-16 02:58:53,099] {dag.py:1833} INFO - Sync 1 DAGs
[2025-06-16 02:58:53,120] {logging_mixin.py:104} INFO - [2025-06-16 02:58:53,120] {dag.py:2306} INFO - Setting next_dagrun for example_branch_dop_operator_v3 to 2025-06-14 00:00:00+00:00
[2025-06-16 02:58:53,130] {scheduler_job.py:190} INFO - Processing /home/airflow/.local/lib/python3.6/site-packages/airflow/example_dags/example_branch_python_dop_operator_3.py took 0.100 seconds
[2025-06-16 02:59:23,403] {scheduler_job.py:182} INFO - Started process (PID=211) to work on /home/airflow/.local/lib/python3.6/site-packages/airflow/example_dags/example_branch_python_dop_operator_3.py
[2025-06-16 02:59:23,403] {scheduler_job.py:633} INFO - Processing file /home/airflow/.local/lib/python3.6/site-packages/airflow/example_dags/example_branch_python_dop_operator_3.py for tasks to queue
[2025-06-16 02:59:23,404] {logging_mixin.py:104} INFO - [2025-06-16 02:59:23,403] {dagbag.py:496} INFO - Filling up the DagBag from /home/airflow/.local/lib/python3.6/site-packages/airflow/example_dags/example_branch_python_dop_operator_3.py
[2025-06-16 02:59:23,411] {scheduler_job.py:643} INFO - DAG(s) dict_keys(['example_branch_dop_operator_v3']) retrieved from /home/airflow/.local/lib/python3.6/site-packages/airflow/example_dags/example_branch_python_dop_operator_3.py
[2025-06-16 02:59:23,472] {logging_mixin.py:104} INFO - [2025-06-16 02:59:23,472] {dag.py:1833} INFO - Sync 1 DAGs
[2025-06-16 02:59:23,495] {logging_mixin.py:104} INFO - [2025-06-16 02:59:23,494] {dag.py:2306} INFO - Setting next_dagrun for example_branch_dop_operator_v3 to 2025-06-14 00:00:00+00:00
[2025-06-16 02:59:23,506] {scheduler_job.py:190} INFO - Processing /home/airflow/.local/lib/python3.6/site-packages/airflow/example_dags/example_branch_python_dop_operator_3.py took 0.105 seconds
[2025-06-16 02:59:54,271] {scheduler_job.py:182} INFO - Started process (PID=280) to work on /home/airflow/.local/lib/python3.6/site-packages/airflow/example_dags/example_branch_python_dop_operator_3.py
[2025-06-16 02:59:54,272] {scheduler_job.py:633} INFO - Processing file /home/airflow/.local/lib/python3.6/site-packages/airflow/example_dags/example_branch_python_dop_operator_3.py for tasks to queue
[2025-06-16 02:59:54,272] {logging_mixin.py:104} INFO - [2025-06-16 02:59:54,272] {dagbag.py:496} INFO - Filling up the DagBag from /home/airflow/.local/lib/python3.6/site-packages/airflow/example_dags/example_branch_python_dop_operator_3.py
[2025-06-16 02:59:54,279] {scheduler_job.py:643} INFO - DAG(s) dict_keys(['example_branch_dop_operator_v3']) retrieved from /home/airflow/.local/lib/python3.6/site-packages/airflow/example_dags/example_branch_python_dop_operator_3.py
[2025-06-16 02:59:54,336] {logging_mixin.py:104} INFO - [2025-06-16 02:59:54,336] {dag.py:1833} INFO - Sync 1 DAGs
[2025-06-16 02:59:54,358] {logging_mixin.py:104} INFO - [2025-06-16 02:59:54,358] {dag.py:2306} INFO - Setting next_dagrun for example_branch_dop_operator_v3 to 2025-06-14 00:00:00+00:00
[2025-06-16 02:59:54,369] {scheduler_job.py:190} INFO - Processing /home/airflow/.local/lib/python3.6/site-packages/airflow/example_dags/example_branch_python_dop_operator_3.py took 0.100 seconds
