[2025-06-16 02:52:08,180] {scheduler_job.py:182} INFO - Started process (PID=328) to work on /home/airflow/.local/lib/python3.6/site-packages/airflow/example_dags/example_xcomargs.py
[2025-06-16 02:52:08,182] {scheduler_job.py:633} INFO - Processing file /home/airflow/.local/lib/python3.6/site-packages/airflow/example_dags/example_xcomargs.py for tasks to queue
[2025-06-16 02:52:08,183] {logging_mixin.py:104} INFO - [2025-06-16 02:52:08,183] {dagbag.py:496} INFO - Filling up the DagBag from /home/airflow/.local/lib/python3.6/site-packages/airflow/example_dags/example_xcomargs.py
[2025-06-16 02:52:08,195] {scheduler_job.py:643} INFO - DAG(s) dict_keys(['example_xcom_args', 'example_xcom_args_with_operators']) retrieved from /home/airflow/.local/lib/python3.6/site-packages/airflow/example_dags/example_xcomargs.py
[2025-06-16 02:52:09,807] {logging_mixin.py:104} INFO - [2025-06-16 02:52:09,807] {dag.py:1833} INFO - Sync 2 DAGs
[2025-06-16 02:52:09,819] {logging_mixin.py:104} INFO - [2025-06-16 02:52:09,819] {dag.py:1852} INFO - Creating ORM DAG for example_xcom_args_with_operators
[2025-06-16 02:52:09,819] {logging_mixin.py:104} INFO - [2025-06-16 02:52:09,819] {dag.py:1852} INFO - Creating ORM DAG for example_xcom_args
[2025-06-16 02:52:09,826] {logging_mixin.py:104} INFO - [2025-06-16 02:52:09,826] {dag.py:2306} INFO - Setting next_dagrun for example_xcom_args to None
[2025-06-16 02:52:09,827] {logging_mixin.py:104} INFO - [2025-06-16 02:52:09,826] {dag.py:2306} INFO - Setting next_dagrun for example_xcom_args_with_operators to None
[2025-06-16 02:52:09,832] {scheduler_job.py:190} INFO - Processing /home/airflow/.local/lib/python3.6/site-packages/airflow/example_dags/example_xcomargs.py took 1.653 seconds
[2025-06-16 02:52:40,364] {scheduler_job.py:182} INFO - Started process (PID=414) to work on /home/airflow/.local/lib/python3.6/site-packages/airflow/example_dags/example_xcomargs.py
[2025-06-16 02:52:40,367] {scheduler_job.py:633} INFO - Processing file /home/airflow/.local/lib/python3.6/site-packages/airflow/example_dags/example_xcomargs.py for tasks to queue
[2025-06-16 02:52:40,368] {logging_mixin.py:104} INFO - [2025-06-16 02:52:40,368] {dagbag.py:496} INFO - Filling up the DagBag from /home/airflow/.local/lib/python3.6/site-packages/airflow/example_dags/example_xcomargs.py
[2025-06-16 02:52:40,388] {scheduler_job.py:643} INFO - DAG(s) dict_keys(['example_xcom_args', 'example_xcom_args_with_operators']) retrieved from /home/airflow/.local/lib/python3.6/site-packages/airflow/example_dags/example_xcomargs.py
[2025-06-16 02:52:40,555] {logging_mixin.py:104} INFO - [2025-06-16 02:52:40,555] {dag.py:1833} INFO - Sync 2 DAGs
[2025-06-16 02:52:40,572] {logging_mixin.py:104} INFO - [2025-06-16 02:52:40,572] {dag.py:2306} INFO - Setting next_dagrun for example_xcom_args to None
[2025-06-16 02:52:40,573] {logging_mixin.py:104} INFO - [2025-06-16 02:52:40,573] {dag.py:2306} INFO - Setting next_dagrun for example_xcom_args_with_operators to None
[2025-06-16 02:52:40,585] {scheduler_job.py:190} INFO - Processing /home/airflow/.local/lib/python3.6/site-packages/airflow/example_dags/example_xcomargs.py took 0.227 seconds
[2025-06-16 02:53:10,929] {scheduler_job.py:182} INFO - Started process (PID=473) to work on /home/airflow/.local/lib/python3.6/site-packages/airflow/example_dags/example_xcomargs.py
[2025-06-16 02:53:10,931] {scheduler_job.py:633} INFO - Processing file /home/airflow/.local/lib/python3.6/site-packages/airflow/example_dags/example_xcomargs.py for tasks to queue
[2025-06-16 02:53:10,932] {logging_mixin.py:104} INFO - [2025-06-16 02:53:10,931] {dagbag.py:496} INFO - Filling up the DagBag from /home/airflow/.local/lib/python3.6/site-packages/airflow/example_dags/example_xcomargs.py
[2025-06-16 02:53:10,948] {scheduler_job.py:643} INFO - DAG(s) dict_keys(['example_xcom_args', 'example_xcom_args_with_operators']) retrieved from /home/airflow/.local/lib/python3.6/site-packages/airflow/example_dags/example_xcomargs.py
[2025-06-16 02:53:11,111] {logging_mixin.py:104} INFO - [2025-06-16 02:53:11,111] {dag.py:1833} INFO - Sync 2 DAGs
[2025-06-16 02:53:11,128] {logging_mixin.py:104} INFO - [2025-06-16 02:53:11,128] {dag.py:2306} INFO - Setting next_dagrun for example_xcom_args to None
[2025-06-16 02:53:11,128] {logging_mixin.py:104} INFO - [2025-06-16 02:53:11,128] {dag.py:2306} INFO - Setting next_dagrun for example_xcom_args_with_operators to None
[2025-06-16 02:53:11,138] {scheduler_job.py:190} INFO - Processing /home/airflow/.local/lib/python3.6/site-packages/airflow/example_dags/example_xcomargs.py took 0.212 seconds
[2025-06-16 02:53:44,603] {scheduler_job.py:182} INFO - Started process (PID=85) to work on /home/airflow/.local/lib/python3.6/site-packages/airflow/example_dags/example_xcomargs.py
[2025-06-16 02:53:44,606] {scheduler_job.py:633} INFO - Processing file /home/airflow/.local/lib/python3.6/site-packages/airflow/example_dags/example_xcomargs.py for tasks to queue
[2025-06-16 02:53:44,607] {logging_mixin.py:104} INFO - [2025-06-16 02:53:44,607] {dagbag.py:496} INFO - Filling up the DagBag from /home/airflow/.local/lib/python3.6/site-packages/airflow/example_dags/example_xcomargs.py
[2025-06-16 02:53:44,647] {scheduler_job.py:643} INFO - DAG(s) dict_keys(['example_xcom_args', 'example_xcom_args_with_operators']) retrieved from /home/airflow/.local/lib/python3.6/site-packages/airflow/example_dags/example_xcomargs.py
[2025-06-16 02:53:44,921] {logging_mixin.py:104} INFO - [2025-06-16 02:53:44,921] {dag.py:1833} INFO - Sync 2 DAGs
[2025-06-16 02:53:44,970] {logging_mixin.py:104} INFO - [2025-06-16 02:53:44,969] {dag.py:2306} INFO - Setting next_dagrun for example_xcom_args to None
[2025-06-16 02:53:44,971] {logging_mixin.py:104} INFO - [2025-06-16 02:53:44,971] {dag.py:2306} INFO - Setting next_dagrun for example_xcom_args_with_operators to None
[2025-06-16 02:53:45,000] {scheduler_job.py:190} INFO - Processing /home/airflow/.local/lib/python3.6/site-packages/airflow/example_dags/example_xcomargs.py took 0.401 seconds
[2025-06-16 02:54:15,489] {scheduler_job.py:182} INFO - Started process (PID=154) to work on /home/airflow/.local/lib/python3.6/site-packages/airflow/example_dags/example_xcomargs.py
[2025-06-16 02:54:15,490] {scheduler_job.py:633} INFO - Processing file /home/airflow/.local/lib/python3.6/site-packages/airflow/example_dags/example_xcomargs.py for tasks to queue
[2025-06-16 02:54:15,493] {logging_mixin.py:104} INFO - [2025-06-16 02:54:15,493] {dagbag.py:496} INFO - Filling up the DagBag from /home/airflow/.local/lib/python3.6/site-packages/airflow/example_dags/example_xcomargs.py
[2025-06-16 02:54:15,507] {scheduler_job.py:643} INFO - DAG(s) dict_keys(['example_xcom_args', 'example_xcom_args_with_operators']) retrieved from /home/airflow/.local/lib/python3.6/site-packages/airflow/example_dags/example_xcomargs.py
[2025-06-16 02:54:15,685] {logging_mixin.py:104} INFO - [2025-06-16 02:54:15,685] {dag.py:1833} INFO - Sync 2 DAGs
[2025-06-16 02:54:15,707] {logging_mixin.py:104} INFO - [2025-06-16 02:54:15,707] {dag.py:2306} INFO - Setting next_dagrun for example_xcom_args to None
[2025-06-16 02:54:15,708] {logging_mixin.py:104} INFO - [2025-06-16 02:54:15,708] {dag.py:2306} INFO - Setting next_dagrun for example_xcom_args_with_operators to None
[2025-06-16 02:54:15,724] {scheduler_job.py:190} INFO - Processing /home/airflow/.local/lib/python3.6/site-packages/airflow/example_dags/example_xcomargs.py took 0.236 seconds
[2025-06-16 02:54:45,988] {scheduler_job.py:182} INFO - Started process (PID=214) to work on /home/airflow/.local/lib/python3.6/site-packages/airflow/example_dags/example_xcomargs.py
[2025-06-16 02:54:45,988] {scheduler_job.py:633} INFO - Processing file /home/airflow/.local/lib/python3.6/site-packages/airflow/example_dags/example_xcomargs.py for tasks to queue
[2025-06-16 02:54:45,989] {logging_mixin.py:104} INFO - [2025-06-16 02:54:45,989] {dagbag.py:496} INFO - Filling up the DagBag from /home/airflow/.local/lib/python3.6/site-packages/airflow/example_dags/example_xcomargs.py
[2025-06-16 02:54:46,005] {scheduler_job.py:643} INFO - DAG(s) dict_keys(['example_xcom_args', 'example_xcom_args_with_operators']) retrieved from /home/airflow/.local/lib/python3.6/site-packages/airflow/example_dags/example_xcomargs.py
[2025-06-16 02:54:46,161] {logging_mixin.py:104} INFO - [2025-06-16 02:54:46,161] {dag.py:1833} INFO - Sync 2 DAGs
[2025-06-16 02:54:46,179] {logging_mixin.py:104} INFO - [2025-06-16 02:54:46,179] {dag.py:2306} INFO - Setting next_dagrun for example_xcom_args to None
[2025-06-16 02:54:46,179] {logging_mixin.py:104} INFO - [2025-06-16 02:54:46,179] {dag.py:2306} INFO - Setting next_dagrun for example_xcom_args_with_operators to None
[2025-06-16 02:54:46,190] {scheduler_job.py:190} INFO - Processing /home/airflow/.local/lib/python3.6/site-packages/airflow/example_dags/example_xcomargs.py took 0.204 seconds
[2025-06-16 02:55:38,664] {scheduler_job.py:182} INFO - Started process (PID=85) to work on /home/airflow/.local/lib/python3.6/site-packages/airflow/example_dags/example_xcomargs.py
[2025-06-16 02:55:38,672] {scheduler_job.py:633} INFO - Processing file /home/airflow/.local/lib/python3.6/site-packages/airflow/example_dags/example_xcomargs.py for tasks to queue
[2025-06-16 02:55:38,681] {logging_mixin.py:104} INFO - [2025-06-16 02:55:38,681] {dagbag.py:496} INFO - Filling up the DagBag from /home/airflow/.local/lib/python3.6/site-packages/airflow/example_dags/example_xcomargs.py
[2025-06-16 02:55:38,717] {scheduler_job.py:643} INFO - DAG(s) dict_keys(['example_xcom_args', 'example_xcom_args_with_operators']) retrieved from /home/airflow/.local/lib/python3.6/site-packages/airflow/example_dags/example_xcomargs.py
[2025-06-16 02:55:39,047] {logging_mixin.py:104} INFO - [2025-06-16 02:55:39,047] {dag.py:1833} INFO - Sync 2 DAGs
[2025-06-16 02:55:39,084] {logging_mixin.py:104} INFO - [2025-06-16 02:55:39,084] {dag.py:2306} INFO - Setting next_dagrun for example_xcom_args to None
[2025-06-16 02:55:39,085] {logging_mixin.py:104} INFO - [2025-06-16 02:55:39,085] {dag.py:2306} INFO - Setting next_dagrun for example_xcom_args_with_operators to None
[2025-06-16 02:55:39,105] {scheduler_job.py:190} INFO - Processing /home/airflow/.local/lib/python3.6/site-packages/airflow/example_dags/example_xcomargs.py took 0.446 seconds
[2025-06-16 02:56:09,545] {scheduler_job.py:182} INFO - Started process (PID=156) to work on /home/airflow/.local/lib/python3.6/site-packages/airflow/example_dags/example_xcomargs.py
[2025-06-16 02:56:09,545] {scheduler_job.py:633} INFO - Processing file /home/airflow/.local/lib/python3.6/site-packages/airflow/example_dags/example_xcomargs.py for tasks to queue
[2025-06-16 02:56:09,546] {logging_mixin.py:104} INFO - [2025-06-16 02:56:09,546] {dagbag.py:496} INFO - Filling up the DagBag from /home/airflow/.local/lib/python3.6/site-packages/airflow/example_dags/example_xcomargs.py
[2025-06-16 02:56:09,557] {scheduler_job.py:643} INFO - DAG(s) dict_keys(['example_xcom_args', 'example_xcom_args_with_operators']) retrieved from /home/airflow/.local/lib/python3.6/site-packages/airflow/example_dags/example_xcomargs.py
[2025-06-16 02:56:09,715] {logging_mixin.py:104} INFO - [2025-06-16 02:56:09,715] {dag.py:1833} INFO - Sync 2 DAGs
[2025-06-16 02:56:09,738] {logging_mixin.py:104} INFO - [2025-06-16 02:56:09,737] {dag.py:2306} INFO - Setting next_dagrun for example_xcom_args to None
[2025-06-16 02:56:09,738] {logging_mixin.py:104} INFO - [2025-06-16 02:56:09,738] {dag.py:2306} INFO - Setting next_dagrun for example_xcom_args_with_operators to None
[2025-06-16 02:56:09,750] {scheduler_job.py:190} INFO - Processing /home/airflow/.local/lib/python3.6/site-packages/airflow/example_dags/example_xcomargs.py took 0.207 seconds
[2025-06-16 02:56:39,929] {scheduler_job.py:182} INFO - Started process (PID=213) to work on /home/airflow/.local/lib/python3.6/site-packages/airflow/example_dags/example_xcomargs.py
[2025-06-16 02:56:39,930] {scheduler_job.py:633} INFO - Processing file /home/airflow/.local/lib/python3.6/site-packages/airflow/example_dags/example_xcomargs.py for tasks to queue
[2025-06-16 02:56:39,930] {logging_mixin.py:104} INFO - [2025-06-16 02:56:39,930] {dagbag.py:496} INFO - Filling up the DagBag from /home/airflow/.local/lib/python3.6/site-packages/airflow/example_dags/example_xcomargs.py
[2025-06-16 02:56:39,941] {scheduler_job.py:643} INFO - DAG(s) dict_keys(['example_xcom_args', 'example_xcom_args_with_operators']) retrieved from /home/airflow/.local/lib/python3.6/site-packages/airflow/example_dags/example_xcomargs.py
[2025-06-16 02:56:40,267] {logging_mixin.py:104} INFO - [2025-06-16 02:56:40,267] {dag.py:1833} INFO - Sync 2 DAGs
[2025-06-16 02:56:40,287] {logging_mixin.py:104} INFO - [2025-06-16 02:56:40,287] {dag.py:2306} INFO - Setting next_dagrun for example_xcom_args to None
[2025-06-16 02:56:40,288] {logging_mixin.py:104} INFO - [2025-06-16 02:56:40,288] {dag.py:2306} INFO - Setting next_dagrun for example_xcom_args_with_operators to None
[2025-06-16 02:56:40,300] {scheduler_job.py:190} INFO - Processing /home/airflow/.local/lib/python3.6/site-packages/airflow/example_dags/example_xcomargs.py took 0.373 seconds
[2025-06-16 02:57:10,587] {scheduler_job.py:182} INFO - Started process (PID=282) to work on /home/airflow/.local/lib/python3.6/site-packages/airflow/example_dags/example_xcomargs.py
[2025-06-16 02:57:10,588] {scheduler_job.py:633} INFO - Processing file /home/airflow/.local/lib/python3.6/site-packages/airflow/example_dags/example_xcomargs.py for tasks to queue
[2025-06-16 02:57:10,588] {logging_mixin.py:104} INFO - [2025-06-16 02:57:10,588] {dagbag.py:496} INFO - Filling up the DagBag from /home/airflow/.local/lib/python3.6/site-packages/airflow/example_dags/example_xcomargs.py
[2025-06-16 02:57:10,599] {scheduler_job.py:643} INFO - DAG(s) dict_keys(['example_xcom_args', 'example_xcom_args_with_operators']) retrieved from /home/airflow/.local/lib/python3.6/site-packages/airflow/example_dags/example_xcomargs.py
[2025-06-16 02:57:10,827] {logging_mixin.py:104} INFO - [2025-06-16 02:57:10,826] {dag.py:1833} INFO - Sync 2 DAGs
[2025-06-16 02:57:10,854] {logging_mixin.py:104} INFO - [2025-06-16 02:57:10,854] {dag.py:2306} INFO - Setting next_dagrun for example_xcom_args to None
[2025-06-16 02:57:10,855] {logging_mixin.py:104} INFO - [2025-06-16 02:57:10,855] {dag.py:2306} INFO - Setting next_dagrun for example_xcom_args_with_operators to None
[2025-06-16 02:57:10,868] {scheduler_job.py:190} INFO - Processing /home/airflow/.local/lib/python3.6/site-packages/airflow/example_dags/example_xcomargs.py took 0.283 seconds
[2025-06-16 02:57:41,455] {scheduler_job.py:182} INFO - Started process (PID=350) to work on /home/airflow/.local/lib/python3.6/site-packages/airflow/example_dags/example_xcomargs.py
[2025-06-16 02:57:41,457] {scheduler_job.py:633} INFO - Processing file /home/airflow/.local/lib/python3.6/site-packages/airflow/example_dags/example_xcomargs.py for tasks to queue
[2025-06-16 02:57:41,458] {logging_mixin.py:104} INFO - [2025-06-16 02:57:41,458] {dagbag.py:496} INFO - Filling up the DagBag from /home/airflow/.local/lib/python3.6/site-packages/airflow/example_dags/example_xcomargs.py
[2025-06-16 02:57:41,470] {scheduler_job.py:643} INFO - DAG(s) dict_keys(['example_xcom_args', 'example_xcom_args_with_operators']) retrieved from /home/airflow/.local/lib/python3.6/site-packages/airflow/example_dags/example_xcomargs.py
[2025-06-16 02:57:41,651] {logging_mixin.py:104} INFO - [2025-06-16 02:57:41,651] {dag.py:1833} INFO - Sync 2 DAGs
[2025-06-16 02:57:41,670] {logging_mixin.py:104} INFO - [2025-06-16 02:57:41,670] {dag.py:2306} INFO - Setting next_dagrun for example_xcom_args to None
[2025-06-16 02:57:41,670] {logging_mixin.py:104} INFO - [2025-06-16 02:57:41,670] {dag.py:2306} INFO - Setting next_dagrun for example_xcom_args_with_operators to None
[2025-06-16 02:57:41,683] {scheduler_job.py:190} INFO - Processing /home/airflow/.local/lib/python3.6/site-packages/airflow/example_dags/example_xcomargs.py took 0.230 seconds
[2025-06-16 02:58:22,332] {scheduler_job.py:182} INFO - Started process (PID=84) to work on /home/airflow/.local/lib/python3.6/site-packages/airflow/example_dags/example_xcomargs.py
[2025-06-16 02:58:22,334] {scheduler_job.py:633} INFO - Processing file /home/airflow/.local/lib/python3.6/site-packages/airflow/example_dags/example_xcomargs.py for tasks to queue
[2025-06-16 02:58:22,334] {logging_mixin.py:104} INFO - [2025-06-16 02:58:22,334] {dagbag.py:496} INFO - Filling up the DagBag from /home/airflow/.local/lib/python3.6/site-packages/airflow/example_dags/example_xcomargs.py
[2025-06-16 02:58:22,358] {scheduler_job.py:643} INFO - DAG(s) dict_keys(['example_xcom_args', 'example_xcom_args_with_operators']) retrieved from /home/airflow/.local/lib/python3.6/site-packages/airflow/example_dags/example_xcomargs.py
[2025-06-16 02:58:22,639] {logging_mixin.py:104} INFO - [2025-06-16 02:58:22,639] {dag.py:1833} INFO - Sync 2 DAGs
[2025-06-16 02:58:22,666] {logging_mixin.py:104} INFO - [2025-06-16 02:58:22,666] {dag.py:2306} INFO - Setting next_dagrun for example_xcom_args to None
[2025-06-16 02:58:22,668] {logging_mixin.py:104} INFO - [2025-06-16 02:58:22,667] {dag.py:2306} INFO - Setting next_dagrun for example_xcom_args_with_operators to None
[2025-06-16 02:58:22,704] {scheduler_job.py:190} INFO - Processing /home/airflow/.local/lib/python3.6/site-packages/airflow/example_dags/example_xcomargs.py took 0.374 seconds
[2025-06-16 02:58:53,129] {scheduler_job.py:182} INFO - Started process (PID=153) to work on /home/airflow/.local/lib/python3.6/site-packages/airflow/example_dags/example_xcomargs.py
[2025-06-16 02:58:53,130] {scheduler_job.py:633} INFO - Processing file /home/airflow/.local/lib/python3.6/site-packages/airflow/example_dags/example_xcomargs.py for tasks to queue
[2025-06-16 02:58:53,130] {logging_mixin.py:104} INFO - [2025-06-16 02:58:53,130] {dagbag.py:496} INFO - Filling up the DagBag from /home/airflow/.local/lib/python3.6/site-packages/airflow/example_dags/example_xcomargs.py
[2025-06-16 02:58:53,140] {scheduler_job.py:643} INFO - DAG(s) dict_keys(['example_xcom_args', 'example_xcom_args_with_operators']) retrieved from /home/airflow/.local/lib/python3.6/site-packages/airflow/example_dags/example_xcomargs.py
[2025-06-16 02:58:53,289] {logging_mixin.py:104} INFO - [2025-06-16 02:58:53,289] {dag.py:1833} INFO - Sync 2 DAGs
[2025-06-16 02:58:53,307] {logging_mixin.py:104} INFO - [2025-06-16 02:58:53,307] {dag.py:2306} INFO - Setting next_dagrun for example_xcom_args to None
[2025-06-16 02:58:53,307] {logging_mixin.py:104} INFO - [2025-06-16 02:58:53,307] {dag.py:2306} INFO - Setting next_dagrun for example_xcom_args_with_operators to None
[2025-06-16 02:58:53,318] {scheduler_job.py:190} INFO - Processing /home/airflow/.local/lib/python3.6/site-packages/airflow/example_dags/example_xcomargs.py took 0.190 seconds
[2025-06-16 02:59:23,505] {scheduler_job.py:182} INFO - Started process (PID=212) to work on /home/airflow/.local/lib/python3.6/site-packages/airflow/example_dags/example_xcomargs.py
[2025-06-16 02:59:23,506] {scheduler_job.py:633} INFO - Processing file /home/airflow/.local/lib/python3.6/site-packages/airflow/example_dags/example_xcomargs.py for tasks to queue
[2025-06-16 02:59:23,506] {logging_mixin.py:104} INFO - [2025-06-16 02:59:23,506] {dagbag.py:496} INFO - Filling up the DagBag from /home/airflow/.local/lib/python3.6/site-packages/airflow/example_dags/example_xcomargs.py
[2025-06-16 02:59:23,518] {scheduler_job.py:643} INFO - DAG(s) dict_keys(['example_xcom_args', 'example_xcom_args_with_operators']) retrieved from /home/airflow/.local/lib/python3.6/site-packages/airflow/example_dags/example_xcomargs.py
[2025-06-16 02:59:23,673] {logging_mixin.py:104} INFO - [2025-06-16 02:59:23,673] {dag.py:1833} INFO - Sync 2 DAGs
[2025-06-16 02:59:23,690] {logging_mixin.py:104} INFO - [2025-06-16 02:59:23,690] {dag.py:2306} INFO - Setting next_dagrun for example_xcom_args to None
[2025-06-16 02:59:23,691] {logging_mixin.py:104} INFO - [2025-06-16 02:59:23,691] {dag.py:2306} INFO - Setting next_dagrun for example_xcom_args_with_operators to None
[2025-06-16 02:59:23,701] {scheduler_job.py:190} INFO - Processing /home/airflow/.local/lib/python3.6/site-packages/airflow/example_dags/example_xcomargs.py took 0.198 seconds
[2025-06-16 02:59:54,357] {scheduler_job.py:182} INFO - Started process (PID=281) to work on /home/airflow/.local/lib/python3.6/site-packages/airflow/example_dags/example_xcomargs.py
[2025-06-16 02:59:54,358] {scheduler_job.py:633} INFO - Processing file /home/airflow/.local/lib/python3.6/site-packages/airflow/example_dags/example_xcomargs.py for tasks to queue
[2025-06-16 02:59:54,359] {logging_mixin.py:104} INFO - [2025-06-16 02:59:54,358] {dagbag.py:496} INFO - Filling up the DagBag from /home/airflow/.local/lib/python3.6/site-packages/airflow/example_dags/example_xcomargs.py
[2025-06-16 02:59:54,370] {scheduler_job.py:643} INFO - DAG(s) dict_keys(['example_xcom_args', 'example_xcom_args_with_operators']) retrieved from /home/airflow/.local/lib/python3.6/site-packages/airflow/example_dags/example_xcomargs.py
[2025-06-16 02:59:54,532] {logging_mixin.py:104} INFO - [2025-06-16 02:59:54,531] {dag.py:1833} INFO - Sync 2 DAGs
[2025-06-16 02:59:54,550] {logging_mixin.py:104} INFO - [2025-06-16 02:59:54,550] {dag.py:2306} INFO - Setting next_dagrun for example_xcom_args to None
[2025-06-16 02:59:54,550] {logging_mixin.py:104} INFO - [2025-06-16 02:59:54,550] {dag.py:2306} INFO - Setting next_dagrun for example_xcom_args_with_operators to None
[2025-06-16 02:59:54,560] {scheduler_job.py:190} INFO - Processing /home/airflow/.local/lib/python3.6/site-packages/airflow/example_dags/example_xcomargs.py took 0.205 seconds
