[2025-06-16 02:51:53,523] {scheduler_job.py:182} INFO - Started process (PID=166) to work on /home/airflow/.local/lib/python3.6/site-packages/airflow/example_dags/example_python_operator.py
[2025-06-16 02:51:53,523] {scheduler_job.py:633} INFO - Processing file /home/airflow/.local/lib/python3.6/site-packages/airflow/example_dags/example_python_operator.py for tasks to queue
[2025-06-16 02:51:53,524] {logging_mixin.py:104} INFO - [2025-06-16 02:51:53,523] {dagbag.py:496} INFO - Filling up the DagBag from /home/airflow/.local/lib/python3.6/site-packages/airflow/example_dags/example_python_operator.py
[2025-06-16 02:51:53,531] {scheduler_job.py:643} INFO - DAG(s) dict_keys(['example_python_operator']) retrieved from /home/airflow/.local/lib/python3.6/site-packages/airflow/example_dags/example_python_operator.py
[2025-06-16 02:51:55,180] {logging_mixin.py:104} INFO - [2025-06-16 02:51:55,180] {dag.py:1833} INFO - Sync 1 DAGs
[2025-06-16 02:51:55,189] {logging_mixin.py:104} INFO - [2025-06-16 02:51:55,188] {dag.py:1852} INFO - Creating ORM DAG for example_python_operator
[2025-06-16 02:51:55,200] {logging_mixin.py:104} INFO - [2025-06-16 02:51:55,200] {dag.py:2306} INFO - Setting next_dagrun for example_python_operator to None
[2025-06-16 02:51:55,214] {scheduler_job.py:190} INFO - Processing /home/airflow/.local/lib/python3.6/site-packages/airflow/example_dags/example_python_operator.py took 1.693 seconds
[2025-06-16 02:52:25,733] {scheduler_job.py:182} INFO - Started process (PID=377) to work on /home/airflow/.local/lib/python3.6/site-packages/airflow/example_dags/example_python_operator.py
[2025-06-16 02:52:25,734] {scheduler_job.py:633} INFO - Processing file /home/airflow/.local/lib/python3.6/site-packages/airflow/example_dags/example_python_operator.py for tasks to queue
[2025-06-16 02:52:25,735] {logging_mixin.py:104} INFO - [2025-06-16 02:52:25,734] {dagbag.py:496} INFO - Filling up the DagBag from /home/airflow/.local/lib/python3.6/site-packages/airflow/example_dags/example_python_operator.py
[2025-06-16 02:52:25,745] {scheduler_job.py:643} INFO - DAG(s) dict_keys(['example_python_operator']) retrieved from /home/airflow/.local/lib/python3.6/site-packages/airflow/example_dags/example_python_operator.py
[2025-06-16 02:52:25,808] {logging_mixin.py:104} INFO - [2025-06-16 02:52:25,808] {dag.py:1833} INFO - Sync 1 DAGs
[2025-06-16 02:52:25,824] {logging_mixin.py:104} INFO - [2025-06-16 02:52:25,824] {dag.py:2306} INFO - Setting next_dagrun for example_python_operator to None
[2025-06-16 02:52:25,834] {scheduler_job.py:190} INFO - Processing /home/airflow/.local/lib/python3.6/site-packages/airflow/example_dags/example_python_operator.py took 0.104 seconds
[2025-06-16 02:52:55,870] {scheduler_job.py:182} INFO - Started process (PID=446) to work on /home/airflow/.local/lib/python3.6/site-packages/airflow/example_dags/example_python_operator.py
[2025-06-16 02:52:55,872] {scheduler_job.py:633} INFO - Processing file /home/airflow/.local/lib/python3.6/site-packages/airflow/example_dags/example_python_operator.py for tasks to queue
[2025-06-16 02:52:55,873] {logging_mixin.py:104} INFO - [2025-06-16 02:52:55,873] {dagbag.py:496} INFO - Filling up the DagBag from /home/airflow/.local/lib/python3.6/site-packages/airflow/example_dags/example_python_operator.py
[2025-06-16 02:52:55,886] {scheduler_job.py:643} INFO - DAG(s) dict_keys(['example_python_operator']) retrieved from /home/airflow/.local/lib/python3.6/site-packages/airflow/example_dags/example_python_operator.py
[2025-06-16 02:52:55,953] {logging_mixin.py:104} INFO - [2025-06-16 02:52:55,953] {dag.py:1833} INFO - Sync 1 DAGs
[2025-06-16 02:52:55,969] {logging_mixin.py:104} INFO - [2025-06-16 02:52:55,969] {dag.py:2306} INFO - Setting next_dagrun for example_python_operator to None
[2025-06-16 02:52:55,979] {scheduler_job.py:190} INFO - Processing /home/airflow/.local/lib/python3.6/site-packages/airflow/example_dags/example_python_operator.py took 0.112 seconds
[2025-06-16 02:53:42,543] {scheduler_job.py:182} INFO - Started process (PID=68) to work on /home/airflow/.local/lib/python3.6/site-packages/airflow/example_dags/example_python_operator.py
[2025-06-16 02:53:42,545] {scheduler_job.py:633} INFO - Processing file /home/airflow/.local/lib/python3.6/site-packages/airflow/example_dags/example_python_operator.py for tasks to queue
[2025-06-16 02:53:42,546] {logging_mixin.py:104} INFO - [2025-06-16 02:53:42,546] {dagbag.py:496} INFO - Filling up the DagBag from /home/airflow/.local/lib/python3.6/site-packages/airflow/example_dags/example_python_operator.py
[2025-06-16 02:53:42,553] {scheduler_job.py:643} INFO - DAG(s) dict_keys(['example_python_operator']) retrieved from /home/airflow/.local/lib/python3.6/site-packages/airflow/example_dags/example_python_operator.py
[2025-06-16 02:53:42,653] {logging_mixin.py:104} INFO - [2025-06-16 02:53:42,653] {dag.py:1833} INFO - Sync 1 DAGs
[2025-06-16 02:53:42,690] {logging_mixin.py:104} INFO - [2025-06-16 02:53:42,690] {dag.py:2306} INFO - Setting next_dagrun for example_python_operator to None
[2025-06-16 02:53:42,710] {scheduler_job.py:190} INFO - Processing /home/airflow/.local/lib/python3.6/site-packages/airflow/example_dags/example_python_operator.py took 0.170 seconds
[2025-06-16 02:54:13,267] {scheduler_job.py:182} INFO - Started process (PID=127) to work on /home/airflow/.local/lib/python3.6/site-packages/airflow/example_dags/example_python_operator.py
[2025-06-16 02:54:13,268] {scheduler_job.py:633} INFO - Processing file /home/airflow/.local/lib/python3.6/site-packages/airflow/example_dags/example_python_operator.py for tasks to queue
[2025-06-16 02:54:13,268] {logging_mixin.py:104} INFO - [2025-06-16 02:54:13,268] {dagbag.py:496} INFO - Filling up the DagBag from /home/airflow/.local/lib/python3.6/site-packages/airflow/example_dags/example_python_operator.py
[2025-06-16 02:54:13,277] {scheduler_job.py:643} INFO - DAG(s) dict_keys(['example_python_operator']) retrieved from /home/airflow/.local/lib/python3.6/site-packages/airflow/example_dags/example_python_operator.py
[2025-06-16 02:54:13,343] {logging_mixin.py:104} INFO - [2025-06-16 02:54:13,343] {dag.py:1833} INFO - Sync 1 DAGs
[2025-06-16 02:54:13,367] {logging_mixin.py:104} INFO - [2025-06-16 02:54:13,367] {dag.py:2306} INFO - Setting next_dagrun for example_python_operator to None
[2025-06-16 02:54:13,380] {scheduler_job.py:190} INFO - Processing /home/airflow/.local/lib/python3.6/site-packages/airflow/example_dags/example_python_operator.py took 0.114 seconds
[2025-06-16 02:54:43,861] {scheduler_job.py:182} INFO - Started process (PID=196) to work on /home/airflow/.local/lib/python3.6/site-packages/airflow/example_dags/example_python_operator.py
[2025-06-16 02:54:43,861] {scheduler_job.py:633} INFO - Processing file /home/airflow/.local/lib/python3.6/site-packages/airflow/example_dags/example_python_operator.py for tasks to queue
[2025-06-16 02:54:43,862] {logging_mixin.py:104} INFO - [2025-06-16 02:54:43,862] {dagbag.py:496} INFO - Filling up the DagBag from /home/airflow/.local/lib/python3.6/site-packages/airflow/example_dags/example_python_operator.py
[2025-06-16 02:54:43,869] {scheduler_job.py:643} INFO - DAG(s) dict_keys(['example_python_operator']) retrieved from /home/airflow/.local/lib/python3.6/site-packages/airflow/example_dags/example_python_operator.py
[2025-06-16 02:54:43,927] {logging_mixin.py:104} INFO - [2025-06-16 02:54:43,927] {dag.py:1833} INFO - Sync 1 DAGs
[2025-06-16 02:54:43,944] {logging_mixin.py:104} INFO - [2025-06-16 02:54:43,944] {dag.py:2306} INFO - Setting next_dagrun for example_python_operator to None
[2025-06-16 02:54:43,954] {scheduler_job.py:190} INFO - Processing /home/airflow/.local/lib/python3.6/site-packages/airflow/example_dags/example_python_operator.py took 0.095 seconds
[2025-06-16 02:55:37,082] {scheduler_job.py:182} INFO - Started process (PID=68) to work on /home/airflow/.local/lib/python3.6/site-packages/airflow/example_dags/example_python_operator.py
[2025-06-16 02:55:37,083] {scheduler_job.py:633} INFO - Processing file /home/airflow/.local/lib/python3.6/site-packages/airflow/example_dags/example_python_operator.py for tasks to queue
[2025-06-16 02:55:37,087] {logging_mixin.py:104} INFO - [2025-06-16 02:55:37,086] {dagbag.py:496} INFO - Filling up the DagBag from /home/airflow/.local/lib/python3.6/site-packages/airflow/example_dags/example_python_operator.py
[2025-06-16 02:55:37,098] {scheduler_job.py:643} INFO - DAG(s) dict_keys(['example_python_operator']) retrieved from /home/airflow/.local/lib/python3.6/site-packages/airflow/example_dags/example_python_operator.py
[2025-06-16 02:55:37,179] {logging_mixin.py:104} INFO - [2025-06-16 02:55:37,179] {dag.py:1833} INFO - Sync 1 DAGs
[2025-06-16 02:55:37,216] {logging_mixin.py:104} INFO - [2025-06-16 02:55:37,216] {dag.py:2306} INFO - Setting next_dagrun for example_python_operator to None
[2025-06-16 02:55:37,244] {scheduler_job.py:190} INFO - Processing /home/airflow/.local/lib/python3.6/site-packages/airflow/example_dags/example_python_operator.py took 0.169 seconds
[2025-06-16 02:56:07,277] {scheduler_job.py:182} INFO - Started process (PID=127) to work on /home/airflow/.local/lib/python3.6/site-packages/airflow/example_dags/example_python_operator.py
[2025-06-16 02:56:07,278] {scheduler_job.py:633} INFO - Processing file /home/airflow/.local/lib/python3.6/site-packages/airflow/example_dags/example_python_operator.py for tasks to queue
[2025-06-16 02:56:07,279] {logging_mixin.py:104} INFO - [2025-06-16 02:56:07,279] {dagbag.py:496} INFO - Filling up the DagBag from /home/airflow/.local/lib/python3.6/site-packages/airflow/example_dags/example_python_operator.py
[2025-06-16 02:56:07,286] {scheduler_job.py:643} INFO - DAG(s) dict_keys(['example_python_operator']) retrieved from /home/airflow/.local/lib/python3.6/site-packages/airflow/example_dags/example_python_operator.py
[2025-06-16 02:56:07,344] {logging_mixin.py:104} INFO - [2025-06-16 02:56:07,344] {dag.py:1833} INFO - Sync 1 DAGs
[2025-06-16 02:56:07,360] {logging_mixin.py:104} INFO - [2025-06-16 02:56:07,360] {dag.py:2306} INFO - Setting next_dagrun for example_python_operator to None
[2025-06-16 02:56:07,369] {scheduler_job.py:190} INFO - Processing /home/airflow/.local/lib/python3.6/site-packages/airflow/example_dags/example_python_operator.py took 0.094 seconds
[2025-06-16 02:56:37,817] {scheduler_job.py:182} INFO - Started process (PID=196) to work on /home/airflow/.local/lib/python3.6/site-packages/airflow/example_dags/example_python_operator.py
[2025-06-16 02:56:37,818] {scheduler_job.py:633} INFO - Processing file /home/airflow/.local/lib/python3.6/site-packages/airflow/example_dags/example_python_operator.py for tasks to queue
[2025-06-16 02:56:37,818] {logging_mixin.py:104} INFO - [2025-06-16 02:56:37,818] {dagbag.py:496} INFO - Filling up the DagBag from /home/airflow/.local/lib/python3.6/site-packages/airflow/example_dags/example_python_operator.py
[2025-06-16 02:56:37,826] {scheduler_job.py:643} INFO - DAG(s) dict_keys(['example_python_operator']) retrieved from /home/airflow/.local/lib/python3.6/site-packages/airflow/example_dags/example_python_operator.py
[2025-06-16 02:56:37,950] {logging_mixin.py:104} INFO - [2025-06-16 02:56:37,950] {dag.py:1833} INFO - Sync 1 DAGs
[2025-06-16 02:56:37,975] {logging_mixin.py:104} INFO - [2025-06-16 02:56:37,975] {dag.py:2306} INFO - Setting next_dagrun for example_python_operator to None
[2025-06-16 02:56:37,987] {scheduler_job.py:190} INFO - Processing /home/airflow/.local/lib/python3.6/site-packages/airflow/example_dags/example_python_operator.py took 0.171 seconds
[2025-06-16 02:57:08,453] {scheduler_job.py:182} INFO - Started process (PID=265) to work on /home/airflow/.local/lib/python3.6/site-packages/airflow/example_dags/example_python_operator.py
[2025-06-16 02:57:08,454] {scheduler_job.py:633} INFO - Processing file /home/airflow/.local/lib/python3.6/site-packages/airflow/example_dags/example_python_operator.py for tasks to queue
[2025-06-16 02:57:08,454] {logging_mixin.py:104} INFO - [2025-06-16 02:57:08,454] {dagbag.py:496} INFO - Filling up the DagBag from /home/airflow/.local/lib/python3.6/site-packages/airflow/example_dags/example_python_operator.py
[2025-06-16 02:57:08,461] {scheduler_job.py:643} INFO - DAG(s) dict_keys(['example_python_operator']) retrieved from /home/airflow/.local/lib/python3.6/site-packages/airflow/example_dags/example_python_operator.py
[2025-06-16 02:57:08,517] {logging_mixin.py:104} INFO - [2025-06-16 02:57:08,517] {dag.py:1833} INFO - Sync 1 DAGs
[2025-06-16 02:57:08,532] {logging_mixin.py:104} INFO - [2025-06-16 02:57:08,532] {dag.py:2306} INFO - Setting next_dagrun for example_python_operator to None
[2025-06-16 02:57:08,541] {scheduler_job.py:190} INFO - Processing /home/airflow/.local/lib/python3.6/site-packages/airflow/example_dags/example_python_operator.py took 0.089 seconds
[2025-06-16 02:57:39,153] {scheduler_job.py:182} INFO - Started process (PID=324) to work on /home/airflow/.local/lib/python3.6/site-packages/airflow/example_dags/example_python_operator.py
[2025-06-16 02:57:39,154] {scheduler_job.py:633} INFO - Processing file /home/airflow/.local/lib/python3.6/site-packages/airflow/example_dags/example_python_operator.py for tasks to queue
[2025-06-16 02:57:39,154] {logging_mixin.py:104} INFO - [2025-06-16 02:57:39,154] {dagbag.py:496} INFO - Filling up the DagBag from /home/airflow/.local/lib/python3.6/site-packages/airflow/example_dags/example_python_operator.py
[2025-06-16 02:57:39,160] {scheduler_job.py:643} INFO - DAG(s) dict_keys(['example_python_operator']) retrieved from /home/airflow/.local/lib/python3.6/site-packages/airflow/example_dags/example_python_operator.py
[2025-06-16 02:57:39,218] {logging_mixin.py:104} INFO - [2025-06-16 02:57:39,218] {dag.py:1833} INFO - Sync 1 DAGs
[2025-06-16 02:57:39,234] {logging_mixin.py:104} INFO - [2025-06-16 02:57:39,234] {dag.py:2306} INFO - Setting next_dagrun for example_python_operator to None
[2025-06-16 02:57:39,243] {scheduler_job.py:190} INFO - Processing /home/airflow/.local/lib/python3.6/site-packages/airflow/example_dags/example_python_operator.py took 0.092 seconds
[2025-06-16 02:58:20,365] {scheduler_job.py:182} INFO - Started process (PID=67) to work on /home/airflow/.local/lib/python3.6/site-packages/airflow/example_dags/example_python_operator.py
[2025-06-16 02:58:20,366] {scheduler_job.py:633} INFO - Processing file /home/airflow/.local/lib/python3.6/site-packages/airflow/example_dags/example_python_operator.py for tasks to queue
[2025-06-16 02:58:20,370] {logging_mixin.py:104} INFO - [2025-06-16 02:58:20,370] {dagbag.py:496} INFO - Filling up the DagBag from /home/airflow/.local/lib/python3.6/site-packages/airflow/example_dags/example_python_operator.py
[2025-06-16 02:58:20,386] {scheduler_job.py:643} INFO - DAG(s) dict_keys(['example_python_operator']) retrieved from /home/airflow/.local/lib/python3.6/site-packages/airflow/example_dags/example_python_operator.py
[2025-06-16 02:58:20,471] {logging_mixin.py:104} INFO - [2025-06-16 02:58:20,471] {dag.py:1833} INFO - Sync 1 DAGs
[2025-06-16 02:58:20,500] {logging_mixin.py:104} INFO - [2025-06-16 02:58:20,500] {dag.py:2306} INFO - Setting next_dagrun for example_python_operator to None
[2025-06-16 02:58:20,531] {scheduler_job.py:190} INFO - Processing /home/airflow/.local/lib/python3.6/site-packages/airflow/example_dags/example_python_operator.py took 0.170 seconds
[2025-06-16 02:58:50,872] {scheduler_job.py:182} INFO - Started process (PID=126) to work on /home/airflow/.local/lib/python3.6/site-packages/airflow/example_dags/example_python_operator.py
[2025-06-16 02:58:50,873] {scheduler_job.py:633} INFO - Processing file /home/airflow/.local/lib/python3.6/site-packages/airflow/example_dags/example_python_operator.py for tasks to queue
[2025-06-16 02:58:50,873] {logging_mixin.py:104} INFO - [2025-06-16 02:58:50,873] {dagbag.py:496} INFO - Filling up the DagBag from /home/airflow/.local/lib/python3.6/site-packages/airflow/example_dags/example_python_operator.py
[2025-06-16 02:58:50,880] {scheduler_job.py:643} INFO - DAG(s) dict_keys(['example_python_operator']) retrieved from /home/airflow/.local/lib/python3.6/site-packages/airflow/example_dags/example_python_operator.py
[2025-06-16 02:58:50,939] {logging_mixin.py:104} INFO - [2025-06-16 02:58:50,939] {dag.py:1833} INFO - Sync 1 DAGs
[2025-06-16 02:58:50,958] {logging_mixin.py:104} INFO - [2025-06-16 02:58:50,958] {dag.py:2306} INFO - Setting next_dagrun for example_python_operator to None
[2025-06-16 02:58:50,968] {scheduler_job.py:190} INFO - Processing /home/airflow/.local/lib/python3.6/site-packages/airflow/example_dags/example_python_operator.py took 0.097 seconds
[2025-06-16 02:59:21,408] {scheduler_job.py:182} INFO - Started process (PID=195) to work on /home/airflow/.local/lib/python3.6/site-packages/airflow/example_dags/example_python_operator.py
[2025-06-16 02:59:21,408] {scheduler_job.py:633} INFO - Processing file /home/airflow/.local/lib/python3.6/site-packages/airflow/example_dags/example_python_operator.py for tasks to queue
[2025-06-16 02:59:21,409] {logging_mixin.py:104} INFO - [2025-06-16 02:59:21,409] {dagbag.py:496} INFO - Filling up the DagBag from /home/airflow/.local/lib/python3.6/site-packages/airflow/example_dags/example_python_operator.py
[2025-06-16 02:59:21,415] {scheduler_job.py:643} INFO - DAG(s) dict_keys(['example_python_operator']) retrieved from /home/airflow/.local/lib/python3.6/site-packages/airflow/example_dags/example_python_operator.py
[2025-06-16 02:59:21,473] {logging_mixin.py:104} INFO - [2025-06-16 02:59:21,473] {dag.py:1833} INFO - Sync 1 DAGs
[2025-06-16 02:59:21,489] {logging_mixin.py:104} INFO - [2025-06-16 02:59:21,489] {dag.py:2306} INFO - Setting next_dagrun for example_python_operator to None
[2025-06-16 02:59:21,501] {scheduler_job.py:190} INFO - Processing /home/airflow/.local/lib/python3.6/site-packages/airflow/example_dags/example_python_operator.py took 0.095 seconds
[2025-06-16 02:59:52,217] {scheduler_job.py:182} INFO - Started process (PID=264) to work on /home/airflow/.local/lib/python3.6/site-packages/airflow/example_dags/example_python_operator.py
[2025-06-16 02:59:52,218] {scheduler_job.py:633} INFO - Processing file /home/airflow/.local/lib/python3.6/site-packages/airflow/example_dags/example_python_operator.py for tasks to queue
[2025-06-16 02:59:52,220] {logging_mixin.py:104} INFO - [2025-06-16 02:59:52,220] {dagbag.py:496} INFO - Filling up the DagBag from /home/airflow/.local/lib/python3.6/site-packages/airflow/example_dags/example_python_operator.py
[2025-06-16 02:59:52,229] {scheduler_job.py:643} INFO - DAG(s) dict_keys(['example_python_operator']) retrieved from /home/airflow/.local/lib/python3.6/site-packages/airflow/example_dags/example_python_operator.py
[2025-06-16 02:59:52,289] {logging_mixin.py:104} INFO - [2025-06-16 02:59:52,289] {dag.py:1833} INFO - Sync 1 DAGs
[2025-06-16 02:59:52,306] {logging_mixin.py:104} INFO - [2025-06-16 02:59:52,306] {dag.py:2306} INFO - Setting next_dagrun for example_python_operator to None
[2025-06-16 02:59:52,316] {scheduler_job.py:190} INFO - Processing /home/airflow/.local/lib/python3.6/site-packages/airflow/example_dags/example_python_operator.py took 0.101 seconds
