[2025-06-16 02:52:00,918] {scheduler_job.py:182} INFO - Started process (PID=246) to work on /home/airflow/.local/lib/python3.6/site-packages/airflow/example_dags/example_skip_dag.py
[2025-06-16 02:52:00,918] {scheduler_job.py:633} INFO - Processing file /home/airflow/.local/lib/python3.6/site-packages/airflow/example_dags/example_skip_dag.py for tasks to queue
[2025-06-16 02:52:00,919] {logging_mixin.py:104} INFO - [2025-06-16 02:52:00,919] {dagbag.py:496} INFO - Filling up the DagBag from /home/airflow/.local/lib/python3.6/site-packages/airflow/example_dags/example_skip_dag.py
[2025-06-16 02:52:00,925] {scheduler_job.py:643} INFO - DAG(s) dict_keys(['example_skip_dag']) retrieved from /home/airflow/.local/lib/python3.6/site-packages/airflow/example_dags/example_skip_dag.py
[2025-06-16 02:52:02,651] {logging_mixin.py:104} INFO - [2025-06-16 02:52:02,651] {dag.py:1833} INFO - Sync 1 DAGs
[2025-06-16 02:52:02,660] {logging_mixin.py:104} INFO - [2025-06-16 02:52:02,659] {dag.py:1852} INFO - Creating ORM DAG for example_skip_dag
[2025-06-16 02:52:02,670] {logging_mixin.py:104} INFO - [2025-06-16 02:52:02,670] {dag.py:2306} INFO - Setting next_dagrun for example_skip_dag to 2025-06-14 00:00:00+00:00
[2025-06-16 02:52:02,677] {scheduler_job.py:190} INFO - Processing /home/airflow/.local/lib/python3.6/site-packages/airflow/example_dags/example_skip_dag.py took 1.761 seconds
[2025-06-16 02:52:33,661] {scheduler_job.py:182} INFO - Started process (PID=396) to work on /home/airflow/.local/lib/python3.6/site-packages/airflow/example_dags/example_skip_dag.py
[2025-06-16 02:52:33,662] {scheduler_job.py:633} INFO - Processing file /home/airflow/.local/lib/python3.6/site-packages/airflow/example_dags/example_skip_dag.py for tasks to queue
[2025-06-16 02:52:33,663] {logging_mixin.py:104} INFO - [2025-06-16 02:52:33,663] {dagbag.py:496} INFO - Filling up the DagBag from /home/airflow/.local/lib/python3.6/site-packages/airflow/example_dags/example_skip_dag.py
[2025-06-16 02:52:33,672] {scheduler_job.py:643} INFO - DAG(s) dict_keys(['example_skip_dag']) retrieved from /home/airflow/.local/lib/python3.6/site-packages/airflow/example_dags/example_skip_dag.py
[2025-06-16 02:52:33,736] {logging_mixin.py:104} INFO - [2025-06-16 02:52:33,736] {dag.py:1833} INFO - Sync 1 DAGs
[2025-06-16 02:52:33,752] {logging_mixin.py:104} INFO - [2025-06-16 02:52:33,752] {dag.py:2306} INFO - Setting next_dagrun for example_skip_dag to 2025-06-14 00:00:00+00:00
[2025-06-16 02:52:33,762] {scheduler_job.py:190} INFO - Processing /home/airflow/.local/lib/python3.6/site-packages/airflow/example_dags/example_skip_dag.py took 0.104 seconds
[2025-06-16 02:53:04,409] {scheduler_job.py:182} INFO - Started process (PID=465) to work on /home/airflow/.local/lib/python3.6/site-packages/airflow/example_dags/example_skip_dag.py
[2025-06-16 02:53:04,411] {scheduler_job.py:633} INFO - Processing file /home/airflow/.local/lib/python3.6/site-packages/airflow/example_dags/example_skip_dag.py for tasks to queue
[2025-06-16 02:53:04,412] {logging_mixin.py:104} INFO - [2025-06-16 02:53:04,411] {dagbag.py:496} INFO - Filling up the DagBag from /home/airflow/.local/lib/python3.6/site-packages/airflow/example_dags/example_skip_dag.py
[2025-06-16 02:53:04,421] {scheduler_job.py:643} INFO - DAG(s) dict_keys(['example_skip_dag']) retrieved from /home/airflow/.local/lib/python3.6/site-packages/airflow/example_dags/example_skip_dag.py
[2025-06-16 02:53:04,489] {logging_mixin.py:104} INFO - [2025-06-16 02:53:04,489] {dag.py:1833} INFO - Sync 1 DAGs
[2025-06-16 02:53:04,504] {logging_mixin.py:104} INFO - [2025-06-16 02:53:04,504] {dag.py:2306} INFO - Setting next_dagrun for example_skip_dag to 2025-06-14 00:00:00+00:00
[2025-06-16 02:53:04,514] {scheduler_job.py:190} INFO - Processing /home/airflow/.local/lib/python3.6/site-packages/airflow/example_dags/example_skip_dag.py took 0.108 seconds
[2025-06-16 02:53:43,380] {scheduler_job.py:182} INFO - Started process (PID=77) to work on /home/airflow/.local/lib/python3.6/site-packages/airflow/example_dags/example_skip_dag.py
[2025-06-16 02:53:43,385] {scheduler_job.py:633} INFO - Processing file /home/airflow/.local/lib/python3.6/site-packages/airflow/example_dags/example_skip_dag.py for tasks to queue
[2025-06-16 02:53:43,385] {logging_mixin.py:104} INFO - [2025-06-16 02:53:43,385] {dagbag.py:496} INFO - Filling up the DagBag from /home/airflow/.local/lib/python3.6/site-packages/airflow/example_dags/example_skip_dag.py
[2025-06-16 02:53:43,392] {scheduler_job.py:643} INFO - DAG(s) dict_keys(['example_skip_dag']) retrieved from /home/airflow/.local/lib/python3.6/site-packages/airflow/example_dags/example_skip_dag.py
[2025-06-16 02:53:43,478] {logging_mixin.py:104} INFO - [2025-06-16 02:53:43,478] {dag.py:1833} INFO - Sync 1 DAGs
[2025-06-16 02:53:43,511] {logging_mixin.py:104} INFO - [2025-06-16 02:53:43,511] {dag.py:2306} INFO - Setting next_dagrun for example_skip_dag to 2025-06-14 00:00:00+00:00
[2025-06-16 02:53:43,534] {scheduler_job.py:190} INFO - Processing /home/airflow/.local/lib/python3.6/site-packages/airflow/example_dags/example_skip_dag.py took 0.156 seconds
[2025-06-16 02:54:13,937] {scheduler_job.py:182} INFO - Started process (PID=136) to work on /home/airflow/.local/lib/python3.6/site-packages/airflow/example_dags/example_skip_dag.py
[2025-06-16 02:54:13,938] {scheduler_job.py:633} INFO - Processing file /home/airflow/.local/lib/python3.6/site-packages/airflow/example_dags/example_skip_dag.py for tasks to queue
[2025-06-16 02:54:13,942] {logging_mixin.py:104} INFO - [2025-06-16 02:54:13,942] {dagbag.py:496} INFO - Filling up the DagBag from /home/airflow/.local/lib/python3.6/site-packages/airflow/example_dags/example_skip_dag.py
[2025-06-16 02:54:13,948] {scheduler_job.py:643} INFO - DAG(s) dict_keys(['example_skip_dag']) retrieved from /home/airflow/.local/lib/python3.6/site-packages/airflow/example_dags/example_skip_dag.py
[2025-06-16 02:54:14,005] {logging_mixin.py:104} INFO - [2025-06-16 02:54:14,005] {dag.py:1833} INFO - Sync 1 DAGs
[2025-06-16 02:54:14,022] {logging_mixin.py:104} INFO - [2025-06-16 02:54:14,022] {dag.py:2306} INFO - Setting next_dagrun for example_skip_dag to 2025-06-14 00:00:00+00:00
[2025-06-16 02:54:14,031] {scheduler_job.py:190} INFO - Processing /home/airflow/.local/lib/python3.6/site-packages/airflow/example_dags/example_skip_dag.py took 0.095 seconds
[2025-06-16 02:54:44,401] {scheduler_job.py:182} INFO - Started process (PID=205) to work on /home/airflow/.local/lib/python3.6/site-packages/airflow/example_dags/example_skip_dag.py
[2025-06-16 02:54:44,402] {scheduler_job.py:633} INFO - Processing file /home/airflow/.local/lib/python3.6/site-packages/airflow/example_dags/example_skip_dag.py for tasks to queue
[2025-06-16 02:54:44,402] {logging_mixin.py:104} INFO - [2025-06-16 02:54:44,402] {dagbag.py:496} INFO - Filling up the DagBag from /home/airflow/.local/lib/python3.6/site-packages/airflow/example_dags/example_skip_dag.py
[2025-06-16 02:54:44,410] {scheduler_job.py:643} INFO - DAG(s) dict_keys(['example_skip_dag']) retrieved from /home/airflow/.local/lib/python3.6/site-packages/airflow/example_dags/example_skip_dag.py
[2025-06-16 02:54:44,471] {logging_mixin.py:104} INFO - [2025-06-16 02:54:44,471] {dag.py:1833} INFO - Sync 1 DAGs
[2025-06-16 02:54:44,489] {logging_mixin.py:104} INFO - [2025-06-16 02:54:44,489] {dag.py:2306} INFO - Setting next_dagrun for example_skip_dag to 2025-06-14 00:00:00+00:00
[2025-06-16 02:54:44,500] {scheduler_job.py:190} INFO - Processing /home/airflow/.local/lib/python3.6/site-packages/airflow/example_dags/example_skip_dag.py took 0.100 seconds
[2025-06-16 02:55:37,913] {scheduler_job.py:182} INFO - Started process (PID=77) to work on /home/airflow/.local/lib/python3.6/site-packages/airflow/example_dags/example_skip_dag.py
[2025-06-16 02:55:37,914] {scheduler_job.py:633} INFO - Processing file /home/airflow/.local/lib/python3.6/site-packages/airflow/example_dags/example_skip_dag.py for tasks to queue
[2025-06-16 02:55:37,914] {logging_mixin.py:104} INFO - [2025-06-16 02:55:37,914] {dagbag.py:496} INFO - Filling up the DagBag from /home/airflow/.local/lib/python3.6/site-packages/airflow/example_dags/example_skip_dag.py
[2025-06-16 02:55:37,922] {scheduler_job.py:643} INFO - DAG(s) dict_keys(['example_skip_dag']) retrieved from /home/airflow/.local/lib/python3.6/site-packages/airflow/example_dags/example_skip_dag.py
[2025-06-16 02:55:37,995] {logging_mixin.py:104} INFO - [2025-06-16 02:55:37,995] {dag.py:1833} INFO - Sync 1 DAGs
[2025-06-16 02:55:38,015] {logging_mixin.py:104} INFO - [2025-06-16 02:55:38,015] {dag.py:2306} INFO - Setting next_dagrun for example_skip_dag to 2025-06-14 00:00:00+00:00
[2025-06-16 02:55:38,026] {scheduler_job.py:190} INFO - Processing /home/airflow/.local/lib/python3.6/site-packages/airflow/example_dags/example_skip_dag.py took 0.115 seconds
[2025-06-16 02:56:08,889] {scheduler_job.py:182} INFO - Started process (PID=146) to work on /home/airflow/.local/lib/python3.6/site-packages/airflow/example_dags/example_skip_dag.py
[2025-06-16 02:56:08,890] {scheduler_job.py:633} INFO - Processing file /home/airflow/.local/lib/python3.6/site-packages/airflow/example_dags/example_skip_dag.py for tasks to queue
[2025-06-16 02:56:08,890] {logging_mixin.py:104} INFO - [2025-06-16 02:56:08,890] {dagbag.py:496} INFO - Filling up the DagBag from /home/airflow/.local/lib/python3.6/site-packages/airflow/example_dags/example_skip_dag.py
[2025-06-16 02:56:08,896] {scheduler_job.py:643} INFO - DAG(s) dict_keys(['example_skip_dag']) retrieved from /home/airflow/.local/lib/python3.6/site-packages/airflow/example_dags/example_skip_dag.py
[2025-06-16 02:56:08,955] {logging_mixin.py:104} INFO - [2025-06-16 02:56:08,955] {dag.py:1833} INFO - Sync 1 DAGs
[2025-06-16 02:56:08,972] {logging_mixin.py:104} INFO - [2025-06-16 02:56:08,972] {dag.py:2306} INFO - Setting next_dagrun for example_skip_dag to 2025-06-14 00:00:00+00:00
[2025-06-16 02:56:08,982] {scheduler_job.py:190} INFO - Processing /home/airflow/.local/lib/python3.6/site-packages/airflow/example_dags/example_skip_dag.py took 0.094 seconds
[2025-06-16 02:56:39,479] {scheduler_job.py:182} INFO - Started process (PID=205) to work on /home/airflow/.local/lib/python3.6/site-packages/airflow/example_dags/example_skip_dag.py
[2025-06-16 02:56:39,480] {scheduler_job.py:633} INFO - Processing file /home/airflow/.local/lib/python3.6/site-packages/airflow/example_dags/example_skip_dag.py for tasks to queue
[2025-06-16 02:56:39,481] {logging_mixin.py:104} INFO - [2025-06-16 02:56:39,481] {dagbag.py:496} INFO - Filling up the DagBag from /home/airflow/.local/lib/python3.6/site-packages/airflow/example_dags/example_skip_dag.py
[2025-06-16 02:56:39,487] {scheduler_job.py:643} INFO - DAG(s) dict_keys(['example_skip_dag']) retrieved from /home/airflow/.local/lib/python3.6/site-packages/airflow/example_dags/example_skip_dag.py
[2025-06-16 02:56:39,547] {logging_mixin.py:104} INFO - [2025-06-16 02:56:39,547] {dag.py:1833} INFO - Sync 1 DAGs
[2025-06-16 02:56:39,567] {logging_mixin.py:104} INFO - [2025-06-16 02:56:39,567] {dag.py:2306} INFO - Setting next_dagrun for example_skip_dag to 2025-06-14 00:00:00+00:00
[2025-06-16 02:56:39,577] {scheduler_job.py:190} INFO - Processing /home/airflow/.local/lib/python3.6/site-packages/airflow/example_dags/example_skip_dag.py took 0.100 seconds
[2025-06-16 02:57:09,998] {scheduler_job.py:182} INFO - Started process (PID=274) to work on /home/airflow/.local/lib/python3.6/site-packages/airflow/example_dags/example_skip_dag.py
[2025-06-16 02:57:09,999] {scheduler_job.py:633} INFO - Processing file /home/airflow/.local/lib/python3.6/site-packages/airflow/example_dags/example_skip_dag.py for tasks to queue
[2025-06-16 02:57:09,999] {logging_mixin.py:104} INFO - [2025-06-16 02:57:09,999] {dagbag.py:496} INFO - Filling up the DagBag from /home/airflow/.local/lib/python3.6/site-packages/airflow/example_dags/example_skip_dag.py
[2025-06-16 02:57:10,006] {scheduler_job.py:643} INFO - DAG(s) dict_keys(['example_skip_dag']) retrieved from /home/airflow/.local/lib/python3.6/site-packages/airflow/example_dags/example_skip_dag.py
[2025-06-16 02:57:10,073] {logging_mixin.py:104} INFO - [2025-06-16 02:57:10,072] {dag.py:1833} INFO - Sync 1 DAGs
[2025-06-16 02:57:10,095] {logging_mixin.py:104} INFO - [2025-06-16 02:57:10,094] {dag.py:2306} INFO - Setting next_dagrun for example_skip_dag to 2025-06-14 00:00:00+00:00
[2025-06-16 02:57:10,107] {scheduler_job.py:190} INFO - Processing /home/airflow/.local/lib/python3.6/site-packages/airflow/example_dags/example_skip_dag.py took 0.110 seconds
[2025-06-16 02:57:40,819] {scheduler_job.py:182} INFO - Started process (PID=333) to work on /home/airflow/.local/lib/python3.6/site-packages/airflow/example_dags/example_skip_dag.py
[2025-06-16 02:57:40,820] {scheduler_job.py:633} INFO - Processing file /home/airflow/.local/lib/python3.6/site-packages/airflow/example_dags/example_skip_dag.py for tasks to queue
[2025-06-16 02:57:40,820] {logging_mixin.py:104} INFO - [2025-06-16 02:57:40,820] {dagbag.py:496} INFO - Filling up the DagBag from /home/airflow/.local/lib/python3.6/site-packages/airflow/example_dags/example_skip_dag.py
[2025-06-16 02:57:40,827] {scheduler_job.py:643} INFO - DAG(s) dict_keys(['example_skip_dag']) retrieved from /home/airflow/.local/lib/python3.6/site-packages/airflow/example_dags/example_skip_dag.py
[2025-06-16 02:57:40,887] {logging_mixin.py:104} INFO - [2025-06-16 02:57:40,887] {dag.py:1833} INFO - Sync 1 DAGs
[2025-06-16 02:57:40,905] {logging_mixin.py:104} INFO - [2025-06-16 02:57:40,904] {dag.py:2306} INFO - Setting next_dagrun for example_skip_dag to 2025-06-14 00:00:00+00:00
[2025-06-16 02:57:40,915] {scheduler_job.py:190} INFO - Processing /home/airflow/.local/lib/python3.6/site-packages/airflow/example_dags/example_skip_dag.py took 0.098 seconds
[2025-06-16 02:58:21,443] {scheduler_job.py:182} INFO - Started process (PID=76) to work on /home/airflow/.local/lib/python3.6/site-packages/airflow/example_dags/example_skip_dag.py
[2025-06-16 02:58:21,444] {scheduler_job.py:633} INFO - Processing file /home/airflow/.local/lib/python3.6/site-packages/airflow/example_dags/example_skip_dag.py for tasks to queue
[2025-06-16 02:58:21,445] {logging_mixin.py:104} INFO - [2025-06-16 02:58:21,444] {dagbag.py:496} INFO - Filling up the DagBag from /home/airflow/.local/lib/python3.6/site-packages/airflow/example_dags/example_skip_dag.py
[2025-06-16 02:58:21,451] {scheduler_job.py:643} INFO - DAG(s) dict_keys(['example_skip_dag']) retrieved from /home/airflow/.local/lib/python3.6/site-packages/airflow/example_dags/example_skip_dag.py
[2025-06-16 02:58:21,518] {logging_mixin.py:104} INFO - [2025-06-16 02:58:21,518] {dag.py:1833} INFO - Sync 1 DAGs
[2025-06-16 02:58:21,538] {logging_mixin.py:104} INFO - [2025-06-16 02:58:21,538] {dag.py:2306} INFO - Setting next_dagrun for example_skip_dag to 2025-06-14 00:00:00+00:00
[2025-06-16 02:58:21,550] {scheduler_job.py:190} INFO - Processing /home/airflow/.local/lib/python3.6/site-packages/airflow/example_dags/example_skip_dag.py took 0.109 seconds
[2025-06-16 02:58:51,629] {scheduler_job.py:182} INFO - Started process (PID=142) to work on /home/airflow/.local/lib/python3.6/site-packages/airflow/example_dags/example_skip_dag.py
[2025-06-16 02:58:51,629] {scheduler_job.py:633} INFO - Processing file /home/airflow/.local/lib/python3.6/site-packages/airflow/example_dags/example_skip_dag.py for tasks to queue
[2025-06-16 02:58:51,630] {logging_mixin.py:104} INFO - [2025-06-16 02:58:51,630] {dagbag.py:496} INFO - Filling up the DagBag from /home/airflow/.local/lib/python3.6/site-packages/airflow/example_dags/example_skip_dag.py
[2025-06-16 02:58:51,635] {scheduler_job.py:643} INFO - DAG(s) dict_keys(['example_skip_dag']) retrieved from /home/airflow/.local/lib/python3.6/site-packages/airflow/example_dags/example_skip_dag.py
[2025-06-16 02:58:51,693] {logging_mixin.py:104} INFO - [2025-06-16 02:58:51,693] {dag.py:1833} INFO - Sync 1 DAGs
[2025-06-16 02:58:51,714] {logging_mixin.py:104} INFO - [2025-06-16 02:58:51,714] {dag.py:2306} INFO - Setting next_dagrun for example_skip_dag to 2025-06-14 00:00:00+00:00
[2025-06-16 02:58:51,726] {scheduler_job.py:190} INFO - Processing /home/airflow/.local/lib/python3.6/site-packages/airflow/example_dags/example_skip_dag.py took 0.099 seconds
[2025-06-16 02:59:21,971] {scheduler_job.py:182} INFO - Started process (PID=204) to work on /home/airflow/.local/lib/python3.6/site-packages/airflow/example_dags/example_skip_dag.py
[2025-06-16 02:59:21,971] {scheduler_job.py:633} INFO - Processing file /home/airflow/.local/lib/python3.6/site-packages/airflow/example_dags/example_skip_dag.py for tasks to queue
[2025-06-16 02:59:21,972] {logging_mixin.py:104} INFO - [2025-06-16 02:59:21,972] {dagbag.py:496} INFO - Filling up the DagBag from /home/airflow/.local/lib/python3.6/site-packages/airflow/example_dags/example_skip_dag.py
[2025-06-16 02:59:21,977] {scheduler_job.py:643} INFO - DAG(s) dict_keys(['example_skip_dag']) retrieved from /home/airflow/.local/lib/python3.6/site-packages/airflow/example_dags/example_skip_dag.py
[2025-06-16 02:59:22,035] {logging_mixin.py:104} INFO - [2025-06-16 02:59:22,035] {dag.py:1833} INFO - Sync 1 DAGs
[2025-06-16 02:59:22,051] {logging_mixin.py:104} INFO - [2025-06-16 02:59:22,051] {dag.py:2306} INFO - Setting next_dagrun for example_skip_dag to 2025-06-14 00:00:00+00:00
[2025-06-16 02:59:22,061] {scheduler_job.py:190} INFO - Processing /home/airflow/.local/lib/python3.6/site-packages/airflow/example_dags/example_skip_dag.py took 0.092 seconds
[2025-06-16 02:59:52,748] {scheduler_job.py:182} INFO - Started process (PID=273) to work on /home/airflow/.local/lib/python3.6/site-packages/airflow/example_dags/example_skip_dag.py
[2025-06-16 02:59:52,749] {scheduler_job.py:633} INFO - Processing file /home/airflow/.local/lib/python3.6/site-packages/airflow/example_dags/example_skip_dag.py for tasks to queue
[2025-06-16 02:59:52,749] {logging_mixin.py:104} INFO - [2025-06-16 02:59:52,749] {dagbag.py:496} INFO - Filling up the DagBag from /home/airflow/.local/lib/python3.6/site-packages/airflow/example_dags/example_skip_dag.py
[2025-06-16 02:59:52,756] {scheduler_job.py:643} INFO - DAG(s) dict_keys(['example_skip_dag']) retrieved from /home/airflow/.local/lib/python3.6/site-packages/airflow/example_dags/example_skip_dag.py
[2025-06-16 02:59:52,814] {logging_mixin.py:104} INFO - [2025-06-16 02:59:52,814] {dag.py:1833} INFO - Sync 1 DAGs
[2025-06-16 02:59:52,835] {logging_mixin.py:104} INFO - [2025-06-16 02:59:52,835] {dag.py:2306} INFO - Setting next_dagrun for example_skip_dag to 2025-06-14 00:00:00+00:00
[2025-06-16 02:59:52,851] {scheduler_job.py:190} INFO - Processing /home/airflow/.local/lib/python3.6/site-packages/airflow/example_dags/example_skip_dag.py took 0.104 seconds
