[2025-06-16 02:52:02,695] {scheduler_job.py:182} INFO - Started process (PID=271) to work on /home/airflow/.local/lib/python3.6/site-packages/airflow/example_dags/example_task_group_decorator.py
[2025-06-16 02:52:02,696] {scheduler_job.py:633} INFO - Processing file /home/airflow/.local/lib/python3.6/site-packages/airflow/example_dags/example_task_group_decorator.py for tasks to queue
[2025-06-16 02:52:02,696] {logging_mixin.py:104} INFO - [2025-06-16 02:52:02,696] {dagbag.py:496} INFO - Filling up the DagBag from /home/airflow/.local/lib/python3.6/site-packages/airflow/example_dags/example_task_group_decorator.py
[2025-06-16 02:52:02,713] {scheduler_job.py:643} INFO - DAG(s) dict_keys(['example_task_group_decorator']) retrieved from /home/airflow/.local/lib/python3.6/site-packages/airflow/example_dags/example_task_group_decorator.py
[2025-06-16 02:52:04,661] {logging_mixin.py:104} INFO - [2025-06-16 02:52:04,661] {dag.py:1833} INFO - Sync 1 DAGs
[2025-06-16 02:52:04,672] {logging_mixin.py:104} INFO - [2025-06-16 02:52:04,672] {dag.py:1852} INFO - Creating ORM DAG for example_task_group_decorator
[2025-06-16 02:52:04,685] {logging_mixin.py:104} INFO - [2025-06-16 02:52:04,685] {dag.py:2306} INFO - Setting next_dagrun for example_task_group_decorator to 2025-06-14 00:00:00+00:00
[2025-06-16 02:52:04,695] {scheduler_job.py:190} INFO - Processing /home/airflow/.local/lib/python3.6/site-packages/airflow/example_dags/example_task_group_decorator.py took 2.002 seconds
[2025-06-16 02:52:34,775] {scheduler_job.py:182} INFO - Started process (PID=398) to work on /home/airflow/.local/lib/python3.6/site-packages/airflow/example_dags/example_task_group_decorator.py
[2025-06-16 02:52:34,777] {scheduler_job.py:633} INFO - Processing file /home/airflow/.local/lib/python3.6/site-packages/airflow/example_dags/example_task_group_decorator.py for tasks to queue
[2025-06-16 02:52:34,777] {logging_mixin.py:104} INFO - [2025-06-16 02:52:34,777] {dagbag.py:496} INFO - Filling up the DagBag from /home/airflow/.local/lib/python3.6/site-packages/airflow/example_dags/example_task_group_decorator.py
[2025-06-16 02:52:34,791] {scheduler_job.py:643} INFO - DAG(s) dict_keys(['example_task_group_decorator']) retrieved from /home/airflow/.local/lib/python3.6/site-packages/airflow/example_dags/example_task_group_decorator.py
[2025-06-16 02:52:34,948] {logging_mixin.py:104} INFO - [2025-06-16 02:52:34,948] {dag.py:1833} INFO - Sync 1 DAGs
[2025-06-16 02:52:34,963] {logging_mixin.py:104} INFO - [2025-06-16 02:52:34,963] {dag.py:2306} INFO - Setting next_dagrun for example_task_group_decorator to 2025-06-14 00:00:00+00:00
[2025-06-16 02:52:34,974] {scheduler_job.py:190} INFO - Processing /home/airflow/.local/lib/python3.6/site-packages/airflow/example_dags/example_task_group_decorator.py took 0.201 seconds
[2025-06-16 02:53:05,491] {scheduler_job.py:182} INFO - Started process (PID=467) to work on /home/airflow/.local/lib/python3.6/site-packages/airflow/example_dags/example_task_group_decorator.py
[2025-06-16 02:53:05,493] {scheduler_job.py:633} INFO - Processing file /home/airflow/.local/lib/python3.6/site-packages/airflow/example_dags/example_task_group_decorator.py for tasks to queue
[2025-06-16 02:53:05,493] {logging_mixin.py:104} INFO - [2025-06-16 02:53:05,493] {dagbag.py:496} INFO - Filling up the DagBag from /home/airflow/.local/lib/python3.6/site-packages/airflow/example_dags/example_task_group_decorator.py
[2025-06-16 02:53:05,514] {scheduler_job.py:643} INFO - DAG(s) dict_keys(['example_task_group_decorator']) retrieved from /home/airflow/.local/lib/python3.6/site-packages/airflow/example_dags/example_task_group_decorator.py
[2025-06-16 02:53:05,688] {logging_mixin.py:104} INFO - [2025-06-16 02:53:05,687] {dag.py:1833} INFO - Sync 1 DAGs
[2025-06-16 02:53:05,704] {logging_mixin.py:104} INFO - [2025-06-16 02:53:05,704] {dag.py:2306} INFO - Setting next_dagrun for example_task_group_decorator to 2025-06-14 00:00:00+00:00
[2025-06-16 02:53:05,717] {scheduler_job.py:190} INFO - Processing /home/airflow/.local/lib/python3.6/site-packages/airflow/example_dags/example_task_group_decorator.py took 0.229 seconds
[2025-06-16 02:53:43,555] {scheduler_job.py:182} INFO - Started process (PID=79) to work on /home/airflow/.local/lib/python3.6/site-packages/airflow/example_dags/example_task_group_decorator.py
[2025-06-16 02:53:43,557] {scheduler_job.py:633} INFO - Processing file /home/airflow/.local/lib/python3.6/site-packages/airflow/example_dags/example_task_group_decorator.py for tasks to queue
[2025-06-16 02:53:43,558] {logging_mixin.py:104} INFO - [2025-06-16 02:53:43,558] {dagbag.py:496} INFO - Filling up the DagBag from /home/airflow/.local/lib/python3.6/site-packages/airflow/example_dags/example_task_group_decorator.py
[2025-06-16 02:53:43,574] {scheduler_job.py:643} INFO - DAG(s) dict_keys(['example_task_group_decorator']) retrieved from /home/airflow/.local/lib/python3.6/site-packages/airflow/example_dags/example_task_group_decorator.py
[2025-06-16 02:53:43,838] {logging_mixin.py:104} INFO - [2025-06-16 02:53:43,837] {dag.py:1833} INFO - Sync 1 DAGs
[2025-06-16 02:53:43,875] {logging_mixin.py:104} INFO - [2025-06-16 02:53:43,875] {dag.py:2306} INFO - Setting next_dagrun for example_task_group_decorator to 2025-06-14 00:00:00+00:00
[2025-06-16 02:53:43,893] {scheduler_job.py:190} INFO - Processing /home/airflow/.local/lib/python3.6/site-packages/airflow/example_dags/example_task_group_decorator.py took 0.341 seconds
[2025-06-16 02:54:14,040] {scheduler_job.py:182} INFO - Started process (PID=138) to work on /home/airflow/.local/lib/python3.6/site-packages/airflow/example_dags/example_task_group_decorator.py
[2025-06-16 02:54:14,044] {scheduler_job.py:633} INFO - Processing file /home/airflow/.local/lib/python3.6/site-packages/airflow/example_dags/example_task_group_decorator.py for tasks to queue
[2025-06-16 02:54:14,044] {logging_mixin.py:104} INFO - [2025-06-16 02:54:14,044] {dagbag.py:496} INFO - Filling up the DagBag from /home/airflow/.local/lib/python3.6/site-packages/airflow/example_dags/example_task_group_decorator.py
[2025-06-16 02:54:14,057] {scheduler_job.py:643} INFO - DAG(s) dict_keys(['example_task_group_decorator']) retrieved from /home/airflow/.local/lib/python3.6/site-packages/airflow/example_dags/example_task_group_decorator.py
[2025-06-16 02:54:14,209] {logging_mixin.py:104} INFO - [2025-06-16 02:54:14,209] {dag.py:1833} INFO - Sync 1 DAGs
[2025-06-16 02:54:14,230] {logging_mixin.py:104} INFO - [2025-06-16 02:54:14,230] {dag.py:2306} INFO - Setting next_dagrun for example_task_group_decorator to 2025-06-14 00:00:00+00:00
[2025-06-16 02:54:14,250] {scheduler_job.py:190} INFO - Processing /home/airflow/.local/lib/python3.6/site-packages/airflow/example_dags/example_task_group_decorator.py took 0.212 seconds
[2025-06-16 02:54:44,511] {scheduler_job.py:182} INFO - Started process (PID=207) to work on /home/airflow/.local/lib/python3.6/site-packages/airflow/example_dags/example_task_group_decorator.py
[2025-06-16 02:54:44,512] {scheduler_job.py:633} INFO - Processing file /home/airflow/.local/lib/python3.6/site-packages/airflow/example_dags/example_task_group_decorator.py for tasks to queue
[2025-06-16 02:54:44,512] {logging_mixin.py:104} INFO - [2025-06-16 02:54:44,512] {dagbag.py:496} INFO - Filling up the DagBag from /home/airflow/.local/lib/python3.6/site-packages/airflow/example_dags/example_task_group_decorator.py
[2025-06-16 02:54:44,526] {scheduler_job.py:643} INFO - DAG(s) dict_keys(['example_task_group_decorator']) retrieved from /home/airflow/.local/lib/python3.6/site-packages/airflow/example_dags/example_task_group_decorator.py
[2025-06-16 02:54:44,685] {logging_mixin.py:104} INFO - [2025-06-16 02:54:44,685] {dag.py:1833} INFO - Sync 1 DAGs
[2025-06-16 02:54:44,700] {logging_mixin.py:104} INFO - [2025-06-16 02:54:44,699] {dag.py:2306} INFO - Setting next_dagrun for example_task_group_decorator to 2025-06-14 00:00:00+00:00
[2025-06-16 02:54:44,711] {scheduler_job.py:190} INFO - Processing /home/airflow/.local/lib/python3.6/site-packages/airflow/example_dags/example_task_group_decorator.py took 0.202 seconds
[2025-06-16 02:55:38,038] {scheduler_job.py:182} INFO - Started process (PID=79) to work on /home/airflow/.local/lib/python3.6/site-packages/airflow/example_dags/example_task_group_decorator.py
[2025-06-16 02:55:38,040] {scheduler_job.py:633} INFO - Processing file /home/airflow/.local/lib/python3.6/site-packages/airflow/example_dags/example_task_group_decorator.py for tasks to queue
[2025-06-16 02:55:38,040] {logging_mixin.py:104} INFO - [2025-06-16 02:55:38,040] {dagbag.py:496} INFO - Filling up the DagBag from /home/airflow/.local/lib/python3.6/site-packages/airflow/example_dags/example_task_group_decorator.py
[2025-06-16 02:55:38,054] {scheduler_job.py:643} INFO - DAG(s) dict_keys(['example_task_group_decorator']) retrieved from /home/airflow/.local/lib/python3.6/site-packages/airflow/example_dags/example_task_group_decorator.py
[2025-06-16 02:55:38,252] {logging_mixin.py:104} INFO - [2025-06-16 02:55:38,252] {dag.py:1833} INFO - Sync 1 DAGs
[2025-06-16 02:55:38,274] {logging_mixin.py:104} INFO - [2025-06-16 02:55:38,274] {dag.py:2306} INFO - Setting next_dagrun for example_task_group_decorator to 2025-06-14 00:00:00+00:00
[2025-06-16 02:55:38,289] {scheduler_job.py:190} INFO - Processing /home/airflow/.local/lib/python3.6/site-packages/airflow/example_dags/example_task_group_decorator.py took 0.253 seconds
[2025-06-16 02:56:08,989] {scheduler_job.py:182} INFO - Started process (PID=148) to work on /home/airflow/.local/lib/python3.6/site-packages/airflow/example_dags/example_task_group_decorator.py
[2025-06-16 02:56:08,990] {scheduler_job.py:633} INFO - Processing file /home/airflow/.local/lib/python3.6/site-packages/airflow/example_dags/example_task_group_decorator.py for tasks to queue
[2025-06-16 02:56:08,993] {logging_mixin.py:104} INFO - [2025-06-16 02:56:08,993] {dagbag.py:496} INFO - Filling up the DagBag from /home/airflow/.local/lib/python3.6/site-packages/airflow/example_dags/example_task_group_decorator.py
[2025-06-16 02:56:09,006] {scheduler_job.py:643} INFO - DAG(s) dict_keys(['example_task_group_decorator']) retrieved from /home/airflow/.local/lib/python3.6/site-packages/airflow/example_dags/example_task_group_decorator.py
[2025-06-16 02:56:09,191] {logging_mixin.py:104} INFO - [2025-06-16 02:56:09,191] {dag.py:1833} INFO - Sync 1 DAGs
[2025-06-16 02:56:09,209] {logging_mixin.py:104} INFO - [2025-06-16 02:56:09,209] {dag.py:2306} INFO - Setting next_dagrun for example_task_group_decorator to 2025-06-14 00:00:00+00:00
[2025-06-16 02:56:09,223] {scheduler_job.py:190} INFO - Processing /home/airflow/.local/lib/python3.6/site-packages/airflow/example_dags/example_task_group_decorator.py took 0.235 seconds
[2025-06-16 02:56:39,586] {scheduler_job.py:182} INFO - Started process (PID=207) to work on /home/airflow/.local/lib/python3.6/site-packages/airflow/example_dags/example_task_group_decorator.py
[2025-06-16 02:56:39,586] {scheduler_job.py:633} INFO - Processing file /home/airflow/.local/lib/python3.6/site-packages/airflow/example_dags/example_task_group_decorator.py for tasks to queue
[2025-06-16 02:56:39,587] {logging_mixin.py:104} INFO - [2025-06-16 02:56:39,587] {dagbag.py:496} INFO - Filling up the DagBag from /home/airflow/.local/lib/python3.6/site-packages/airflow/example_dags/example_task_group_decorator.py
[2025-06-16 02:56:39,601] {scheduler_job.py:643} INFO - DAG(s) dict_keys(['example_task_group_decorator']) retrieved from /home/airflow/.local/lib/python3.6/site-packages/airflow/example_dags/example_task_group_decorator.py
[2025-06-16 02:56:39,768] {logging_mixin.py:104} INFO - [2025-06-16 02:56:39,768] {dag.py:1833} INFO - Sync 1 DAGs
[2025-06-16 02:56:39,785] {logging_mixin.py:104} INFO - [2025-06-16 02:56:39,785] {dag.py:2306} INFO - Setting next_dagrun for example_task_group_decorator to 2025-06-14 00:00:00+00:00
[2025-06-16 02:56:39,798] {scheduler_job.py:190} INFO - Processing /home/airflow/.local/lib/python3.6/site-packages/airflow/example_dags/example_task_group_decorator.py took 0.214 seconds
[2025-06-16 02:57:10,117] {scheduler_job.py:182} INFO - Started process (PID=276) to work on /home/airflow/.local/lib/python3.6/site-packages/airflow/example_dags/example_task_group_decorator.py
[2025-06-16 02:57:10,118] {scheduler_job.py:633} INFO - Processing file /home/airflow/.local/lib/python3.6/site-packages/airflow/example_dags/example_task_group_decorator.py for tasks to queue
[2025-06-16 02:57:10,121] {logging_mixin.py:104} INFO - [2025-06-16 02:57:10,121] {dagbag.py:496} INFO - Filling up the DagBag from /home/airflow/.local/lib/python3.6/site-packages/airflow/example_dags/example_task_group_decorator.py
[2025-06-16 02:57:10,135] {scheduler_job.py:643} INFO - DAG(s) dict_keys(['example_task_group_decorator']) retrieved from /home/airflow/.local/lib/python3.6/site-packages/airflow/example_dags/example_task_group_decorator.py
[2025-06-16 02:57:10,306] {logging_mixin.py:104} INFO - [2025-06-16 02:57:10,306] {dag.py:1833} INFO - Sync 1 DAGs
[2025-06-16 02:57:10,326] {logging_mixin.py:104} INFO - [2025-06-16 02:57:10,326] {dag.py:2306} INFO - Setting next_dagrun for example_task_group_decorator to 2025-06-14 00:00:00+00:00
[2025-06-16 02:57:10,341] {scheduler_job.py:190} INFO - Processing /home/airflow/.local/lib/python3.6/site-packages/airflow/example_dags/example_task_group_decorator.py took 0.226 seconds
[2025-06-16 02:57:40,929] {scheduler_job.py:182} INFO - Started process (PID=335) to work on /home/airflow/.local/lib/python3.6/site-packages/airflow/example_dags/example_task_group_decorator.py
[2025-06-16 02:57:40,930] {scheduler_job.py:633} INFO - Processing file /home/airflow/.local/lib/python3.6/site-packages/airflow/example_dags/example_task_group_decorator.py for tasks to queue
[2025-06-16 02:57:40,930] {logging_mixin.py:104} INFO - [2025-06-16 02:57:40,930] {dagbag.py:496} INFO - Filling up the DagBag from /home/airflow/.local/lib/python3.6/site-packages/airflow/example_dags/example_task_group_decorator.py
[2025-06-16 02:57:40,944] {scheduler_job.py:643} INFO - DAG(s) dict_keys(['example_task_group_decorator']) retrieved from /home/airflow/.local/lib/python3.6/site-packages/airflow/example_dags/example_task_group_decorator.py
[2025-06-16 02:57:41,120] {logging_mixin.py:104} INFO - [2025-06-16 02:57:41,120] {dag.py:1833} INFO - Sync 1 DAGs
[2025-06-16 02:57:41,137] {logging_mixin.py:104} INFO - [2025-06-16 02:57:41,137] {dag.py:2306} INFO - Setting next_dagrun for example_task_group_decorator to 2025-06-14 00:00:00+00:00
[2025-06-16 02:57:41,150] {scheduler_job.py:190} INFO - Processing /home/airflow/.local/lib/python3.6/site-packages/airflow/example_dags/example_task_group_decorator.py took 0.222 seconds
[2025-06-16 02:58:21,559] {scheduler_job.py:182} INFO - Started process (PID=78) to work on /home/airflow/.local/lib/python3.6/site-packages/airflow/example_dags/example_task_group_decorator.py
[2025-06-16 02:58:21,563] {scheduler_job.py:633} INFO - Processing file /home/airflow/.local/lib/python3.6/site-packages/airflow/example_dags/example_task_group_decorator.py for tasks to queue
[2025-06-16 02:58:21,564] {logging_mixin.py:104} INFO - [2025-06-16 02:58:21,564] {dagbag.py:496} INFO - Filling up the DagBag from /home/airflow/.local/lib/python3.6/site-packages/airflow/example_dags/example_task_group_decorator.py
[2025-06-16 02:58:21,580] {scheduler_job.py:643} INFO - DAG(s) dict_keys(['example_task_group_decorator']) retrieved from /home/airflow/.local/lib/python3.6/site-packages/airflow/example_dags/example_task_group_decorator.py
[2025-06-16 02:58:21,826] {logging_mixin.py:104} INFO - [2025-06-16 02:58:21,826] {dag.py:1833} INFO - Sync 1 DAGs
[2025-06-16 02:58:21,851] {logging_mixin.py:104} INFO - [2025-06-16 02:58:21,851] {dag.py:2306} INFO - Setting next_dagrun for example_task_group_decorator to 2025-06-14 00:00:00+00:00
[2025-06-16 02:58:21,887] {scheduler_job.py:190} INFO - Processing /home/airflow/.local/lib/python3.6/site-packages/airflow/example_dags/example_task_group_decorator.py took 0.330 seconds
[2025-06-16 02:58:52,739] {scheduler_job.py:182} INFO - Started process (PID=147) to work on /home/airflow/.local/lib/python3.6/site-packages/airflow/example_dags/example_task_group_decorator.py
[2025-06-16 02:58:52,741] {scheduler_job.py:633} INFO - Processing file /home/airflow/.local/lib/python3.6/site-packages/airflow/example_dags/example_task_group_decorator.py for tasks to queue
[2025-06-16 02:58:52,742] {logging_mixin.py:104} INFO - [2025-06-16 02:58:52,742] {dagbag.py:496} INFO - Filling up the DagBag from /home/airflow/.local/lib/python3.6/site-packages/airflow/example_dags/example_task_group_decorator.py
[2025-06-16 02:58:52,754] {scheduler_job.py:643} INFO - DAG(s) dict_keys(['example_task_group_decorator']) retrieved from /home/airflow/.local/lib/python3.6/site-packages/airflow/example_dags/example_task_group_decorator.py
[2025-06-16 02:58:52,898] {logging_mixin.py:104} INFO - [2025-06-16 02:58:52,898] {dag.py:1833} INFO - Sync 1 DAGs
[2025-06-16 02:58:52,912] {logging_mixin.py:104} INFO - [2025-06-16 02:58:52,912] {dag.py:2306} INFO - Setting next_dagrun for example_task_group_decorator to 2025-06-14 00:00:00+00:00
[2025-06-16 02:58:52,924] {scheduler_job.py:190} INFO - Processing /home/airflow/.local/lib/python3.6/site-packages/airflow/example_dags/example_task_group_decorator.py took 0.186 seconds
[2025-06-16 02:59:23,077] {scheduler_job.py:182} INFO - Started process (PID=206) to work on /home/airflow/.local/lib/python3.6/site-packages/airflow/example_dags/example_task_group_decorator.py
[2025-06-16 02:59:23,078] {scheduler_job.py:633} INFO - Processing file /home/airflow/.local/lib/python3.6/site-packages/airflow/example_dags/example_task_group_decorator.py for tasks to queue
[2025-06-16 02:59:23,078] {logging_mixin.py:104} INFO - [2025-06-16 02:59:23,078] {dagbag.py:496} INFO - Filling up the DagBag from /home/airflow/.local/lib/python3.6/site-packages/airflow/example_dags/example_task_group_decorator.py
[2025-06-16 02:59:23,095] {scheduler_job.py:643} INFO - DAG(s) dict_keys(['example_task_group_decorator']) retrieved from /home/airflow/.local/lib/python3.6/site-packages/airflow/example_dags/example_task_group_decorator.py
[2025-06-16 02:59:23,247] {logging_mixin.py:104} INFO - [2025-06-16 02:59:23,247] {dag.py:1833} INFO - Sync 1 DAGs
[2025-06-16 02:59:23,261] {logging_mixin.py:104} INFO - [2025-06-16 02:59:23,261] {dag.py:2306} INFO - Setting next_dagrun for example_task_group_decorator to 2025-06-14 00:00:00+00:00
[2025-06-16 02:59:23,272] {scheduler_job.py:190} INFO - Processing /home/airflow/.local/lib/python3.6/site-packages/airflow/example_dags/example_task_group_decorator.py took 0.198 seconds
[2025-06-16 02:59:53,873] {scheduler_job.py:182} INFO - Started process (PID=275) to work on /home/airflow/.local/lib/python3.6/site-packages/airflow/example_dags/example_task_group_decorator.py
[2025-06-16 02:59:53,880] {scheduler_job.py:633} INFO - Processing file /home/airflow/.local/lib/python3.6/site-packages/airflow/example_dags/example_task_group_decorator.py for tasks to queue
[2025-06-16 02:59:53,882] {logging_mixin.py:104} INFO - [2025-06-16 02:59:53,882] {dagbag.py:496} INFO - Filling up the DagBag from /home/airflow/.local/lib/python3.6/site-packages/airflow/example_dags/example_task_group_decorator.py
[2025-06-16 02:59:53,926] {scheduler_job.py:643} INFO - DAG(s) dict_keys(['example_task_group_decorator']) retrieved from /home/airflow/.local/lib/python3.6/site-packages/airflow/example_dags/example_task_group_decorator.py
[2025-06-16 02:59:54,123] {logging_mixin.py:104} INFO - [2025-06-16 02:59:54,123] {dag.py:1833} INFO - Sync 1 DAGs
[2025-06-16 02:59:54,140] {logging_mixin.py:104} INFO - [2025-06-16 02:59:54,139] {dag.py:2306} INFO - Setting next_dagrun for example_task_group_decorator to 2025-06-14 00:00:00+00:00
[2025-06-16 02:59:54,154] {scheduler_job.py:190} INFO - Processing /home/airflow/.local/lib/python3.6/site-packages/airflow/example_dags/example_task_group_decorator.py took 0.283 seconds
