[2025-06-16 02:51:46,269] {scheduler_job.py:182} INFO - Started process (PID=83) to work on /home/airflow/.local/lib/python3.6/site-packages/airflow/example_dags/example_subdag_operator.py
[2025-06-16 02:51:46,270] {scheduler_job.py:633} INFO - Processing file /home/airflow/.local/lib/python3.6/site-packages/airflow/example_dags/example_subdag_operator.py for tasks to queue
[2025-06-16 02:51:46,271] {logging_mixin.py:104} INFO - [2025-06-16 02:51:46,270] {dagbag.py:496} INFO - Filling up the DagBag from /home/airflow/.local/lib/python3.6/site-packages/airflow/example_dags/example_subdag_operator.py
[2025-06-16 02:51:46,339] {scheduler_job.py:643} INFO - DAG(s) dict_keys(['example_subdag_operator.section-1', 'example_subdag_operator.section-2', 'example_subdag_operator']) retrieved from /home/airflow/.local/lib/python3.6/site-packages/airflow/example_dags/example_subdag_operator.py
[2025-06-16 02:51:47,989] {logging_mixin.py:104} INFO - [2025-06-16 02:51:47,989] {dag.py:1833} INFO - Sync 3 DAGs
[2025-06-16 02:51:48,001] {logging_mixin.py:104} INFO - [2025-06-16 02:51:48,000] {dag.py:1852} INFO - Creating ORM DAG for example_subdag_operator.section-2
[2025-06-16 02:51:48,001] {logging_mixin.py:104} INFO - [2025-06-16 02:51:48,001] {dag.py:1852} INFO - Creating ORM DAG for example_subdag_operator.section-1
[2025-06-16 02:51:48,001] {logging_mixin.py:104} INFO - [2025-06-16 02:51:48,001] {dag.py:1852} INFO - Creating ORM DAG for example_subdag_operator
[2025-06-16 02:51:48,008] {logging_mixin.py:104} INFO - [2025-06-16 02:51:48,008] {dag.py:2306} INFO - Setting next_dagrun for example_subdag_operator to 2025-06-14 00:00:00+00:00
[2025-06-16 02:51:48,009] {logging_mixin.py:104} INFO - [2025-06-16 02:51:48,009] {dag.py:2306} INFO - Setting next_dagrun for example_subdag_operator.section-1 to None
[2025-06-16 02:51:48,009] {logging_mixin.py:104} INFO - [2025-06-16 02:51:48,009] {dag.py:2306} INFO - Setting next_dagrun for example_subdag_operator.section-2 to None
[2025-06-16 02:51:48,013] {logging_mixin.py:104} INFO - [2025-06-16 02:51:48,013] {dag.py:1833} INFO - Sync 2 DAGs
[2025-06-16 02:51:48,020] {logging_mixin.py:104} INFO - [2025-06-16 02:51:48,020] {dag.py:2306} INFO - Setting next_dagrun for example_subdag_operator.section-1 to None
[2025-06-16 02:51:48,020] {logging_mixin.py:104} INFO - [2025-06-16 02:51:48,020] {dag.py:2306} INFO - Setting next_dagrun for example_subdag_operator.section-2 to None
[2025-06-16 02:51:48,024] {scheduler_job.py:190} INFO - Processing /home/airflow/.local/lib/python3.6/site-packages/airflow/example_dags/example_subdag_operator.py took 1.757 seconds
[2025-06-16 02:52:18,084] {scheduler_job.py:182} INFO - Started process (PID=369) to work on /home/airflow/.local/lib/python3.6/site-packages/airflow/example_dags/example_subdag_operator.py
[2025-06-16 02:52:18,087] {scheduler_job.py:633} INFO - Processing file /home/airflow/.local/lib/python3.6/site-packages/airflow/example_dags/example_subdag_operator.py for tasks to queue
[2025-06-16 02:52:18,088] {logging_mixin.py:104} INFO - [2025-06-16 02:52:18,088] {dagbag.py:496} INFO - Filling up the DagBag from /home/airflow/.local/lib/python3.6/site-packages/airflow/example_dags/example_subdag_operator.py
[2025-06-16 02:52:18,165] {scheduler_job.py:643} INFO - DAG(s) dict_keys(['example_subdag_operator.section-1', 'example_subdag_operator.section-2', 'example_subdag_operator']) retrieved from /home/airflow/.local/lib/python3.6/site-packages/airflow/example_dags/example_subdag_operator.py
[2025-06-16 02:52:18,181] {logging_mixin.py:104} INFO - [2025-06-16 02:52:18,181] {dag.py:1833} INFO - Sync 3 DAGs
[2025-06-16 02:52:18,204] {logging_mixin.py:104} INFO - [2025-06-16 02:52:18,204] {dag.py:2306} INFO - Setting next_dagrun for example_subdag_operator to 2025-06-14 00:00:00+00:00
[2025-06-16 02:52:18,205] {logging_mixin.py:104} INFO - [2025-06-16 02:52:18,205] {dag.py:2306} INFO - Setting next_dagrun for example_subdag_operator.section-1 to None
[2025-06-16 02:52:18,205] {logging_mixin.py:104} INFO - [2025-06-16 02:52:18,205] {dag.py:2306} INFO - Setting next_dagrun for example_subdag_operator.section-2 to None
[2025-06-16 02:52:18,217] {logging_mixin.py:104} INFO - [2025-06-16 02:52:18,217] {dag.py:1833} INFO - Sync 2 DAGs
[2025-06-16 02:52:18,221] {logging_mixin.py:104} INFO - [2025-06-16 02:52:18,221] {dag.py:2306} INFO - Setting next_dagrun for example_subdag_operator.section-1 to None
[2025-06-16 02:52:18,222] {logging_mixin.py:104} INFO - [2025-06-16 02:52:18,222] {dag.py:2306} INFO - Setting next_dagrun for example_subdag_operator.section-2 to None
[2025-06-16 02:52:18,224] {scheduler_job.py:190} INFO - Processing /home/airflow/.local/lib/python3.6/site-packages/airflow/example_dags/example_subdag_operator.py took 0.146 seconds
[2025-06-16 02:52:48,334] {scheduler_job.py:182} INFO - Started process (PID=428) to work on /home/airflow/.local/lib/python3.6/site-packages/airflow/example_dags/example_subdag_operator.py
[2025-06-16 02:52:48,336] {scheduler_job.py:633} INFO - Processing file /home/airflow/.local/lib/python3.6/site-packages/airflow/example_dags/example_subdag_operator.py for tasks to queue
[2025-06-16 02:52:48,336] {logging_mixin.py:104} INFO - [2025-06-16 02:52:48,336] {dagbag.py:496} INFO - Filling up the DagBag from /home/airflow/.local/lib/python3.6/site-packages/airflow/example_dags/example_subdag_operator.py
[2025-06-16 02:52:48,402] {scheduler_job.py:643} INFO - DAG(s) dict_keys(['example_subdag_operator.section-1', 'example_subdag_operator.section-2', 'example_subdag_operator']) retrieved from /home/airflow/.local/lib/python3.6/site-packages/airflow/example_dags/example_subdag_operator.py
[2025-06-16 02:52:48,414] {logging_mixin.py:104} INFO - [2025-06-16 02:52:48,414] {dag.py:1833} INFO - Sync 3 DAGs
[2025-06-16 02:52:48,436] {logging_mixin.py:104} INFO - [2025-06-16 02:52:48,435] {dag.py:2306} INFO - Setting next_dagrun for example_subdag_operator to 2025-06-14 00:00:00+00:00
[2025-06-16 02:52:48,436] {logging_mixin.py:104} INFO - [2025-06-16 02:52:48,436] {dag.py:2306} INFO - Setting next_dagrun for example_subdag_operator.section-1 to None
[2025-06-16 02:52:48,436] {logging_mixin.py:104} INFO - [2025-06-16 02:52:48,436] {dag.py:2306} INFO - Setting next_dagrun for example_subdag_operator.section-2 to None
[2025-06-16 02:52:48,447] {logging_mixin.py:104} INFO - [2025-06-16 02:52:48,447] {dag.py:1833} INFO - Sync 2 DAGs
[2025-06-16 02:52:48,451] {logging_mixin.py:104} INFO - [2025-06-16 02:52:48,451] {dag.py:2306} INFO - Setting next_dagrun for example_subdag_operator.section-1 to None
[2025-06-16 02:52:48,451] {logging_mixin.py:104} INFO - [2025-06-16 02:52:48,451] {dag.py:2306} INFO - Setting next_dagrun for example_subdag_operator.section-2 to None
[2025-06-16 02:52:48,453] {scheduler_job.py:190} INFO - Processing /home/airflow/.local/lib/python3.6/site-packages/airflow/example_dags/example_subdag_operator.py took 0.122 seconds
[2025-06-16 02:53:19,252] {scheduler_job.py:182} INFO - Started process (PID=497) to work on /home/airflow/.local/lib/python3.6/site-packages/airflow/example_dags/example_subdag_operator.py
[2025-06-16 02:53:19,256] {scheduler_job.py:633} INFO - Processing file /home/airflow/.local/lib/python3.6/site-packages/airflow/example_dags/example_subdag_operator.py for tasks to queue
[2025-06-16 02:53:19,260] {logging_mixin.py:104} INFO - [2025-06-16 02:53:19,259] {dagbag.py:496} INFO - Filling up the DagBag from /home/airflow/.local/lib/python3.6/site-packages/airflow/example_dags/example_subdag_operator.py
[2025-06-16 02:53:19,410] {scheduler_job.py:643} INFO - DAG(s) dict_keys(['example_subdag_operator.section-1', 'example_subdag_operator.section-2', 'example_subdag_operator']) retrieved from /home/airflow/.local/lib/python3.6/site-packages/airflow/example_dags/example_subdag_operator.py
[2025-06-16 02:53:19,452] {logging_mixin.py:104} INFO - [2025-06-16 02:53:19,452] {dag.py:1833} INFO - Sync 3 DAGs
[2025-06-16 02:53:19,634] {logging_mixin.py:104} INFO - [2025-06-16 02:53:19,634] {dag.py:2306} INFO - Setting next_dagrun for example_subdag_operator to 2025-06-14 00:00:00+00:00
[2025-06-16 02:53:19,636] {logging_mixin.py:104} INFO - [2025-06-16 02:53:19,636] {dag.py:2306} INFO - Setting next_dagrun for example_subdag_operator.section-1 to None
[2025-06-16 02:53:19,638] {logging_mixin.py:104} INFO - [2025-06-16 02:53:19,637] {dag.py:2306} INFO - Setting next_dagrun for example_subdag_operator.section-2 to None
[2025-06-16 02:53:19,666] {logging_mixin.py:104} INFO - [2025-06-16 02:53:19,665] {dag.py:1833} INFO - Sync 2 DAGs
[2025-06-16 02:53:19,685] {logging_mixin.py:104} INFO - [2025-06-16 02:53:19,685] {dag.py:2306} INFO - Setting next_dagrun for example_subdag_operator.section-1 to None
[2025-06-16 02:53:19,686] {logging_mixin.py:104} INFO - [2025-06-16 02:53:19,686] {dag.py:2306} INFO - Setting next_dagrun for example_subdag_operator.section-2 to None
[2025-06-16 02:53:19,697] {scheduler_job.py:190} INFO - Processing /home/airflow/.local/lib/python3.6/site-packages/airflow/example_dags/example_subdag_operator.py took 0.451 seconds
[2025-06-16 02:53:41,651] {scheduler_job.py:182} INFO - Started process (PID=60) to work on /home/airflow/.local/lib/python3.6/site-packages/airflow/example_dags/example_subdag_operator.py
[2025-06-16 02:53:41,653] {scheduler_job.py:633} INFO - Processing file /home/airflow/.local/lib/python3.6/site-packages/airflow/example_dags/example_subdag_operator.py for tasks to queue
[2025-06-16 02:53:41,656] {logging_mixin.py:104} INFO - [2025-06-16 02:53:41,656] {dagbag.py:496} INFO - Filling up the DagBag from /home/airflow/.local/lib/python3.6/site-packages/airflow/example_dags/example_subdag_operator.py
[2025-06-16 02:53:41,786] {scheduler_job.py:643} INFO - DAG(s) dict_keys(['example_subdag_operator.section-1', 'example_subdag_operator.section-2', 'example_subdag_operator']) retrieved from /home/airflow/.local/lib/python3.6/site-packages/airflow/example_dags/example_subdag_operator.py
[2025-06-16 02:53:41,803] {logging_mixin.py:104} INFO - [2025-06-16 02:53:41,803] {dag.py:1833} INFO - Sync 3 DAGs
[2025-06-16 02:53:41,844] {logging_mixin.py:104} INFO - [2025-06-16 02:53:41,844] {dag.py:2306} INFO - Setting next_dagrun for example_subdag_operator to 2025-06-14 00:00:00+00:00
[2025-06-16 02:53:41,846] {logging_mixin.py:104} INFO - [2025-06-16 02:53:41,846] {dag.py:2306} INFO - Setting next_dagrun for example_subdag_operator.section-1 to None
[2025-06-16 02:53:41,846] {logging_mixin.py:104} INFO - [2025-06-16 02:53:41,846] {dag.py:2306} INFO - Setting next_dagrun for example_subdag_operator.section-2 to None
[2025-06-16 02:53:41,865] {logging_mixin.py:104} INFO - [2025-06-16 02:53:41,864] {dag.py:1833} INFO - Sync 2 DAGs
[2025-06-16 02:53:41,874] {logging_mixin.py:104} INFO - [2025-06-16 02:53:41,874] {dag.py:2306} INFO - Setting next_dagrun for example_subdag_operator.section-1 to None
[2025-06-16 02:53:41,877] {logging_mixin.py:104} INFO - [2025-06-16 02:53:41,877] {dag.py:2306} INFO - Setting next_dagrun for example_subdag_operator.section-2 to None
[2025-06-16 02:53:41,885] {scheduler_job.py:190} INFO - Processing /home/airflow/.local/lib/python3.6/site-packages/airflow/example_dags/example_subdag_operator.py took 0.236 seconds
[2025-06-16 02:54:12,637] {scheduler_job.py:182} INFO - Started process (PID=119) to work on /home/airflow/.local/lib/python3.6/site-packages/airflow/example_dags/example_subdag_operator.py
[2025-06-16 02:54:12,637] {scheduler_job.py:633} INFO - Processing file /home/airflow/.local/lib/python3.6/site-packages/airflow/example_dags/example_subdag_operator.py for tasks to queue
[2025-06-16 02:54:12,638] {logging_mixin.py:104} INFO - [2025-06-16 02:54:12,638] {dagbag.py:496} INFO - Filling up the DagBag from /home/airflow/.local/lib/python3.6/site-packages/airflow/example_dags/example_subdag_operator.py
[2025-06-16 02:54:12,704] {scheduler_job.py:643} INFO - DAG(s) dict_keys(['example_subdag_operator.section-1', 'example_subdag_operator.section-2', 'example_subdag_operator']) retrieved from /home/airflow/.local/lib/python3.6/site-packages/airflow/example_dags/example_subdag_operator.py
[2025-06-16 02:54:12,717] {logging_mixin.py:104} INFO - [2025-06-16 02:54:12,717] {dag.py:1833} INFO - Sync 3 DAGs
[2025-06-16 02:54:12,740] {logging_mixin.py:104} INFO - [2025-06-16 02:54:12,740] {dag.py:2306} INFO - Setting next_dagrun for example_subdag_operator to 2025-06-14 00:00:00+00:00
[2025-06-16 02:54:12,740] {logging_mixin.py:104} INFO - [2025-06-16 02:54:12,740] {dag.py:2306} INFO - Setting next_dagrun for example_subdag_operator.section-1 to None
[2025-06-16 02:54:12,741] {logging_mixin.py:104} INFO - [2025-06-16 02:54:12,741] {dag.py:2306} INFO - Setting next_dagrun for example_subdag_operator.section-2 to None
[2025-06-16 02:54:12,750] {logging_mixin.py:104} INFO - [2025-06-16 02:54:12,750] {dag.py:1833} INFO - Sync 2 DAGs
[2025-06-16 02:54:12,754] {logging_mixin.py:104} INFO - [2025-06-16 02:54:12,754] {dag.py:2306} INFO - Setting next_dagrun for example_subdag_operator.section-1 to None
[2025-06-16 02:54:12,754] {logging_mixin.py:104} INFO - [2025-06-16 02:54:12,754] {dag.py:2306} INFO - Setting next_dagrun for example_subdag_operator.section-2 to None
[2025-06-16 02:54:12,757] {scheduler_job.py:190} INFO - Processing /home/airflow/.local/lib/python3.6/site-packages/airflow/example_dags/example_subdag_operator.py took 0.122 seconds
[2025-06-16 02:54:43,307] {scheduler_job.py:182} INFO - Started process (PID=188) to work on /home/airflow/.local/lib/python3.6/site-packages/airflow/example_dags/example_subdag_operator.py
[2025-06-16 02:54:43,307] {scheduler_job.py:633} INFO - Processing file /home/airflow/.local/lib/python3.6/site-packages/airflow/example_dags/example_subdag_operator.py for tasks to queue
[2025-06-16 02:54:43,308] {logging_mixin.py:104} INFO - [2025-06-16 02:54:43,307] {dagbag.py:496} INFO - Filling up the DagBag from /home/airflow/.local/lib/python3.6/site-packages/airflow/example_dags/example_subdag_operator.py
[2025-06-16 02:54:43,366] {scheduler_job.py:643} INFO - DAG(s) dict_keys(['example_subdag_operator.section-1', 'example_subdag_operator.section-2', 'example_subdag_operator']) retrieved from /home/airflow/.local/lib/python3.6/site-packages/airflow/example_dags/example_subdag_operator.py
[2025-06-16 02:54:43,379] {logging_mixin.py:104} INFO - [2025-06-16 02:54:43,379] {dag.py:1833} INFO - Sync 3 DAGs
[2025-06-16 02:54:43,401] {logging_mixin.py:104} INFO - [2025-06-16 02:54:43,401] {dag.py:2306} INFO - Setting next_dagrun for example_subdag_operator to 2025-06-14 00:00:00+00:00
[2025-06-16 02:54:43,401] {logging_mixin.py:104} INFO - [2025-06-16 02:54:43,401] {dag.py:2306} INFO - Setting next_dagrun for example_subdag_operator.section-1 to None
[2025-06-16 02:54:43,402] {logging_mixin.py:104} INFO - [2025-06-16 02:54:43,402] {dag.py:2306} INFO - Setting next_dagrun for example_subdag_operator.section-2 to None
[2025-06-16 02:54:43,411] {logging_mixin.py:104} INFO - [2025-06-16 02:54:43,411] {dag.py:1833} INFO - Sync 2 DAGs
[2025-06-16 02:54:43,416] {logging_mixin.py:104} INFO - [2025-06-16 02:54:43,416] {dag.py:2306} INFO - Setting next_dagrun for example_subdag_operator.section-1 to None
[2025-06-16 02:54:43,416] {logging_mixin.py:104} INFO - [2025-06-16 02:54:43,416] {dag.py:2306} INFO - Setting next_dagrun for example_subdag_operator.section-2 to None
[2025-06-16 02:54:43,419] {scheduler_job.py:190} INFO - Processing /home/airflow/.local/lib/python3.6/site-packages/airflow/example_dags/example_subdag_operator.py took 0.114 seconds
[2025-06-16 02:55:36,104] {scheduler_job.py:182} INFO - Started process (PID=60) to work on /home/airflow/.local/lib/python3.6/site-packages/airflow/example_dags/example_subdag_operator.py
[2025-06-16 02:55:36,106] {scheduler_job.py:633} INFO - Processing file /home/airflow/.local/lib/python3.6/site-packages/airflow/example_dags/example_subdag_operator.py for tasks to queue
[2025-06-16 02:55:36,107] {logging_mixin.py:104} INFO - [2025-06-16 02:55:36,107] {dagbag.py:496} INFO - Filling up the DagBag from /home/airflow/.local/lib/python3.6/site-packages/airflow/example_dags/example_subdag_operator.py
[2025-06-16 02:55:36,190] {scheduler_job.py:643} INFO - DAG(s) dict_keys(['example_subdag_operator.section-1', 'example_subdag_operator.section-2', 'example_subdag_operator']) retrieved from /home/airflow/.local/lib/python3.6/site-packages/airflow/example_dags/example_subdag_operator.py
[2025-06-16 02:55:36,208] {logging_mixin.py:104} INFO - [2025-06-16 02:55:36,208] {dag.py:1833} INFO - Sync 3 DAGs
[2025-06-16 02:55:36,234] {logging_mixin.py:104} INFO - [2025-06-16 02:55:36,234] {dag.py:2306} INFO - Setting next_dagrun for example_subdag_operator to 2025-06-14 00:00:00+00:00
[2025-06-16 02:55:36,239] {logging_mixin.py:104} INFO - [2025-06-16 02:55:36,239] {dag.py:2306} INFO - Setting next_dagrun for example_subdag_operator.section-1 to None
[2025-06-16 02:55:36,240] {logging_mixin.py:104} INFO - [2025-06-16 02:55:36,240] {dag.py:2306} INFO - Setting next_dagrun for example_subdag_operator.section-2 to None
[2025-06-16 02:55:36,259] {logging_mixin.py:104} INFO - [2025-06-16 02:55:36,259] {dag.py:1833} INFO - Sync 2 DAGs
[2025-06-16 02:55:36,268] {logging_mixin.py:104} INFO - [2025-06-16 02:55:36,268] {dag.py:2306} INFO - Setting next_dagrun for example_subdag_operator.section-1 to None
[2025-06-16 02:55:36,269] {logging_mixin.py:104} INFO - [2025-06-16 02:55:36,269] {dag.py:2306} INFO - Setting next_dagrun for example_subdag_operator.section-2 to None
[2025-06-16 02:55:36,285] {scheduler_job.py:190} INFO - Processing /home/airflow/.local/lib/python3.6/site-packages/airflow/example_dags/example_subdag_operator.py took 0.185 seconds
[2025-06-16 02:56:06,799] {scheduler_job.py:182} INFO - Started process (PID=119) to work on /home/airflow/.local/lib/python3.6/site-packages/airflow/example_dags/example_subdag_operator.py
[2025-06-16 02:56:06,799] {scheduler_job.py:633} INFO - Processing file /home/airflow/.local/lib/python3.6/site-packages/airflow/example_dags/example_subdag_operator.py for tasks to queue
[2025-06-16 02:56:06,799] {logging_mixin.py:104} INFO - [2025-06-16 02:56:06,799] {dagbag.py:496} INFO - Filling up the DagBag from /home/airflow/.local/lib/python3.6/site-packages/airflow/example_dags/example_subdag_operator.py
[2025-06-16 02:56:06,860] {scheduler_job.py:643} INFO - DAG(s) dict_keys(['example_subdag_operator.section-1', 'example_subdag_operator.section-2', 'example_subdag_operator']) retrieved from /home/airflow/.local/lib/python3.6/site-packages/airflow/example_dags/example_subdag_operator.py
[2025-06-16 02:56:06,870] {logging_mixin.py:104} INFO - [2025-06-16 02:56:06,870] {dag.py:1833} INFO - Sync 3 DAGs
[2025-06-16 02:56:06,890] {logging_mixin.py:104} INFO - [2025-06-16 02:56:06,890] {dag.py:2306} INFO - Setting next_dagrun for example_subdag_operator to 2025-06-14 00:00:00+00:00
[2025-06-16 02:56:06,891] {logging_mixin.py:104} INFO - [2025-06-16 02:56:06,891] {dag.py:2306} INFO - Setting next_dagrun for example_subdag_operator.section-1 to None
[2025-06-16 02:56:06,891] {logging_mixin.py:104} INFO - [2025-06-16 02:56:06,891] {dag.py:2306} INFO - Setting next_dagrun for example_subdag_operator.section-2 to None
[2025-06-16 02:56:06,899] {logging_mixin.py:104} INFO - [2025-06-16 02:56:06,899] {dag.py:1833} INFO - Sync 2 DAGs
[2025-06-16 02:56:06,903] {logging_mixin.py:104} INFO - [2025-06-16 02:56:06,903] {dag.py:2306} INFO - Setting next_dagrun for example_subdag_operator.section-1 to None
[2025-06-16 02:56:06,903] {logging_mixin.py:104} INFO - [2025-06-16 02:56:06,903] {dag.py:2306} INFO - Setting next_dagrun for example_subdag_operator.section-2 to None
[2025-06-16 02:56:06,906] {scheduler_job.py:190} INFO - Processing /home/airflow/.local/lib/python3.6/site-packages/airflow/example_dags/example_subdag_operator.py took 0.108 seconds
[2025-06-16 02:56:37,029] {scheduler_job.py:182} INFO - Started process (PID=181) to work on /home/airflow/.local/lib/python3.6/site-packages/airflow/example_dags/example_subdag_operator.py
[2025-06-16 02:56:37,030] {scheduler_job.py:633} INFO - Processing file /home/airflow/.local/lib/python3.6/site-packages/airflow/example_dags/example_subdag_operator.py for tasks to queue
[2025-06-16 02:56:37,030] {logging_mixin.py:104} INFO - [2025-06-16 02:56:37,030] {dagbag.py:496} INFO - Filling up the DagBag from /home/airflow/.local/lib/python3.6/site-packages/airflow/example_dags/example_subdag_operator.py
[2025-06-16 02:56:37,104] {scheduler_job.py:643} INFO - DAG(s) dict_keys(['example_subdag_operator.section-1', 'example_subdag_operator.section-2', 'example_subdag_operator']) retrieved from /home/airflow/.local/lib/python3.6/site-packages/airflow/example_dags/example_subdag_operator.py
[2025-06-16 02:56:37,129] {logging_mixin.py:104} INFO - [2025-06-16 02:56:37,128] {dag.py:1833} INFO - Sync 3 DAGs
[2025-06-16 02:56:37,166] {logging_mixin.py:104} INFO - [2025-06-16 02:56:37,165] {dag.py:2306} INFO - Setting next_dagrun for example_subdag_operator to 2025-06-14 00:00:00+00:00
[2025-06-16 02:56:37,168] {logging_mixin.py:104} INFO - [2025-06-16 02:56:37,168] {dag.py:2306} INFO - Setting next_dagrun for example_subdag_operator.section-1 to None
[2025-06-16 02:56:37,168] {logging_mixin.py:104} INFO - [2025-06-16 02:56:37,168] {dag.py:2306} INFO - Setting next_dagrun for example_subdag_operator.section-2 to None
[2025-06-16 02:56:37,190] {logging_mixin.py:104} INFO - [2025-06-16 02:56:37,190] {dag.py:1833} INFO - Sync 2 DAGs
[2025-06-16 02:56:37,202] {logging_mixin.py:104} INFO - [2025-06-16 02:56:37,201] {dag.py:2306} INFO - Setting next_dagrun for example_subdag_operator.section-1 to None
[2025-06-16 02:56:37,203] {logging_mixin.py:104} INFO - [2025-06-16 02:56:37,203] {dag.py:2306} INFO - Setting next_dagrun for example_subdag_operator.section-2 to None
[2025-06-16 02:56:37,209] {scheduler_job.py:190} INFO - Processing /home/airflow/.local/lib/python3.6/site-packages/airflow/example_dags/example_subdag_operator.py took 0.182 seconds
[2025-06-16 02:57:07,581] {scheduler_job.py:182} INFO - Started process (PID=249) to work on /home/airflow/.local/lib/python3.6/site-packages/airflow/example_dags/example_subdag_operator.py
[2025-06-16 02:57:07,581] {scheduler_job.py:633} INFO - Processing file /home/airflow/.local/lib/python3.6/site-packages/airflow/example_dags/example_subdag_operator.py for tasks to queue
[2025-06-16 02:57:07,585] {logging_mixin.py:104} INFO - [2025-06-16 02:57:07,585] {dagbag.py:496} INFO - Filling up the DagBag from /home/airflow/.local/lib/python3.6/site-packages/airflow/example_dags/example_subdag_operator.py
[2025-06-16 02:57:07,643] {scheduler_job.py:643} INFO - DAG(s) dict_keys(['example_subdag_operator.section-1', 'example_subdag_operator.section-2', 'example_subdag_operator']) retrieved from /home/airflow/.local/lib/python3.6/site-packages/airflow/example_dags/example_subdag_operator.py
[2025-06-16 02:57:07,654] {logging_mixin.py:104} INFO - [2025-06-16 02:57:07,654] {dag.py:1833} INFO - Sync 3 DAGs
[2025-06-16 02:57:07,674] {logging_mixin.py:104} INFO - [2025-06-16 02:57:07,673] {dag.py:2306} INFO - Setting next_dagrun for example_subdag_operator to 2025-06-14 00:00:00+00:00
[2025-06-16 02:57:07,676] {logging_mixin.py:104} INFO - [2025-06-16 02:57:07,676] {dag.py:2306} INFO - Setting next_dagrun for example_subdag_operator.section-1 to None
[2025-06-16 02:57:07,676] {logging_mixin.py:104} INFO - [2025-06-16 02:57:07,676] {dag.py:2306} INFO - Setting next_dagrun for example_subdag_operator.section-2 to None
[2025-06-16 02:57:07,686] {logging_mixin.py:104} INFO - [2025-06-16 02:57:07,686] {dag.py:1833} INFO - Sync 2 DAGs
[2025-06-16 02:57:07,690] {logging_mixin.py:104} INFO - [2025-06-16 02:57:07,690] {dag.py:2306} INFO - Setting next_dagrun for example_subdag_operator.section-1 to None
[2025-06-16 02:57:07,691] {logging_mixin.py:104} INFO - [2025-06-16 02:57:07,690] {dag.py:2306} INFO - Setting next_dagrun for example_subdag_operator.section-2 to None
[2025-06-16 02:57:07,693] {scheduler_job.py:190} INFO - Processing /home/airflow/.local/lib/python3.6/site-packages/airflow/example_dags/example_subdag_operator.py took 0.114 seconds
[2025-06-16 02:57:38,282] {scheduler_job.py:182} INFO - Started process (PID=308) to work on /home/airflow/.local/lib/python3.6/site-packages/airflow/example_dags/example_subdag_operator.py
[2025-06-16 02:57:38,284] {scheduler_job.py:633} INFO - Processing file /home/airflow/.local/lib/python3.6/site-packages/airflow/example_dags/example_subdag_operator.py for tasks to queue
[2025-06-16 02:57:38,285] {logging_mixin.py:104} INFO - [2025-06-16 02:57:38,285] {dagbag.py:496} INFO - Filling up the DagBag from /home/airflow/.local/lib/python3.6/site-packages/airflow/example_dags/example_subdag_operator.py
[2025-06-16 02:57:38,344] {scheduler_job.py:643} INFO - DAG(s) dict_keys(['example_subdag_operator.section-1', 'example_subdag_operator.section-2', 'example_subdag_operator']) retrieved from /home/airflow/.local/lib/python3.6/site-packages/airflow/example_dags/example_subdag_operator.py
[2025-06-16 02:57:38,355] {logging_mixin.py:104} INFO - [2025-06-16 02:57:38,355] {dag.py:1833} INFO - Sync 3 DAGs
[2025-06-16 02:57:38,376] {logging_mixin.py:104} INFO - [2025-06-16 02:57:38,376] {dag.py:2306} INFO - Setting next_dagrun for example_subdag_operator to 2025-06-14 00:00:00+00:00
[2025-06-16 02:57:38,377] {logging_mixin.py:104} INFO - [2025-06-16 02:57:38,377] {dag.py:2306} INFO - Setting next_dagrun for example_subdag_operator.section-1 to None
[2025-06-16 02:57:38,378] {logging_mixin.py:104} INFO - [2025-06-16 02:57:38,378] {dag.py:2306} INFO - Setting next_dagrun for example_subdag_operator.section-2 to None
[2025-06-16 02:57:38,388] {logging_mixin.py:104} INFO - [2025-06-16 02:57:38,388] {dag.py:1833} INFO - Sync 2 DAGs
[2025-06-16 02:57:38,393] {logging_mixin.py:104} INFO - [2025-06-16 02:57:38,392] {dag.py:2306} INFO - Setting next_dagrun for example_subdag_operator.section-1 to None
[2025-06-16 02:57:38,393] {logging_mixin.py:104} INFO - [2025-06-16 02:57:38,393] {dag.py:2306} INFO - Setting next_dagrun for example_subdag_operator.section-2 to None
[2025-06-16 02:57:38,396] {scheduler_job.py:190} INFO - Processing /home/airflow/.local/lib/python3.6/site-packages/airflow/example_dags/example_subdag_operator.py took 0.116 seconds
[2025-06-16 02:58:19,418] {scheduler_job.py:182} INFO - Started process (PID=59) to work on /home/airflow/.local/lib/python3.6/site-packages/airflow/example_dags/example_subdag_operator.py
[2025-06-16 02:58:19,420] {scheduler_job.py:633} INFO - Processing file /home/airflow/.local/lib/python3.6/site-packages/airflow/example_dags/example_subdag_operator.py for tasks to queue
[2025-06-16 02:58:19,421] {logging_mixin.py:104} INFO - [2025-06-16 02:58:19,421] {dagbag.py:496} INFO - Filling up the DagBag from /home/airflow/.local/lib/python3.6/site-packages/airflow/example_dags/example_subdag_operator.py
[2025-06-16 02:58:19,544] {scheduler_job.py:643} INFO - DAG(s) dict_keys(['example_subdag_operator.section-1', 'example_subdag_operator.section-2', 'example_subdag_operator']) retrieved from /home/airflow/.local/lib/python3.6/site-packages/airflow/example_dags/example_subdag_operator.py
[2025-06-16 02:58:19,565] {logging_mixin.py:104} INFO - [2025-06-16 02:58:19,565] {dag.py:1833} INFO - Sync 3 DAGs
[2025-06-16 02:58:19,601] {logging_mixin.py:104} INFO - [2025-06-16 02:58:19,601] {dag.py:2306} INFO - Setting next_dagrun for example_subdag_operator to 2025-06-14 00:00:00+00:00
[2025-06-16 02:58:19,602] {logging_mixin.py:104} INFO - [2025-06-16 02:58:19,602] {dag.py:2306} INFO - Setting next_dagrun for example_subdag_operator.section-1 to None
[2025-06-16 02:58:19,603] {logging_mixin.py:104} INFO - [2025-06-16 02:58:19,602] {dag.py:2306} INFO - Setting next_dagrun for example_subdag_operator.section-2 to None
[2025-06-16 02:58:19,629] {logging_mixin.py:104} INFO - [2025-06-16 02:58:19,629] {dag.py:1833} INFO - Sync 2 DAGs
[2025-06-16 02:58:19,645] {logging_mixin.py:104} INFO - [2025-06-16 02:58:19,644] {dag.py:2306} INFO - Setting next_dagrun for example_subdag_operator.section-1 to None
[2025-06-16 02:58:19,645] {logging_mixin.py:104} INFO - [2025-06-16 02:58:19,645] {dag.py:2306} INFO - Setting next_dagrun for example_subdag_operator.section-2 to None
[2025-06-16 02:58:19,657] {scheduler_job.py:190} INFO - Processing /home/airflow/.local/lib/python3.6/site-packages/airflow/example_dags/example_subdag_operator.py took 0.242 seconds
[2025-06-16 02:58:50,296] {scheduler_job.py:182} INFO - Started process (PID=118) to work on /home/airflow/.local/lib/python3.6/site-packages/airflow/example_dags/example_subdag_operator.py
[2025-06-16 02:58:50,296] {scheduler_job.py:633} INFO - Processing file /home/airflow/.local/lib/python3.6/site-packages/airflow/example_dags/example_subdag_operator.py for tasks to queue
[2025-06-16 02:58:50,297] {logging_mixin.py:104} INFO - [2025-06-16 02:58:50,297] {dagbag.py:496} INFO - Filling up the DagBag from /home/airflow/.local/lib/python3.6/site-packages/airflow/example_dags/example_subdag_operator.py
[2025-06-16 02:58:50,360] {scheduler_job.py:643} INFO - DAG(s) dict_keys(['example_subdag_operator.section-1', 'example_subdag_operator.section-2', 'example_subdag_operator']) retrieved from /home/airflow/.local/lib/python3.6/site-packages/airflow/example_dags/example_subdag_operator.py
[2025-06-16 02:58:50,374] {logging_mixin.py:104} INFO - [2025-06-16 02:58:50,373] {dag.py:1833} INFO - Sync 3 DAGs
[2025-06-16 02:58:50,395] {logging_mixin.py:104} INFO - [2025-06-16 02:58:50,394] {dag.py:2306} INFO - Setting next_dagrun for example_subdag_operator to 2025-06-14 00:00:00+00:00
[2025-06-16 02:58:50,395] {logging_mixin.py:104} INFO - [2025-06-16 02:58:50,395] {dag.py:2306} INFO - Setting next_dagrun for example_subdag_operator.section-1 to None
[2025-06-16 02:58:50,395] {logging_mixin.py:104} INFO - [2025-06-16 02:58:50,395] {dag.py:2306} INFO - Setting next_dagrun for example_subdag_operator.section-2 to None
[2025-06-16 02:58:50,404] {logging_mixin.py:104} INFO - [2025-06-16 02:58:50,404] {dag.py:1833} INFO - Sync 2 DAGs
[2025-06-16 02:58:50,408] {logging_mixin.py:104} INFO - [2025-06-16 02:58:50,408] {dag.py:2306} INFO - Setting next_dagrun for example_subdag_operator.section-1 to None
[2025-06-16 02:58:50,408] {logging_mixin.py:104} INFO - [2025-06-16 02:58:50,408] {dag.py:2306} INFO - Setting next_dagrun for example_subdag_operator.section-2 to None
[2025-06-16 02:58:50,410] {scheduler_job.py:190} INFO - Processing /home/airflow/.local/lib/python3.6/site-packages/airflow/example_dags/example_subdag_operator.py took 0.116 seconds
[2025-06-16 02:59:20,610] {scheduler_job.py:182} INFO - Started process (PID=179) to work on /home/airflow/.local/lib/python3.6/site-packages/airflow/example_dags/example_subdag_operator.py
[2025-06-16 02:59:20,611] {scheduler_job.py:633} INFO - Processing file /home/airflow/.local/lib/python3.6/site-packages/airflow/example_dags/example_subdag_operator.py for tasks to queue
[2025-06-16 02:59:20,611] {logging_mixin.py:104} INFO - [2025-06-16 02:59:20,611] {dagbag.py:496} INFO - Filling up the DagBag from /home/airflow/.local/lib/python3.6/site-packages/airflow/example_dags/example_subdag_operator.py
[2025-06-16 02:59:20,665] {scheduler_job.py:643} INFO - DAG(s) dict_keys(['example_subdag_operator.section-1', 'example_subdag_operator.section-2', 'example_subdag_operator']) retrieved from /home/airflow/.local/lib/python3.6/site-packages/airflow/example_dags/example_subdag_operator.py
[2025-06-16 02:59:20,674] {logging_mixin.py:104} INFO - [2025-06-16 02:59:20,674] {dag.py:1833} INFO - Sync 3 DAGs
[2025-06-16 02:59:20,692] {logging_mixin.py:104} INFO - [2025-06-16 02:59:20,692] {dag.py:2306} INFO - Setting next_dagrun for example_subdag_operator to 2025-06-14 00:00:00+00:00
[2025-06-16 02:59:20,693] {logging_mixin.py:104} INFO - [2025-06-16 02:59:20,693] {dag.py:2306} INFO - Setting next_dagrun for example_subdag_operator.section-1 to None
[2025-06-16 02:59:20,693] {logging_mixin.py:104} INFO - [2025-06-16 02:59:20,693] {dag.py:2306} INFO - Setting next_dagrun for example_subdag_operator.section-2 to None
[2025-06-16 02:59:20,701] {logging_mixin.py:104} INFO - [2025-06-16 02:59:20,701] {dag.py:1833} INFO - Sync 2 DAGs
[2025-06-16 02:59:20,704] {logging_mixin.py:104} INFO - [2025-06-16 02:59:20,703] {dag.py:2306} INFO - Setting next_dagrun for example_subdag_operator.section-1 to None
[2025-06-16 02:59:20,704] {logging_mixin.py:104} INFO - [2025-06-16 02:59:20,704] {dag.py:2306} INFO - Setting next_dagrun for example_subdag_operator.section-2 to None
[2025-06-16 02:59:20,706] {scheduler_job.py:190} INFO - Processing /home/airflow/.local/lib/python3.6/site-packages/airflow/example_dags/example_subdag_operator.py took 0.097 seconds
[2025-06-16 02:59:51,027] {scheduler_job.py:182} INFO - Started process (PID=248) to work on /home/airflow/.local/lib/python3.6/site-packages/airflow/example_dags/example_subdag_operator.py
[2025-06-16 02:59:51,028] {scheduler_job.py:633} INFO - Processing file /home/airflow/.local/lib/python3.6/site-packages/airflow/example_dags/example_subdag_operator.py for tasks to queue
[2025-06-16 02:59:51,028] {logging_mixin.py:104} INFO - [2025-06-16 02:59:51,028] {dagbag.py:496} INFO - Filling up the DagBag from /home/airflow/.local/lib/python3.6/site-packages/airflow/example_dags/example_subdag_operator.py
[2025-06-16 02:59:51,091] {scheduler_job.py:643} INFO - DAG(s) dict_keys(['example_subdag_operator.section-1', 'example_subdag_operator.section-2', 'example_subdag_operator']) retrieved from /home/airflow/.local/lib/python3.6/site-packages/airflow/example_dags/example_subdag_operator.py
[2025-06-16 02:59:51,102] {logging_mixin.py:104} INFO - [2025-06-16 02:59:51,102] {dag.py:1833} INFO - Sync 3 DAGs
[2025-06-16 02:59:51,123] {logging_mixin.py:104} INFO - [2025-06-16 02:59:51,122] {dag.py:2306} INFO - Setting next_dagrun for example_subdag_operator to 2025-06-14 00:00:00+00:00
[2025-06-16 02:59:51,123] {logging_mixin.py:104} INFO - [2025-06-16 02:59:51,123] {dag.py:2306} INFO - Setting next_dagrun for example_subdag_operator.section-1 to None
[2025-06-16 02:59:51,123] {logging_mixin.py:104} INFO - [2025-06-16 02:59:51,123] {dag.py:2306} INFO - Setting next_dagrun for example_subdag_operator.section-2 to None
[2025-06-16 02:59:51,132] {logging_mixin.py:104} INFO - [2025-06-16 02:59:51,132] {dag.py:1833} INFO - Sync 2 DAGs
[2025-06-16 02:59:51,135] {logging_mixin.py:104} INFO - [2025-06-16 02:59:51,135] {dag.py:2306} INFO - Setting next_dagrun for example_subdag_operator.section-1 to None
[2025-06-16 02:59:51,135] {logging_mixin.py:104} INFO - [2025-06-16 02:59:51,135] {dag.py:2306} INFO - Setting next_dagrun for example_subdag_operator.section-2 to None
[2025-06-16 02:59:51,138] {scheduler_job.py:190} INFO - Processing /home/airflow/.local/lib/python3.6/site-packages/airflow/example_dags/example_subdag_operator.py took 0.114 seconds
