[2025-06-16 02:51:42,603] {scheduler_job.py:182} INFO - Started process (PID=65) to work on /home/airflow/.local/lib/python3.6/site-packages/airflow/example_dags/example_branch_operator.py
[2025-06-16 02:51:42,604] {scheduler_job.py:633} INFO - Processing file /home/airflow/.local/lib/python3.6/site-packages/airflow/example_dags/example_branch_operator.py for tasks to queue
[2025-06-16 02:51:42,604] {logging_mixin.py:104} INFO - [2025-06-16 02:51:42,604] {dagbag.py:496} INFO - Filling up the DagBag from /home/airflow/.local/lib/python3.6/site-packages/airflow/example_dags/example_branch_operator.py
[2025-06-16 02:51:42,615] {scheduler_job.py:643} INFO - DAG(s) dict_keys(['example_branch_operator']) retrieved from /home/airflow/.local/lib/python3.6/site-packages/airflow/example_dags/example_branch_operator.py
[2025-06-16 02:51:45,251] {logging_mixin.py:104} INFO - [2025-06-16 02:51:45,251] {dag.py:1833} INFO - Sync 1 DAGs
[2025-06-16 02:51:45,260] {logging_mixin.py:104} INFO - [2025-06-16 02:51:45,259] {dag.py:1852} INFO - Creating ORM DAG for example_branch_operator
[2025-06-16 02:51:45,271] {logging_mixin.py:104} INFO - [2025-06-16 02:51:45,270] {dag.py:2306} INFO - Setting next_dagrun for example_branch_operator to 2025-06-14 00:00:00+00:00
[2025-06-16 02:51:45,278] {scheduler_job.py:190} INFO - Processing /home/airflow/.local/lib/python3.6/site-packages/airflow/example_dags/example_branch_operator.py took 2.678 seconds
[2025-06-16 02:52:15,938] {scheduler_job.py:182} INFO - Started process (PID=367) to work on /home/airflow/.local/lib/python3.6/site-packages/airflow/example_dags/example_branch_operator.py
[2025-06-16 02:52:15,938] {scheduler_job.py:633} INFO - Processing file /home/airflow/.local/lib/python3.6/site-packages/airflow/example_dags/example_branch_operator.py for tasks to queue
[2025-06-16 02:52:15,942] {logging_mixin.py:104} INFO - [2025-06-16 02:52:15,942] {dagbag.py:496} INFO - Filling up the DagBag from /home/airflow/.local/lib/python3.6/site-packages/airflow/example_dags/example_branch_operator.py
[2025-06-16 02:52:15,951] {scheduler_job.py:643} INFO - DAG(s) dict_keys(['example_branch_operator']) retrieved from /home/airflow/.local/lib/python3.6/site-packages/airflow/example_dags/example_branch_operator.py
[2025-06-16 02:52:16,010] {logging_mixin.py:104} INFO - [2025-06-16 02:52:16,010] {dag.py:1833} INFO - Sync 1 DAGs
[2025-06-16 02:52:16,032] {logging_mixin.py:104} INFO - [2025-06-16 02:52:16,031] {dag.py:2306} INFO - Setting next_dagrun for example_branch_operator to 2025-06-14 00:00:00+00:00
[2025-06-16 02:52:16,042] {scheduler_job.py:190} INFO - Processing /home/airflow/.local/lib/python3.6/site-packages/airflow/example_dags/example_branch_operator.py took 0.106 seconds
[2025-06-16 02:52:46,190] {scheduler_job.py:182} INFO - Started process (PID=426) to work on /home/airflow/.local/lib/python3.6/site-packages/airflow/example_dags/example_branch_operator.py
[2025-06-16 02:52:46,192] {scheduler_job.py:633} INFO - Processing file /home/airflow/.local/lib/python3.6/site-packages/airflow/example_dags/example_branch_operator.py for tasks to queue
[2025-06-16 02:52:46,193] {logging_mixin.py:104} INFO - [2025-06-16 02:52:46,193] {dagbag.py:496} INFO - Filling up the DagBag from /home/airflow/.local/lib/python3.6/site-packages/airflow/example_dags/example_branch_operator.py
[2025-06-16 02:52:46,209] {scheduler_job.py:643} INFO - DAG(s) dict_keys(['example_branch_operator']) retrieved from /home/airflow/.local/lib/python3.6/site-packages/airflow/example_dags/example_branch_operator.py
[2025-06-16 02:52:46,277] {logging_mixin.py:104} INFO - [2025-06-16 02:52:46,277] {dag.py:1833} INFO - Sync 1 DAGs
[2025-06-16 02:52:46,300] {logging_mixin.py:104} INFO - [2025-06-16 02:52:46,300] {dag.py:2306} INFO - Setting next_dagrun for example_branch_operator to 2025-06-14 00:00:00+00:00
[2025-06-16 02:52:46,311] {scheduler_job.py:190} INFO - Processing /home/airflow/.local/lib/python3.6/site-packages/airflow/example_dags/example_branch_operator.py took 0.127 seconds
[2025-06-16 02:53:17,056] {scheduler_job.py:182} INFO - Started process (PID=495) to work on /home/airflow/.local/lib/python3.6/site-packages/airflow/example_dags/example_branch_operator.py
[2025-06-16 02:53:17,058] {scheduler_job.py:633} INFO - Processing file /home/airflow/.local/lib/python3.6/site-packages/airflow/example_dags/example_branch_operator.py for tasks to queue
[2025-06-16 02:53:17,062] {logging_mixin.py:104} INFO - [2025-06-16 02:53:17,062] {dagbag.py:496} INFO - Filling up the DagBag from /home/airflow/.local/lib/python3.6/site-packages/airflow/example_dags/example_branch_operator.py
[2025-06-16 02:53:17,077] {scheduler_job.py:643} INFO - DAG(s) dict_keys(['example_branch_operator']) retrieved from /home/airflow/.local/lib/python3.6/site-packages/airflow/example_dags/example_branch_operator.py
[2025-06-16 02:53:17,145] {logging_mixin.py:104} INFO - [2025-06-16 02:53:17,145] {dag.py:1833} INFO - Sync 1 DAGs
[2025-06-16 02:53:17,168] {logging_mixin.py:104} INFO - [2025-06-16 02:53:17,168] {dag.py:2306} INFO - Setting next_dagrun for example_branch_operator to 2025-06-14 00:00:00+00:00
[2025-06-16 02:53:17,180] {scheduler_job.py:190} INFO - Processing /home/airflow/.local/lib/python3.6/site-packages/airflow/example_dags/example_branch_operator.py took 0.127 seconds
[2025-06-16 02:53:41,200] {scheduler_job.py:182} INFO - Started process (PID=58) to work on /home/airflow/.local/lib/python3.6/site-packages/airflow/example_dags/example_branch_operator.py
[2025-06-16 02:53:41,202] {scheduler_job.py:633} INFO - Processing file /home/airflow/.local/lib/python3.6/site-packages/airflow/example_dags/example_branch_operator.py for tasks to queue
[2025-06-16 02:53:41,203] {logging_mixin.py:104} INFO - [2025-06-16 02:53:41,203] {dagbag.py:496} INFO - Filling up the DagBag from /home/airflow/.local/lib/python3.6/site-packages/airflow/example_dags/example_branch_operator.py
[2025-06-16 02:53:41,222] {scheduler_job.py:643} INFO - DAG(s) dict_keys(['example_branch_operator']) retrieved from /home/airflow/.local/lib/python3.6/site-packages/airflow/example_dags/example_branch_operator.py
[2025-06-16 02:53:41,327] {logging_mixin.py:104} INFO - [2025-06-16 02:53:41,327] {dag.py:1833} INFO - Sync 1 DAGs
[2025-06-16 02:53:41,366] {logging_mixin.py:104} INFO - [2025-06-16 02:53:41,366] {dag.py:2306} INFO - Setting next_dagrun for example_branch_operator to 2025-06-14 00:00:00+00:00
[2025-06-16 02:53:41,402] {scheduler_job.py:190} INFO - Processing /home/airflow/.local/lib/python3.6/site-packages/airflow/example_dags/example_branch_operator.py took 0.205 seconds
[2025-06-16 02:54:12,233] {scheduler_job.py:182} INFO - Started process (PID=110) to work on /home/airflow/.local/lib/python3.6/site-packages/airflow/example_dags/example_branch_operator.py
[2025-06-16 02:54:12,235] {scheduler_job.py:633} INFO - Processing file /home/airflow/.local/lib/python3.6/site-packages/airflow/example_dags/example_branch_operator.py for tasks to queue
[2025-06-16 02:54:12,236] {logging_mixin.py:104} INFO - [2025-06-16 02:54:12,236] {dagbag.py:496} INFO - Filling up the DagBag from /home/airflow/.local/lib/python3.6/site-packages/airflow/example_dags/example_branch_operator.py
[2025-06-16 02:54:12,252] {scheduler_job.py:643} INFO - DAG(s) dict_keys(['example_branch_operator']) retrieved from /home/airflow/.local/lib/python3.6/site-packages/airflow/example_dags/example_branch_operator.py
[2025-06-16 02:54:12,389] {logging_mixin.py:104} INFO - [2025-06-16 02:54:12,389] {dag.py:1833} INFO - Sync 1 DAGs
[2025-06-16 02:54:12,439] {logging_mixin.py:104} INFO - [2025-06-16 02:54:12,439] {dag.py:2306} INFO - Setting next_dagrun for example_branch_operator to 2025-06-14 00:00:00+00:00
[2025-06-16 02:54:12,492] {scheduler_job.py:190} INFO - Processing /home/airflow/.local/lib/python3.6/site-packages/airflow/example_dags/example_branch_operator.py took 0.262 seconds
[2025-06-16 02:54:42,954] {scheduler_job.py:182} INFO - Started process (PID=179) to work on /home/airflow/.local/lib/python3.6/site-packages/airflow/example_dags/example_branch_operator.py
[2025-06-16 02:54:42,955] {scheduler_job.py:633} INFO - Processing file /home/airflow/.local/lib/python3.6/site-packages/airflow/example_dags/example_branch_operator.py for tasks to queue
[2025-06-16 02:54:42,956] {logging_mixin.py:104} INFO - [2025-06-16 02:54:42,956] {dagbag.py:496} INFO - Filling up the DagBag from /home/airflow/.local/lib/python3.6/site-packages/airflow/example_dags/example_branch_operator.py
[2025-06-16 02:54:42,969] {scheduler_job.py:643} INFO - DAG(s) dict_keys(['example_branch_operator']) retrieved from /home/airflow/.local/lib/python3.6/site-packages/airflow/example_dags/example_branch_operator.py
[2025-06-16 02:54:43,065] {logging_mixin.py:104} INFO - [2025-06-16 02:54:43,064] {dag.py:1833} INFO - Sync 1 DAGs
[2025-06-16 02:54:43,104] {logging_mixin.py:104} INFO - [2025-06-16 02:54:43,104] {dag.py:2306} INFO - Setting next_dagrun for example_branch_operator to 2025-06-14 00:00:00+00:00
[2025-06-16 02:54:43,137] {scheduler_job.py:190} INFO - Processing /home/airflow/.local/lib/python3.6/site-packages/airflow/example_dags/example_branch_operator.py took 0.186 seconds
[2025-06-16 02:55:35,600] {scheduler_job.py:182} INFO - Started process (PID=58) to work on /home/airflow/.local/lib/python3.6/site-packages/airflow/example_dags/example_branch_operator.py
[2025-06-16 02:55:35,602] {scheduler_job.py:633} INFO - Processing file /home/airflow/.local/lib/python3.6/site-packages/airflow/example_dags/example_branch_operator.py for tasks to queue
[2025-06-16 02:55:35,604] {logging_mixin.py:104} INFO - [2025-06-16 02:55:35,604] {dagbag.py:496} INFO - Filling up the DagBag from /home/airflow/.local/lib/python3.6/site-packages/airflow/example_dags/example_branch_operator.py
[2025-06-16 02:55:35,647] {scheduler_job.py:643} INFO - DAG(s) dict_keys(['example_branch_operator']) retrieved from /home/airflow/.local/lib/python3.6/site-packages/airflow/example_dags/example_branch_operator.py
[2025-06-16 02:55:35,751] {logging_mixin.py:104} INFO - [2025-06-16 02:55:35,750] {dag.py:1833} INFO - Sync 1 DAGs
[2025-06-16 02:55:35,797] {logging_mixin.py:104} INFO - [2025-06-16 02:55:35,796] {dag.py:2306} INFO - Setting next_dagrun for example_branch_operator to 2025-06-14 00:00:00+00:00
[2025-06-16 02:55:35,840] {scheduler_job.py:190} INFO - Processing /home/airflow/.local/lib/python3.6/site-packages/airflow/example_dags/example_branch_operator.py took 0.246 seconds
[2025-06-16 02:56:06,556] {scheduler_job.py:182} INFO - Started process (PID=117) to work on /home/airflow/.local/lib/python3.6/site-packages/airflow/example_dags/example_branch_operator.py
[2025-06-16 02:56:06,560] {scheduler_job.py:633} INFO - Processing file /home/airflow/.local/lib/python3.6/site-packages/airflow/example_dags/example_branch_operator.py for tasks to queue
[2025-06-16 02:56:06,563] {logging_mixin.py:104} INFO - [2025-06-16 02:56:06,563] {dagbag.py:496} INFO - Filling up the DagBag from /home/airflow/.local/lib/python3.6/site-packages/airflow/example_dags/example_branch_operator.py
[2025-06-16 02:56:06,589] {scheduler_job.py:643} INFO - DAG(s) dict_keys(['example_branch_operator']) retrieved from /home/airflow/.local/lib/python3.6/site-packages/airflow/example_dags/example_branch_operator.py
[2025-06-16 02:56:06,653] {logging_mixin.py:104} INFO - [2025-06-16 02:56:06,653] {dag.py:1833} INFO - Sync 1 DAGs
[2025-06-16 02:56:06,677] {logging_mixin.py:104} INFO - [2025-06-16 02:56:06,676] {dag.py:2306} INFO - Setting next_dagrun for example_branch_operator to 2025-06-14 00:00:00+00:00
[2025-06-16 02:56:06,688] {scheduler_job.py:190} INFO - Processing /home/airflow/.local/lib/python3.6/site-packages/airflow/example_dags/example_branch_operator.py took 0.136 seconds
[2025-06-16 02:56:36,804] {scheduler_job.py:182} INFO - Started process (PID=178) to work on /home/airflow/.local/lib/python3.6/site-packages/airflow/example_dags/example_branch_operator.py
[2025-06-16 02:56:36,806] {scheduler_job.py:633} INFO - Processing file /home/airflow/.local/lib/python3.6/site-packages/airflow/example_dags/example_branch_operator.py for tasks to queue
[2025-06-16 02:56:36,806] {logging_mixin.py:104} INFO - [2025-06-16 02:56:36,806] {dagbag.py:496} INFO - Filling up the DagBag from /home/airflow/.local/lib/python3.6/site-packages/airflow/example_dags/example_branch_operator.py
[2025-06-16 02:56:36,824] {scheduler_job.py:643} INFO - DAG(s) dict_keys(['example_branch_operator']) retrieved from /home/airflow/.local/lib/python3.6/site-packages/airflow/example_dags/example_branch_operator.py
[2025-06-16 02:56:36,888] {logging_mixin.py:104} INFO - [2025-06-16 02:56:36,888] {dag.py:1833} INFO - Sync 1 DAGs
[2025-06-16 02:56:36,909] {logging_mixin.py:104} INFO - [2025-06-16 02:56:36,909] {dag.py:2306} INFO - Setting next_dagrun for example_branch_operator to 2025-06-14 00:00:00+00:00
[2025-06-16 02:56:36,921] {scheduler_job.py:190} INFO - Processing /home/airflow/.local/lib/python3.6/site-packages/airflow/example_dags/example_branch_operator.py took 0.119 seconds
[2025-06-16 02:57:07,466] {scheduler_job.py:182} INFO - Started process (PID=247) to work on /home/airflow/.local/lib/python3.6/site-packages/airflow/example_dags/example_branch_operator.py
[2025-06-16 02:57:07,467] {scheduler_job.py:633} INFO - Processing file /home/airflow/.local/lib/python3.6/site-packages/airflow/example_dags/example_branch_operator.py for tasks to queue
[2025-06-16 02:57:07,467] {logging_mixin.py:104} INFO - [2025-06-16 02:57:07,467] {dagbag.py:496} INFO - Filling up the DagBag from /home/airflow/.local/lib/python3.6/site-packages/airflow/example_dags/example_branch_operator.py
[2025-06-16 02:57:07,479] {scheduler_job.py:643} INFO - DAG(s) dict_keys(['example_branch_operator']) retrieved from /home/airflow/.local/lib/python3.6/site-packages/airflow/example_dags/example_branch_operator.py
[2025-06-16 02:57:07,543] {logging_mixin.py:104} INFO - [2025-06-16 02:57:07,543] {dag.py:1833} INFO - Sync 1 DAGs
[2025-06-16 02:57:07,562] {logging_mixin.py:104} INFO - [2025-06-16 02:57:07,562] {dag.py:2306} INFO - Setting next_dagrun for example_branch_operator to 2025-06-14 00:00:00+00:00
[2025-06-16 02:57:07,572] {scheduler_job.py:190} INFO - Processing /home/airflow/.local/lib/python3.6/site-packages/airflow/example_dags/example_branch_operator.py took 0.109 seconds
[2025-06-16 02:57:38,143] {scheduler_job.py:182} INFO - Started process (PID=306) to work on /home/airflow/.local/lib/python3.6/site-packages/airflow/example_dags/example_branch_operator.py
[2025-06-16 02:57:38,144] {scheduler_job.py:633} INFO - Processing file /home/airflow/.local/lib/python3.6/site-packages/airflow/example_dags/example_branch_operator.py for tasks to queue
[2025-06-16 02:57:38,145] {logging_mixin.py:104} INFO - [2025-06-16 02:57:38,144] {dagbag.py:496} INFO - Filling up the DagBag from /home/airflow/.local/lib/python3.6/site-packages/airflow/example_dags/example_branch_operator.py
[2025-06-16 02:57:38,161] {scheduler_job.py:643} INFO - DAG(s) dict_keys(['example_branch_operator']) retrieved from /home/airflow/.local/lib/python3.6/site-packages/airflow/example_dags/example_branch_operator.py
[2025-06-16 02:57:38,231] {logging_mixin.py:104} INFO - [2025-06-16 02:57:38,231] {dag.py:1833} INFO - Sync 1 DAGs
[2025-06-16 02:57:38,258] {logging_mixin.py:104} INFO - [2025-06-16 02:57:38,258] {dag.py:2306} INFO - Setting next_dagrun for example_branch_operator to 2025-06-14 00:00:00+00:00
[2025-06-16 02:57:38,271] {scheduler_job.py:190} INFO - Processing /home/airflow/.local/lib/python3.6/site-packages/airflow/example_dags/example_branch_operator.py took 0.131 seconds
[2025-06-16 02:58:18,962] {scheduler_job.py:182} INFO - Started process (PID=57) to work on /home/airflow/.local/lib/python3.6/site-packages/airflow/example_dags/example_branch_operator.py
[2025-06-16 02:58:18,964] {scheduler_job.py:633} INFO - Processing file /home/airflow/.local/lib/python3.6/site-packages/airflow/example_dags/example_branch_operator.py for tasks to queue
[2025-06-16 02:58:18,974] {logging_mixin.py:104} INFO - [2025-06-16 02:58:18,974] {dagbag.py:496} INFO - Filling up the DagBag from /home/airflow/.local/lib/python3.6/site-packages/airflow/example_dags/example_branch_operator.py
[2025-06-16 02:58:19,009] {scheduler_job.py:643} INFO - DAG(s) dict_keys(['example_branch_operator']) retrieved from /home/airflow/.local/lib/python3.6/site-packages/airflow/example_dags/example_branch_operator.py
[2025-06-16 02:58:19,110] {logging_mixin.py:104} INFO - [2025-06-16 02:58:19,110] {dag.py:1833} INFO - Sync 1 DAGs
[2025-06-16 02:58:19,151] {logging_mixin.py:104} INFO - [2025-06-16 02:58:19,151] {dag.py:2306} INFO - Setting next_dagrun for example_branch_operator to 2025-06-14 00:00:00+00:00
[2025-06-16 02:58:19,189] {scheduler_job.py:190} INFO - Processing /home/airflow/.local/lib/python3.6/site-packages/airflow/example_dags/example_branch_operator.py took 0.234 seconds
[2025-06-16 02:58:49,975] {scheduler_job.py:182} INFO - Started process (PID=109) to work on /home/airflow/.local/lib/python3.6/site-packages/airflow/example_dags/example_branch_operator.py
[2025-06-16 02:58:49,977] {scheduler_job.py:633} INFO - Processing file /home/airflow/.local/lib/python3.6/site-packages/airflow/example_dags/example_branch_operator.py for tasks to queue
[2025-06-16 02:58:49,979] {logging_mixin.py:104} INFO - [2025-06-16 02:58:49,979] {dagbag.py:496} INFO - Filling up the DagBag from /home/airflow/.local/lib/python3.6/site-packages/airflow/example_dags/example_branch_operator.py
[2025-06-16 02:58:49,993] {scheduler_job.py:643} INFO - DAG(s) dict_keys(['example_branch_operator']) retrieved from /home/airflow/.local/lib/python3.6/site-packages/airflow/example_dags/example_branch_operator.py
[2025-06-16 02:58:50,081] {logging_mixin.py:104} INFO - [2025-06-16 02:58:50,081] {dag.py:1833} INFO - Sync 1 DAGs
[2025-06-16 02:58:50,117] {logging_mixin.py:104} INFO - [2025-06-16 02:58:50,117] {dag.py:2306} INFO - Setting next_dagrun for example_branch_operator to 2025-06-14 00:00:00+00:00
[2025-06-16 02:58:50,136] {scheduler_job.py:190} INFO - Processing /home/airflow/.local/lib/python3.6/site-packages/airflow/example_dags/example_branch_operator.py took 0.163 seconds
[2025-06-16 02:59:20,496] {scheduler_job.py:182} INFO - Started process (PID=177) to work on /home/airflow/.local/lib/python3.6/site-packages/airflow/example_dags/example_branch_operator.py
[2025-06-16 02:59:20,497] {scheduler_job.py:633} INFO - Processing file /home/airflow/.local/lib/python3.6/site-packages/airflow/example_dags/example_branch_operator.py for tasks to queue
[2025-06-16 02:59:20,498] {logging_mixin.py:104} INFO - [2025-06-16 02:59:20,498] {dagbag.py:496} INFO - Filling up the DagBag from /home/airflow/.local/lib/python3.6/site-packages/airflow/example_dags/example_branch_operator.py
[2025-06-16 02:59:20,511] {scheduler_job.py:643} INFO - DAG(s) dict_keys(['example_branch_operator']) retrieved from /home/airflow/.local/lib/python3.6/site-packages/airflow/example_dags/example_branch_operator.py
[2025-06-16 02:59:20,576] {logging_mixin.py:104} INFO - [2025-06-16 02:59:20,576] {dag.py:1833} INFO - Sync 1 DAGs
[2025-06-16 02:59:20,594] {logging_mixin.py:104} INFO - [2025-06-16 02:59:20,594] {dag.py:2306} INFO - Setting next_dagrun for example_branch_operator to 2025-06-14 00:00:00+00:00
[2025-06-16 02:59:20,604] {scheduler_job.py:190} INFO - Processing /home/airflow/.local/lib/python3.6/site-packages/airflow/example_dags/example_branch_operator.py took 0.111 seconds
[2025-06-16 02:59:50,880] {scheduler_job.py:182} INFO - Started process (PID=246) to work on /home/airflow/.local/lib/python3.6/site-packages/airflow/example_dags/example_branch_operator.py
[2025-06-16 02:59:50,882] {scheduler_job.py:633} INFO - Processing file /home/airflow/.local/lib/python3.6/site-packages/airflow/example_dags/example_branch_operator.py for tasks to queue
[2025-06-16 02:59:50,883] {logging_mixin.py:104} INFO - [2025-06-16 02:59:50,882] {dagbag.py:496} INFO - Filling up the DagBag from /home/airflow/.local/lib/python3.6/site-packages/airflow/example_dags/example_branch_operator.py
[2025-06-16 02:59:50,902] {scheduler_job.py:643} INFO - DAG(s) dict_keys(['example_branch_operator']) retrieved from /home/airflow/.local/lib/python3.6/site-packages/airflow/example_dags/example_branch_operator.py
[2025-06-16 02:59:50,973] {logging_mixin.py:104} INFO - [2025-06-16 02:59:50,973] {dag.py:1833} INFO - Sync 1 DAGs
[2025-06-16 02:59:50,997] {logging_mixin.py:104} INFO - [2025-06-16 02:59:50,997] {dag.py:2306} INFO - Setting next_dagrun for example_branch_operator to 2025-06-14 00:00:00+00:00
[2025-06-16 02:59:51,013] {scheduler_job.py:190} INFO - Processing /home/airflow/.local/lib/python3.6/site-packages/airflow/example_dags/example_branch_operator.py took 0.138 seconds
