[2025-06-16 02:51:49,779] {scheduler_job.py:182} INFO - Started process (PID=119) to work on /home/airflow/.local/lib/python3.6/site-packages/airflow/example_dags/example_branch_labels.py
[2025-06-16 02:51:49,780] {scheduler_job.py:633} INFO - Processing file /home/airflow/.local/lib/python3.6/site-packages/airflow/example_dags/example_branch_labels.py for tasks to queue
[2025-06-16 02:51:49,781] {logging_mixin.py:104} INFO - [2025-06-16 02:51:49,781] {dagbag.py:496} INFO - Filling up the DagBag from /home/airflow/.local/lib/python3.6/site-packages/airflow/example_dags/example_branch_labels.py
[2025-06-16 02:51:49,790] {scheduler_job.py:643} INFO - DAG(s) dict_keys(['example_branch_labels']) retrieved from /home/airflow/.local/lib/python3.6/site-packages/airflow/example_dags/example_branch_labels.py
[2025-06-16 02:51:51,743] {logging_mixin.py:104} INFO - [2025-06-16 02:51:51,743] {dag.py:1833} INFO - Sync 1 DAGs
[2025-06-16 02:51:51,750] {logging_mixin.py:104} INFO - [2025-06-16 02:51:51,749] {dag.py:1852} INFO - Creating ORM DAG for example_branch_labels
[2025-06-16 02:51:51,761] {logging_mixin.py:104} INFO - [2025-06-16 02:51:51,761] {dag.py:2306} INFO - Setting next_dagrun for example_branch_labels to 2025-06-14 00:00:00+00:00
[2025-06-16 02:51:51,768] {scheduler_job.py:190} INFO - Processing /home/airflow/.local/lib/python3.6/site-packages/airflow/example_dags/example_branch_labels.py took 1.990 seconds
[2025-06-16 02:52:22,372] {scheduler_job.py:182} INFO - Started process (PID=373) to work on /home/airflow/.local/lib/python3.6/site-packages/airflow/example_dags/example_branch_labels.py
[2025-06-16 02:52:22,374] {scheduler_job.py:633} INFO - Processing file /home/airflow/.local/lib/python3.6/site-packages/airflow/example_dags/example_branch_labels.py for tasks to queue
[2025-06-16 02:52:22,375] {logging_mixin.py:104} INFO - [2025-06-16 02:52:22,375] {dagbag.py:496} INFO - Filling up the DagBag from /home/airflow/.local/lib/python3.6/site-packages/airflow/example_dags/example_branch_labels.py
[2025-06-16 02:52:22,382] {scheduler_job.py:643} INFO - DAG(s) dict_keys(['example_branch_labels']) retrieved from /home/airflow/.local/lib/python3.6/site-packages/airflow/example_dags/example_branch_labels.py
[2025-06-16 02:52:22,447] {logging_mixin.py:104} INFO - [2025-06-16 02:52:22,447] {dag.py:1833} INFO - Sync 1 DAGs
[2025-06-16 02:52:22,465] {logging_mixin.py:104} INFO - [2025-06-16 02:52:22,465] {dag.py:2306} INFO - Setting next_dagrun for example_branch_labels to 2025-06-14 00:00:00+00:00
[2025-06-16 02:52:22,474] {scheduler_job.py:190} INFO - Processing /home/airflow/.local/lib/python3.6/site-packages/airflow/example_dags/example_branch_labels.py took 0.105 seconds
[2025-06-16 02:52:52,613] {scheduler_job.py:182} INFO - Started process (PID=442) to work on /home/airflow/.local/lib/python3.6/site-packages/airflow/example_dags/example_branch_labels.py
[2025-06-16 02:52:52,616] {scheduler_job.py:633} INFO - Processing file /home/airflow/.local/lib/python3.6/site-packages/airflow/example_dags/example_branch_labels.py for tasks to queue
[2025-06-16 02:52:52,616] {logging_mixin.py:104} INFO - [2025-06-16 02:52:52,616] {dagbag.py:496} INFO - Filling up the DagBag from /home/airflow/.local/lib/python3.6/site-packages/airflow/example_dags/example_branch_labels.py
[2025-06-16 02:52:52,626] {scheduler_job.py:643} INFO - DAG(s) dict_keys(['example_branch_labels']) retrieved from /home/airflow/.local/lib/python3.6/site-packages/airflow/example_dags/example_branch_labels.py
[2025-06-16 02:52:52,692] {logging_mixin.py:104} INFO - [2025-06-16 02:52:52,692] {dag.py:1833} INFO - Sync 1 DAGs
[2025-06-16 02:52:52,712] {logging_mixin.py:104} INFO - [2025-06-16 02:52:52,712] {dag.py:2306} INFO - Setting next_dagrun for example_branch_labels to 2025-06-14 00:00:00+00:00
[2025-06-16 02:52:52,721] {scheduler_job.py:190} INFO - Processing /home/airflow/.local/lib/python3.6/site-packages/airflow/example_dags/example_branch_labels.py took 0.111 seconds
[2025-06-16 02:53:42,195] {scheduler_job.py:182} INFO - Started process (PID=64) to work on /home/airflow/.local/lib/python3.6/site-packages/airflow/example_dags/example_branch_labels.py
[2025-06-16 02:53:42,198] {scheduler_job.py:633} INFO - Processing file /home/airflow/.local/lib/python3.6/site-packages/airflow/example_dags/example_branch_labels.py for tasks to queue
[2025-06-16 02:53:42,200] {logging_mixin.py:104} INFO - [2025-06-16 02:53:42,199] {dagbag.py:496} INFO - Filling up the DagBag from /home/airflow/.local/lib/python3.6/site-packages/airflow/example_dags/example_branch_labels.py
[2025-06-16 02:53:42,209] {scheduler_job.py:643} INFO - DAG(s) dict_keys(['example_branch_labels']) retrieved from /home/airflow/.local/lib/python3.6/site-packages/airflow/example_dags/example_branch_labels.py
[2025-06-16 02:53:42,304] {logging_mixin.py:104} INFO - [2025-06-16 02:53:42,304] {dag.py:1833} INFO - Sync 1 DAGs
[2025-06-16 02:53:42,346] {logging_mixin.py:104} INFO - [2025-06-16 02:53:42,346] {dag.py:2306} INFO - Setting next_dagrun for example_branch_labels to 2025-06-14 00:00:00+00:00
[2025-06-16 02:53:42,367] {scheduler_job.py:190} INFO - Processing /home/airflow/.local/lib/python3.6/site-packages/airflow/example_dags/example_branch_labels.py took 0.180 seconds
[2025-06-16 02:54:12,981] {scheduler_job.py:182} INFO - Started process (PID=123) to work on /home/airflow/.local/lib/python3.6/site-packages/airflow/example_dags/example_branch_labels.py
[2025-06-16 02:54:12,982] {scheduler_job.py:633} INFO - Processing file /home/airflow/.local/lib/python3.6/site-packages/airflow/example_dags/example_branch_labels.py for tasks to queue
[2025-06-16 02:54:12,982] {logging_mixin.py:104} INFO - [2025-06-16 02:54:12,982] {dagbag.py:496} INFO - Filling up the DagBag from /home/airflow/.local/lib/python3.6/site-packages/airflow/example_dags/example_branch_labels.py
[2025-06-16 02:54:12,988] {scheduler_job.py:643} INFO - DAG(s) dict_keys(['example_branch_labels']) retrieved from /home/airflow/.local/lib/python3.6/site-packages/airflow/example_dags/example_branch_labels.py
[2025-06-16 02:54:13,051] {logging_mixin.py:104} INFO - [2025-06-16 02:54:13,051] {dag.py:1833} INFO - Sync 1 DAGs
[2025-06-16 02:54:13,069] {logging_mixin.py:104} INFO - [2025-06-16 02:54:13,069] {dag.py:2306} INFO - Setting next_dagrun for example_branch_labels to 2025-06-14 00:00:00+00:00
[2025-06-16 02:54:13,079] {scheduler_job.py:190} INFO - Processing /home/airflow/.local/lib/python3.6/site-packages/airflow/example_dags/example_branch_labels.py took 0.099 seconds
[2025-06-16 02:54:43,631] {scheduler_job.py:182} INFO - Started process (PID=192) to work on /home/airflow/.local/lib/python3.6/site-packages/airflow/example_dags/example_branch_labels.py
[2025-06-16 02:54:43,632] {scheduler_job.py:633} INFO - Processing file /home/airflow/.local/lib/python3.6/site-packages/airflow/example_dags/example_branch_labels.py for tasks to queue
[2025-06-16 02:54:43,632] {logging_mixin.py:104} INFO - [2025-06-16 02:54:43,632] {dagbag.py:496} INFO - Filling up the DagBag from /home/airflow/.local/lib/python3.6/site-packages/airflow/example_dags/example_branch_labels.py
[2025-06-16 02:54:43,638] {scheduler_job.py:643} INFO - DAG(s) dict_keys(['example_branch_labels']) retrieved from /home/airflow/.local/lib/python3.6/site-packages/airflow/example_dags/example_branch_labels.py
[2025-06-16 02:54:43,696] {logging_mixin.py:104} INFO - [2025-06-16 02:54:43,696] {dag.py:1833} INFO - Sync 1 DAGs
[2025-06-16 02:54:43,714] {logging_mixin.py:104} INFO - [2025-06-16 02:54:43,714] {dag.py:2306} INFO - Setting next_dagrun for example_branch_labels to 2025-06-14 00:00:00+00:00
[2025-06-16 02:54:43,723] {scheduler_job.py:190} INFO - Processing /home/airflow/.local/lib/python3.6/site-packages/airflow/example_dags/example_branch_labels.py took 0.093 seconds
[2025-06-16 02:55:36,594] {scheduler_job.py:182} INFO - Started process (PID=64) to work on /home/airflow/.local/lib/python3.6/site-packages/airflow/example_dags/example_branch_labels.py
[2025-06-16 02:55:36,596] {scheduler_job.py:633} INFO - Processing file /home/airflow/.local/lib/python3.6/site-packages/airflow/example_dags/example_branch_labels.py for tasks to queue
[2025-06-16 02:55:36,597] {logging_mixin.py:104} INFO - [2025-06-16 02:55:36,597] {dagbag.py:496} INFO - Filling up the DagBag from /home/airflow/.local/lib/python3.6/site-packages/airflow/example_dags/example_branch_labels.py
[2025-06-16 02:55:36,610] {scheduler_job.py:643} INFO - DAG(s) dict_keys(['example_branch_labels']) retrieved from /home/airflow/.local/lib/python3.6/site-packages/airflow/example_dags/example_branch_labels.py
[2025-06-16 02:55:36,728] {logging_mixin.py:104} INFO - [2025-06-16 02:55:36,727] {dag.py:1833} INFO - Sync 1 DAGs
[2025-06-16 02:55:36,765] {logging_mixin.py:104} INFO - [2025-06-16 02:55:36,765] {dag.py:2306} INFO - Setting next_dagrun for example_branch_labels to 2025-06-14 00:00:00+00:00
[2025-06-16 02:55:36,806] {scheduler_job.py:190} INFO - Processing /home/airflow/.local/lib/python3.6/site-packages/airflow/example_dags/example_branch_labels.py took 0.215 seconds
[2025-06-16 02:56:07,067] {scheduler_job.py:182} INFO - Started process (PID=123) to work on /home/airflow/.local/lib/python3.6/site-packages/airflow/example_dags/example_branch_labels.py
[2025-06-16 02:56:07,067] {scheduler_job.py:633} INFO - Processing file /home/airflow/.local/lib/python3.6/site-packages/airflow/example_dags/example_branch_labels.py for tasks to queue
[2025-06-16 02:56:07,068] {logging_mixin.py:104} INFO - [2025-06-16 02:56:07,068] {dagbag.py:496} INFO - Filling up the DagBag from /home/airflow/.local/lib/python3.6/site-packages/airflow/example_dags/example_branch_labels.py
[2025-06-16 02:56:07,074] {scheduler_job.py:643} INFO - DAG(s) dict_keys(['example_branch_labels']) retrieved from /home/airflow/.local/lib/python3.6/site-packages/airflow/example_dags/example_branch_labels.py
[2025-06-16 02:56:07,131] {logging_mixin.py:104} INFO - [2025-06-16 02:56:07,131] {dag.py:1833} INFO - Sync 1 DAGs
[2025-06-16 02:56:07,149] {logging_mixin.py:104} INFO - [2025-06-16 02:56:07,149] {dag.py:2306} INFO - Setting next_dagrun for example_branch_labels to 2025-06-14 00:00:00+00:00
[2025-06-16 02:56:07,157] {scheduler_job.py:190} INFO - Processing /home/airflow/.local/lib/python3.6/site-packages/airflow/example_dags/example_branch_labels.py took 0.092 seconds
[2025-06-16 02:56:37,541] {scheduler_job.py:182} INFO - Started process (PID=192) to work on /home/airflow/.local/lib/python3.6/site-packages/airflow/example_dags/example_branch_labels.py
[2025-06-16 02:56:37,543] {scheduler_job.py:633} INFO - Processing file /home/airflow/.local/lib/python3.6/site-packages/airflow/example_dags/example_branch_labels.py for tasks to queue
[2025-06-16 02:56:37,544] {logging_mixin.py:104} INFO - [2025-06-16 02:56:37,544] {dagbag.py:496} INFO - Filling up the DagBag from /home/airflow/.local/lib/python3.6/site-packages/airflow/example_dags/example_branch_labels.py
[2025-06-16 02:56:37,550] {scheduler_job.py:643} INFO - DAG(s) dict_keys(['example_branch_labels']) retrieved from /home/airflow/.local/lib/python3.6/site-packages/airflow/example_dags/example_branch_labels.py
[2025-06-16 02:56:37,608] {logging_mixin.py:104} INFO - [2025-06-16 02:56:37,608] {dag.py:1833} INFO - Sync 1 DAGs
[2025-06-16 02:56:37,631] {logging_mixin.py:104} INFO - [2025-06-16 02:56:37,631] {dag.py:2306} INFO - Setting next_dagrun for example_branch_labels to 2025-06-14 00:00:00+00:00
[2025-06-16 02:56:37,651] {scheduler_job.py:190} INFO - Processing /home/airflow/.local/lib/python3.6/site-packages/airflow/example_dags/example_branch_labels.py took 0.111 seconds
[2025-06-16 02:57:08,249] {scheduler_job.py:182} INFO - Started process (PID=261) to work on /home/airflow/.local/lib/python3.6/site-packages/airflow/example_dags/example_branch_labels.py
[2025-06-16 02:57:08,250] {scheduler_job.py:633} INFO - Processing file /home/airflow/.local/lib/python3.6/site-packages/airflow/example_dags/example_branch_labels.py for tasks to queue
[2025-06-16 02:57:08,251] {logging_mixin.py:104} INFO - [2025-06-16 02:57:08,251] {dagbag.py:496} INFO - Filling up the DagBag from /home/airflow/.local/lib/python3.6/site-packages/airflow/example_dags/example_branch_labels.py
[2025-06-16 02:57:08,257] {scheduler_job.py:643} INFO - DAG(s) dict_keys(['example_branch_labels']) retrieved from /home/airflow/.local/lib/python3.6/site-packages/airflow/example_dags/example_branch_labels.py
[2025-06-16 02:57:08,316] {logging_mixin.py:104} INFO - [2025-06-16 02:57:08,315] {dag.py:1833} INFO - Sync 1 DAGs
[2025-06-16 02:57:08,334] {logging_mixin.py:104} INFO - [2025-06-16 02:57:08,334] {dag.py:2306} INFO - Setting next_dagrun for example_branch_labels to 2025-06-14 00:00:00+00:00
[2025-06-16 02:57:08,343] {scheduler_job.py:190} INFO - Processing /home/airflow/.local/lib/python3.6/site-packages/airflow/example_dags/example_branch_labels.py took 0.095 seconds
[2025-06-16 02:57:38,947] {scheduler_job.py:182} INFO - Started process (PID=320) to work on /home/airflow/.local/lib/python3.6/site-packages/airflow/example_dags/example_branch_labels.py
[2025-06-16 02:57:38,948] {scheduler_job.py:633} INFO - Processing file /home/airflow/.local/lib/python3.6/site-packages/airflow/example_dags/example_branch_labels.py for tasks to queue
[2025-06-16 02:57:38,948] {logging_mixin.py:104} INFO - [2025-06-16 02:57:38,948] {dagbag.py:496} INFO - Filling up the DagBag from /home/airflow/.local/lib/python3.6/site-packages/airflow/example_dags/example_branch_labels.py
[2025-06-16 02:57:38,956] {scheduler_job.py:643} INFO - DAG(s) dict_keys(['example_branch_labels']) retrieved from /home/airflow/.local/lib/python3.6/site-packages/airflow/example_dags/example_branch_labels.py
[2025-06-16 02:57:39,017] {logging_mixin.py:104} INFO - [2025-06-16 02:57:39,017] {dag.py:1833} INFO - Sync 1 DAGs
[2025-06-16 02:57:39,035] {logging_mixin.py:104} INFO - [2025-06-16 02:57:39,035] {dag.py:2306} INFO - Setting next_dagrun for example_branch_labels to 2025-06-14 00:00:00+00:00
[2025-06-16 02:57:39,044] {scheduler_job.py:190} INFO - Processing /home/airflow/.local/lib/python3.6/site-packages/airflow/example_dags/example_branch_labels.py took 0.099 seconds
[2025-06-16 02:58:20,021] {scheduler_job.py:182} INFO - Started process (PID=63) to work on /home/airflow/.local/lib/python3.6/site-packages/airflow/example_dags/example_branch_labels.py
[2025-06-16 02:58:20,022] {scheduler_job.py:633} INFO - Processing file /home/airflow/.local/lib/python3.6/site-packages/airflow/example_dags/example_branch_labels.py for tasks to queue
[2025-06-16 02:58:20,023] {logging_mixin.py:104} INFO - [2025-06-16 02:58:20,023] {dagbag.py:496} INFO - Filling up the DagBag from /home/airflow/.local/lib/python3.6/site-packages/airflow/example_dags/example_branch_labels.py
[2025-06-16 02:58:20,032] {scheduler_job.py:643} INFO - DAG(s) dict_keys(['example_branch_labels']) retrieved from /home/airflow/.local/lib/python3.6/site-packages/airflow/example_dags/example_branch_labels.py
[2025-06-16 02:58:20,134] {logging_mixin.py:104} INFO - [2025-06-16 02:58:20,134] {dag.py:1833} INFO - Sync 1 DAGs
[2025-06-16 02:58:20,161] {logging_mixin.py:104} INFO - [2025-06-16 02:58:20,161] {dag.py:2306} INFO - Setting next_dagrun for example_branch_labels to 2025-06-14 00:00:00+00:00
[2025-06-16 02:58:20,175] {scheduler_job.py:190} INFO - Processing /home/airflow/.local/lib/python3.6/site-packages/airflow/example_dags/example_branch_labels.py took 0.156 seconds
[2025-06-16 02:58:50,667] {scheduler_job.py:182} INFO - Started process (PID=122) to work on /home/airflow/.local/lib/python3.6/site-packages/airflow/example_dags/example_branch_labels.py
[2025-06-16 02:58:50,668] {scheduler_job.py:633} INFO - Processing file /home/airflow/.local/lib/python3.6/site-packages/airflow/example_dags/example_branch_labels.py for tasks to queue
[2025-06-16 02:58:50,668] {logging_mixin.py:104} INFO - [2025-06-16 02:58:50,668] {dagbag.py:496} INFO - Filling up the DagBag from /home/airflow/.local/lib/python3.6/site-packages/airflow/example_dags/example_branch_labels.py
[2025-06-16 02:58:50,675] {scheduler_job.py:643} INFO - DAG(s) dict_keys(['example_branch_labels']) retrieved from /home/airflow/.local/lib/python3.6/site-packages/airflow/example_dags/example_branch_labels.py
[2025-06-16 02:58:50,734] {logging_mixin.py:104} INFO - [2025-06-16 02:58:50,733] {dag.py:1833} INFO - Sync 1 DAGs
[2025-06-16 02:58:50,752] {logging_mixin.py:104} INFO - [2025-06-16 02:58:50,752] {dag.py:2306} INFO - Setting next_dagrun for example_branch_labels to 2025-06-14 00:00:00+00:00
[2025-06-16 02:58:50,761] {scheduler_job.py:190} INFO - Processing /home/airflow/.local/lib/python3.6/site-packages/airflow/example_dags/example_branch_labels.py took 0.096 seconds
[2025-06-16 02:59:21,208] {scheduler_job.py:182} INFO - Started process (PID=191) to work on /home/airflow/.local/lib/python3.6/site-packages/airflow/example_dags/example_branch_labels.py
[2025-06-16 02:59:21,209] {scheduler_job.py:633} INFO - Processing file /home/airflow/.local/lib/python3.6/site-packages/airflow/example_dags/example_branch_labels.py for tasks to queue
[2025-06-16 02:59:21,209] {logging_mixin.py:104} INFO - [2025-06-16 02:59:21,209] {dagbag.py:496} INFO - Filling up the DagBag from /home/airflow/.local/lib/python3.6/site-packages/airflow/example_dags/example_branch_labels.py
[2025-06-16 02:59:21,215] {scheduler_job.py:643} INFO - DAG(s) dict_keys(['example_branch_labels']) retrieved from /home/airflow/.local/lib/python3.6/site-packages/airflow/example_dags/example_branch_labels.py
[2025-06-16 02:59:21,273] {logging_mixin.py:104} INFO - [2025-06-16 02:59:21,273] {dag.py:1833} INFO - Sync 1 DAGs
[2025-06-16 02:59:21,292] {logging_mixin.py:104} INFO - [2025-06-16 02:59:21,292] {dag.py:2306} INFO - Setting next_dagrun for example_branch_labels to 2025-06-14 00:00:00+00:00
[2025-06-16 02:59:21,301] {scheduler_job.py:190} INFO - Processing /home/airflow/.local/lib/python3.6/site-packages/airflow/example_dags/example_branch_labels.py took 0.094 seconds
[2025-06-16 02:59:51,886] {scheduler_job.py:182} INFO - Started process (PID=260) to work on /home/airflow/.local/lib/python3.6/site-packages/airflow/example_dags/example_branch_labels.py
[2025-06-16 02:59:51,886] {scheduler_job.py:633} INFO - Processing file /home/airflow/.local/lib/python3.6/site-packages/airflow/example_dags/example_branch_labels.py for tasks to queue
[2025-06-16 02:59:51,887] {logging_mixin.py:104} INFO - [2025-06-16 02:59:51,887] {dagbag.py:496} INFO - Filling up the DagBag from /home/airflow/.local/lib/python3.6/site-packages/airflow/example_dags/example_branch_labels.py
[2025-06-16 02:59:51,893] {scheduler_job.py:643} INFO - DAG(s) dict_keys(['example_branch_labels']) retrieved from /home/airflow/.local/lib/python3.6/site-packages/airflow/example_dags/example_branch_labels.py
[2025-06-16 02:59:51,951] {logging_mixin.py:104} INFO - [2025-06-16 02:59:51,951] {dag.py:1833} INFO - Sync 1 DAGs
[2025-06-16 02:59:51,982] {logging_mixin.py:104} INFO - [2025-06-16 02:59:51,982] {dag.py:2306} INFO - Setting next_dagrun for example_branch_labels to 2025-06-14 00:00:00+00:00
[2025-06-16 02:59:51,992] {scheduler_job.py:190} INFO - Processing /home/airflow/.local/lib/python3.6/site-packages/airflow/example_dags/example_branch_labels.py took 0.108 seconds
