[2025-06-16 02:52:09,073] {scheduler_job.py:182} INFO - Started process (PID=337) to work on /home/airflow/.local/lib/python3.6/site-packages/airflow/example_dags/example_trigger_controller_dag.py
[2025-06-16 02:52:09,074] {scheduler_job.py:633} INFO - Processing file /home/airflow/.local/lib/python3.6/site-packages/airflow/example_dags/example_trigger_controller_dag.py for tasks to queue
[2025-06-16 02:52:09,074] {logging_mixin.py:104} INFO - [2025-06-16 02:52:09,074] {dagbag.py:496} INFO - Filling up the DagBag from /home/airflow/.local/lib/python3.6/site-packages/airflow/example_dags/example_trigger_controller_dag.py
[2025-06-16 02:52:09,084] {scheduler_job.py:643} INFO - DAG(s) dict_keys(['example_trigger_controller_dag']) retrieved from /home/airflow/.local/lib/python3.6/site-packages/airflow/example_dags/example_trigger_controller_dag.py
[2025-06-16 02:52:10,608] {logging_mixin.py:104} INFO - [2025-06-16 02:52:10,608] {dag.py:1833} INFO - Sync 1 DAGs
[2025-06-16 02:52:10,614] {logging_mixin.py:104} INFO - [2025-06-16 02:52:10,613] {dag.py:1852} INFO - Creating ORM DAG for example_trigger_controller_dag
[2025-06-16 02:52:10,621] {logging_mixin.py:104} INFO - [2025-06-16 02:52:10,621] {dag.py:2306} INFO - Setting next_dagrun for example_trigger_controller_dag to 2025-06-14 00:00:00+00:00
[2025-06-16 02:52:10,627] {scheduler_job.py:190} INFO - Processing /home/airflow/.local/lib/python3.6/site-packages/airflow/example_dags/example_trigger_controller_dag.py took 1.557 seconds
[2025-06-16 02:52:41,462] {scheduler_job.py:182} INFO - Started process (PID=416) to work on /home/airflow/.local/lib/python3.6/site-packages/airflow/example_dags/example_trigger_controller_dag.py
[2025-06-16 02:52:41,464] {scheduler_job.py:633} INFO - Processing file /home/airflow/.local/lib/python3.6/site-packages/airflow/example_dags/example_trigger_controller_dag.py for tasks to queue
[2025-06-16 02:52:41,465] {logging_mixin.py:104} INFO - [2025-06-16 02:52:41,464] {dagbag.py:496} INFO - Filling up the DagBag from /home/airflow/.local/lib/python3.6/site-packages/airflow/example_dags/example_trigger_controller_dag.py
[2025-06-16 02:52:41,474] {scheduler_job.py:643} INFO - DAG(s) dict_keys(['example_trigger_controller_dag']) retrieved from /home/airflow/.local/lib/python3.6/site-packages/airflow/example_dags/example_trigger_controller_dag.py
[2025-06-16 02:52:41,540] {logging_mixin.py:104} INFO - [2025-06-16 02:52:41,540] {dag.py:1833} INFO - Sync 1 DAGs
[2025-06-16 02:52:41,556] {logging_mixin.py:104} INFO - [2025-06-16 02:52:41,556] {dag.py:2306} INFO - Setting next_dagrun for example_trigger_controller_dag to 2025-06-14 00:00:00+00:00
[2025-06-16 02:52:41,565] {scheduler_job.py:190} INFO - Processing /home/airflow/.local/lib/python3.6/site-packages/airflow/example_dags/example_trigger_controller_dag.py took 0.106 seconds
[2025-06-16 02:53:12,013] {scheduler_job.py:182} INFO - Started process (PID=482) to work on /home/airflow/.local/lib/python3.6/site-packages/airflow/example_dags/example_trigger_controller_dag.py
[2025-06-16 02:53:12,015] {scheduler_job.py:633} INFO - Processing file /home/airflow/.local/lib/python3.6/site-packages/airflow/example_dags/example_trigger_controller_dag.py for tasks to queue
[2025-06-16 02:53:12,016] {logging_mixin.py:104} INFO - [2025-06-16 02:53:12,016] {dagbag.py:496} INFO - Filling up the DagBag from /home/airflow/.local/lib/python3.6/site-packages/airflow/example_dags/example_trigger_controller_dag.py
[2025-06-16 02:53:12,024] {scheduler_job.py:643} INFO - DAG(s) dict_keys(['example_trigger_controller_dag']) retrieved from /home/airflow/.local/lib/python3.6/site-packages/airflow/example_dags/example_trigger_controller_dag.py
[2025-06-16 02:53:12,084] {logging_mixin.py:104} INFO - [2025-06-16 02:53:12,084] {dag.py:1833} INFO - Sync 1 DAGs
[2025-06-16 02:53:12,102] {logging_mixin.py:104} INFO - [2025-06-16 02:53:12,102] {dag.py:2306} INFO - Setting next_dagrun for example_trigger_controller_dag to 2025-06-14 00:00:00+00:00
[2025-06-16 02:53:12,116] {scheduler_job.py:190} INFO - Processing /home/airflow/.local/lib/python3.6/site-packages/airflow/example_dags/example_trigger_controller_dag.py took 0.105 seconds
[2025-06-16 02:53:44,672] {scheduler_job.py:182} INFO - Started process (PID=86) to work on /home/airflow/.local/lib/python3.6/site-packages/airflow/example_dags/example_trigger_controller_dag.py
[2025-06-16 02:53:44,675] {scheduler_job.py:633} INFO - Processing file /home/airflow/.local/lib/python3.6/site-packages/airflow/example_dags/example_trigger_controller_dag.py for tasks to queue
[2025-06-16 02:53:44,676] {logging_mixin.py:104} INFO - [2025-06-16 02:53:44,676] {dagbag.py:496} INFO - Filling up the DagBag from /home/airflow/.local/lib/python3.6/site-packages/airflow/example_dags/example_trigger_controller_dag.py
[2025-06-16 02:53:44,692] {scheduler_job.py:643} INFO - DAG(s) dict_keys(['example_trigger_controller_dag']) retrieved from /home/airflow/.local/lib/python3.6/site-packages/airflow/example_dags/example_trigger_controller_dag.py
[2025-06-16 02:53:44,826] {logging_mixin.py:104} INFO - [2025-06-16 02:53:44,825] {dag.py:1833} INFO - Sync 1 DAGs
[2025-06-16 02:53:44,864] {logging_mixin.py:104} INFO - [2025-06-16 02:53:44,864] {dag.py:2306} INFO - Setting next_dagrun for example_trigger_controller_dag to 2025-06-14 00:00:00+00:00
[2025-06-16 02:53:44,886] {scheduler_job.py:190} INFO - Processing /home/airflow/.local/lib/python3.6/site-packages/airflow/example_dags/example_trigger_controller_dag.py took 0.224 seconds
[2025-06-16 02:54:15,616] {scheduler_job.py:182} INFO - Started process (PID=155) to work on /home/airflow/.local/lib/python3.6/site-packages/airflow/example_dags/example_trigger_controller_dag.py
[2025-06-16 02:54:15,617] {scheduler_job.py:633} INFO - Processing file /home/airflow/.local/lib/python3.6/site-packages/airflow/example_dags/example_trigger_controller_dag.py for tasks to queue
[2025-06-16 02:54:15,617] {logging_mixin.py:104} INFO - [2025-06-16 02:54:15,617] {dagbag.py:496} INFO - Filling up the DagBag from /home/airflow/.local/lib/python3.6/site-packages/airflow/example_dags/example_trigger_controller_dag.py
[2025-06-16 02:54:15,623] {scheduler_job.py:643} INFO - DAG(s) dict_keys(['example_trigger_controller_dag']) retrieved from /home/airflow/.local/lib/python3.6/site-packages/airflow/example_dags/example_trigger_controller_dag.py
[2025-06-16 02:54:15,686] {logging_mixin.py:104} INFO - [2025-06-16 02:54:15,686] {dag.py:1833} INFO - Sync 1 DAGs
[2025-06-16 02:54:15,706] {logging_mixin.py:104} INFO - [2025-06-16 02:54:15,706] {dag.py:2306} INFO - Setting next_dagrun for example_trigger_controller_dag to 2025-06-14 00:00:00+00:00
[2025-06-16 02:54:15,718] {scheduler_job.py:190} INFO - Processing /home/airflow/.local/lib/python3.6/site-packages/airflow/example_dags/example_trigger_controller_dag.py took 0.104 seconds
[2025-06-16 02:54:45,875] {scheduler_job.py:182} INFO - Started process (PID=213) to work on /home/airflow/.local/lib/python3.6/site-packages/airflow/example_dags/example_trigger_controller_dag.py
[2025-06-16 02:54:45,877] {scheduler_job.py:633} INFO - Processing file /home/airflow/.local/lib/python3.6/site-packages/airflow/example_dags/example_trigger_controller_dag.py for tasks to queue
[2025-06-16 02:54:45,878] {logging_mixin.py:104} INFO - [2025-06-16 02:54:45,878] {dagbag.py:496} INFO - Filling up the DagBag from /home/airflow/.local/lib/python3.6/site-packages/airflow/example_dags/example_trigger_controller_dag.py
[2025-06-16 02:54:45,884] {scheduler_job.py:643} INFO - DAG(s) dict_keys(['example_trigger_controller_dag']) retrieved from /home/airflow/.local/lib/python3.6/site-packages/airflow/example_dags/example_trigger_controller_dag.py
[2025-06-16 02:54:45,949] {logging_mixin.py:104} INFO - [2025-06-16 02:54:45,948] {dag.py:1833} INFO - Sync 1 DAGs
[2025-06-16 02:54:45,967] {logging_mixin.py:104} INFO - [2025-06-16 02:54:45,967] {dag.py:2306} INFO - Setting next_dagrun for example_trigger_controller_dag to 2025-06-14 00:00:00+00:00
[2025-06-16 02:54:45,977] {scheduler_job.py:190} INFO - Processing /home/airflow/.local/lib/python3.6/site-packages/airflow/example_dags/example_trigger_controller_dag.py took 0.103 seconds
[2025-06-16 02:55:38,785] {scheduler_job.py:182} INFO - Started process (PID=86) to work on /home/airflow/.local/lib/python3.6/site-packages/airflow/example_dags/example_trigger_controller_dag.py
[2025-06-16 02:55:38,788] {scheduler_job.py:633} INFO - Processing file /home/airflow/.local/lib/python3.6/site-packages/airflow/example_dags/example_trigger_controller_dag.py for tasks to queue
[2025-06-16 02:55:38,788] {logging_mixin.py:104} INFO - [2025-06-16 02:55:38,788] {dagbag.py:496} INFO - Filling up the DagBag from /home/airflow/.local/lib/python3.6/site-packages/airflow/example_dags/example_trigger_controller_dag.py
[2025-06-16 02:55:38,795] {scheduler_job.py:643} INFO - DAG(s) dict_keys(['example_trigger_controller_dag']) retrieved from /home/airflow/.local/lib/python3.6/site-packages/airflow/example_dags/example_trigger_controller_dag.py
[2025-06-16 02:55:38,904] {logging_mixin.py:104} INFO - [2025-06-16 02:55:38,904] {dag.py:1833} INFO - Sync 1 DAGs
[2025-06-16 02:55:38,946] {logging_mixin.py:104} INFO - [2025-06-16 02:55:38,946] {dag.py:2306} INFO - Setting next_dagrun for example_trigger_controller_dag to 2025-06-14 00:00:00+00:00
[2025-06-16 02:55:38,982] {scheduler_job.py:190} INFO - Processing /home/airflow/.local/lib/python3.6/site-packages/airflow/example_dags/example_trigger_controller_dag.py took 0.201 seconds
[2025-06-16 02:56:09,441] {scheduler_job.py:182} INFO - Started process (PID=154) to work on /home/airflow/.local/lib/python3.6/site-packages/airflow/example_dags/example_trigger_controller_dag.py
[2025-06-16 02:56:09,442] {scheduler_job.py:633} INFO - Processing file /home/airflow/.local/lib/python3.6/site-packages/airflow/example_dags/example_trigger_controller_dag.py for tasks to queue
[2025-06-16 02:56:09,442] {logging_mixin.py:104} INFO - [2025-06-16 02:56:09,442] {dagbag.py:496} INFO - Filling up the DagBag from /home/airflow/.local/lib/python3.6/site-packages/airflow/example_dags/example_trigger_controller_dag.py
[2025-06-16 02:56:09,448] {scheduler_job.py:643} INFO - DAG(s) dict_keys(['example_trigger_controller_dag']) retrieved from /home/airflow/.local/lib/python3.6/site-packages/airflow/example_dags/example_trigger_controller_dag.py
[2025-06-16 02:56:09,506] {logging_mixin.py:104} INFO - [2025-06-16 02:56:09,506] {dag.py:1833} INFO - Sync 1 DAGs
[2025-06-16 02:56:09,523] {logging_mixin.py:104} INFO - [2025-06-16 02:56:09,523] {dag.py:2306} INFO - Setting next_dagrun for example_trigger_controller_dag to 2025-06-14 00:00:00+00:00
[2025-06-16 02:56:09,535] {scheduler_job.py:190} INFO - Processing /home/airflow/.local/lib/python3.6/site-packages/airflow/example_dags/example_trigger_controller_dag.py took 0.096 seconds
[2025-06-16 02:56:40,173] {scheduler_job.py:182} INFO - Started process (PID=214) to work on /home/airflow/.local/lib/python3.6/site-packages/airflow/example_dags/example_trigger_controller_dag.py
[2025-06-16 02:56:40,174] {scheduler_job.py:633} INFO - Processing file /home/airflow/.local/lib/python3.6/site-packages/airflow/example_dags/example_trigger_controller_dag.py for tasks to queue
[2025-06-16 02:56:40,174] {logging_mixin.py:104} INFO - [2025-06-16 02:56:40,174] {dagbag.py:496} INFO - Filling up the DagBag from /home/airflow/.local/lib/python3.6/site-packages/airflow/example_dags/example_trigger_controller_dag.py
[2025-06-16 02:56:40,182] {scheduler_job.py:643} INFO - DAG(s) dict_keys(['example_trigger_controller_dag']) retrieved from /home/airflow/.local/lib/python3.6/site-packages/airflow/example_dags/example_trigger_controller_dag.py
[2025-06-16 02:56:40,247] {logging_mixin.py:104} INFO - [2025-06-16 02:56:40,247] {dag.py:1833} INFO - Sync 1 DAGs
[2025-06-16 02:56:40,265] {logging_mixin.py:104} INFO - [2025-06-16 02:56:40,265] {dag.py:2306} INFO - Setting next_dagrun for example_trigger_controller_dag to 2025-06-14 00:00:00+00:00
[2025-06-16 02:56:40,275] {scheduler_job.py:190} INFO - Processing /home/airflow/.local/lib/python3.6/site-packages/airflow/example_dags/example_trigger_controller_dag.py took 0.105 seconds
[2025-06-16 02:57:10,753] {scheduler_job.py:182} INFO - Started process (PID=283) to work on /home/airflow/.local/lib/python3.6/site-packages/airflow/example_dags/example_trigger_controller_dag.py
[2025-06-16 02:57:10,761] {scheduler_job.py:633} INFO - Processing file /home/airflow/.local/lib/python3.6/site-packages/airflow/example_dags/example_trigger_controller_dag.py for tasks to queue
[2025-06-16 02:57:10,762] {logging_mixin.py:104} INFO - [2025-06-16 02:57:10,762] {dagbag.py:496} INFO - Filling up the DagBag from /home/airflow/.local/lib/python3.6/site-packages/airflow/example_dags/example_trigger_controller_dag.py
[2025-06-16 02:57:10,775] {scheduler_job.py:643} INFO - DAG(s) dict_keys(['example_trigger_controller_dag']) retrieved from /home/airflow/.local/lib/python3.6/site-packages/airflow/example_dags/example_trigger_controller_dag.py
[2025-06-16 02:57:10,869] {logging_mixin.py:104} INFO - [2025-06-16 02:57:10,869] {dag.py:1833} INFO - Sync 1 DAGs
[2025-06-16 02:57:10,891] {logging_mixin.py:104} INFO - [2025-06-16 02:57:10,890] {dag.py:2306} INFO - Setting next_dagrun for example_trigger_controller_dag to 2025-06-14 00:00:00+00:00
[2025-06-16 02:57:10,902] {scheduler_job.py:190} INFO - Processing /home/airflow/.local/lib/python3.6/site-packages/airflow/example_dags/example_trigger_controller_dag.py took 0.150 seconds
[2025-06-16 02:57:41,460] {scheduler_job.py:182} INFO - Started process (PID=351) to work on /home/airflow/.local/lib/python3.6/site-packages/airflow/example_dags/example_trigger_controller_dag.py
[2025-06-16 02:57:41,462] {scheduler_job.py:633} INFO - Processing file /home/airflow/.local/lib/python3.6/site-packages/airflow/example_dags/example_trigger_controller_dag.py for tasks to queue
[2025-06-16 02:57:41,462] {logging_mixin.py:104} INFO - [2025-06-16 02:57:41,462] {dagbag.py:496} INFO - Filling up the DagBag from /home/airflow/.local/lib/python3.6/site-packages/airflow/example_dags/example_trigger_controller_dag.py
[2025-06-16 02:57:41,468] {scheduler_job.py:643} INFO - DAG(s) dict_keys(['example_trigger_controller_dag']) retrieved from /home/airflow/.local/lib/python3.6/site-packages/airflow/example_dags/example_trigger_controller_dag.py
[2025-06-16 02:57:41,531] {logging_mixin.py:104} INFO - [2025-06-16 02:57:41,530] {dag.py:1833} INFO - Sync 1 DAGs
[2025-06-16 02:57:41,550] {logging_mixin.py:104} INFO - [2025-06-16 02:57:41,549] {dag.py:2306} INFO - Setting next_dagrun for example_trigger_controller_dag to 2025-06-14 00:00:00+00:00
[2025-06-16 02:57:41,560] {scheduler_job.py:190} INFO - Processing /home/airflow/.local/lib/python3.6/site-packages/airflow/example_dags/example_trigger_controller_dag.py took 0.103 seconds
[2025-06-16 02:58:22,572] {scheduler_job.py:182} INFO - Started process (PID=85) to work on /home/airflow/.local/lib/python3.6/site-packages/airflow/example_dags/example_trigger_controller_dag.py
[2025-06-16 02:58:22,574] {scheduler_job.py:633} INFO - Processing file /home/airflow/.local/lib/python3.6/site-packages/airflow/example_dags/example_trigger_controller_dag.py for tasks to queue
[2025-06-16 02:58:22,576] {logging_mixin.py:104} INFO - [2025-06-16 02:58:22,575] {dagbag.py:496} INFO - Filling up the DagBag from /home/airflow/.local/lib/python3.6/site-packages/airflow/example_dags/example_trigger_controller_dag.py
[2025-06-16 02:58:22,589] {scheduler_job.py:643} INFO - DAG(s) dict_keys(['example_trigger_controller_dag']) retrieved from /home/airflow/.local/lib/python3.6/site-packages/airflow/example_dags/example_trigger_controller_dag.py
[2025-06-16 02:58:22,701] {logging_mixin.py:104} INFO - [2025-06-16 02:58:22,701] {dag.py:1833} INFO - Sync 1 DAGs
[2025-06-16 02:58:22,734] {logging_mixin.py:104} INFO - [2025-06-16 02:58:22,734] {dag.py:2306} INFO - Setting next_dagrun for example_trigger_controller_dag to 2025-06-14 00:00:00+00:00
[2025-06-16 02:58:22,763] {scheduler_job.py:190} INFO - Processing /home/airflow/.local/lib/python3.6/site-packages/airflow/example_dags/example_trigger_controller_dag.py took 0.195 seconds
[2025-06-16 02:58:53,141] {scheduler_job.py:182} INFO - Started process (PID=154) to work on /home/airflow/.local/lib/python3.6/site-packages/airflow/example_dags/example_trigger_controller_dag.py
[2025-06-16 02:58:53,142] {scheduler_job.py:633} INFO - Processing file /home/airflow/.local/lib/python3.6/site-packages/airflow/example_dags/example_trigger_controller_dag.py for tasks to queue
[2025-06-16 02:58:53,143] {logging_mixin.py:104} INFO - [2025-06-16 02:58:53,143] {dagbag.py:496} INFO - Filling up the DagBag from /home/airflow/.local/lib/python3.6/site-packages/airflow/example_dags/example_trigger_controller_dag.py
[2025-06-16 02:58:53,148] {scheduler_job.py:643} INFO - DAG(s) dict_keys(['example_trigger_controller_dag']) retrieved from /home/airflow/.local/lib/python3.6/site-packages/airflow/example_dags/example_trigger_controller_dag.py
[2025-06-16 02:58:53,203] {logging_mixin.py:104} INFO - [2025-06-16 02:58:53,203] {dag.py:1833} INFO - Sync 1 DAGs
[2025-06-16 02:58:53,221] {logging_mixin.py:104} INFO - [2025-06-16 02:58:53,221] {dag.py:2306} INFO - Setting next_dagrun for example_trigger_controller_dag to 2025-06-14 00:00:00+00:00
[2025-06-16 02:58:53,230] {scheduler_job.py:190} INFO - Processing /home/airflow/.local/lib/python3.6/site-packages/airflow/example_dags/example_trigger_controller_dag.py took 0.090 seconds
[2025-06-16 02:59:23,514] {scheduler_job.py:182} INFO - Started process (PID=213) to work on /home/airflow/.local/lib/python3.6/site-packages/airflow/example_dags/example_trigger_controller_dag.py
[2025-06-16 02:59:23,515] {scheduler_job.py:633} INFO - Processing file /home/airflow/.local/lib/python3.6/site-packages/airflow/example_dags/example_trigger_controller_dag.py for tasks to queue
[2025-06-16 02:59:23,515] {logging_mixin.py:104} INFO - [2025-06-16 02:59:23,515] {dagbag.py:496} INFO - Filling up the DagBag from /home/airflow/.local/lib/python3.6/site-packages/airflow/example_dags/example_trigger_controller_dag.py
[2025-06-16 02:59:23,521] {scheduler_job.py:643} INFO - DAG(s) dict_keys(['example_trigger_controller_dag']) retrieved from /home/airflow/.local/lib/python3.6/site-packages/airflow/example_dags/example_trigger_controller_dag.py
[2025-06-16 02:59:23,578] {logging_mixin.py:104} INFO - [2025-06-16 02:59:23,578] {dag.py:1833} INFO - Sync 1 DAGs
[2025-06-16 02:59:23,596] {logging_mixin.py:104} INFO - [2025-06-16 02:59:23,595] {dag.py:2306} INFO - Setting next_dagrun for example_trigger_controller_dag to 2025-06-14 00:00:00+00:00
[2025-06-16 02:59:23,605] {scheduler_job.py:190} INFO - Processing /home/airflow/.local/lib/python3.6/site-packages/airflow/example_dags/example_trigger_controller_dag.py took 0.092 seconds
[2025-06-16 02:59:54,376] {scheduler_job.py:182} INFO - Started process (PID=282) to work on /home/airflow/.local/lib/python3.6/site-packages/airflow/example_dags/example_trigger_controller_dag.py
[2025-06-16 02:59:54,377] {scheduler_job.py:633} INFO - Processing file /home/airflow/.local/lib/python3.6/site-packages/airflow/example_dags/example_trigger_controller_dag.py for tasks to queue
[2025-06-16 02:59:54,377] {logging_mixin.py:104} INFO - [2025-06-16 02:59:54,377] {dagbag.py:496} INFO - Filling up the DagBag from /home/airflow/.local/lib/python3.6/site-packages/airflow/example_dags/example_trigger_controller_dag.py
[2025-06-16 02:59:54,382] {scheduler_job.py:643} INFO - DAG(s) dict_keys(['example_trigger_controller_dag']) retrieved from /home/airflow/.local/lib/python3.6/site-packages/airflow/example_dags/example_trigger_controller_dag.py
[2025-06-16 02:59:54,442] {logging_mixin.py:104} INFO - [2025-06-16 02:59:54,442] {dag.py:1833} INFO - Sync 1 DAGs
[2025-06-16 02:59:54,460] {logging_mixin.py:104} INFO - [2025-06-16 02:59:54,459] {dag.py:2306} INFO - Setting next_dagrun for example_trigger_controller_dag to 2025-06-14 00:00:00+00:00
[2025-06-16 02:59:54,469] {scheduler_job.py:190} INFO - Processing /home/airflow/.local/lib/python3.6/site-packages/airflow/example_dags/example_trigger_controller_dag.py took 0.095 seconds
