[2025-06-16 02:51:59,252] {scheduler_job.py:182} INFO - Started process (PID=228) to work on /home/airflow/.local/lib/python3.6/site-packages/airflow/example_dags/example_kubernetes_executor_config.py
[2025-06-16 02:51:59,254] {scheduler_job.py:633} INFO - Processing file /home/airflow/.local/lib/python3.6/site-packages/airflow/example_dags/example_kubernetes_executor_config.py for tasks to queue
[2025-06-16 02:51:59,254] {logging_mixin.py:104} INFO - [2025-06-16 02:51:59,254] {dagbag.py:496} INFO - Filling up the DagBag from /home/airflow/.local/lib/python3.6/site-packages/airflow/example_dags/example_kubernetes_executor_config.py
[2025-06-16 02:51:59,263] {scheduler_job.py:643} INFO - DAG(s) dict_keys(['example_kubernetes_executor_config']) retrieved from /home/airflow/.local/lib/python3.6/site-packages/airflow/example_dags/example_kubernetes_executor_config.py
[2025-06-16 02:52:00,884] {logging_mixin.py:104} INFO - [2025-06-16 02:52:00,884] {dag.py:1833} INFO - Sync 1 DAGs
[2025-06-16 02:52:00,891] {logging_mixin.py:104} INFO - [2025-06-16 02:52:00,891] {dag.py:1852} INFO - Creating ORM DAG for example_kubernetes_executor_config
[2025-06-16 02:52:00,899] {logging_mixin.py:104} INFO - [2025-06-16 02:52:00,899] {dag.py:2306} INFO - Setting next_dagrun for example_kubernetes_executor_config to None
[2025-06-16 02:52:00,905] {scheduler_job.py:190} INFO - Processing /home/airflow/.local/lib/python3.6/site-packages/airflow/example_dags/example_kubernetes_executor_config.py took 1.655 seconds
[2025-06-16 02:52:31,525] {scheduler_job.py:182} INFO - Started process (PID=394) to work on /home/airflow/.local/lib/python3.6/site-packages/airflow/example_dags/example_kubernetes_executor_config.py
[2025-06-16 02:52:31,527] {scheduler_job.py:633} INFO - Processing file /home/airflow/.local/lib/python3.6/site-packages/airflow/example_dags/example_kubernetes_executor_config.py for tasks to queue
[2025-06-16 02:52:31,528] {logging_mixin.py:104} INFO - [2025-06-16 02:52:31,528] {dagbag.py:496} INFO - Filling up the DagBag from /home/airflow/.local/lib/python3.6/site-packages/airflow/example_dags/example_kubernetes_executor_config.py
[2025-06-16 02:52:31,542] {scheduler_job.py:643} INFO - DAG(s) dict_keys(['example_kubernetes_executor_config']) retrieved from /home/airflow/.local/lib/python3.6/site-packages/airflow/example_dags/example_kubernetes_executor_config.py
[2025-06-16 02:52:31,613] {logging_mixin.py:104} INFO - [2025-06-16 02:52:31,613] {dag.py:1833} INFO - Sync 1 DAGs
[2025-06-16 02:52:31,629] {logging_mixin.py:104} INFO - [2025-06-16 02:52:31,629] {dag.py:2306} INFO - Setting next_dagrun for example_kubernetes_executor_config to None
[2025-06-16 02:52:31,639] {scheduler_job.py:190} INFO - Processing /home/airflow/.local/lib/python3.6/site-packages/airflow/example_dags/example_kubernetes_executor_config.py took 0.118 seconds
[2025-06-16 02:53:02,279] {scheduler_job.py:182} INFO - Started process (PID=463) to work on /home/airflow/.local/lib/python3.6/site-packages/airflow/example_dags/example_kubernetes_executor_config.py
[2025-06-16 02:53:02,280] {scheduler_job.py:633} INFO - Processing file /home/airflow/.local/lib/python3.6/site-packages/airflow/example_dags/example_kubernetes_executor_config.py for tasks to queue
[2025-06-16 02:53:02,282] {logging_mixin.py:104} INFO - [2025-06-16 02:53:02,282] {dagbag.py:496} INFO - Filling up the DagBag from /home/airflow/.local/lib/python3.6/site-packages/airflow/example_dags/example_kubernetes_executor_config.py
[2025-06-16 02:53:02,289] {scheduler_job.py:643} INFO - DAG(s) dict_keys(['example_kubernetes_executor_config']) retrieved from /home/airflow/.local/lib/python3.6/site-packages/airflow/example_dags/example_kubernetes_executor_config.py
[2025-06-16 02:53:02,350] {logging_mixin.py:104} INFO - [2025-06-16 02:53:02,350] {dag.py:1833} INFO - Sync 1 DAGs
[2025-06-16 02:53:02,367] {logging_mixin.py:104} INFO - [2025-06-16 02:53:02,367] {dag.py:2306} INFO - Setting next_dagrun for example_kubernetes_executor_config to None
[2025-06-16 02:53:02,378] {scheduler_job.py:190} INFO - Processing /home/airflow/.local/lib/python3.6/site-packages/airflow/example_dags/example_kubernetes_executor_config.py took 0.101 seconds
[2025-06-16 02:53:43,253] {scheduler_job.py:182} INFO - Started process (PID=75) to work on /home/airflow/.local/lib/python3.6/site-packages/airflow/example_dags/example_kubernetes_executor_config.py
[2025-06-16 02:53:43,254] {scheduler_job.py:633} INFO - Processing file /home/airflow/.local/lib/python3.6/site-packages/airflow/example_dags/example_kubernetes_executor_config.py for tasks to queue
[2025-06-16 02:53:43,255] {logging_mixin.py:104} INFO - [2025-06-16 02:53:43,255] {dagbag.py:496} INFO - Filling up the DagBag from /home/airflow/.local/lib/python3.6/site-packages/airflow/example_dags/example_kubernetes_executor_config.py
[2025-06-16 02:53:43,266] {scheduler_job.py:643} INFO - DAG(s) dict_keys(['example_kubernetes_executor_config']) retrieved from /home/airflow/.local/lib/python3.6/site-packages/airflow/example_dags/example_kubernetes_executor_config.py
[2025-06-16 02:53:43,334] {logging_mixin.py:104} INFO - [2025-06-16 02:53:43,334] {dag.py:1833} INFO - Sync 1 DAGs
[2025-06-16 02:53:43,353] {logging_mixin.py:104} INFO - [2025-06-16 02:53:43,353] {dag.py:2306} INFO - Setting next_dagrun for example_kubernetes_executor_config to None
[2025-06-16 02:53:43,366] {scheduler_job.py:190} INFO - Processing /home/airflow/.local/lib/python3.6/site-packages/airflow/example_dags/example_kubernetes_executor_config.py took 0.116 seconds
[2025-06-16 02:54:13,835] {scheduler_job.py:182} INFO - Started process (PID=134) to work on /home/airflow/.local/lib/python3.6/site-packages/airflow/example_dags/example_kubernetes_executor_config.py
[2025-06-16 02:54:13,835] {scheduler_job.py:633} INFO - Processing file /home/airflow/.local/lib/python3.6/site-packages/airflow/example_dags/example_kubernetes_executor_config.py for tasks to queue
[2025-06-16 02:54:13,836] {logging_mixin.py:104} INFO - [2025-06-16 02:54:13,836] {dagbag.py:496} INFO - Filling up the DagBag from /home/airflow/.local/lib/python3.6/site-packages/airflow/example_dags/example_kubernetes_executor_config.py
[2025-06-16 02:54:13,843] {scheduler_job.py:643} INFO - DAG(s) dict_keys(['example_kubernetes_executor_config']) retrieved from /home/airflow/.local/lib/python3.6/site-packages/airflow/example_dags/example_kubernetes_executor_config.py
[2025-06-16 02:54:13,901] {logging_mixin.py:104} INFO - [2025-06-16 02:54:13,901] {dag.py:1833} INFO - Sync 1 DAGs
[2025-06-16 02:54:13,918] {logging_mixin.py:104} INFO - [2025-06-16 02:54:13,918] {dag.py:2306} INFO - Setting next_dagrun for example_kubernetes_executor_config to None
[2025-06-16 02:54:13,928] {scheduler_job.py:190} INFO - Processing /home/airflow/.local/lib/python3.6/site-packages/airflow/example_dags/example_kubernetes_executor_config.py took 0.095 seconds
[2025-06-16 02:54:44,286] {scheduler_job.py:182} INFO - Started process (PID=203) to work on /home/airflow/.local/lib/python3.6/site-packages/airflow/example_dags/example_kubernetes_executor_config.py
[2025-06-16 02:54:44,286] {scheduler_job.py:633} INFO - Processing file /home/airflow/.local/lib/python3.6/site-packages/airflow/example_dags/example_kubernetes_executor_config.py for tasks to queue
[2025-06-16 02:54:44,286] {logging_mixin.py:104} INFO - [2025-06-16 02:54:44,286] {dagbag.py:496} INFO - Filling up the DagBag from /home/airflow/.local/lib/python3.6/site-packages/airflow/example_dags/example_kubernetes_executor_config.py
[2025-06-16 02:54:44,295] {scheduler_job.py:643} INFO - DAG(s) dict_keys(['example_kubernetes_executor_config']) retrieved from /home/airflow/.local/lib/python3.6/site-packages/airflow/example_dags/example_kubernetes_executor_config.py
[2025-06-16 02:54:44,360] {logging_mixin.py:104} INFO - [2025-06-16 02:54:44,360] {dag.py:1833} INFO - Sync 1 DAGs
[2025-06-16 02:54:44,381] {logging_mixin.py:104} INFO - [2025-06-16 02:54:44,381] {dag.py:2306} INFO - Setting next_dagrun for example_kubernetes_executor_config to None
[2025-06-16 02:54:44,393] {scheduler_job.py:190} INFO - Processing /home/airflow/.local/lib/python3.6/site-packages/airflow/example_dags/example_kubernetes_executor_config.py took 0.109 seconds
[2025-06-16 02:55:37,797] {scheduler_job.py:182} INFO - Started process (PID=75) to work on /home/airflow/.local/lib/python3.6/site-packages/airflow/example_dags/example_kubernetes_executor_config.py
[2025-06-16 02:55:37,797] {scheduler_job.py:633} INFO - Processing file /home/airflow/.local/lib/python3.6/site-packages/airflow/example_dags/example_kubernetes_executor_config.py for tasks to queue
[2025-06-16 02:55:37,798] {logging_mixin.py:104} INFO - [2025-06-16 02:55:37,798] {dagbag.py:496} INFO - Filling up the DagBag from /home/airflow/.local/lib/python3.6/site-packages/airflow/example_dags/example_kubernetes_executor_config.py
[2025-06-16 02:55:37,806] {scheduler_job.py:643} INFO - DAG(s) dict_keys(['example_kubernetes_executor_config']) retrieved from /home/airflow/.local/lib/python3.6/site-packages/airflow/example_dags/example_kubernetes_executor_config.py
[2025-06-16 02:55:37,871] {logging_mixin.py:104} INFO - [2025-06-16 02:55:37,871] {dag.py:1833} INFO - Sync 1 DAGs
[2025-06-16 02:55:37,889] {logging_mixin.py:104} INFO - [2025-06-16 02:55:37,889] {dag.py:2306} INFO - Setting next_dagrun for example_kubernetes_executor_config to None
[2025-06-16 02:55:37,901] {scheduler_job.py:190} INFO - Processing /home/airflow/.local/lib/python3.6/site-packages/airflow/example_dags/example_kubernetes_executor_config.py took 0.106 seconds
[2025-06-16 02:56:08,778] {scheduler_job.py:182} INFO - Started process (PID=144) to work on /home/airflow/.local/lib/python3.6/site-packages/airflow/example_dags/example_kubernetes_executor_config.py
[2025-06-16 02:56:08,779] {scheduler_job.py:633} INFO - Processing file /home/airflow/.local/lib/python3.6/site-packages/airflow/example_dags/example_kubernetes_executor_config.py for tasks to queue
[2025-06-16 02:56:08,779] {logging_mixin.py:104} INFO - [2025-06-16 02:56:08,779] {dagbag.py:496} INFO - Filling up the DagBag from /home/airflow/.local/lib/python3.6/site-packages/airflow/example_dags/example_kubernetes_executor_config.py
[2025-06-16 02:56:08,787] {scheduler_job.py:643} INFO - DAG(s) dict_keys(['example_kubernetes_executor_config']) retrieved from /home/airflow/.local/lib/python3.6/site-packages/airflow/example_dags/example_kubernetes_executor_config.py
[2025-06-16 02:56:08,850] {logging_mixin.py:104} INFO - [2025-06-16 02:56:08,849] {dag.py:1833} INFO - Sync 1 DAGs
[2025-06-16 02:56:08,868] {logging_mixin.py:104} INFO - [2025-06-16 02:56:08,868] {dag.py:2306} INFO - Setting next_dagrun for example_kubernetes_executor_config to None
[2025-06-16 02:56:08,881] {scheduler_job.py:190} INFO - Processing /home/airflow/.local/lib/python3.6/site-packages/airflow/example_dags/example_kubernetes_executor_config.py took 0.104 seconds
[2025-06-16 02:56:39,367] {scheduler_job.py:182} INFO - Started process (PID=203) to work on /home/airflow/.local/lib/python3.6/site-packages/airflow/example_dags/example_kubernetes_executor_config.py
[2025-06-16 02:56:39,367] {scheduler_job.py:633} INFO - Processing file /home/airflow/.local/lib/python3.6/site-packages/airflow/example_dags/example_kubernetes_executor_config.py for tasks to queue
[2025-06-16 02:56:39,368] {logging_mixin.py:104} INFO - [2025-06-16 02:56:39,368] {dagbag.py:496} INFO - Filling up the DagBag from /home/airflow/.local/lib/python3.6/site-packages/airflow/example_dags/example_kubernetes_executor_config.py
[2025-06-16 02:56:39,375] {scheduler_job.py:643} INFO - DAG(s) dict_keys(['example_kubernetes_executor_config']) retrieved from /home/airflow/.local/lib/python3.6/site-packages/airflow/example_dags/example_kubernetes_executor_config.py
[2025-06-16 02:56:39,439] {logging_mixin.py:104} INFO - [2025-06-16 02:56:39,439] {dag.py:1833} INFO - Sync 1 DAGs
[2025-06-16 02:56:39,457] {logging_mixin.py:104} INFO - [2025-06-16 02:56:39,457] {dag.py:2306} INFO - Setting next_dagrun for example_kubernetes_executor_config to None
[2025-06-16 02:56:39,468] {scheduler_job.py:190} INFO - Processing /home/airflow/.local/lib/python3.6/site-packages/airflow/example_dags/example_kubernetes_executor_config.py took 0.103 seconds
[2025-06-16 02:57:09,890] {scheduler_job.py:182} INFO - Started process (PID=272) to work on /home/airflow/.local/lib/python3.6/site-packages/airflow/example_dags/example_kubernetes_executor_config.py
[2025-06-16 02:57:09,890] {scheduler_job.py:633} INFO - Processing file /home/airflow/.local/lib/python3.6/site-packages/airflow/example_dags/example_kubernetes_executor_config.py for tasks to queue
[2025-06-16 02:57:09,891] {logging_mixin.py:104} INFO - [2025-06-16 02:57:09,891] {dagbag.py:496} INFO - Filling up the DagBag from /home/airflow/.local/lib/python3.6/site-packages/airflow/example_dags/example_kubernetes_executor_config.py
[2025-06-16 02:57:09,898] {scheduler_job.py:643} INFO - DAG(s) dict_keys(['example_kubernetes_executor_config']) retrieved from /home/airflow/.local/lib/python3.6/site-packages/airflow/example_dags/example_kubernetes_executor_config.py
[2025-06-16 02:57:09,960] {logging_mixin.py:104} INFO - [2025-06-16 02:57:09,960] {dag.py:1833} INFO - Sync 1 DAGs
[2025-06-16 02:57:09,978] {logging_mixin.py:104} INFO - [2025-06-16 02:57:09,978] {dag.py:2306} INFO - Setting next_dagrun for example_kubernetes_executor_config to None
[2025-06-16 02:57:09,989] {scheduler_job.py:190} INFO - Processing /home/airflow/.local/lib/python3.6/site-packages/airflow/example_dags/example_kubernetes_executor_config.py took 0.100 seconds
[2025-06-16 02:57:40,698] {scheduler_job.py:182} INFO - Started process (PID=331) to work on /home/airflow/.local/lib/python3.6/site-packages/airflow/example_dags/example_kubernetes_executor_config.py
[2025-06-16 02:57:40,699] {scheduler_job.py:633} INFO - Processing file /home/airflow/.local/lib/python3.6/site-packages/airflow/example_dags/example_kubernetes_executor_config.py for tasks to queue
[2025-06-16 02:57:40,699] {logging_mixin.py:104} INFO - [2025-06-16 02:57:40,699] {dagbag.py:496} INFO - Filling up the DagBag from /home/airflow/.local/lib/python3.6/site-packages/airflow/example_dags/example_kubernetes_executor_config.py
[2025-06-16 02:57:40,708] {scheduler_job.py:643} INFO - DAG(s) dict_keys(['example_kubernetes_executor_config']) retrieved from /home/airflow/.local/lib/python3.6/site-packages/airflow/example_dags/example_kubernetes_executor_config.py
[2025-06-16 02:57:40,781] {logging_mixin.py:104} INFO - [2025-06-16 02:57:40,781] {dag.py:1833} INFO - Sync 1 DAGs
[2025-06-16 02:57:40,798] {logging_mixin.py:104} INFO - [2025-06-16 02:57:40,798] {dag.py:2306} INFO - Setting next_dagrun for example_kubernetes_executor_config to None
[2025-06-16 02:57:40,809] {scheduler_job.py:190} INFO - Processing /home/airflow/.local/lib/python3.6/site-packages/airflow/example_dags/example_kubernetes_executor_config.py took 0.113 seconds
[2025-06-16 02:58:21,321] {scheduler_job.py:182} INFO - Started process (PID=74) to work on /home/airflow/.local/lib/python3.6/site-packages/airflow/example_dags/example_kubernetes_executor_config.py
[2025-06-16 02:58:21,322] {scheduler_job.py:633} INFO - Processing file /home/airflow/.local/lib/python3.6/site-packages/airflow/example_dags/example_kubernetes_executor_config.py for tasks to queue
[2025-06-16 02:58:21,323] {logging_mixin.py:104} INFO - [2025-06-16 02:58:21,322] {dagbag.py:496} INFO - Filling up the DagBag from /home/airflow/.local/lib/python3.6/site-packages/airflow/example_dags/example_kubernetes_executor_config.py
[2025-06-16 02:58:21,331] {scheduler_job.py:643} INFO - DAG(s) dict_keys(['example_kubernetes_executor_config']) retrieved from /home/airflow/.local/lib/python3.6/site-packages/airflow/example_dags/example_kubernetes_executor_config.py
[2025-06-16 02:58:21,399] {logging_mixin.py:104} INFO - [2025-06-16 02:58:21,399] {dag.py:1833} INFO - Sync 1 DAGs
[2025-06-16 02:58:21,418] {logging_mixin.py:104} INFO - [2025-06-16 02:58:21,418] {dag.py:2306} INFO - Setting next_dagrun for example_kubernetes_executor_config to None
[2025-06-16 02:58:21,430] {scheduler_job.py:190} INFO - Processing /home/airflow/.local/lib/python3.6/site-packages/airflow/example_dags/example_kubernetes_executor_config.py took 0.111 seconds
[2025-06-16 02:58:51,524] {scheduler_job.py:182} INFO - Started process (PID=140) to work on /home/airflow/.local/lib/python3.6/site-packages/airflow/example_dags/example_kubernetes_executor_config.py
[2025-06-16 02:58:51,524] {scheduler_job.py:633} INFO - Processing file /home/airflow/.local/lib/python3.6/site-packages/airflow/example_dags/example_kubernetes_executor_config.py for tasks to queue
[2025-06-16 02:58:51,525] {logging_mixin.py:104} INFO - [2025-06-16 02:58:51,525] {dagbag.py:496} INFO - Filling up the DagBag from /home/airflow/.local/lib/python3.6/site-packages/airflow/example_dags/example_kubernetes_executor_config.py
[2025-06-16 02:58:51,531] {scheduler_job.py:643} INFO - DAG(s) dict_keys(['example_kubernetes_executor_config']) retrieved from /home/airflow/.local/lib/python3.6/site-packages/airflow/example_dags/example_kubernetes_executor_config.py
[2025-06-16 02:58:51,591] {logging_mixin.py:104} INFO - [2025-06-16 02:58:51,591] {dag.py:1833} INFO - Sync 1 DAGs
[2025-06-16 02:58:51,609] {logging_mixin.py:104} INFO - [2025-06-16 02:58:51,609] {dag.py:2306} INFO - Setting next_dagrun for example_kubernetes_executor_config to None
[2025-06-16 02:58:51,620] {scheduler_job.py:190} INFO - Processing /home/airflow/.local/lib/python3.6/site-packages/airflow/example_dags/example_kubernetes_executor_config.py took 0.098 seconds
[2025-06-16 02:59:21,871] {scheduler_job.py:182} INFO - Started process (PID=202) to work on /home/airflow/.local/lib/python3.6/site-packages/airflow/example_dags/example_kubernetes_executor_config.py
[2025-06-16 02:59:21,872] {scheduler_job.py:633} INFO - Processing file /home/airflow/.local/lib/python3.6/site-packages/airflow/example_dags/example_kubernetes_executor_config.py for tasks to queue
[2025-06-16 02:59:21,872] {logging_mixin.py:104} INFO - [2025-06-16 02:59:21,872] {dagbag.py:496} INFO - Filling up the DagBag from /home/airflow/.local/lib/python3.6/site-packages/airflow/example_dags/example_kubernetes_executor_config.py
[2025-06-16 02:59:21,879] {scheduler_job.py:643} INFO - DAG(s) dict_keys(['example_kubernetes_executor_config']) retrieved from /home/airflow/.local/lib/python3.6/site-packages/airflow/example_dags/example_kubernetes_executor_config.py
[2025-06-16 02:59:21,937] {logging_mixin.py:104} INFO - [2025-06-16 02:59:21,937] {dag.py:1833} INFO - Sync 1 DAGs
[2025-06-16 02:59:21,953] {logging_mixin.py:104} INFO - [2025-06-16 02:59:21,953] {dag.py:2306} INFO - Setting next_dagrun for example_kubernetes_executor_config to None
[2025-06-16 02:59:21,963] {scheduler_job.py:190} INFO - Processing /home/airflow/.local/lib/python3.6/site-packages/airflow/example_dags/example_kubernetes_executor_config.py took 0.094 seconds
[2025-06-16 02:59:52,638] {scheduler_job.py:182} INFO - Started process (PID=271) to work on /home/airflow/.local/lib/python3.6/site-packages/airflow/example_dags/example_kubernetes_executor_config.py
[2025-06-16 02:59:52,641] {scheduler_job.py:633} INFO - Processing file /home/airflow/.local/lib/python3.6/site-packages/airflow/example_dags/example_kubernetes_executor_config.py for tasks to queue
[2025-06-16 02:59:52,641] {logging_mixin.py:104} INFO - [2025-06-16 02:59:52,641] {dagbag.py:496} INFO - Filling up the DagBag from /home/airflow/.local/lib/python3.6/site-packages/airflow/example_dags/example_kubernetes_executor_config.py
[2025-06-16 02:59:52,649] {scheduler_job.py:643} INFO - DAG(s) dict_keys(['example_kubernetes_executor_config']) retrieved from /home/airflow/.local/lib/python3.6/site-packages/airflow/example_dags/example_kubernetes_executor_config.py
[2025-06-16 02:59:52,709] {logging_mixin.py:104} INFO - [2025-06-16 02:59:52,709] {dag.py:1833} INFO - Sync 1 DAGs
[2025-06-16 02:59:52,725] {logging_mixin.py:104} INFO - [2025-06-16 02:59:52,725] {dag.py:2306} INFO - Setting next_dagrun for example_kubernetes_executor_config to None
[2025-06-16 02:59:52,736] {scheduler_job.py:190} INFO - Processing /home/airflow/.local/lib/python3.6/site-packages/airflow/example_dags/example_kubernetes_executor_config.py took 0.100 seconds
