[2025-06-16 02:51:55,229] {scheduler_job.py:182} INFO - Started process (PID=184) to work on /home/airflow/.local/lib/python3.6/site-packages/airflow/example_dags/example_kubernetes_executor.py
[2025-06-16 02:51:55,232] {scheduler_job.py:633} INFO - Processing file /home/airflow/.local/lib/python3.6/site-packages/airflow/example_dags/example_kubernetes_executor.py for tasks to queue
[2025-06-16 02:51:55,233] {logging_mixin.py:104} INFO - [2025-06-16 02:51:55,233] {dagbag.py:496} INFO - Filling up the DagBag from /home/airflow/.local/lib/python3.6/site-packages/airflow/example_dags/example_kubernetes_executor.py
[2025-06-16 02:51:55,244] {scheduler_job.py:643} INFO - DAG(s) dict_keys(['example_kubernetes_executor']) retrieved from /home/airflow/.local/lib/python3.6/site-packages/airflow/example_dags/example_kubernetes_executor.py
[2025-06-16 02:51:56,933] {logging_mixin.py:104} INFO - [2025-06-16 02:51:56,933] {dag.py:1833} INFO - Sync 1 DAGs
[2025-06-16 02:51:56,940] {logging_mixin.py:104} INFO - [2025-06-16 02:51:56,940] {dag.py:1852} INFO - Creating ORM DAG for example_kubernetes_executor
[2025-06-16 02:51:56,949] {logging_mixin.py:104} INFO - [2025-06-16 02:51:56,949] {dag.py:2306} INFO - Setting next_dagrun for example_kubernetes_executor to None
[2025-06-16 02:51:56,957] {scheduler_job.py:190} INFO - Processing /home/airflow/.local/lib/python3.6/site-packages/airflow/example_dags/example_kubernetes_executor.py took 1.728 seconds
[2025-06-16 02:52:27,069] {scheduler_job.py:182} INFO - Started process (PID=389) to work on /home/airflow/.local/lib/python3.6/site-packages/airflow/example_dags/example_kubernetes_executor.py
[2025-06-16 02:52:27,070] {scheduler_job.py:633} INFO - Processing file /home/airflow/.local/lib/python3.6/site-packages/airflow/example_dags/example_kubernetes_executor.py for tasks to queue
[2025-06-16 02:52:27,071] {logging_mixin.py:104} INFO - [2025-06-16 02:52:27,071] {dagbag.py:496} INFO - Filling up the DagBag from /home/airflow/.local/lib/python3.6/site-packages/airflow/example_dags/example_kubernetes_executor.py
[2025-06-16 02:52:27,080] {scheduler_job.py:643} INFO - DAG(s) dict_keys(['example_kubernetes_executor']) retrieved from /home/airflow/.local/lib/python3.6/site-packages/airflow/example_dags/example_kubernetes_executor.py
[2025-06-16 02:52:27,145] {logging_mixin.py:104} INFO - [2025-06-16 02:52:27,145] {dag.py:1833} INFO - Sync 1 DAGs
[2025-06-16 02:52:27,165] {logging_mixin.py:104} INFO - [2025-06-16 02:52:27,165] {dag.py:2306} INFO - Setting next_dagrun for example_kubernetes_executor to None
[2025-06-16 02:52:27,176] {scheduler_job.py:190} INFO - Processing /home/airflow/.local/lib/python3.6/site-packages/airflow/example_dags/example_kubernetes_executor.py took 0.110 seconds
[2025-06-16 02:52:58,008] {scheduler_job.py:182} INFO - Started process (PID=448) to work on /home/airflow/.local/lib/python3.6/site-packages/airflow/example_dags/example_kubernetes_executor.py
[2025-06-16 02:52:58,010] {scheduler_job.py:633} INFO - Processing file /home/airflow/.local/lib/python3.6/site-packages/airflow/example_dags/example_kubernetes_executor.py for tasks to queue
[2025-06-16 02:52:58,011] {logging_mixin.py:104} INFO - [2025-06-16 02:52:58,011] {dagbag.py:496} INFO - Filling up the DagBag from /home/airflow/.local/lib/python3.6/site-packages/airflow/example_dags/example_kubernetes_executor.py
[2025-06-16 02:52:58,024] {scheduler_job.py:643} INFO - DAG(s) dict_keys(['example_kubernetes_executor']) retrieved from /home/airflow/.local/lib/python3.6/site-packages/airflow/example_dags/example_kubernetes_executor.py
[2025-06-16 02:52:58,091] {logging_mixin.py:104} INFO - [2025-06-16 02:52:58,091] {dag.py:1833} INFO - Sync 1 DAGs
[2025-06-16 02:52:58,106] {logging_mixin.py:104} INFO - [2025-06-16 02:52:58,106] {dag.py:2306} INFO - Setting next_dagrun for example_kubernetes_executor to None
[2025-06-16 02:52:58,116] {scheduler_job.py:190} INFO - Processing /home/airflow/.local/lib/python3.6/site-packages/airflow/example_dags/example_kubernetes_executor.py took 0.111 seconds
[2025-06-16 02:53:42,723] {scheduler_job.py:182} INFO - Started process (PID=70) to work on /home/airflow/.local/lib/python3.6/site-packages/airflow/example_dags/example_kubernetes_executor.py
[2025-06-16 02:53:42,724] {scheduler_job.py:633} INFO - Processing file /home/airflow/.local/lib/python3.6/site-packages/airflow/example_dags/example_kubernetes_executor.py for tasks to queue
[2025-06-16 02:53:42,725] {logging_mixin.py:104} INFO - [2025-06-16 02:53:42,725] {dagbag.py:496} INFO - Filling up the DagBag from /home/airflow/.local/lib/python3.6/site-packages/airflow/example_dags/example_kubernetes_executor.py
[2025-06-16 02:53:42,732] {scheduler_job.py:643} INFO - DAG(s) dict_keys(['example_kubernetes_executor']) retrieved from /home/airflow/.local/lib/python3.6/site-packages/airflow/example_dags/example_kubernetes_executor.py
[2025-06-16 02:53:42,799] {logging_mixin.py:104} INFO - [2025-06-16 02:53:42,799] {dag.py:1833} INFO - Sync 1 DAGs
[2025-06-16 02:53:42,822] {logging_mixin.py:104} INFO - [2025-06-16 02:53:42,822] {dag.py:2306} INFO - Setting next_dagrun for example_kubernetes_executor to None
[2025-06-16 02:53:42,840] {scheduler_job.py:190} INFO - Processing /home/airflow/.local/lib/python3.6/site-packages/airflow/example_dags/example_kubernetes_executor.py took 0.119 seconds
[2025-06-16 02:54:13,369] {scheduler_job.py:182} INFO - Started process (PID=128) to work on /home/airflow/.local/lib/python3.6/site-packages/airflow/example_dags/example_kubernetes_executor.py
[2025-06-16 02:54:13,370] {scheduler_job.py:633} INFO - Processing file /home/airflow/.local/lib/python3.6/site-packages/airflow/example_dags/example_kubernetes_executor.py for tasks to queue
[2025-06-16 02:54:13,370] {logging_mixin.py:104} INFO - [2025-06-16 02:54:13,370] {dagbag.py:496} INFO - Filling up the DagBag from /home/airflow/.local/lib/python3.6/site-packages/airflow/example_dags/example_kubernetes_executor.py
[2025-06-16 02:54:13,379] {scheduler_job.py:643} INFO - DAG(s) dict_keys(['example_kubernetes_executor']) retrieved from /home/airflow/.local/lib/python3.6/site-packages/airflow/example_dags/example_kubernetes_executor.py
[2025-06-16 02:54:13,442] {logging_mixin.py:104} INFO - [2025-06-16 02:54:13,442] {dag.py:1833} INFO - Sync 1 DAGs
[2025-06-16 02:54:13,463] {logging_mixin.py:104} INFO - [2025-06-16 02:54:13,463] {dag.py:2306} INFO - Setting next_dagrun for example_kubernetes_executor to None
[2025-06-16 02:54:13,474] {scheduler_job.py:190} INFO - Processing /home/airflow/.local/lib/python3.6/site-packages/airflow/example_dags/example_kubernetes_executor.py took 0.107 seconds
[2025-06-16 02:54:43,890] {scheduler_job.py:182} INFO - Started process (PID=197) to work on /home/airflow/.local/lib/python3.6/site-packages/airflow/example_dags/example_kubernetes_executor.py
[2025-06-16 02:54:43,891] {scheduler_job.py:633} INFO - Processing file /home/airflow/.local/lib/python3.6/site-packages/airflow/example_dags/example_kubernetes_executor.py for tasks to queue
[2025-06-16 02:54:43,891] {logging_mixin.py:104} INFO - [2025-06-16 02:54:43,891] {dagbag.py:496} INFO - Filling up the DagBag from /home/airflow/.local/lib/python3.6/site-packages/airflow/example_dags/example_kubernetes_executor.py
[2025-06-16 02:54:43,898] {scheduler_job.py:643} INFO - DAG(s) dict_keys(['example_kubernetes_executor']) retrieved from /home/airflow/.local/lib/python3.6/site-packages/airflow/example_dags/example_kubernetes_executor.py
[2025-06-16 02:54:43,956] {logging_mixin.py:104} INFO - [2025-06-16 02:54:43,956] {dag.py:1833} INFO - Sync 1 DAGs
[2025-06-16 02:54:43,975] {logging_mixin.py:104} INFO - [2025-06-16 02:54:43,975] {dag.py:2306} INFO - Setting next_dagrun for example_kubernetes_executor to None
[2025-06-16 02:54:43,985] {scheduler_job.py:190} INFO - Processing /home/airflow/.local/lib/python3.6/site-packages/airflow/example_dags/example_kubernetes_executor.py took 0.097 seconds
[2025-06-16 02:55:37,264] {scheduler_job.py:182} INFO - Started process (PID=70) to work on /home/airflow/.local/lib/python3.6/site-packages/airflow/example_dags/example_kubernetes_executor.py
[2025-06-16 02:55:37,272] {scheduler_job.py:633} INFO - Processing file /home/airflow/.local/lib/python3.6/site-packages/airflow/example_dags/example_kubernetes_executor.py for tasks to queue
[2025-06-16 02:55:37,273] {logging_mixin.py:104} INFO - [2025-06-16 02:55:37,273] {dagbag.py:496} INFO - Filling up the DagBag from /home/airflow/.local/lib/python3.6/site-packages/airflow/example_dags/example_kubernetes_executor.py
[2025-06-16 02:55:37,287] {scheduler_job.py:643} INFO - DAG(s) dict_keys(['example_kubernetes_executor']) retrieved from /home/airflow/.local/lib/python3.6/site-packages/airflow/example_dags/example_kubernetes_executor.py
[2025-06-16 02:55:37,389] {logging_mixin.py:104} INFO - [2025-06-16 02:55:37,388] {dag.py:1833} INFO - Sync 1 DAGs
[2025-06-16 02:55:37,424] {logging_mixin.py:104} INFO - [2025-06-16 02:55:37,424] {dag.py:2306} INFO - Setting next_dagrun for example_kubernetes_executor to None
[2025-06-16 02:55:37,448] {scheduler_job.py:190} INFO - Processing /home/airflow/.local/lib/python3.6/site-packages/airflow/example_dags/example_kubernetes_executor.py took 0.189 seconds
[2025-06-16 02:56:08,337] {scheduler_job.py:182} INFO - Started process (PID=138) to work on /home/airflow/.local/lib/python3.6/site-packages/airflow/example_dags/example_kubernetes_executor.py
[2025-06-16 02:56:08,338] {scheduler_job.py:633} INFO - Processing file /home/airflow/.local/lib/python3.6/site-packages/airflow/example_dags/example_kubernetes_executor.py for tasks to queue
[2025-06-16 02:56:08,338] {logging_mixin.py:104} INFO - [2025-06-16 02:56:08,338] {dagbag.py:496} INFO - Filling up the DagBag from /home/airflow/.local/lib/python3.6/site-packages/airflow/example_dags/example_kubernetes_executor.py
[2025-06-16 02:56:08,344] {scheduler_job.py:643} INFO - DAG(s) dict_keys(['example_kubernetes_executor']) retrieved from /home/airflow/.local/lib/python3.6/site-packages/airflow/example_dags/example_kubernetes_executor.py
[2025-06-16 02:56:08,407] {logging_mixin.py:104} INFO - [2025-06-16 02:56:08,407] {dag.py:1833} INFO - Sync 1 DAGs
[2025-06-16 02:56:08,424] {logging_mixin.py:104} INFO - [2025-06-16 02:56:08,424] {dag.py:2306} INFO - Setting next_dagrun for example_kubernetes_executor to None
[2025-06-16 02:56:08,435] {scheduler_job.py:190} INFO - Processing /home/airflow/.local/lib/python3.6/site-packages/airflow/example_dags/example_kubernetes_executor.py took 0.100 seconds
[2025-06-16 02:56:38,883] {scheduler_job.py:182} INFO - Started process (PID=198) to work on /home/airflow/.local/lib/python3.6/site-packages/airflow/example_dags/example_kubernetes_executor.py
[2025-06-16 02:56:38,887] {scheduler_job.py:633} INFO - Processing file /home/airflow/.local/lib/python3.6/site-packages/airflow/example_dags/example_kubernetes_executor.py for tasks to queue
[2025-06-16 02:56:38,890] {logging_mixin.py:104} INFO - [2025-06-16 02:56:38,889] {dagbag.py:496} INFO - Filling up the DagBag from /home/airflow/.local/lib/python3.6/site-packages/airflow/example_dags/example_kubernetes_executor.py
[2025-06-16 02:56:38,910] {scheduler_job.py:643} INFO - DAG(s) dict_keys(['example_kubernetes_executor']) retrieved from /home/airflow/.local/lib/python3.6/site-packages/airflow/example_dags/example_kubernetes_executor.py
[2025-06-16 02:56:38,988] {logging_mixin.py:104} INFO - [2025-06-16 02:56:38,987] {dag.py:1833} INFO - Sync 1 DAGs
[2025-06-16 02:56:39,010] {logging_mixin.py:104} INFO - [2025-06-16 02:56:39,010] {dag.py:2306} INFO - Setting next_dagrun for example_kubernetes_executor to None
[2025-06-16 02:56:39,022] {scheduler_job.py:190} INFO - Processing /home/airflow/.local/lib/python3.6/site-packages/airflow/example_dags/example_kubernetes_executor.py took 0.150 seconds
[2025-06-16 02:57:09,474] {scheduler_job.py:182} INFO - Started process (PID=267) to work on /home/airflow/.local/lib/python3.6/site-packages/airflow/example_dags/example_kubernetes_executor.py
[2025-06-16 02:57:09,475] {scheduler_job.py:633} INFO - Processing file /home/airflow/.local/lib/python3.6/site-packages/airflow/example_dags/example_kubernetes_executor.py for tasks to queue
[2025-06-16 02:57:09,476] {logging_mixin.py:104} INFO - [2025-06-16 02:57:09,476] {dagbag.py:496} INFO - Filling up the DagBag from /home/airflow/.local/lib/python3.6/site-packages/airflow/example_dags/example_kubernetes_executor.py
[2025-06-16 02:57:09,485] {scheduler_job.py:643} INFO - DAG(s) dict_keys(['example_kubernetes_executor']) retrieved from /home/airflow/.local/lib/python3.6/site-packages/airflow/example_dags/example_kubernetes_executor.py
[2025-06-16 02:57:09,543] {logging_mixin.py:104} INFO - [2025-06-16 02:57:09,543] {dag.py:1833} INFO - Sync 1 DAGs
[2025-06-16 02:57:09,561] {logging_mixin.py:104} INFO - [2025-06-16 02:57:09,561] {dag.py:2306} INFO - Setting next_dagrun for example_kubernetes_executor to None
[2025-06-16 02:57:09,572] {scheduler_job.py:190} INFO - Processing /home/airflow/.local/lib/python3.6/site-packages/airflow/example_dags/example_kubernetes_executor.py took 0.099 seconds
[2025-06-16 02:57:40,243] {scheduler_job.py:182} INFO - Started process (PID=326) to work on /home/airflow/.local/lib/python3.6/site-packages/airflow/example_dags/example_kubernetes_executor.py
[2025-06-16 02:57:40,247] {scheduler_job.py:633} INFO - Processing file /home/airflow/.local/lib/python3.6/site-packages/airflow/example_dags/example_kubernetes_executor.py for tasks to queue
[2025-06-16 02:57:40,248] {logging_mixin.py:104} INFO - [2025-06-16 02:57:40,247] {dagbag.py:496} INFO - Filling up the DagBag from /home/airflow/.local/lib/python3.6/site-packages/airflow/example_dags/example_kubernetes_executor.py
[2025-06-16 02:57:40,260] {scheduler_job.py:643} INFO - DAG(s) dict_keys(['example_kubernetes_executor']) retrieved from /home/airflow/.local/lib/python3.6/site-packages/airflow/example_dags/example_kubernetes_executor.py
[2025-06-16 02:57:40,326] {logging_mixin.py:104} INFO - [2025-06-16 02:57:40,326] {dag.py:1833} INFO - Sync 1 DAGs
[2025-06-16 02:57:40,345] {logging_mixin.py:104} INFO - [2025-06-16 02:57:40,345] {dag.py:2306} INFO - Setting next_dagrun for example_kubernetes_executor to None
[2025-06-16 02:57:40,358] {scheduler_job.py:190} INFO - Processing /home/airflow/.local/lib/python3.6/site-packages/airflow/example_dags/example_kubernetes_executor.py took 0.119 seconds
[2025-06-16 02:58:20,914] {scheduler_job.py:182} INFO - Started process (PID=69) to work on /home/airflow/.local/lib/python3.6/site-packages/airflow/example_dags/example_kubernetes_executor.py
[2025-06-16 02:58:20,915] {scheduler_job.py:633} INFO - Processing file /home/airflow/.local/lib/python3.6/site-packages/airflow/example_dags/example_kubernetes_executor.py for tasks to queue
[2025-06-16 02:58:20,917] {logging_mixin.py:104} INFO - [2025-06-16 02:58:20,916] {dagbag.py:496} INFO - Filling up the DagBag from /home/airflow/.local/lib/python3.6/site-packages/airflow/example_dags/example_kubernetes_executor.py
[2025-06-16 02:58:20,927] {scheduler_job.py:643} INFO - DAG(s) dict_keys(['example_kubernetes_executor']) retrieved from /home/airflow/.local/lib/python3.6/site-packages/airflow/example_dags/example_kubernetes_executor.py
[2025-06-16 02:58:21,019] {logging_mixin.py:104} INFO - [2025-06-16 02:58:21,019] {dag.py:1833} INFO - Sync 1 DAGs
[2025-06-16 02:58:21,040] {logging_mixin.py:104} INFO - [2025-06-16 02:58:21,040] {dag.py:2306} INFO - Setting next_dagrun for example_kubernetes_executor to None
[2025-06-16 02:58:21,052] {scheduler_job.py:190} INFO - Processing /home/airflow/.local/lib/python3.6/site-packages/airflow/example_dags/example_kubernetes_executor.py took 0.141 seconds
[2025-06-16 02:58:51,131] {scheduler_job.py:182} INFO - Started process (PID=128) to work on /home/airflow/.local/lib/python3.6/site-packages/airflow/example_dags/example_kubernetes_executor.py
[2025-06-16 02:58:51,132] {scheduler_job.py:633} INFO - Processing file /home/airflow/.local/lib/python3.6/site-packages/airflow/example_dags/example_kubernetes_executor.py for tasks to queue
[2025-06-16 02:58:51,132] {logging_mixin.py:104} INFO - [2025-06-16 02:58:51,132] {dagbag.py:496} INFO - Filling up the DagBag from /home/airflow/.local/lib/python3.6/site-packages/airflow/example_dags/example_kubernetes_executor.py
[2025-06-16 02:58:51,138] {scheduler_job.py:643} INFO - DAG(s) dict_keys(['example_kubernetes_executor']) retrieved from /home/airflow/.local/lib/python3.6/site-packages/airflow/example_dags/example_kubernetes_executor.py
[2025-06-16 02:58:51,194] {logging_mixin.py:104} INFO - [2025-06-16 02:58:51,194] {dag.py:1833} INFO - Sync 1 DAGs
[2025-06-16 02:58:51,210] {logging_mixin.py:104} INFO - [2025-06-16 02:58:51,210] {dag.py:2306} INFO - Setting next_dagrun for example_kubernetes_executor to None
[2025-06-16 02:58:51,219] {scheduler_job.py:190} INFO - Processing /home/airflow/.local/lib/python3.6/site-packages/airflow/example_dags/example_kubernetes_executor.py took 0.090 seconds
[2025-06-16 02:59:21,508] {scheduler_job.py:182} INFO - Started process (PID=197) to work on /home/airflow/.local/lib/python3.6/site-packages/airflow/example_dags/example_kubernetes_executor.py
[2025-06-16 02:59:21,509] {scheduler_job.py:633} INFO - Processing file /home/airflow/.local/lib/python3.6/site-packages/airflow/example_dags/example_kubernetes_executor.py for tasks to queue
[2025-06-16 02:59:21,509] {logging_mixin.py:104} INFO - [2025-06-16 02:59:21,509] {dagbag.py:496} INFO - Filling up the DagBag from /home/airflow/.local/lib/python3.6/site-packages/airflow/example_dags/example_kubernetes_executor.py
[2025-06-16 02:59:21,515] {scheduler_job.py:643} INFO - DAG(s) dict_keys(['example_kubernetes_executor']) retrieved from /home/airflow/.local/lib/python3.6/site-packages/airflow/example_dags/example_kubernetes_executor.py
[2025-06-16 02:59:21,572] {logging_mixin.py:104} INFO - [2025-06-16 02:59:21,572] {dag.py:1833} INFO - Sync 1 DAGs
[2025-06-16 02:59:21,588] {logging_mixin.py:104} INFO - [2025-06-16 02:59:21,588] {dag.py:2306} INFO - Setting next_dagrun for example_kubernetes_executor to None
[2025-06-16 02:59:21,599] {scheduler_job.py:190} INFO - Processing /home/airflow/.local/lib/python3.6/site-packages/airflow/example_dags/example_kubernetes_executor.py took 0.092 seconds
[2025-06-16 02:59:52,324] {scheduler_job.py:182} INFO - Started process (PID=266) to work on /home/airflow/.local/lib/python3.6/site-packages/airflow/example_dags/example_kubernetes_executor.py
[2025-06-16 02:59:52,325] {scheduler_job.py:633} INFO - Processing file /home/airflow/.local/lib/python3.6/site-packages/airflow/example_dags/example_kubernetes_executor.py for tasks to queue
[2025-06-16 02:59:52,325] {logging_mixin.py:104} INFO - [2025-06-16 02:59:52,325] {dagbag.py:496} INFO - Filling up the DagBag from /home/airflow/.local/lib/python3.6/site-packages/airflow/example_dags/example_kubernetes_executor.py
[2025-06-16 02:59:52,332] {scheduler_job.py:643} INFO - DAG(s) dict_keys(['example_kubernetes_executor']) retrieved from /home/airflow/.local/lib/python3.6/site-packages/airflow/example_dags/example_kubernetes_executor.py
[2025-06-16 02:59:52,391] {logging_mixin.py:104} INFO - [2025-06-16 02:59:52,391] {dag.py:1833} INFO - Sync 1 DAGs
[2025-06-16 02:59:52,409] {logging_mixin.py:104} INFO - [2025-06-16 02:59:52,409] {dag.py:2306} INFO - Setting next_dagrun for example_kubernetes_executor to None
[2025-06-16 02:59:52,420] {scheduler_job.py:190} INFO - Processing /home/airflow/.local/lib/python3.6/site-packages/airflow/example_dags/example_kubernetes_executor.py took 0.097 seconds
