[2025-06-16 02:51:58,597] {scheduler_job.py:182} INFO - Started process (PID=220) to work on /home/airflow/.local/lib/python3.6/site-packages/airflow/example_dags/example_xcom.py
[2025-06-16 02:51:58,598] {scheduler_job.py:633} INFO - Processing file /home/airflow/.local/lib/python3.6/site-packages/airflow/example_dags/example_xcom.py for tasks to queue
[2025-06-16 02:51:58,598] {logging_mixin.py:104} INFO - [2025-06-16 02:51:58,598] {dagbag.py:496} INFO - Filling up the DagBag from /home/airflow/.local/lib/python3.6/site-packages/airflow/example_dags/example_xcom.py
[2025-06-16 02:51:58,607] {scheduler_job.py:643} INFO - DAG(s) dict_keys(['example_xcom']) retrieved from /home/airflow/.local/lib/python3.6/site-packages/airflow/example_dags/example_xcom.py
[2025-06-16 02:52:00,176] {logging_mixin.py:104} INFO - [2025-06-16 02:52:00,176] {dag.py:1833} INFO - Sync 1 DAGs
[2025-06-16 02:52:00,185] {logging_mixin.py:104} INFO - [2025-06-16 02:52:00,184] {dag.py:1852} INFO - Creating ORM DAG for example_xcom
[2025-06-16 02:52:00,196] {logging_mixin.py:104} INFO - [2025-06-16 02:52:00,196] {dag.py:2306} INFO - Setting next_dagrun for example_xcom to 2025-06-14 00:00:00+00:00
[2025-06-16 02:52:00,210] {scheduler_job.py:190} INFO - Processing /home/airflow/.local/lib/python3.6/site-packages/airflow/example_dags/example_xcom.py took 1.615 seconds
[2025-06-16 02:52:30,401] {scheduler_job.py:182} INFO - Started process (PID=393) to work on /home/airflow/.local/lib/python3.6/site-packages/airflow/example_dags/example_xcom.py
[2025-06-16 02:52:30,404] {scheduler_job.py:633} INFO - Processing file /home/airflow/.local/lib/python3.6/site-packages/airflow/example_dags/example_xcom.py for tasks to queue
[2025-06-16 02:52:30,405] {logging_mixin.py:104} INFO - [2025-06-16 02:52:30,404] {dagbag.py:496} INFO - Filling up the DagBag from /home/airflow/.local/lib/python3.6/site-packages/airflow/example_dags/example_xcom.py
[2025-06-16 02:52:30,416] {scheduler_job.py:643} INFO - DAG(s) dict_keys(['example_xcom']) retrieved from /home/airflow/.local/lib/python3.6/site-packages/airflow/example_dags/example_xcom.py
[2025-06-16 02:52:30,483] {logging_mixin.py:104} INFO - [2025-06-16 02:52:30,483] {dag.py:1833} INFO - Sync 1 DAGs
[2025-06-16 02:52:30,499] {logging_mixin.py:104} INFO - [2025-06-16 02:52:30,498] {dag.py:2306} INFO - Setting next_dagrun for example_xcom to 2025-06-14 00:00:00+00:00
[2025-06-16 02:52:30,508] {scheduler_job.py:190} INFO - Processing /home/airflow/.local/lib/python3.6/site-packages/airflow/example_dags/example_xcom.py took 0.111 seconds
[2025-06-16 02:53:01,238] {scheduler_job.py:182} INFO - Started process (PID=462) to work on /home/airflow/.local/lib/python3.6/site-packages/airflow/example_dags/example_xcom.py
[2025-06-16 02:53:01,240] {scheduler_job.py:633} INFO - Processing file /home/airflow/.local/lib/python3.6/site-packages/airflow/example_dags/example_xcom.py for tasks to queue
[2025-06-16 02:53:01,240] {logging_mixin.py:104} INFO - [2025-06-16 02:53:01,240] {dagbag.py:496} INFO - Filling up the DagBag from /home/airflow/.local/lib/python3.6/site-packages/airflow/example_dags/example_xcom.py
[2025-06-16 02:53:01,247] {scheduler_job.py:643} INFO - DAG(s) dict_keys(['example_xcom']) retrieved from /home/airflow/.local/lib/python3.6/site-packages/airflow/example_dags/example_xcom.py
[2025-06-16 02:53:01,307] {logging_mixin.py:104} INFO - [2025-06-16 02:53:01,307] {dag.py:1833} INFO - Sync 1 DAGs
[2025-06-16 02:53:01,325] {logging_mixin.py:104} INFO - [2025-06-16 02:53:01,325] {dag.py:2306} INFO - Setting next_dagrun for example_xcom to 2025-06-14 00:00:00+00:00
[2025-06-16 02:53:01,336] {scheduler_job.py:190} INFO - Processing /home/airflow/.local/lib/python3.6/site-packages/airflow/example_dags/example_xcom.py took 0.100 seconds
[2025-06-16 02:53:43,162] {scheduler_job.py:182} INFO - Started process (PID=74) to work on /home/airflow/.local/lib/python3.6/site-packages/airflow/example_dags/example_xcom.py
[2025-06-16 02:53:43,163] {scheduler_job.py:633} INFO - Processing file /home/airflow/.local/lib/python3.6/site-packages/airflow/example_dags/example_xcom.py for tasks to queue
[2025-06-16 02:53:43,163] {logging_mixin.py:104} INFO - [2025-06-16 02:53:43,163] {dagbag.py:496} INFO - Filling up the DagBag from /home/airflow/.local/lib/python3.6/site-packages/airflow/example_dags/example_xcom.py
[2025-06-16 02:53:43,170] {scheduler_job.py:643} INFO - DAG(s) dict_keys(['example_xcom']) retrieved from /home/airflow/.local/lib/python3.6/site-packages/airflow/example_dags/example_xcom.py
[2025-06-16 02:53:43,262] {logging_mixin.py:104} INFO - [2025-06-16 02:53:43,262] {dag.py:1833} INFO - Sync 1 DAGs
[2025-06-16 02:53:43,281] {logging_mixin.py:104} INFO - [2025-06-16 02:53:43,281] {dag.py:2306} INFO - Setting next_dagrun for example_xcom to 2025-06-14 00:00:00+00:00
[2025-06-16 02:53:43,293] {scheduler_job.py:190} INFO - Processing /home/airflow/.local/lib/python3.6/site-packages/airflow/example_dags/example_xcom.py took 0.133 seconds
[2025-06-16 02:54:13,729] {scheduler_job.py:182} INFO - Started process (PID=133) to work on /home/airflow/.local/lib/python3.6/site-packages/airflow/example_dags/example_xcom.py
[2025-06-16 02:54:13,730] {scheduler_job.py:633} INFO - Processing file /home/airflow/.local/lib/python3.6/site-packages/airflow/example_dags/example_xcom.py for tasks to queue
[2025-06-16 02:54:13,730] {logging_mixin.py:104} INFO - [2025-06-16 02:54:13,730] {dagbag.py:496} INFO - Filling up the DagBag from /home/airflow/.local/lib/python3.6/site-packages/airflow/example_dags/example_xcom.py
[2025-06-16 02:54:13,737] {scheduler_job.py:643} INFO - DAG(s) dict_keys(['example_xcom']) retrieved from /home/airflow/.local/lib/python3.6/site-packages/airflow/example_dags/example_xcom.py
[2025-06-16 02:54:13,795] {logging_mixin.py:104} INFO - [2025-06-16 02:54:13,795] {dag.py:1833} INFO - Sync 1 DAGs
[2025-06-16 02:54:13,814] {logging_mixin.py:104} INFO - [2025-06-16 02:54:13,814] {dag.py:2306} INFO - Setting next_dagrun for example_xcom to 2025-06-14 00:00:00+00:00
[2025-06-16 02:54:13,827] {scheduler_job.py:190} INFO - Processing /home/airflow/.local/lib/python3.6/site-packages/airflow/example_dags/example_xcom.py took 0.099 seconds
[2025-06-16 02:54:44,216] {scheduler_job.py:182} INFO - Started process (PID=202) to work on /home/airflow/.local/lib/python3.6/site-packages/airflow/example_dags/example_xcom.py
[2025-06-16 02:54:44,217] {scheduler_job.py:633} INFO - Processing file /home/airflow/.local/lib/python3.6/site-packages/airflow/example_dags/example_xcom.py for tasks to queue
[2025-06-16 02:54:44,217] {logging_mixin.py:104} INFO - [2025-06-16 02:54:44,217] {dagbag.py:496} INFO - Filling up the DagBag from /home/airflow/.local/lib/python3.6/site-packages/airflow/example_dags/example_xcom.py
[2025-06-16 02:54:44,225] {scheduler_job.py:643} INFO - DAG(s) dict_keys(['example_xcom']) retrieved from /home/airflow/.local/lib/python3.6/site-packages/airflow/example_dags/example_xcom.py
[2025-06-16 02:54:44,286] {logging_mixin.py:104} INFO - [2025-06-16 02:54:44,286] {dag.py:1833} INFO - Sync 1 DAGs
[2025-06-16 02:54:44,306] {logging_mixin.py:104} INFO - [2025-06-16 02:54:44,306] {dag.py:2306} INFO - Setting next_dagrun for example_xcom to 2025-06-14 00:00:00+00:00
[2025-06-16 02:54:44,317] {scheduler_job.py:190} INFO - Processing /home/airflow/.local/lib/python3.6/site-packages/airflow/example_dags/example_xcom.py took 0.102 seconds
[2025-06-16 02:55:37,741] {scheduler_job.py:182} INFO - Started process (PID=74) to work on /home/airflow/.local/lib/python3.6/site-packages/airflow/example_dags/example_xcom.py
[2025-06-16 02:55:37,742] {scheduler_job.py:633} INFO - Processing file /home/airflow/.local/lib/python3.6/site-packages/airflow/example_dags/example_xcom.py for tasks to queue
[2025-06-16 02:55:37,742] {logging_mixin.py:104} INFO - [2025-06-16 02:55:37,742] {dagbag.py:496} INFO - Filling up the DagBag from /home/airflow/.local/lib/python3.6/site-packages/airflow/example_dags/example_xcom.py
[2025-06-16 02:55:37,749] {scheduler_job.py:643} INFO - DAG(s) dict_keys(['example_xcom']) retrieved from /home/airflow/.local/lib/python3.6/site-packages/airflow/example_dags/example_xcom.py
[2025-06-16 02:55:37,816] {logging_mixin.py:104} INFO - [2025-06-16 02:55:37,816] {dag.py:1833} INFO - Sync 1 DAGs
[2025-06-16 02:55:37,835] {logging_mixin.py:104} INFO - [2025-06-16 02:55:37,835] {dag.py:2306} INFO - Setting next_dagrun for example_xcom to 2025-06-14 00:00:00+00:00
[2025-06-16 02:55:37,847] {scheduler_job.py:190} INFO - Processing /home/airflow/.local/lib/python3.6/site-packages/airflow/example_dags/example_xcom.py took 0.108 seconds
[2025-06-16 02:56:08,673] {scheduler_job.py:182} INFO - Started process (PID=143) to work on /home/airflow/.local/lib/python3.6/site-packages/airflow/example_dags/example_xcom.py
[2025-06-16 02:56:08,674] {scheduler_job.py:633} INFO - Processing file /home/airflow/.local/lib/python3.6/site-packages/airflow/example_dags/example_xcom.py for tasks to queue
[2025-06-16 02:56:08,674] {logging_mixin.py:104} INFO - [2025-06-16 02:56:08,674] {dagbag.py:496} INFO - Filling up the DagBag from /home/airflow/.local/lib/python3.6/site-packages/airflow/example_dags/example_xcom.py
[2025-06-16 02:56:08,681] {scheduler_job.py:643} INFO - DAG(s) dict_keys(['example_xcom']) retrieved from /home/airflow/.local/lib/python3.6/site-packages/airflow/example_dags/example_xcom.py
[2025-06-16 02:56:08,741] {logging_mixin.py:104} INFO - [2025-06-16 02:56:08,741] {dag.py:1833} INFO - Sync 1 DAGs
[2025-06-16 02:56:08,758] {logging_mixin.py:104} INFO - [2025-06-16 02:56:08,758] {dag.py:2306} INFO - Setting next_dagrun for example_xcom to 2025-06-14 00:00:00+00:00
[2025-06-16 02:56:08,770] {scheduler_job.py:190} INFO - Processing /home/airflow/.local/lib/python3.6/site-packages/airflow/example_dags/example_xcom.py took 0.098 seconds
[2025-06-16 02:56:39,278] {scheduler_job.py:182} INFO - Started process (PID=202) to work on /home/airflow/.local/lib/python3.6/site-packages/airflow/example_dags/example_xcom.py
[2025-06-16 02:56:39,279] {scheduler_job.py:633} INFO - Processing file /home/airflow/.local/lib/python3.6/site-packages/airflow/example_dags/example_xcom.py for tasks to queue
[2025-06-16 02:56:39,280] {logging_mixin.py:104} INFO - [2025-06-16 02:56:39,280] {dagbag.py:496} INFO - Filling up the DagBag from /home/airflow/.local/lib/python3.6/site-packages/airflow/example_dags/example_xcom.py
[2025-06-16 02:56:39,287] {scheduler_job.py:643} INFO - DAG(s) dict_keys(['example_xcom']) retrieved from /home/airflow/.local/lib/python3.6/site-packages/airflow/example_dags/example_xcom.py
[2025-06-16 02:56:39,347] {logging_mixin.py:104} INFO - [2025-06-16 02:56:39,346] {dag.py:1833} INFO - Sync 1 DAGs
[2025-06-16 02:56:39,364] {logging_mixin.py:104} INFO - [2025-06-16 02:56:39,364] {dag.py:2306} INFO - Setting next_dagrun for example_xcom to 2025-06-14 00:00:00+00:00
[2025-06-16 02:56:39,375] {scheduler_job.py:190} INFO - Processing /home/airflow/.local/lib/python3.6/site-packages/airflow/example_dags/example_xcom.py took 0.099 seconds
[2025-06-16 02:57:09,789] {scheduler_job.py:182} INFO - Started process (PID=271) to work on /home/airflow/.local/lib/python3.6/site-packages/airflow/example_dags/example_xcom.py
[2025-06-16 02:57:09,790] {scheduler_job.py:633} INFO - Processing file /home/airflow/.local/lib/python3.6/site-packages/airflow/example_dags/example_xcom.py for tasks to queue
[2025-06-16 02:57:09,790] {logging_mixin.py:104} INFO - [2025-06-16 02:57:09,790] {dagbag.py:496} INFO - Filling up the DagBag from /home/airflow/.local/lib/python3.6/site-packages/airflow/example_dags/example_xcom.py
[2025-06-16 02:57:09,796] {scheduler_job.py:643} INFO - DAG(s) dict_keys(['example_xcom']) retrieved from /home/airflow/.local/lib/python3.6/site-packages/airflow/example_dags/example_xcom.py
[2025-06-16 02:57:09,855] {logging_mixin.py:104} INFO - [2025-06-16 02:57:09,855] {dag.py:1833} INFO - Sync 1 DAGs
[2025-06-16 02:57:09,872] {logging_mixin.py:104} INFO - [2025-06-16 02:57:09,872] {dag.py:2306} INFO - Setting next_dagrun for example_xcom to 2025-06-14 00:00:00+00:00
[2025-06-16 02:57:09,883] {scheduler_job.py:190} INFO - Processing /home/airflow/.local/lib/python3.6/site-packages/airflow/example_dags/example_xcom.py took 0.096 seconds
[2025-06-16 02:57:40,600] {scheduler_job.py:182} INFO - Started process (PID=330) to work on /home/airflow/.local/lib/python3.6/site-packages/airflow/example_dags/example_xcom.py
[2025-06-16 02:57:40,601] {scheduler_job.py:633} INFO - Processing file /home/airflow/.local/lib/python3.6/site-packages/airflow/example_dags/example_xcom.py for tasks to queue
[2025-06-16 02:57:40,602] {logging_mixin.py:104} INFO - [2025-06-16 02:57:40,602] {dagbag.py:496} INFO - Filling up the DagBag from /home/airflow/.local/lib/python3.6/site-packages/airflow/example_dags/example_xcom.py
[2025-06-16 02:57:40,611] {scheduler_job.py:643} INFO - DAG(s) dict_keys(['example_xcom']) retrieved from /home/airflow/.local/lib/python3.6/site-packages/airflow/example_dags/example_xcom.py
[2025-06-16 02:57:40,670] {logging_mixin.py:104} INFO - [2025-06-16 02:57:40,670] {dag.py:1833} INFO - Sync 1 DAGs
[2025-06-16 02:57:40,687] {logging_mixin.py:104} INFO - [2025-06-16 02:57:40,687] {dag.py:2306} INFO - Setting next_dagrun for example_xcom to 2025-06-14 00:00:00+00:00
[2025-06-16 02:57:40,698] {scheduler_job.py:190} INFO - Processing /home/airflow/.local/lib/python3.6/site-packages/airflow/example_dags/example_xcom.py took 0.099 seconds
[2025-06-16 02:58:21,206] {scheduler_job.py:182} INFO - Started process (PID=73) to work on /home/airflow/.local/lib/python3.6/site-packages/airflow/example_dags/example_xcom.py
[2025-06-16 02:58:21,207] {scheduler_job.py:633} INFO - Processing file /home/airflow/.local/lib/python3.6/site-packages/airflow/example_dags/example_xcom.py for tasks to queue
[2025-06-16 02:58:21,207] {logging_mixin.py:104} INFO - [2025-06-16 02:58:21,207] {dagbag.py:496} INFO - Filling up the DagBag from /home/airflow/.local/lib/python3.6/site-packages/airflow/example_dags/example_xcom.py
[2025-06-16 02:58:21,214] {scheduler_job.py:643} INFO - DAG(s) dict_keys(['example_xcom']) retrieved from /home/airflow/.local/lib/python3.6/site-packages/airflow/example_dags/example_xcom.py
[2025-06-16 02:58:21,280] {logging_mixin.py:104} INFO - [2025-06-16 02:58:21,279] {dag.py:1833} INFO - Sync 1 DAGs
[2025-06-16 02:58:21,301] {logging_mixin.py:104} INFO - [2025-06-16 02:58:21,301] {dag.py:2306} INFO - Setting next_dagrun for example_xcom to 2025-06-14 00:00:00+00:00
[2025-06-16 02:58:21,315] {scheduler_job.py:190} INFO - Processing /home/airflow/.local/lib/python3.6/site-packages/airflow/example_dags/example_xcom.py took 0.111 seconds
[2025-06-16 02:58:51,426] {scheduler_job.py:182} INFO - Started process (PID=139) to work on /home/airflow/.local/lib/python3.6/site-packages/airflow/example_dags/example_xcom.py
[2025-06-16 02:58:51,427] {scheduler_job.py:633} INFO - Processing file /home/airflow/.local/lib/python3.6/site-packages/airflow/example_dags/example_xcom.py for tasks to queue
[2025-06-16 02:58:51,427] {logging_mixin.py:104} INFO - [2025-06-16 02:58:51,427] {dagbag.py:496} INFO - Filling up the DagBag from /home/airflow/.local/lib/python3.6/site-packages/airflow/example_dags/example_xcom.py
[2025-06-16 02:58:51,433] {scheduler_job.py:643} INFO - DAG(s) dict_keys(['example_xcom']) retrieved from /home/airflow/.local/lib/python3.6/site-packages/airflow/example_dags/example_xcom.py
[2025-06-16 02:58:51,490] {logging_mixin.py:104} INFO - [2025-06-16 02:58:51,490] {dag.py:1833} INFO - Sync 1 DAGs
[2025-06-16 02:58:51,506] {logging_mixin.py:104} INFO - [2025-06-16 02:58:51,506] {dag.py:2306} INFO - Setting next_dagrun for example_xcom to 2025-06-14 00:00:00+00:00
[2025-06-16 02:58:51,516] {scheduler_job.py:190} INFO - Processing /home/airflow/.local/lib/python3.6/site-packages/airflow/example_dags/example_xcom.py took 0.091 seconds
[2025-06-16 02:59:21,801] {scheduler_job.py:182} INFO - Started process (PID=201) to work on /home/airflow/.local/lib/python3.6/site-packages/airflow/example_dags/example_xcom.py
[2025-06-16 02:59:21,802] {scheduler_job.py:633} INFO - Processing file /home/airflow/.local/lib/python3.6/site-packages/airflow/example_dags/example_xcom.py for tasks to queue
[2025-06-16 02:59:21,802] {logging_mixin.py:104} INFO - [2025-06-16 02:59:21,802] {dagbag.py:496} INFO - Filling up the DagBag from /home/airflow/.local/lib/python3.6/site-packages/airflow/example_dags/example_xcom.py
[2025-06-16 02:59:21,808] {scheduler_job.py:643} INFO - DAG(s) dict_keys(['example_xcom']) retrieved from /home/airflow/.local/lib/python3.6/site-packages/airflow/example_dags/example_xcom.py
[2025-06-16 02:59:21,865] {logging_mixin.py:104} INFO - [2025-06-16 02:59:21,865] {dag.py:1833} INFO - Sync 1 DAGs
[2025-06-16 02:59:21,884] {logging_mixin.py:104} INFO - [2025-06-16 02:59:21,884] {dag.py:2306} INFO - Setting next_dagrun for example_xcom to 2025-06-14 00:00:00+00:00
[2025-06-16 02:59:21,893] {scheduler_job.py:190} INFO - Processing /home/airflow/.local/lib/python3.6/site-packages/airflow/example_dags/example_xcom.py took 0.094 seconds
[2025-06-16 02:59:52,635] {scheduler_job.py:182} INFO - Started process (PID=270) to work on /home/airflow/.local/lib/python3.6/site-packages/airflow/example_dags/example_xcom.py
[2025-06-16 02:59:52,636] {scheduler_job.py:633} INFO - Processing file /home/airflow/.local/lib/python3.6/site-packages/airflow/example_dags/example_xcom.py for tasks to queue
[2025-06-16 02:59:52,636] {logging_mixin.py:104} INFO - [2025-06-16 02:59:52,636] {dagbag.py:496} INFO - Filling up the DagBag from /home/airflow/.local/lib/python3.6/site-packages/airflow/example_dags/example_xcom.py
[2025-06-16 02:59:52,643] {scheduler_job.py:643} INFO - DAG(s) dict_keys(['example_xcom']) retrieved from /home/airflow/.local/lib/python3.6/site-packages/airflow/example_dags/example_xcom.py
[2025-06-16 02:59:52,703] {logging_mixin.py:104} INFO - [2025-06-16 02:59:52,703] {dag.py:1833} INFO - Sync 1 DAGs
[2025-06-16 02:59:52,722] {logging_mixin.py:104} INFO - [2025-06-16 02:59:52,721] {dag.py:2306} INFO - Setting next_dagrun for example_xcom to 2025-06-14 00:00:00+00:00
[2025-06-16 02:59:52,732] {scheduler_job.py:190} INFO - Processing /home/airflow/.local/lib/python3.6/site-packages/airflow/example_dags/example_xcom.py took 0.098 seconds
