[2025-06-16 02:52:00,224] {scheduler_job.py:182} INFO - Started process (PID=237) to work on /home/airflow/.local/lib/python3.6/site-packages/airflow/example_dags/example_latest_only.py
[2025-06-16 02:52:00,225] {scheduler_job.py:633} INFO - Processing file /home/airflow/.local/lib/python3.6/site-packages/airflow/example_dags/example_latest_only.py for tasks to queue
[2025-06-16 02:52:00,227] {logging_mixin.py:104} INFO - [2025-06-16 02:52:00,227] {dagbag.py:496} INFO - Filling up the DagBag from /home/airflow/.local/lib/python3.6/site-packages/airflow/example_dags/example_latest_only.py
[2025-06-16 02:52:00,236] {scheduler_job.py:643} INFO - DAG(s) dict_keys(['latest_only']) retrieved from /home/airflow/.local/lib/python3.6/site-packages/airflow/example_dags/example_latest_only.py
[2025-06-16 02:52:01,879] {logging_mixin.py:104} INFO - [2025-06-16 02:52:01,879] {dag.py:1833} INFO - Sync 1 DAGs
[2025-06-16 02:52:01,886] {logging_mixin.py:104} INFO - [2025-06-16 02:52:01,886] {dag.py:1852} INFO - Creating ORM DAG for latest_only
[2025-06-16 02:52:01,895] {logging_mixin.py:104} INFO - [2025-06-16 02:52:01,895] {dag.py:2306} INFO - Setting next_dagrun for latest_only to 2025-06-14 00:00:00+00:00
[2025-06-16 02:52:01,903] {scheduler_job.py:190} INFO - Processing /home/airflow/.local/lib/python3.6/site-packages/airflow/example_dags/example_latest_only.py took 1.680 seconds
[2025-06-16 02:52:32,553] {scheduler_job.py:182} INFO - Started process (PID=395) to work on /home/airflow/.local/lib/python3.6/site-packages/airflow/example_dags/example_latest_only.py
[2025-06-16 02:52:32,555] {scheduler_job.py:633} INFO - Processing file /home/airflow/.local/lib/python3.6/site-packages/airflow/example_dags/example_latest_only.py for tasks to queue
[2025-06-16 02:52:32,555] {logging_mixin.py:104} INFO - [2025-06-16 02:52:32,555] {dagbag.py:496} INFO - Filling up the DagBag from /home/airflow/.local/lib/python3.6/site-packages/airflow/example_dags/example_latest_only.py
[2025-06-16 02:52:32,564] {scheduler_job.py:643} INFO - DAG(s) dict_keys(['latest_only']) retrieved from /home/airflow/.local/lib/python3.6/site-packages/airflow/example_dags/example_latest_only.py
[2025-06-16 02:52:32,628] {logging_mixin.py:104} INFO - [2025-06-16 02:52:32,628] {dag.py:1833} INFO - Sync 1 DAGs
[2025-06-16 02:52:32,644] {logging_mixin.py:104} INFO - [2025-06-16 02:52:32,644] {dag.py:2306} INFO - Setting next_dagrun for latest_only to 2025-06-14 00:00:00+00:00
[2025-06-16 02:52:32,654] {scheduler_job.py:190} INFO - Processing /home/airflow/.local/lib/python3.6/site-packages/airflow/example_dags/example_latest_only.py took 0.104 seconds
[2025-06-16 02:53:03,355] {scheduler_job.py:182} INFO - Started process (PID=464) to work on /home/airflow/.local/lib/python3.6/site-packages/airflow/example_dags/example_latest_only.py
[2025-06-16 02:53:03,356] {scheduler_job.py:633} INFO - Processing file /home/airflow/.local/lib/python3.6/site-packages/airflow/example_dags/example_latest_only.py for tasks to queue
[2025-06-16 02:53:03,357] {logging_mixin.py:104} INFO - [2025-06-16 02:53:03,357] {dagbag.py:496} INFO - Filling up the DagBag from /home/airflow/.local/lib/python3.6/site-packages/airflow/example_dags/example_latest_only.py
[2025-06-16 02:53:03,363] {scheduler_job.py:643} INFO - DAG(s) dict_keys(['latest_only']) retrieved from /home/airflow/.local/lib/python3.6/site-packages/airflow/example_dags/example_latest_only.py
[2025-06-16 02:53:03,426] {logging_mixin.py:104} INFO - [2025-06-16 02:53:03,426] {dag.py:1833} INFO - Sync 1 DAGs
[2025-06-16 02:53:03,444] {logging_mixin.py:104} INFO - [2025-06-16 02:53:03,444] {dag.py:2306} INFO - Setting next_dagrun for latest_only to 2025-06-14 00:00:00+00:00
[2025-06-16 02:53:03,454] {scheduler_job.py:190} INFO - Processing /home/airflow/.local/lib/python3.6/site-packages/airflow/example_dags/example_latest_only.py took 0.101 seconds
[2025-06-16 02:53:43,306] {scheduler_job.py:182} INFO - Started process (PID=76) to work on /home/airflow/.local/lib/python3.6/site-packages/airflow/example_dags/example_latest_only.py
[2025-06-16 02:53:43,307] {scheduler_job.py:633} INFO - Processing file /home/airflow/.local/lib/python3.6/site-packages/airflow/example_dags/example_latest_only.py for tasks to queue
[2025-06-16 02:53:43,307] {logging_mixin.py:104} INFO - [2025-06-16 02:53:43,307] {dagbag.py:496} INFO - Filling up the DagBag from /home/airflow/.local/lib/python3.6/site-packages/airflow/example_dags/example_latest_only.py
[2025-06-16 02:53:43,314] {scheduler_job.py:643} INFO - DAG(s) dict_keys(['latest_only']) retrieved from /home/airflow/.local/lib/python3.6/site-packages/airflow/example_dags/example_latest_only.py
[2025-06-16 02:53:43,380] {logging_mixin.py:104} INFO - [2025-06-16 02:53:43,380] {dag.py:1833} INFO - Sync 1 DAGs
[2025-06-16 02:53:43,401] {logging_mixin.py:104} INFO - [2025-06-16 02:53:43,401] {dag.py:2306} INFO - Setting next_dagrun for latest_only to 2025-06-14 00:00:00+00:00
[2025-06-16 02:53:43,412] {scheduler_job.py:190} INFO - Processing /home/airflow/.local/lib/python3.6/site-packages/airflow/example_dags/example_latest_only.py took 0.109 seconds
[2025-06-16 02:54:13,937] {scheduler_job.py:182} INFO - Started process (PID=135) to work on /home/airflow/.local/lib/python3.6/site-packages/airflow/example_dags/example_latest_only.py
[2025-06-16 02:54:13,938] {scheduler_job.py:633} INFO - Processing file /home/airflow/.local/lib/python3.6/site-packages/airflow/example_dags/example_latest_only.py for tasks to queue
[2025-06-16 02:54:13,938] {logging_mixin.py:104} INFO - [2025-06-16 02:54:13,938] {dagbag.py:496} INFO - Filling up the DagBag from /home/airflow/.local/lib/python3.6/site-packages/airflow/example_dags/example_latest_only.py
[2025-06-16 02:54:13,944] {scheduler_job.py:643} INFO - DAG(s) dict_keys(['latest_only']) retrieved from /home/airflow/.local/lib/python3.6/site-packages/airflow/example_dags/example_latest_only.py
[2025-06-16 02:54:14,002] {logging_mixin.py:104} INFO - [2025-06-16 02:54:14,002] {dag.py:1833} INFO - Sync 1 DAGs
[2025-06-16 02:54:14,019] {logging_mixin.py:104} INFO - [2025-06-16 02:54:14,019] {dag.py:2306} INFO - Setting next_dagrun for latest_only to 2025-06-14 00:00:00+00:00
[2025-06-16 02:54:14,029] {scheduler_job.py:190} INFO - Processing /home/airflow/.local/lib/python3.6/site-packages/airflow/example_dags/example_latest_only.py took 0.094 seconds
[2025-06-16 02:54:44,326] {scheduler_job.py:182} INFO - Started process (PID=204) to work on /home/airflow/.local/lib/python3.6/site-packages/airflow/example_dags/example_latest_only.py
[2025-06-16 02:54:44,327] {scheduler_job.py:633} INFO - Processing file /home/airflow/.local/lib/python3.6/site-packages/airflow/example_dags/example_latest_only.py for tasks to queue
[2025-06-16 02:54:44,328] {logging_mixin.py:104} INFO - [2025-06-16 02:54:44,327] {dagbag.py:496} INFO - Filling up the DagBag from /home/airflow/.local/lib/python3.6/site-packages/airflow/example_dags/example_latest_only.py
[2025-06-16 02:54:44,333] {scheduler_job.py:643} INFO - DAG(s) dict_keys(['latest_only']) retrieved from /home/airflow/.local/lib/python3.6/site-packages/airflow/example_dags/example_latest_only.py
[2025-06-16 02:54:44,397] {logging_mixin.py:104} INFO - [2025-06-16 02:54:44,397] {dag.py:1833} INFO - Sync 1 DAGs
[2025-06-16 02:54:44,417] {logging_mixin.py:104} INFO - [2025-06-16 02:54:44,417] {dag.py:2306} INFO - Setting next_dagrun for latest_only to 2025-06-14 00:00:00+00:00
[2025-06-16 02:54:44,428] {scheduler_job.py:190} INFO - Processing /home/airflow/.local/lib/python3.6/site-packages/airflow/example_dags/example_latest_only.py took 0.104 seconds
[2025-06-16 02:55:37,857] {scheduler_job.py:182} INFO - Started process (PID=76) to work on /home/airflow/.local/lib/python3.6/site-packages/airflow/example_dags/example_latest_only.py
[2025-06-16 02:55:37,858] {scheduler_job.py:633} INFO - Processing file /home/airflow/.local/lib/python3.6/site-packages/airflow/example_dags/example_latest_only.py for tasks to queue
[2025-06-16 02:55:37,859] {logging_mixin.py:104} INFO - [2025-06-16 02:55:37,859] {dagbag.py:496} INFO - Filling up the DagBag from /home/airflow/.local/lib/python3.6/site-packages/airflow/example_dags/example_latest_only.py
[2025-06-16 02:55:37,866] {scheduler_job.py:643} INFO - DAG(s) dict_keys(['latest_only']) retrieved from /home/airflow/.local/lib/python3.6/site-packages/airflow/example_dags/example_latest_only.py
[2025-06-16 02:55:37,934] {logging_mixin.py:104} INFO - [2025-06-16 02:55:37,934] {dag.py:1833} INFO - Sync 1 DAGs
[2025-06-16 02:55:37,954] {logging_mixin.py:104} INFO - [2025-06-16 02:55:37,954] {dag.py:2306} INFO - Setting next_dagrun for latest_only to 2025-06-14 00:00:00+00:00
[2025-06-16 02:55:37,967] {scheduler_job.py:190} INFO - Processing /home/airflow/.local/lib/python3.6/site-packages/airflow/example_dags/example_latest_only.py took 0.111 seconds
[2025-06-16 02:56:08,779] {scheduler_job.py:182} INFO - Started process (PID=145) to work on /home/airflow/.local/lib/python3.6/site-packages/airflow/example_dags/example_latest_only.py
[2025-06-16 02:56:08,779] {scheduler_job.py:633} INFO - Processing file /home/airflow/.local/lib/python3.6/site-packages/airflow/example_dags/example_latest_only.py for tasks to queue
[2025-06-16 02:56:08,783] {logging_mixin.py:104} INFO - [2025-06-16 02:56:08,783] {dagbag.py:496} INFO - Filling up the DagBag from /home/airflow/.local/lib/python3.6/site-packages/airflow/example_dags/example_latest_only.py
[2025-06-16 02:56:08,789] {scheduler_job.py:643} INFO - DAG(s) dict_keys(['latest_only']) retrieved from /home/airflow/.local/lib/python3.6/site-packages/airflow/example_dags/example_latest_only.py
[2025-06-16 02:56:08,850] {logging_mixin.py:104} INFO - [2025-06-16 02:56:08,849] {dag.py:1833} INFO - Sync 1 DAGs
[2025-06-16 02:56:08,869] {logging_mixin.py:104} INFO - [2025-06-16 02:56:08,869] {dag.py:2306} INFO - Setting next_dagrun for latest_only to 2025-06-14 00:00:00+00:00
[2025-06-16 02:56:08,881] {scheduler_job.py:190} INFO - Processing /home/airflow/.local/lib/python3.6/site-packages/airflow/example_dags/example_latest_only.py took 0.104 seconds
[2025-06-16 02:56:39,384] {scheduler_job.py:182} INFO - Started process (PID=204) to work on /home/airflow/.local/lib/python3.6/site-packages/airflow/example_dags/example_latest_only.py
[2025-06-16 02:56:39,384] {scheduler_job.py:633} INFO - Processing file /home/airflow/.local/lib/python3.6/site-packages/airflow/example_dags/example_latest_only.py for tasks to queue
[2025-06-16 02:56:39,385] {logging_mixin.py:104} INFO - [2025-06-16 02:56:39,384] {dagbag.py:496} INFO - Filling up the DagBag from /home/airflow/.local/lib/python3.6/site-packages/airflow/example_dags/example_latest_only.py
[2025-06-16 02:56:39,391] {scheduler_job.py:643} INFO - DAG(s) dict_keys(['latest_only']) retrieved from /home/airflow/.local/lib/python3.6/site-packages/airflow/example_dags/example_latest_only.py
[2025-06-16 02:56:39,452] {logging_mixin.py:104} INFO - [2025-06-16 02:56:39,452] {dag.py:1833} INFO - Sync 1 DAGs
[2025-06-16 02:56:39,469] {logging_mixin.py:104} INFO - [2025-06-16 02:56:39,469] {dag.py:2306} INFO - Setting next_dagrun for latest_only to 2025-06-14 00:00:00+00:00
[2025-06-16 02:56:39,486] {scheduler_job.py:190} INFO - Processing /home/airflow/.local/lib/python3.6/site-packages/airflow/example_dags/example_latest_only.py took 0.104 seconds
[2025-06-16 02:57:09,998] {scheduler_job.py:182} INFO - Started process (PID=273) to work on /home/airflow/.local/lib/python3.6/site-packages/airflow/example_dags/example_latest_only.py
[2025-06-16 02:57:09,999] {scheduler_job.py:633} INFO - Processing file /home/airflow/.local/lib/python3.6/site-packages/airflow/example_dags/example_latest_only.py for tasks to queue
[2025-06-16 02:57:09,999] {logging_mixin.py:104} INFO - [2025-06-16 02:57:09,999] {dagbag.py:496} INFO - Filling up the DagBag from /home/airflow/.local/lib/python3.6/site-packages/airflow/example_dags/example_latest_only.py
[2025-06-16 02:57:10,005] {scheduler_job.py:643} INFO - DAG(s) dict_keys(['latest_only']) retrieved from /home/airflow/.local/lib/python3.6/site-packages/airflow/example_dags/example_latest_only.py
[2025-06-16 02:57:10,073] {logging_mixin.py:104} INFO - [2025-06-16 02:57:10,072] {dag.py:1833} INFO - Sync 1 DAGs
[2025-06-16 02:57:10,095] {logging_mixin.py:104} INFO - [2025-06-16 02:57:10,095] {dag.py:2306} INFO - Setting next_dagrun for latest_only to 2025-06-14 00:00:00+00:00
[2025-06-16 02:57:10,107] {scheduler_job.py:190} INFO - Processing /home/airflow/.local/lib/python3.6/site-packages/airflow/example_dags/example_latest_only.py took 0.111 seconds
[2025-06-16 02:57:40,708] {scheduler_job.py:182} INFO - Started process (PID=332) to work on /home/airflow/.local/lib/python3.6/site-packages/airflow/example_dags/example_latest_only.py
[2025-06-16 02:57:40,711] {scheduler_job.py:633} INFO - Processing file /home/airflow/.local/lib/python3.6/site-packages/airflow/example_dags/example_latest_only.py for tasks to queue
[2025-06-16 02:57:40,711] {logging_mixin.py:104} INFO - [2025-06-16 02:57:40,711] {dagbag.py:496} INFO - Filling up the DagBag from /home/airflow/.local/lib/python3.6/site-packages/airflow/example_dags/example_latest_only.py
[2025-06-16 02:57:40,723] {scheduler_job.py:643} INFO - DAG(s) dict_keys(['latest_only']) retrieved from /home/airflow/.local/lib/python3.6/site-packages/airflow/example_dags/example_latest_only.py
[2025-06-16 02:57:40,793] {logging_mixin.py:104} INFO - [2025-06-16 02:57:40,793] {dag.py:1833} INFO - Sync 1 DAGs
[2025-06-16 02:57:40,810] {logging_mixin.py:104} INFO - [2025-06-16 02:57:40,810] {dag.py:2306} INFO - Setting next_dagrun for latest_only to 2025-06-14 00:00:00+00:00
[2025-06-16 02:57:40,826] {scheduler_job.py:190} INFO - Processing /home/airflow/.local/lib/python3.6/site-packages/airflow/example_dags/example_latest_only.py took 0.119 seconds
[2025-06-16 02:58:21,328] {scheduler_job.py:182} INFO - Started process (PID=75) to work on /home/airflow/.local/lib/python3.6/site-packages/airflow/example_dags/example_latest_only.py
[2025-06-16 02:58:21,329] {scheduler_job.py:633} INFO - Processing file /home/airflow/.local/lib/python3.6/site-packages/airflow/example_dags/example_latest_only.py for tasks to queue
[2025-06-16 02:58:21,330] {logging_mixin.py:104} INFO - [2025-06-16 02:58:21,330] {dagbag.py:496} INFO - Filling up the DagBag from /home/airflow/.local/lib/python3.6/site-packages/airflow/example_dags/example_latest_only.py
[2025-06-16 02:58:21,336] {scheduler_job.py:643} INFO - DAG(s) dict_keys(['latest_only']) retrieved from /home/airflow/.local/lib/python3.6/site-packages/airflow/example_dags/example_latest_only.py
[2025-06-16 02:58:21,402] {logging_mixin.py:104} INFO - [2025-06-16 02:58:21,402] {dag.py:1833} INFO - Sync 1 DAGs
[2025-06-16 02:58:21,422] {logging_mixin.py:104} INFO - [2025-06-16 02:58:21,422] {dag.py:2306} INFO - Setting next_dagrun for latest_only to 2025-06-14 00:00:00+00:00
[2025-06-16 02:58:21,436] {scheduler_job.py:190} INFO - Processing /home/airflow/.local/lib/python3.6/site-packages/airflow/example_dags/example_latest_only.py took 0.110 seconds
[2025-06-16 02:58:51,524] {scheduler_job.py:182} INFO - Started process (PID=141) to work on /home/airflow/.local/lib/python3.6/site-packages/airflow/example_dags/example_latest_only.py
[2025-06-16 02:58:51,525] {scheduler_job.py:633} INFO - Processing file /home/airflow/.local/lib/python3.6/site-packages/airflow/example_dags/example_latest_only.py for tasks to queue
[2025-06-16 02:58:51,529] {logging_mixin.py:104} INFO - [2025-06-16 02:58:51,529] {dagbag.py:496} INFO - Filling up the DagBag from /home/airflow/.local/lib/python3.6/site-packages/airflow/example_dags/example_latest_only.py
[2025-06-16 02:58:51,534] {scheduler_job.py:643} INFO - DAG(s) dict_keys(['latest_only']) retrieved from /home/airflow/.local/lib/python3.6/site-packages/airflow/example_dags/example_latest_only.py
[2025-06-16 02:58:51,591] {logging_mixin.py:104} INFO - [2025-06-16 02:58:51,591] {dag.py:1833} INFO - Sync 1 DAGs
[2025-06-16 02:58:51,610] {logging_mixin.py:104} INFO - [2025-06-16 02:58:51,610] {dag.py:2306} INFO - Setting next_dagrun for latest_only to 2025-06-14 00:00:00+00:00
[2025-06-16 02:58:51,621] {scheduler_job.py:190} INFO - Processing /home/airflow/.local/lib/python3.6/site-packages/airflow/example_dags/example_latest_only.py took 0.098 seconds
[2025-06-16 02:59:21,901] {scheduler_job.py:182} INFO - Started process (PID=203) to work on /home/airflow/.local/lib/python3.6/site-packages/airflow/example_dags/example_latest_only.py
[2025-06-16 02:59:21,901] {scheduler_job.py:633} INFO - Processing file /home/airflow/.local/lib/python3.6/site-packages/airflow/example_dags/example_latest_only.py for tasks to queue
[2025-06-16 02:59:21,901] {logging_mixin.py:104} INFO - [2025-06-16 02:59:21,901] {dagbag.py:496} INFO - Filling up the DagBag from /home/airflow/.local/lib/python3.6/site-packages/airflow/example_dags/example_latest_only.py
[2025-06-16 02:59:21,907] {scheduler_job.py:643} INFO - DAG(s) dict_keys(['latest_only']) retrieved from /home/airflow/.local/lib/python3.6/site-packages/airflow/example_dags/example_latest_only.py
[2025-06-16 02:59:21,964] {logging_mixin.py:104} INFO - [2025-06-16 02:59:21,964] {dag.py:1833} INFO - Sync 1 DAGs
[2025-06-16 02:59:21,984] {logging_mixin.py:104} INFO - [2025-06-16 02:59:21,984] {dag.py:2306} INFO - Setting next_dagrun for latest_only to 2025-06-14 00:00:00+00:00
[2025-06-16 02:59:21,994] {scheduler_job.py:190} INFO - Processing /home/airflow/.local/lib/python3.6/site-packages/airflow/example_dags/example_latest_only.py took 0.095 seconds
[2025-06-16 02:59:52,742] {scheduler_job.py:182} INFO - Started process (PID=272) to work on /home/airflow/.local/lib/python3.6/site-packages/airflow/example_dags/example_latest_only.py
[2025-06-16 02:59:52,743] {scheduler_job.py:633} INFO - Processing file /home/airflow/.local/lib/python3.6/site-packages/airflow/example_dags/example_latest_only.py for tasks to queue
[2025-06-16 02:59:52,743] {logging_mixin.py:104} INFO - [2025-06-16 02:59:52,743] {dagbag.py:496} INFO - Filling up the DagBag from /home/airflow/.local/lib/python3.6/site-packages/airflow/example_dags/example_latest_only.py
[2025-06-16 02:59:52,750] {scheduler_job.py:643} INFO - DAG(s) dict_keys(['latest_only']) retrieved from /home/airflow/.local/lib/python3.6/site-packages/airflow/example_dags/example_latest_only.py
[2025-06-16 02:59:52,809] {logging_mixin.py:104} INFO - [2025-06-16 02:59:52,809] {dag.py:1833} INFO - Sync 1 DAGs
[2025-06-16 02:59:52,830] {logging_mixin.py:104} INFO - [2025-06-16 02:59:52,830] {dag.py:2306} INFO - Setting next_dagrun for latest_only to 2025-06-14 00:00:00+00:00
[2025-06-16 02:59:52,845] {scheduler_job.py:190} INFO - Processing /home/airflow/.local/lib/python3.6/site-packages/airflow/example_dags/example_latest_only.py took 0.105 seconds
