[2025-06-16 02:51:48,826] {scheduler_job.py:182} INFO - Started process (PID=110) to work on /home/airflow/.local/lib/python3.6/site-packages/airflow/example_dags/example_nested_branch_dag.py
[2025-06-16 02:51:48,827] {scheduler_job.py:633} INFO - Processing file /home/airflow/.local/lib/python3.6/site-packages/airflow/example_dags/example_nested_branch_dag.py for tasks to queue
[2025-06-16 02:51:48,828] {logging_mixin.py:104} INFO - [2025-06-16 02:51:48,828] {dagbag.py:496} INFO - Filling up the DagBag from /home/airflow/.local/lib/python3.6/site-packages/airflow/example_dags/example_nested_branch_dag.py
[2025-06-16 02:51:48,838] {scheduler_job.py:643} INFO - DAG(s) dict_keys(['example_nested_branch_dag']) retrieved from /home/airflow/.local/lib/python3.6/site-packages/airflow/example_dags/example_nested_branch_dag.py
[2025-06-16 02:51:50,561] {logging_mixin.py:104} INFO - [2025-06-16 02:51:50,561] {dag.py:1833} INFO - Sync 1 DAGs
[2025-06-16 02:51:50,571] {logging_mixin.py:104} INFO - [2025-06-16 02:51:50,570] {dag.py:1852} INFO - Creating ORM DAG for example_nested_branch_dag
[2025-06-16 02:51:50,582] {logging_mixin.py:104} INFO - [2025-06-16 02:51:50,582] {dag.py:2306} INFO - Setting next_dagrun for example_nested_branch_dag to 2025-06-14 00:00:00+00:00
[2025-06-16 02:51:50,591] {scheduler_job.py:190} INFO - Processing /home/airflow/.local/lib/python3.6/site-packages/airflow/example_dags/example_nested_branch_dag.py took 1.766 seconds
[2025-06-16 02:52:21,364] {scheduler_job.py:182} INFO - Started process (PID=372) to work on /home/airflow/.local/lib/python3.6/site-packages/airflow/example_dags/example_nested_branch_dag.py
[2025-06-16 02:52:21,366] {scheduler_job.py:633} INFO - Processing file /home/airflow/.local/lib/python3.6/site-packages/airflow/example_dags/example_nested_branch_dag.py for tasks to queue
[2025-06-16 02:52:21,367] {logging_mixin.py:104} INFO - [2025-06-16 02:52:21,367] {dagbag.py:496} INFO - Filling up the DagBag from /home/airflow/.local/lib/python3.6/site-packages/airflow/example_dags/example_nested_branch_dag.py
[2025-06-16 02:52:21,381] {scheduler_job.py:643} INFO - DAG(s) dict_keys(['example_nested_branch_dag']) retrieved from /home/airflow/.local/lib/python3.6/site-packages/airflow/example_dags/example_nested_branch_dag.py
[2025-06-16 02:52:21,447] {logging_mixin.py:104} INFO - [2025-06-16 02:52:21,446] {dag.py:1833} INFO - Sync 1 DAGs
[2025-06-16 02:52:21,465] {logging_mixin.py:104} INFO - [2025-06-16 02:52:21,465] {dag.py:2306} INFO - Setting next_dagrun for example_nested_branch_dag to 2025-06-14 00:00:00+00:00
[2025-06-16 02:52:21,474] {scheduler_job.py:190} INFO - Processing /home/airflow/.local/lib/python3.6/site-packages/airflow/example_dags/example_nested_branch_dag.py took 0.115 seconds
[2025-06-16 02:52:51,583] {scheduler_job.py:182} INFO - Started process (PID=441) to work on /home/airflow/.local/lib/python3.6/site-packages/airflow/example_dags/example_nested_branch_dag.py
[2025-06-16 02:52:51,584] {scheduler_job.py:633} INFO - Processing file /home/airflow/.local/lib/python3.6/site-packages/airflow/example_dags/example_nested_branch_dag.py for tasks to queue
[2025-06-16 02:52:51,585] {logging_mixin.py:104} INFO - [2025-06-16 02:52:51,585] {dagbag.py:496} INFO - Filling up the DagBag from /home/airflow/.local/lib/python3.6/site-packages/airflow/example_dags/example_nested_branch_dag.py
[2025-06-16 02:52:51,593] {scheduler_job.py:643} INFO - DAG(s) dict_keys(['example_nested_branch_dag']) retrieved from /home/airflow/.local/lib/python3.6/site-packages/airflow/example_dags/example_nested_branch_dag.py
[2025-06-16 02:52:51,653] {logging_mixin.py:104} INFO - [2025-06-16 02:52:51,653] {dag.py:1833} INFO - Sync 1 DAGs
[2025-06-16 02:52:51,670] {logging_mixin.py:104} INFO - [2025-06-16 02:52:51,670] {dag.py:2306} INFO - Setting next_dagrun for example_nested_branch_dag to 2025-06-14 00:00:00+00:00
[2025-06-16 02:52:51,680] {scheduler_job.py:190} INFO - Processing /home/airflow/.local/lib/python3.6/site-packages/airflow/example_dags/example_nested_branch_dag.py took 0.099 seconds
[2025-06-16 02:53:42,003] {scheduler_job.py:182} INFO - Started process (PID=63) to work on /home/airflow/.local/lib/python3.6/site-packages/airflow/example_dags/example_nested_branch_dag.py
[2025-06-16 02:53:42,005] {scheduler_job.py:633} INFO - Processing file /home/airflow/.local/lib/python3.6/site-packages/airflow/example_dags/example_nested_branch_dag.py for tasks to queue
[2025-06-16 02:53:42,007] {logging_mixin.py:104} INFO - [2025-06-16 02:53:42,006] {dagbag.py:496} INFO - Filling up the DagBag from /home/airflow/.local/lib/python3.6/site-packages/airflow/example_dags/example_nested_branch_dag.py
[2025-06-16 02:53:42,018] {scheduler_job.py:643} INFO - DAG(s) dict_keys(['example_nested_branch_dag']) retrieved from /home/airflow/.local/lib/python3.6/site-packages/airflow/example_dags/example_nested_branch_dag.py
[2025-06-16 02:53:42,110] {logging_mixin.py:104} INFO - [2025-06-16 02:53:42,110] {dag.py:1833} INFO - Sync 1 DAGs
[2025-06-16 02:53:42,149] {logging_mixin.py:104} INFO - [2025-06-16 02:53:42,149] {dag.py:2306} INFO - Setting next_dagrun for example_nested_branch_dag to 2025-06-14 00:00:00+00:00
[2025-06-16 02:53:42,170] {scheduler_job.py:190} INFO - Processing /home/airflow/.local/lib/python3.6/site-packages/airflow/example_dags/example_nested_branch_dag.py took 0.168 seconds
[2025-06-16 02:54:12,876] {scheduler_job.py:182} INFO - Started process (PID=121) to work on /home/airflow/.local/lib/python3.6/site-packages/airflow/example_dags/example_nested_branch_dag.py
[2025-06-16 02:54:12,876] {scheduler_job.py:633} INFO - Processing file /home/airflow/.local/lib/python3.6/site-packages/airflow/example_dags/example_nested_branch_dag.py for tasks to queue
[2025-06-16 02:54:12,877] {logging_mixin.py:104} INFO - [2025-06-16 02:54:12,877] {dagbag.py:496} INFO - Filling up the DagBag from /home/airflow/.local/lib/python3.6/site-packages/airflow/example_dags/example_nested_branch_dag.py
[2025-06-16 02:54:12,885] {scheduler_job.py:643} INFO - DAG(s) dict_keys(['example_nested_branch_dag']) retrieved from /home/airflow/.local/lib/python3.6/site-packages/airflow/example_dags/example_nested_branch_dag.py
[2025-06-16 02:54:12,943] {logging_mixin.py:104} INFO - [2025-06-16 02:54:12,943] {dag.py:1833} INFO - Sync 1 DAGs
[2025-06-16 02:54:12,962] {logging_mixin.py:104} INFO - [2025-06-16 02:54:12,962] {dag.py:2306} INFO - Setting next_dagrun for example_nested_branch_dag to 2025-06-14 00:00:00+00:00
[2025-06-16 02:54:12,973] {scheduler_job.py:190} INFO - Processing /home/airflow/.local/lib/python3.6/site-packages/airflow/example_dags/example_nested_branch_dag.py took 0.099 seconds
[2025-06-16 02:54:43,553] {scheduler_job.py:182} INFO - Started process (PID=191) to work on /home/airflow/.local/lib/python3.6/site-packages/airflow/example_dags/example_nested_branch_dag.py
[2025-06-16 02:54:43,554] {scheduler_job.py:633} INFO - Processing file /home/airflow/.local/lib/python3.6/site-packages/airflow/example_dags/example_nested_branch_dag.py for tasks to queue
[2025-06-16 02:54:43,554] {logging_mixin.py:104} INFO - [2025-06-16 02:54:43,554] {dagbag.py:496} INFO - Filling up the DagBag from /home/airflow/.local/lib/python3.6/site-packages/airflow/example_dags/example_nested_branch_dag.py
[2025-06-16 02:54:43,561] {scheduler_job.py:643} INFO - DAG(s) dict_keys(['example_nested_branch_dag']) retrieved from /home/airflow/.local/lib/python3.6/site-packages/airflow/example_dags/example_nested_branch_dag.py
[2025-06-16 02:54:43,618] {logging_mixin.py:104} INFO - [2025-06-16 02:54:43,618] {dag.py:1833} INFO - Sync 1 DAGs
[2025-06-16 02:54:43,637] {logging_mixin.py:104} INFO - [2025-06-16 02:54:43,637] {dag.py:2306} INFO - Setting next_dagrun for example_nested_branch_dag to 2025-06-14 00:00:00+00:00
[2025-06-16 02:54:43,648] {scheduler_job.py:190} INFO - Processing /home/airflow/.local/lib/python3.6/site-packages/airflow/example_dags/example_nested_branch_dag.py took 0.097 seconds
[2025-06-16 02:55:36,378] {scheduler_job.py:182} INFO - Started process (PID=63) to work on /home/airflow/.local/lib/python3.6/site-packages/airflow/example_dags/example_nested_branch_dag.py
[2025-06-16 02:55:36,380] {scheduler_job.py:633} INFO - Processing file /home/airflow/.local/lib/python3.6/site-packages/airflow/example_dags/example_nested_branch_dag.py for tasks to queue
[2025-06-16 02:55:36,381] {logging_mixin.py:104} INFO - [2025-06-16 02:55:36,381] {dagbag.py:496} INFO - Filling up the DagBag from /home/airflow/.local/lib/python3.6/site-packages/airflow/example_dags/example_nested_branch_dag.py
[2025-06-16 02:55:36,391] {scheduler_job.py:643} INFO - DAG(s) dict_keys(['example_nested_branch_dag']) retrieved from /home/airflow/.local/lib/python3.6/site-packages/airflow/example_dags/example_nested_branch_dag.py
[2025-06-16 02:55:36,490] {logging_mixin.py:104} INFO - [2025-06-16 02:55:36,490] {dag.py:1833} INFO - Sync 1 DAGs
[2025-06-16 02:55:36,530] {logging_mixin.py:104} INFO - [2025-06-16 02:55:36,530] {dag.py:2306} INFO - Setting next_dagrun for example_nested_branch_dag to 2025-06-14 00:00:00+00:00
[2025-06-16 02:55:36,563] {scheduler_job.py:190} INFO - Processing /home/airflow/.local/lib/python3.6/site-packages/airflow/example_dags/example_nested_branch_dag.py took 0.188 seconds
[2025-06-16 02:56:06,962] {scheduler_job.py:182} INFO - Started process (PID=122) to work on /home/airflow/.local/lib/python3.6/site-packages/airflow/example_dags/example_nested_branch_dag.py
[2025-06-16 02:56:06,963] {scheduler_job.py:633} INFO - Processing file /home/airflow/.local/lib/python3.6/site-packages/airflow/example_dags/example_nested_branch_dag.py for tasks to queue
[2025-06-16 02:56:06,963] {logging_mixin.py:104} INFO - [2025-06-16 02:56:06,963] {dagbag.py:496} INFO - Filling up the DagBag from /home/airflow/.local/lib/python3.6/site-packages/airflow/example_dags/example_nested_branch_dag.py
[2025-06-16 02:56:06,971] {scheduler_job.py:643} INFO - DAG(s) dict_keys(['example_nested_branch_dag']) retrieved from /home/airflow/.local/lib/python3.6/site-packages/airflow/example_dags/example_nested_branch_dag.py
[2025-06-16 02:56:07,029] {logging_mixin.py:104} INFO - [2025-06-16 02:56:07,029] {dag.py:1833} INFO - Sync 1 DAGs
[2025-06-16 02:56:07,047] {logging_mixin.py:104} INFO - [2025-06-16 02:56:07,047] {dag.py:2306} INFO - Setting next_dagrun for example_nested_branch_dag to 2025-06-14 00:00:00+00:00
[2025-06-16 02:56:07,059] {scheduler_job.py:190} INFO - Processing /home/airflow/.local/lib/python3.6/site-packages/airflow/example_dags/example_nested_branch_dag.py took 0.098 seconds
[2025-06-16 02:56:37,467] {scheduler_job.py:182} INFO - Started process (PID=191) to work on /home/airflow/.local/lib/python3.6/site-packages/airflow/example_dags/example_nested_branch_dag.py
[2025-06-16 02:56:37,468] {scheduler_job.py:633} INFO - Processing file /home/airflow/.local/lib/python3.6/site-packages/airflow/example_dags/example_nested_branch_dag.py for tasks to queue
[2025-06-16 02:56:37,468] {logging_mixin.py:104} INFO - [2025-06-16 02:56:37,468] {dagbag.py:496} INFO - Filling up the DagBag from /home/airflow/.local/lib/python3.6/site-packages/airflow/example_dags/example_nested_branch_dag.py
[2025-06-16 02:56:37,475] {scheduler_job.py:643} INFO - DAG(s) dict_keys(['example_nested_branch_dag']) retrieved from /home/airflow/.local/lib/python3.6/site-packages/airflow/example_dags/example_nested_branch_dag.py
[2025-06-16 02:56:37,533] {logging_mixin.py:104} INFO - [2025-06-16 02:56:37,533] {dag.py:1833} INFO - Sync 1 DAGs
[2025-06-16 02:56:37,551] {logging_mixin.py:104} INFO - [2025-06-16 02:56:37,551] {dag.py:2306} INFO - Setting next_dagrun for example_nested_branch_dag to 2025-06-14 00:00:00+00:00
[2025-06-16 02:56:37,561] {scheduler_job.py:190} INFO - Processing /home/airflow/.local/lib/python3.6/site-packages/airflow/example_dags/example_nested_branch_dag.py took 0.095 seconds
[2025-06-16 02:57:08,146] {scheduler_job.py:182} INFO - Started process (PID=260) to work on /home/airflow/.local/lib/python3.6/site-packages/airflow/example_dags/example_nested_branch_dag.py
[2025-06-16 02:57:08,146] {scheduler_job.py:633} INFO - Processing file /home/airflow/.local/lib/python3.6/site-packages/airflow/example_dags/example_nested_branch_dag.py for tasks to queue
[2025-06-16 02:57:08,147] {logging_mixin.py:104} INFO - [2025-06-16 02:57:08,147] {dagbag.py:496} INFO - Filling up the DagBag from /home/airflow/.local/lib/python3.6/site-packages/airflow/example_dags/example_nested_branch_dag.py
[2025-06-16 02:57:08,154] {scheduler_job.py:643} INFO - DAG(s) dict_keys(['example_nested_branch_dag']) retrieved from /home/airflow/.local/lib/python3.6/site-packages/airflow/example_dags/example_nested_branch_dag.py
[2025-06-16 02:57:08,212] {logging_mixin.py:104} INFO - [2025-06-16 02:57:08,212] {dag.py:1833} INFO - Sync 1 DAGs
[2025-06-16 02:57:08,231] {logging_mixin.py:104} INFO - [2025-06-16 02:57:08,231] {dag.py:2306} INFO - Setting next_dagrun for example_nested_branch_dag to 2025-06-14 00:00:00+00:00
[2025-06-16 02:57:08,241] {scheduler_job.py:190} INFO - Processing /home/airflow/.local/lib/python3.6/site-packages/airflow/example_dags/example_nested_branch_dag.py took 0.097 seconds
[2025-06-16 02:57:38,839] {scheduler_job.py:182} INFO - Started process (PID=319) to work on /home/airflow/.local/lib/python3.6/site-packages/airflow/example_dags/example_nested_branch_dag.py
[2025-06-16 02:57:38,839] {scheduler_job.py:633} INFO - Processing file /home/airflow/.local/lib/python3.6/site-packages/airflow/example_dags/example_nested_branch_dag.py for tasks to queue
[2025-06-16 02:57:38,840] {logging_mixin.py:104} INFO - [2025-06-16 02:57:38,840] {dagbag.py:496} INFO - Filling up the DagBag from /home/airflow/.local/lib/python3.6/site-packages/airflow/example_dags/example_nested_branch_dag.py
[2025-06-16 02:57:38,848] {scheduler_job.py:643} INFO - DAG(s) dict_keys(['example_nested_branch_dag']) retrieved from /home/airflow/.local/lib/python3.6/site-packages/airflow/example_dags/example_nested_branch_dag.py
[2025-06-16 02:57:38,909] {logging_mixin.py:104} INFO - [2025-06-16 02:57:38,909] {dag.py:1833} INFO - Sync 1 DAGs
[2025-06-16 02:57:38,928] {logging_mixin.py:104} INFO - [2025-06-16 02:57:38,928] {dag.py:2306} INFO - Setting next_dagrun for example_nested_branch_dag to 2025-06-14 00:00:00+00:00
[2025-06-16 02:57:38,939] {scheduler_job.py:190} INFO - Processing /home/airflow/.local/lib/python3.6/site-packages/airflow/example_dags/example_nested_branch_dag.py took 0.102 seconds
[2025-06-16 02:58:19,869] {scheduler_job.py:182} INFO - Started process (PID=62) to work on /home/airflow/.local/lib/python3.6/site-packages/airflow/example_dags/example_nested_branch_dag.py
[2025-06-16 02:58:19,871] {scheduler_job.py:633} INFO - Processing file /home/airflow/.local/lib/python3.6/site-packages/airflow/example_dags/example_nested_branch_dag.py for tasks to queue
[2025-06-16 02:58:19,872] {logging_mixin.py:104} INFO - [2025-06-16 02:58:19,872] {dagbag.py:496} INFO - Filling up the DagBag from /home/airflow/.local/lib/python3.6/site-packages/airflow/example_dags/example_nested_branch_dag.py
[2025-06-16 02:58:19,882] {scheduler_job.py:643} INFO - DAG(s) dict_keys(['example_nested_branch_dag']) retrieved from /home/airflow/.local/lib/python3.6/site-packages/airflow/example_dags/example_nested_branch_dag.py
[2025-06-16 02:58:19,966] {logging_mixin.py:104} INFO - [2025-06-16 02:58:19,966] {dag.py:1833} INFO - Sync 1 DAGs
[2025-06-16 02:58:19,993] {logging_mixin.py:104} INFO - [2025-06-16 02:58:19,993] {dag.py:2306} INFO - Setting next_dagrun for example_nested_branch_dag to 2025-06-14 00:00:00+00:00
[2025-06-16 02:58:20,009] {scheduler_job.py:190} INFO - Processing /home/airflow/.local/lib/python3.6/site-packages/airflow/example_dags/example_nested_branch_dag.py took 0.144 seconds
[2025-06-16 02:58:50,551] {scheduler_job.py:182} INFO - Started process (PID=121) to work on /home/airflow/.local/lib/python3.6/site-packages/airflow/example_dags/example_nested_branch_dag.py
[2025-06-16 02:58:50,552] {scheduler_job.py:633} INFO - Processing file /home/airflow/.local/lib/python3.6/site-packages/airflow/example_dags/example_nested_branch_dag.py for tasks to queue
[2025-06-16 02:58:50,553] {logging_mixin.py:104} INFO - [2025-06-16 02:58:50,553] {dagbag.py:496} INFO - Filling up the DagBag from /home/airflow/.local/lib/python3.6/site-packages/airflow/example_dags/example_nested_branch_dag.py
[2025-06-16 02:58:50,563] {scheduler_job.py:643} INFO - DAG(s) dict_keys(['example_nested_branch_dag']) retrieved from /home/airflow/.local/lib/python3.6/site-packages/airflow/example_dags/example_nested_branch_dag.py
[2025-06-16 02:58:50,627] {logging_mixin.py:104} INFO - [2025-06-16 02:58:50,626] {dag.py:1833} INFO - Sync 1 DAGs
[2025-06-16 02:58:50,648] {logging_mixin.py:104} INFO - [2025-06-16 02:58:50,648] {dag.py:2306} INFO - Setting next_dagrun for example_nested_branch_dag to 2025-06-14 00:00:00+00:00
[2025-06-16 02:58:50,658] {scheduler_job.py:190} INFO - Processing /home/airflow/.local/lib/python3.6/site-packages/airflow/example_dags/example_nested_branch_dag.py took 0.109 seconds
[2025-06-16 02:59:20,909] {scheduler_job.py:182} INFO - Started process (PID=189) to work on /home/airflow/.local/lib/python3.6/site-packages/airflow/example_dags/example_nested_branch_dag.py
[2025-06-16 02:59:20,914] {scheduler_job.py:633} INFO - Processing file /home/airflow/.local/lib/python3.6/site-packages/airflow/example_dags/example_nested_branch_dag.py for tasks to queue
[2025-06-16 02:59:20,919] {logging_mixin.py:104} INFO - [2025-06-16 02:59:20,916] {dagbag.py:496} INFO - Filling up the DagBag from /home/airflow/.local/lib/python3.6/site-packages/airflow/example_dags/example_nested_branch_dag.py
[2025-06-16 02:59:20,974] {scheduler_job.py:643} INFO - DAG(s) dict_keys(['example_nested_branch_dag']) retrieved from /home/airflow/.local/lib/python3.6/site-packages/airflow/example_dags/example_nested_branch_dag.py
[2025-06-16 02:59:21,045] {logging_mixin.py:104} INFO - [2025-06-16 02:59:21,045] {dag.py:1833} INFO - Sync 1 DAGs
[2025-06-16 02:59:21,063] {logging_mixin.py:104} INFO - [2025-06-16 02:59:21,063] {dag.py:2306} INFO - Setting next_dagrun for example_nested_branch_dag to 2025-06-14 00:00:00+00:00
[2025-06-16 02:59:21,073] {scheduler_job.py:190} INFO - Processing /home/airflow/.local/lib/python3.6/site-packages/airflow/example_dags/example_nested_branch_dag.py took 0.165 seconds
[2025-06-16 02:59:51,148] {scheduler_job.py:182} INFO - Started process (PID=250) to work on /home/airflow/.local/lib/python3.6/site-packages/airflow/example_dags/example_nested_branch_dag.py
[2025-06-16 02:59:51,149] {scheduler_job.py:633} INFO - Processing file /home/airflow/.local/lib/python3.6/site-packages/airflow/example_dags/example_nested_branch_dag.py for tasks to queue
[2025-06-16 02:59:51,153] {logging_mixin.py:104} INFO - [2025-06-16 02:59:51,153] {dagbag.py:496} INFO - Filling up the DagBag from /home/airflow/.local/lib/python3.6/site-packages/airflow/example_dags/example_nested_branch_dag.py
[2025-06-16 02:59:51,161] {scheduler_job.py:643} INFO - DAG(s) dict_keys(['example_nested_branch_dag']) retrieved from /home/airflow/.local/lib/python3.6/site-packages/airflow/example_dags/example_nested_branch_dag.py
[2025-06-16 02:59:51,232] {logging_mixin.py:104} INFO - [2025-06-16 02:59:51,232] {dag.py:1833} INFO - Sync 1 DAGs
[2025-06-16 02:59:51,252] {logging_mixin.py:104} INFO - [2025-06-16 02:59:51,252] {dag.py:2306} INFO - Setting next_dagrun for example_nested_branch_dag to 2025-06-14 00:00:00+00:00
[2025-06-16 02:59:51,264] {scheduler_job.py:190} INFO - Processing /home/airflow/.local/lib/python3.6/site-packages/airflow/example_dags/example_nested_branch_dag.py took 0.117 seconds
