[2025-06-16 02:51:50,607] {scheduler_job.py:182} INFO - Started process (PID=135) to work on /home/airflow/.local/lib/python3.6/site-packages/airflow/example_dags/example_latest_only_with_trigger.py
[2025-06-16 02:51:50,607] {scheduler_job.py:633} INFO - Processing file /home/airflow/.local/lib/python3.6/site-packages/airflow/example_dags/example_latest_only_with_trigger.py for tasks to queue
[2025-06-16 02:51:50,608] {logging_mixin.py:104} INFO - [2025-06-16 02:51:50,608] {dagbag.py:496} INFO - Filling up the DagBag from /home/airflow/.local/lib/python3.6/site-packages/airflow/example_dags/example_latest_only_with_trigger.py
[2025-06-16 02:51:50,617] {scheduler_job.py:643} INFO - DAG(s) dict_keys(['latest_only_with_trigger']) retrieved from /home/airflow/.local/lib/python3.6/site-packages/airflow/example_dags/example_latest_only_with_trigger.py
[2025-06-16 02:51:52,421] {logging_mixin.py:104} INFO - [2025-06-16 02:51:52,421] {dag.py:1833} INFO - Sync 1 DAGs
[2025-06-16 02:51:52,428] {logging_mixin.py:104} INFO - [2025-06-16 02:51:52,428] {dag.py:1852} INFO - Creating ORM DAG for latest_only_with_trigger
[2025-06-16 02:51:52,437] {logging_mixin.py:104} INFO - [2025-06-16 02:51:52,436] {dag.py:2306} INFO - Setting next_dagrun for latest_only_with_trigger to 2025-06-14 00:00:00+00:00
[2025-06-16 02:51:52,442] {scheduler_job.py:190} INFO - Processing /home/airflow/.local/lib/python3.6/site-packages/airflow/example_dags/example_latest_only_with_trigger.py took 1.837 seconds
[2025-06-16 02:52:22,483] {scheduler_job.py:182} INFO - Started process (PID=374) to work on /home/airflow/.local/lib/python3.6/site-packages/airflow/example_dags/example_latest_only_with_trigger.py
[2025-06-16 02:52:22,484] {scheduler_job.py:633} INFO - Processing file /home/airflow/.local/lib/python3.6/site-packages/airflow/example_dags/example_latest_only_with_trigger.py for tasks to queue
[2025-06-16 02:52:22,484] {logging_mixin.py:104} INFO - [2025-06-16 02:52:22,484] {dagbag.py:496} INFO - Filling up the DagBag from /home/airflow/.local/lib/python3.6/site-packages/airflow/example_dags/example_latest_only_with_trigger.py
[2025-06-16 02:52:22,490] {scheduler_job.py:643} INFO - DAG(s) dict_keys(['latest_only_with_trigger']) retrieved from /home/airflow/.local/lib/python3.6/site-packages/airflow/example_dags/example_latest_only_with_trigger.py
[2025-06-16 02:52:22,547] {logging_mixin.py:104} INFO - [2025-06-16 02:52:22,547] {dag.py:1833} INFO - Sync 1 DAGs
[2025-06-16 02:52:22,563] {logging_mixin.py:104} INFO - [2025-06-16 02:52:22,563] {dag.py:2306} INFO - Setting next_dagrun for latest_only_with_trigger to 2025-06-14 00:00:00+00:00
[2025-06-16 02:52:22,572] {scheduler_job.py:190} INFO - Processing /home/airflow/.local/lib/python3.6/site-packages/airflow/example_dags/example_latest_only_with_trigger.py took 0.091 seconds
[2025-06-16 02:52:52,615] {scheduler_job.py:182} INFO - Started process (PID=443) to work on /home/airflow/.local/lib/python3.6/site-packages/airflow/example_dags/example_latest_only_with_trigger.py
[2025-06-16 02:52:52,616] {scheduler_job.py:633} INFO - Processing file /home/airflow/.local/lib/python3.6/site-packages/airflow/example_dags/example_latest_only_with_trigger.py for tasks to queue
[2025-06-16 02:52:52,616] {logging_mixin.py:104} INFO - [2025-06-16 02:52:52,616] {dagbag.py:496} INFO - Filling up the DagBag from /home/airflow/.local/lib/python3.6/site-packages/airflow/example_dags/example_latest_only_with_trigger.py
[2025-06-16 02:52:52,626] {scheduler_job.py:643} INFO - DAG(s) dict_keys(['latest_only_with_trigger']) retrieved from /home/airflow/.local/lib/python3.6/site-packages/airflow/example_dags/example_latest_only_with_trigger.py
[2025-06-16 02:52:52,692] {logging_mixin.py:104} INFO - [2025-06-16 02:52:52,692] {dag.py:1833} INFO - Sync 1 DAGs
[2025-06-16 02:52:52,709] {logging_mixin.py:104} INFO - [2025-06-16 02:52:52,709] {dag.py:2306} INFO - Setting next_dagrun for latest_only_with_trigger to 2025-06-14 00:00:00+00:00
[2025-06-16 02:52:52,720] {scheduler_job.py:190} INFO - Processing /home/airflow/.local/lib/python3.6/site-packages/airflow/example_dags/example_latest_only_with_trigger.py took 0.107 seconds
[2025-06-16 02:53:42,268] {scheduler_job.py:182} INFO - Started process (PID=65) to work on /home/airflow/.local/lib/python3.6/site-packages/airflow/example_dags/example_latest_only_with_trigger.py
[2025-06-16 02:53:42,271] {scheduler_job.py:633} INFO - Processing file /home/airflow/.local/lib/python3.6/site-packages/airflow/example_dags/example_latest_only_with_trigger.py for tasks to queue
[2025-06-16 02:53:42,272] {logging_mixin.py:104} INFO - [2025-06-16 02:53:42,271] {dagbag.py:496} INFO - Filling up the DagBag from /home/airflow/.local/lib/python3.6/site-packages/airflow/example_dags/example_latest_only_with_trigger.py
[2025-06-16 02:53:42,282] {scheduler_job.py:643} INFO - DAG(s) dict_keys(['latest_only_with_trigger']) retrieved from /home/airflow/.local/lib/python3.6/site-packages/airflow/example_dags/example_latest_only_with_trigger.py
[2025-06-16 02:53:42,383] {logging_mixin.py:104} INFO - [2025-06-16 02:53:42,383] {dag.py:1833} INFO - Sync 1 DAGs
[2025-06-16 02:53:42,419] {logging_mixin.py:104} INFO - [2025-06-16 02:53:42,418] {dag.py:2306} INFO - Setting next_dagrun for latest_only_with_trigger to 2025-06-14 00:00:00+00:00
[2025-06-16 02:53:42,435] {scheduler_job.py:190} INFO - Processing /home/airflow/.local/lib/python3.6/site-packages/airflow/example_dags/example_latest_only_with_trigger.py took 0.171 seconds
[2025-06-16 02:54:13,086] {scheduler_job.py:182} INFO - Started process (PID=124) to work on /home/airflow/.local/lib/python3.6/site-packages/airflow/example_dags/example_latest_only_with_trigger.py
[2025-06-16 02:54:13,087] {scheduler_job.py:633} INFO - Processing file /home/airflow/.local/lib/python3.6/site-packages/airflow/example_dags/example_latest_only_with_trigger.py for tasks to queue
[2025-06-16 02:54:13,088] {logging_mixin.py:104} INFO - [2025-06-16 02:54:13,088] {dagbag.py:496} INFO - Filling up the DagBag from /home/airflow/.local/lib/python3.6/site-packages/airflow/example_dags/example_latest_only_with_trigger.py
[2025-06-16 02:54:13,094] {scheduler_job.py:643} INFO - DAG(s) dict_keys(['latest_only_with_trigger']) retrieved from /home/airflow/.local/lib/python3.6/site-packages/airflow/example_dags/example_latest_only_with_trigger.py
[2025-06-16 02:54:13,154] {logging_mixin.py:104} INFO - [2025-06-16 02:54:13,154] {dag.py:1833} INFO - Sync 1 DAGs
[2025-06-16 02:54:13,226] {logging_mixin.py:104} INFO - [2025-06-16 02:54:13,226] {dag.py:2306} INFO - Setting next_dagrun for latest_only_with_trigger to 2025-06-14 00:00:00+00:00
[2025-06-16 02:54:13,238] {scheduler_job.py:190} INFO - Processing /home/airflow/.local/lib/python3.6/site-packages/airflow/example_dags/example_latest_only_with_trigger.py took 0.153 seconds
[2025-06-16 02:54:43,656] {scheduler_job.py:182} INFO - Started process (PID=193) to work on /home/airflow/.local/lib/python3.6/site-packages/airflow/example_dags/example_latest_only_with_trigger.py
[2025-06-16 02:54:43,656] {scheduler_job.py:633} INFO - Processing file /home/airflow/.local/lib/python3.6/site-packages/airflow/example_dags/example_latest_only_with_trigger.py for tasks to queue
[2025-06-16 02:54:43,657] {logging_mixin.py:104} INFO - [2025-06-16 02:54:43,657] {dagbag.py:496} INFO - Filling up the DagBag from /home/airflow/.local/lib/python3.6/site-packages/airflow/example_dags/example_latest_only_with_trigger.py
[2025-06-16 02:54:43,663] {scheduler_job.py:643} INFO - DAG(s) dict_keys(['latest_only_with_trigger']) retrieved from /home/airflow/.local/lib/python3.6/site-packages/airflow/example_dags/example_latest_only_with_trigger.py
[2025-06-16 02:54:43,721] {logging_mixin.py:104} INFO - [2025-06-16 02:54:43,720] {dag.py:1833} INFO - Sync 1 DAGs
[2025-06-16 02:54:43,759] {logging_mixin.py:104} INFO - [2025-06-16 02:54:43,759] {dag.py:2306} INFO - Setting next_dagrun for latest_only_with_trigger to 2025-06-14 00:00:00+00:00
[2025-06-16 02:54:43,775] {scheduler_job.py:190} INFO - Processing /home/airflow/.local/lib/python3.6/site-packages/airflow/example_dags/example_latest_only_with_trigger.py took 0.120 seconds
[2025-06-16 02:55:36,690] {scheduler_job.py:182} INFO - Started process (PID=65) to work on /home/airflow/.local/lib/python3.6/site-packages/airflow/example_dags/example_latest_only_with_trigger.py
[2025-06-16 02:55:36,692] {scheduler_job.py:633} INFO - Processing file /home/airflow/.local/lib/python3.6/site-packages/airflow/example_dags/example_latest_only_with_trigger.py for tasks to queue
[2025-06-16 02:55:36,693] {logging_mixin.py:104} INFO - [2025-06-16 02:55:36,693] {dagbag.py:496} INFO - Filling up the DagBag from /home/airflow/.local/lib/python3.6/site-packages/airflow/example_dags/example_latest_only_with_trigger.py
[2025-06-16 02:55:36,705] {scheduler_job.py:643} INFO - DAG(s) dict_keys(['latest_only_with_trigger']) retrieved from /home/airflow/.local/lib/python3.6/site-packages/airflow/example_dags/example_latest_only_with_trigger.py
[2025-06-16 02:55:36,831] {logging_mixin.py:104} INFO - [2025-06-16 02:55:36,830] {dag.py:1833} INFO - Sync 1 DAGs
[2025-06-16 02:55:36,895] {logging_mixin.py:104} INFO - [2025-06-16 02:55:36,895] {dag.py:2306} INFO - Setting next_dagrun for latest_only_with_trigger to 2025-06-14 00:00:00+00:00
[2025-06-16 02:55:36,927] {scheduler_job.py:190} INFO - Processing /home/airflow/.local/lib/python3.6/site-packages/airflow/example_dags/example_latest_only_with_trigger.py took 0.242 seconds
[2025-06-16 02:56:07,118] {scheduler_job.py:182} INFO - Started process (PID=124) to work on /home/airflow/.local/lib/python3.6/site-packages/airflow/example_dags/example_latest_only_with_trigger.py
[2025-06-16 02:56:07,118] {scheduler_job.py:633} INFO - Processing file /home/airflow/.local/lib/python3.6/site-packages/airflow/example_dags/example_latest_only_with_trigger.py for tasks to queue
[2025-06-16 02:56:07,119] {logging_mixin.py:104} INFO - [2025-06-16 02:56:07,118] {dagbag.py:496} INFO - Filling up the DagBag from /home/airflow/.local/lib/python3.6/site-packages/airflow/example_dags/example_latest_only_with_trigger.py
[2025-06-16 02:56:07,124] {scheduler_job.py:643} INFO - DAG(s) dict_keys(['latest_only_with_trigger']) retrieved from /home/airflow/.local/lib/python3.6/site-packages/airflow/example_dags/example_latest_only_with_trigger.py
[2025-06-16 02:56:07,184] {logging_mixin.py:104} INFO - [2025-06-16 02:56:07,184] {dag.py:1833} INFO - Sync 1 DAGs
[2025-06-16 02:56:07,199] {logging_mixin.py:104} INFO - [2025-06-16 02:56:07,199] {dag.py:2306} INFO - Setting next_dagrun for latest_only_with_trigger to 2025-06-14 00:00:00+00:00
[2025-06-16 02:56:07,208] {scheduler_job.py:190} INFO - Processing /home/airflow/.local/lib/python3.6/site-packages/airflow/example_dags/example_latest_only_with_trigger.py took 0.092 seconds
[2025-06-16 02:56:37,568] {scheduler_job.py:182} INFO - Started process (PID=193) to work on /home/airflow/.local/lib/python3.6/site-packages/airflow/example_dags/example_latest_only_with_trigger.py
[2025-06-16 02:56:37,569] {scheduler_job.py:633} INFO - Processing file /home/airflow/.local/lib/python3.6/site-packages/airflow/example_dags/example_latest_only_with_trigger.py for tasks to queue
[2025-06-16 02:56:37,569] {logging_mixin.py:104} INFO - [2025-06-16 02:56:37,569] {dagbag.py:496} INFO - Filling up the DagBag from /home/airflow/.local/lib/python3.6/site-packages/airflow/example_dags/example_latest_only_with_trigger.py
[2025-06-16 02:56:37,575] {scheduler_job.py:643} INFO - DAG(s) dict_keys(['latest_only_with_trigger']) retrieved from /home/airflow/.local/lib/python3.6/site-packages/airflow/example_dags/example_latest_only_with_trigger.py
[2025-06-16 02:56:37,639] {logging_mixin.py:104} INFO - [2025-06-16 02:56:37,639] {dag.py:1833} INFO - Sync 1 DAGs
[2025-06-16 02:56:37,668] {logging_mixin.py:104} INFO - [2025-06-16 02:56:37,668] {dag.py:2306} INFO - Setting next_dagrun for latest_only_with_trigger to 2025-06-14 00:00:00+00:00
[2025-06-16 02:56:37,692] {scheduler_job.py:190} INFO - Processing /home/airflow/.local/lib/python3.6/site-packages/airflow/example_dags/example_latest_only_with_trigger.py took 0.125 seconds
[2025-06-16 02:57:08,256] {scheduler_job.py:182} INFO - Started process (PID=262) to work on /home/airflow/.local/lib/python3.6/site-packages/airflow/example_dags/example_latest_only_with_trigger.py
[2025-06-16 02:57:08,257] {scheduler_job.py:633} INFO - Processing file /home/airflow/.local/lib/python3.6/site-packages/airflow/example_dags/example_latest_only_with_trigger.py for tasks to queue
[2025-06-16 02:57:08,257] {logging_mixin.py:104} INFO - [2025-06-16 02:57:08,257] {dagbag.py:496} INFO - Filling up the DagBag from /home/airflow/.local/lib/python3.6/site-packages/airflow/example_dags/example_latest_only_with_trigger.py
[2025-06-16 02:57:08,263] {scheduler_job.py:643} INFO - DAG(s) dict_keys(['latest_only_with_trigger']) retrieved from /home/airflow/.local/lib/python3.6/site-packages/airflow/example_dags/example_latest_only_with_trigger.py
[2025-06-16 02:57:08,321] {logging_mixin.py:104} INFO - [2025-06-16 02:57:08,321] {dag.py:1833} INFO - Sync 1 DAGs
[2025-06-16 02:57:08,336] {logging_mixin.py:104} INFO - [2025-06-16 02:57:08,336] {dag.py:2306} INFO - Setting next_dagrun for latest_only_with_trigger to 2025-06-14 00:00:00+00:00
[2025-06-16 02:57:08,346] {scheduler_job.py:190} INFO - Processing /home/airflow/.local/lib/python3.6/site-packages/airflow/example_dags/example_latest_only_with_trigger.py took 0.092 seconds
[2025-06-16 02:57:39,008] {scheduler_job.py:182} INFO - Started process (PID=321) to work on /home/airflow/.local/lib/python3.6/site-packages/airflow/example_dags/example_latest_only_with_trigger.py
[2025-06-16 02:57:39,009] {scheduler_job.py:633} INFO - Processing file /home/airflow/.local/lib/python3.6/site-packages/airflow/example_dags/example_latest_only_with_trigger.py for tasks to queue
[2025-06-16 02:57:39,009] {logging_mixin.py:104} INFO - [2025-06-16 02:57:39,009] {dagbag.py:496} INFO - Filling up the DagBag from /home/airflow/.local/lib/python3.6/site-packages/airflow/example_dags/example_latest_only_with_trigger.py
[2025-06-16 02:57:39,015] {scheduler_job.py:643} INFO - DAG(s) dict_keys(['latest_only_with_trigger']) retrieved from /home/airflow/.local/lib/python3.6/site-packages/airflow/example_dags/example_latest_only_with_trigger.py
[2025-06-16 02:57:39,073] {logging_mixin.py:104} INFO - [2025-06-16 02:57:39,073] {dag.py:1833} INFO - Sync 1 DAGs
[2025-06-16 02:57:39,089] {logging_mixin.py:104} INFO - [2025-06-16 02:57:39,089] {dag.py:2306} INFO - Setting next_dagrun for latest_only_with_trigger to 2025-06-14 00:00:00+00:00
[2025-06-16 02:57:39,098] {scheduler_job.py:190} INFO - Processing /home/airflow/.local/lib/python3.6/site-packages/airflow/example_dags/example_latest_only_with_trigger.py took 0.092 seconds
[2025-06-16 02:58:20,026] {scheduler_job.py:182} INFO - Started process (PID=64) to work on /home/airflow/.local/lib/python3.6/site-packages/airflow/example_dags/example_latest_only_with_trigger.py
[2025-06-16 02:58:20,028] {scheduler_job.py:633} INFO - Processing file /home/airflow/.local/lib/python3.6/site-packages/airflow/example_dags/example_latest_only_with_trigger.py for tasks to queue
[2025-06-16 02:58:20,029] {logging_mixin.py:104} INFO - [2025-06-16 02:58:20,029] {dagbag.py:496} INFO - Filling up the DagBag from /home/airflow/.local/lib/python3.6/site-packages/airflow/example_dags/example_latest_only_with_trigger.py
[2025-06-16 02:58:20,039] {scheduler_job.py:643} INFO - DAG(s) dict_keys(['latest_only_with_trigger']) retrieved from /home/airflow/.local/lib/python3.6/site-packages/airflow/example_dags/example_latest_only_with_trigger.py
[2025-06-16 02:58:20,141] {logging_mixin.py:104} INFO - [2025-06-16 02:58:20,140] {dag.py:1833} INFO - Sync 1 DAGs
[2025-06-16 02:58:20,163] {logging_mixin.py:104} INFO - [2025-06-16 02:58:20,163] {dag.py:2306} INFO - Setting next_dagrun for latest_only_with_trigger to 2025-06-14 00:00:00+00:00
[2025-06-16 02:58:20,180] {scheduler_job.py:190} INFO - Processing /home/airflow/.local/lib/python3.6/site-packages/airflow/example_dags/example_latest_only_with_trigger.py took 0.155 seconds
[2025-06-16 02:58:50,734] {scheduler_job.py:182} INFO - Started process (PID=123) to work on /home/airflow/.local/lib/python3.6/site-packages/airflow/example_dags/example_latest_only_with_trigger.py
[2025-06-16 02:58:50,738] {scheduler_job.py:633} INFO - Processing file /home/airflow/.local/lib/python3.6/site-packages/airflow/example_dags/example_latest_only_with_trigger.py for tasks to queue
[2025-06-16 02:58:50,739] {logging_mixin.py:104} INFO - [2025-06-16 02:58:50,739] {dagbag.py:496} INFO - Filling up the DagBag from /home/airflow/.local/lib/python3.6/site-packages/airflow/example_dags/example_latest_only_with_trigger.py
[2025-06-16 02:58:50,745] {scheduler_job.py:643} INFO - DAG(s) dict_keys(['latest_only_with_trigger']) retrieved from /home/airflow/.local/lib/python3.6/site-packages/airflow/example_dags/example_latest_only_with_trigger.py
[2025-06-16 02:58:50,804] {logging_mixin.py:104} INFO - [2025-06-16 02:58:50,804] {dag.py:1833} INFO - Sync 1 DAGs
[2025-06-16 02:58:50,821] {logging_mixin.py:104} INFO - [2025-06-16 02:58:50,820] {dag.py:2306} INFO - Setting next_dagrun for latest_only_with_trigger to 2025-06-14 00:00:00+00:00
[2025-06-16 02:58:50,831] {scheduler_job.py:190} INFO - Processing /home/airflow/.local/lib/python3.6/site-packages/airflow/example_dags/example_latest_only_with_trigger.py took 0.099 seconds
[2025-06-16 02:59:21,277] {scheduler_job.py:182} INFO - Started process (PID=192) to work on /home/airflow/.local/lib/python3.6/site-packages/airflow/example_dags/example_latest_only_with_trigger.py
[2025-06-16 02:59:21,277] {scheduler_job.py:633} INFO - Processing file /home/airflow/.local/lib/python3.6/site-packages/airflow/example_dags/example_latest_only_with_trigger.py for tasks to queue
[2025-06-16 02:59:21,277] {logging_mixin.py:104} INFO - [2025-06-16 02:59:21,277] {dagbag.py:496} INFO - Filling up the DagBag from /home/airflow/.local/lib/python3.6/site-packages/airflow/example_dags/example_latest_only_with_trigger.py
[2025-06-16 02:59:21,283] {scheduler_job.py:643} INFO - DAG(s) dict_keys(['latest_only_with_trigger']) retrieved from /home/airflow/.local/lib/python3.6/site-packages/airflow/example_dags/example_latest_only_with_trigger.py
[2025-06-16 02:59:21,342] {logging_mixin.py:104} INFO - [2025-06-16 02:59:21,342] {dag.py:1833} INFO - Sync 1 DAGs
[2025-06-16 02:59:21,357] {logging_mixin.py:104} INFO - [2025-06-16 02:59:21,357] {dag.py:2306} INFO - Setting next_dagrun for latest_only_with_trigger to 2025-06-14 00:00:00+00:00
[2025-06-16 02:59:21,367] {scheduler_job.py:190} INFO - Processing /home/airflow/.local/lib/python3.6/site-packages/airflow/example_dags/example_latest_only_with_trigger.py took 0.092 seconds
[2025-06-16 02:59:52,006] {scheduler_job.py:182} INFO - Started process (PID=261) to work on /home/airflow/.local/lib/python3.6/site-packages/airflow/example_dags/example_latest_only_with_trigger.py
[2025-06-16 02:59:52,007] {scheduler_job.py:633} INFO - Processing file /home/airflow/.local/lib/python3.6/site-packages/airflow/example_dags/example_latest_only_with_trigger.py for tasks to queue
[2025-06-16 02:59:52,007] {logging_mixin.py:104} INFO - [2025-06-16 02:59:52,007] {dagbag.py:496} INFO - Filling up the DagBag from /home/airflow/.local/lib/python3.6/site-packages/airflow/example_dags/example_latest_only_with_trigger.py
[2025-06-16 02:59:52,013] {scheduler_job.py:643} INFO - DAG(s) dict_keys(['latest_only_with_trigger']) retrieved from /home/airflow/.local/lib/python3.6/site-packages/airflow/example_dags/example_latest_only_with_trigger.py
[2025-06-16 02:59:52,073] {logging_mixin.py:104} INFO - [2025-06-16 02:59:52,073] {dag.py:1833} INFO - Sync 1 DAGs
[2025-06-16 02:59:52,091] {logging_mixin.py:104} INFO - [2025-06-16 02:59:52,091] {dag.py:2306} INFO - Setting next_dagrun for latest_only_with_trigger to 2025-06-14 00:00:00+00:00
[2025-06-16 02:59:52,101] {scheduler_job.py:190} INFO - Processing /home/airflow/.local/lib/python3.6/site-packages/airflow/example_dags/example_latest_only_with_trigger.py took 0.096 seconds
