[2025-06-16 02:51:47,137] {scheduler_job.py:182} INFO - Started process (PID=92) to work on /home/airflow/.local/lib/python3.6/site-packages/airflow/example_dags/example_bash_operator.py
[2025-06-16 02:51:47,138] {scheduler_job.py:633} INFO - Processing file /home/airflow/.local/lib/python3.6/site-packages/airflow/example_dags/example_bash_operator.py for tasks to queue
[2025-06-16 02:51:47,138] {logging_mixin.py:104} INFO - [2025-06-16 02:51:47,138] {dagbag.py:496} INFO - Filling up the DagBag from /home/airflow/.local/lib/python3.6/site-packages/airflow/example_dags/example_bash_operator.py
[2025-06-16 02:51:47,149] {scheduler_job.py:643} INFO - DAG(s) dict_keys(['example_bash_operator']) retrieved from /home/airflow/.local/lib/python3.6/site-packages/airflow/example_dags/example_bash_operator.py
[2025-06-16 02:51:48,782] {logging_mixin.py:104} INFO - [2025-06-16 02:51:48,782] {dag.py:1833} INFO - Sync 1 DAGs
[2025-06-16 02:51:48,788] {logging_mixin.py:104} INFO - [2025-06-16 02:51:48,788] {dag.py:1852} INFO - Creating ORM DAG for example_bash_operator
[2025-06-16 02:51:48,800] {logging_mixin.py:104} INFO - [2025-06-16 02:51:48,799] {dag.py:2306} INFO - Setting next_dagrun for example_bash_operator to 2025-06-14 00:00:00+00:00
[2025-06-16 02:51:48,806] {scheduler_job.py:190} INFO - Processing /home/airflow/.local/lib/python3.6/site-packages/airflow/example_dags/example_bash_operator.py took 1.671 seconds
[2025-06-16 02:52:19,223] {scheduler_job.py:182} INFO - Started process (PID=370) to work on /home/airflow/.local/lib/python3.6/site-packages/airflow/example_dags/example_bash_operator.py
[2025-06-16 02:52:19,224] {scheduler_job.py:633} INFO - Processing file /home/airflow/.local/lib/python3.6/site-packages/airflow/example_dags/example_bash_operator.py for tasks to queue
[2025-06-16 02:52:19,226] {logging_mixin.py:104} INFO - [2025-06-16 02:52:19,226] {dagbag.py:496} INFO - Filling up the DagBag from /home/airflow/.local/lib/python3.6/site-packages/airflow/example_dags/example_bash_operator.py
[2025-06-16 02:52:19,241] {scheduler_job.py:643} INFO - DAG(s) dict_keys(['example_bash_operator']) retrieved from /home/airflow/.local/lib/python3.6/site-packages/airflow/example_dags/example_bash_operator.py
[2025-06-16 02:52:19,304] {logging_mixin.py:104} INFO - [2025-06-16 02:52:19,304] {dag.py:1833} INFO - Sync 1 DAGs
[2025-06-16 02:52:19,323] {logging_mixin.py:104} INFO - [2025-06-16 02:52:19,322] {dag.py:2306} INFO - Setting next_dagrun for example_bash_operator to 2025-06-14 00:00:00+00:00
[2025-06-16 02:52:19,333] {scheduler_job.py:190} INFO - Processing /home/airflow/.local/lib/python3.6/site-packages/airflow/example_dags/example_bash_operator.py took 0.113 seconds
[2025-06-16 02:52:49,454] {scheduler_job.py:182} INFO - Started process (PID=438) to work on /home/airflow/.local/lib/python3.6/site-packages/airflow/example_dags/example_bash_operator.py
[2025-06-16 02:52:49,456] {scheduler_job.py:633} INFO - Processing file /home/airflow/.local/lib/python3.6/site-packages/airflow/example_dags/example_bash_operator.py for tasks to queue
[2025-06-16 02:52:49,456] {logging_mixin.py:104} INFO - [2025-06-16 02:52:49,456] {dagbag.py:496} INFO - Filling up the DagBag from /home/airflow/.local/lib/python3.6/site-packages/airflow/example_dags/example_bash_operator.py
[2025-06-16 02:52:49,467] {scheduler_job.py:643} INFO - DAG(s) dict_keys(['example_bash_operator']) retrieved from /home/airflow/.local/lib/python3.6/site-packages/airflow/example_dags/example_bash_operator.py
[2025-06-16 02:52:49,531] {logging_mixin.py:104} INFO - [2025-06-16 02:52:49,531] {dag.py:1833} INFO - Sync 1 DAGs
[2025-06-16 02:52:49,552] {logging_mixin.py:104} INFO - [2025-06-16 02:52:49,551] {dag.py:2306} INFO - Setting next_dagrun for example_bash_operator to 2025-06-14 00:00:00+00:00
[2025-06-16 02:52:49,565] {scheduler_job.py:190} INFO - Processing /home/airflow/.local/lib/python3.6/site-packages/airflow/example_dags/example_bash_operator.py took 0.113 seconds
[2025-06-16 02:53:19,675] {scheduler_job.py:182} INFO - Started process (PID=498) to work on /home/airflow/.local/lib/python3.6/site-packages/airflow/example_dags/example_bash_operator.py
[2025-06-16 02:53:19,678] {scheduler_job.py:633} INFO - Processing file /home/airflow/.local/lib/python3.6/site-packages/airflow/example_dags/example_bash_operator.py for tasks to queue
[2025-06-16 02:53:19,679] {logging_mixin.py:104} INFO - [2025-06-16 02:53:19,679] {dagbag.py:496} INFO - Filling up the DagBag from /home/airflow/.local/lib/python3.6/site-packages/airflow/example_dags/example_bash_operator.py
[2025-06-16 02:53:19,705] {scheduler_job.py:643} INFO - DAG(s) dict_keys(['example_bash_operator']) retrieved from /home/airflow/.local/lib/python3.6/site-packages/airflow/example_dags/example_bash_operator.py
[2025-06-16 02:53:20,038] {logging_mixin.py:104} INFO - [2025-06-16 02:53:20,037] {process_utils.py:207} INFO - Waiting up to 5 seconds for processes to exit...
[2025-06-16 02:53:41,822] {scheduler_job.py:182} INFO - Started process (PID=61) to work on /home/airflow/.local/lib/python3.6/site-packages/airflow/example_dags/example_bash_operator.py
[2025-06-16 02:53:41,824] {scheduler_job.py:633} INFO - Processing file /home/airflow/.local/lib/python3.6/site-packages/airflow/example_dags/example_bash_operator.py for tasks to queue
[2025-06-16 02:53:41,827] {logging_mixin.py:104} INFO - [2025-06-16 02:53:41,826] {dagbag.py:496} INFO - Filling up the DagBag from /home/airflow/.local/lib/python3.6/site-packages/airflow/example_dags/example_bash_operator.py
[2025-06-16 02:53:41,840] {scheduler_job.py:643} INFO - DAG(s) dict_keys(['example_bash_operator']) retrieved from /home/airflow/.local/lib/python3.6/site-packages/airflow/example_dags/example_bash_operator.py
[2025-06-16 02:53:41,933] {logging_mixin.py:104} INFO - [2025-06-16 02:53:41,933] {dag.py:1833} INFO - Sync 1 DAGs
[2025-06-16 02:53:41,969] {logging_mixin.py:104} INFO - [2025-06-16 02:53:41,969] {dag.py:2306} INFO - Setting next_dagrun for example_bash_operator to 2025-06-14 00:00:00+00:00
[2025-06-16 02:53:41,988] {scheduler_job.py:190} INFO - Processing /home/airflow/.local/lib/python3.6/site-packages/airflow/example_dags/example_bash_operator.py took 0.169 seconds
[2025-06-16 02:54:12,772] {scheduler_job.py:182} INFO - Started process (PID=120) to work on /home/airflow/.local/lib/python3.6/site-packages/airflow/example_dags/example_bash_operator.py
[2025-06-16 02:54:12,773] {scheduler_job.py:633} INFO - Processing file /home/airflow/.local/lib/python3.6/site-packages/airflow/example_dags/example_bash_operator.py for tasks to queue
[2025-06-16 02:54:12,773] {logging_mixin.py:104} INFO - [2025-06-16 02:54:12,773] {dagbag.py:496} INFO - Filling up the DagBag from /home/airflow/.local/lib/python3.6/site-packages/airflow/example_dags/example_bash_operator.py
[2025-06-16 02:54:12,782] {scheduler_job.py:643} INFO - DAG(s) dict_keys(['example_bash_operator']) retrieved from /home/airflow/.local/lib/python3.6/site-packages/airflow/example_dags/example_bash_operator.py
[2025-06-16 02:54:12,842] {logging_mixin.py:104} INFO - [2025-06-16 02:54:12,842] {dag.py:1833} INFO - Sync 1 DAGs
[2025-06-16 02:54:12,862] {logging_mixin.py:104} INFO - [2025-06-16 02:54:12,862] {dag.py:2306} INFO - Setting next_dagrun for example_bash_operator to 2025-06-14 00:00:00+00:00
[2025-06-16 02:54:12,873] {scheduler_job.py:190} INFO - Processing /home/airflow/.local/lib/python3.6/site-packages/airflow/example_dags/example_bash_operator.py took 0.104 seconds
[2025-06-16 02:54:43,426] {scheduler_job.py:182} INFO - Started process (PID=189) to work on /home/airflow/.local/lib/python3.6/site-packages/airflow/example_dags/example_bash_operator.py
[2025-06-16 02:54:43,427] {scheduler_job.py:633} INFO - Processing file /home/airflow/.local/lib/python3.6/site-packages/airflow/example_dags/example_bash_operator.py for tasks to queue
[2025-06-16 02:54:43,427] {logging_mixin.py:104} INFO - [2025-06-16 02:54:43,427] {dagbag.py:496} INFO - Filling up the DagBag from /home/airflow/.local/lib/python3.6/site-packages/airflow/example_dags/example_bash_operator.py
[2025-06-16 02:54:43,435] {scheduler_job.py:643} INFO - DAG(s) dict_keys(['example_bash_operator']) retrieved from /home/airflow/.local/lib/python3.6/site-packages/airflow/example_dags/example_bash_operator.py
[2025-06-16 02:54:43,493] {logging_mixin.py:104} INFO - [2025-06-16 02:54:43,493] {dag.py:1833} INFO - Sync 1 DAGs
[2025-06-16 02:54:43,512] {logging_mixin.py:104} INFO - [2025-06-16 02:54:43,512] {dag.py:2306} INFO - Setting next_dagrun for example_bash_operator to 2025-06-14 00:00:00+00:00
[2025-06-16 02:54:43,522] {scheduler_job.py:190} INFO - Processing /home/airflow/.local/lib/python3.6/site-packages/airflow/example_dags/example_bash_operator.py took 0.098 seconds
[2025-06-16 02:55:36,217] {scheduler_job.py:182} INFO - Started process (PID=61) to work on /home/airflow/.local/lib/python3.6/site-packages/airflow/example_dags/example_bash_operator.py
[2025-06-16 02:55:36,218] {scheduler_job.py:633} INFO - Processing file /home/airflow/.local/lib/python3.6/site-packages/airflow/example_dags/example_bash_operator.py for tasks to queue
[2025-06-16 02:55:36,219] {logging_mixin.py:104} INFO - [2025-06-16 02:55:36,219] {dagbag.py:496} INFO - Filling up the DagBag from /home/airflow/.local/lib/python3.6/site-packages/airflow/example_dags/example_bash_operator.py
[2025-06-16 02:55:36,234] {scheduler_job.py:643} INFO - DAG(s) dict_keys(['example_bash_operator']) retrieved from /home/airflow/.local/lib/python3.6/site-packages/airflow/example_dags/example_bash_operator.py
[2025-06-16 02:55:36,313] {logging_mixin.py:104} INFO - [2025-06-16 02:55:36,313] {dag.py:1833} INFO - Sync 1 DAGs
[2025-06-16 02:55:36,346] {logging_mixin.py:104} INFO - [2025-06-16 02:55:36,346] {dag.py:2306} INFO - Setting next_dagrun for example_bash_operator to 2025-06-14 00:00:00+00:00
[2025-06-16 02:55:36,360] {scheduler_job.py:190} INFO - Processing /home/airflow/.local/lib/python3.6/site-packages/airflow/example_dags/example_bash_operator.py took 0.146 seconds
[2025-06-16 02:56:06,860] {scheduler_job.py:182} INFO - Started process (PID=120) to work on /home/airflow/.local/lib/python3.6/site-packages/airflow/example_dags/example_bash_operator.py
[2025-06-16 02:56:06,861] {scheduler_job.py:633} INFO - Processing file /home/airflow/.local/lib/python3.6/site-packages/airflow/example_dags/example_bash_operator.py for tasks to queue
[2025-06-16 02:56:06,861] {logging_mixin.py:104} INFO - [2025-06-16 02:56:06,861] {dagbag.py:496} INFO - Filling up the DagBag from /home/airflow/.local/lib/python3.6/site-packages/airflow/example_dags/example_bash_operator.py
[2025-06-16 02:56:06,869] {scheduler_job.py:643} INFO - DAG(s) dict_keys(['example_bash_operator']) retrieved from /home/airflow/.local/lib/python3.6/site-packages/airflow/example_dags/example_bash_operator.py
[2025-06-16 02:56:06,927] {logging_mixin.py:104} INFO - [2025-06-16 02:56:06,927] {dag.py:1833} INFO - Sync 1 DAGs
[2025-06-16 02:56:06,945] {logging_mixin.py:104} INFO - [2025-06-16 02:56:06,945] {dag.py:2306} INFO - Setting next_dagrun for example_bash_operator to 2025-06-14 00:00:00+00:00
[2025-06-16 02:56:06,955] {scheduler_job.py:190} INFO - Processing /home/airflow/.local/lib/python3.6/site-packages/airflow/example_dags/example_bash_operator.py took 0.096 seconds
[2025-06-16 02:56:37,230] {scheduler_job.py:182} INFO - Started process (PID=189) to work on /home/airflow/.local/lib/python3.6/site-packages/airflow/example_dags/example_bash_operator.py
[2025-06-16 02:56:37,232] {scheduler_job.py:633} INFO - Processing file /home/airflow/.local/lib/python3.6/site-packages/airflow/example_dags/example_bash_operator.py for tasks to queue
[2025-06-16 02:56:37,232] {logging_mixin.py:104} INFO - [2025-06-16 02:56:37,232] {dagbag.py:496} INFO - Filling up the DagBag from /home/airflow/.local/lib/python3.6/site-packages/airflow/example_dags/example_bash_operator.py
[2025-06-16 02:56:37,248] {scheduler_job.py:643} INFO - DAG(s) dict_keys(['example_bash_operator']) retrieved from /home/airflow/.local/lib/python3.6/site-packages/airflow/example_dags/example_bash_operator.py
[2025-06-16 02:56:37,324] {logging_mixin.py:104} INFO - [2025-06-16 02:56:37,324] {dag.py:1833} INFO - Sync 1 DAGs
[2025-06-16 02:56:37,345] {logging_mixin.py:104} INFO - [2025-06-16 02:56:37,345] {dag.py:2306} INFO - Setting next_dagrun for example_bash_operator to 2025-06-14 00:00:00+00:00
[2025-06-16 02:56:37,357] {scheduler_job.py:190} INFO - Processing /home/airflow/.local/lib/python3.6/site-packages/airflow/example_dags/example_bash_operator.py took 0.129 seconds
[2025-06-16 02:57:07,680] {scheduler_job.py:182} INFO - Started process (PID=250) to work on /home/airflow/.local/lib/python3.6/site-packages/airflow/example_dags/example_bash_operator.py
[2025-06-16 02:57:07,681] {scheduler_job.py:633} INFO - Processing file /home/airflow/.local/lib/python3.6/site-packages/airflow/example_dags/example_bash_operator.py for tasks to queue
[2025-06-16 02:57:07,681] {logging_mixin.py:104} INFO - [2025-06-16 02:57:07,681] {dagbag.py:496} INFO - Filling up the DagBag from /home/airflow/.local/lib/python3.6/site-packages/airflow/example_dags/example_bash_operator.py
[2025-06-16 02:57:07,690] {scheduler_job.py:643} INFO - DAG(s) dict_keys(['example_bash_operator']) retrieved from /home/airflow/.local/lib/python3.6/site-packages/airflow/example_dags/example_bash_operator.py
[2025-06-16 02:57:07,765] {logging_mixin.py:104} INFO - [2025-06-16 02:57:07,764] {dag.py:1833} INFO - Sync 1 DAGs
[2025-06-16 02:57:07,803] {logging_mixin.py:104} INFO - [2025-06-16 02:57:07,803] {dag.py:2306} INFO - Setting next_dagrun for example_bash_operator to 2025-06-14 00:00:00+00:00
[2025-06-16 02:57:07,825] {scheduler_job.py:190} INFO - Processing /home/airflow/.local/lib/python3.6/site-packages/airflow/example_dags/example_bash_operator.py took 0.146 seconds
[2025-06-16 02:57:38,382] {scheduler_job.py:182} INFO - Started process (PID=309) to work on /home/airflow/.local/lib/python3.6/site-packages/airflow/example_dags/example_bash_operator.py
[2025-06-16 02:57:38,383] {scheduler_job.py:633} INFO - Processing file /home/airflow/.local/lib/python3.6/site-packages/airflow/example_dags/example_bash_operator.py for tasks to queue
[2025-06-16 02:57:38,383] {logging_mixin.py:104} INFO - [2025-06-16 02:57:38,383] {dagbag.py:496} INFO - Filling up the DagBag from /home/airflow/.local/lib/python3.6/site-packages/airflow/example_dags/example_bash_operator.py
[2025-06-16 02:57:38,391] {scheduler_job.py:643} INFO - DAG(s) dict_keys(['example_bash_operator']) retrieved from /home/airflow/.local/lib/python3.6/site-packages/airflow/example_dags/example_bash_operator.py
[2025-06-16 02:57:38,460] {logging_mixin.py:104} INFO - [2025-06-16 02:57:38,460] {dag.py:1833} INFO - Sync 1 DAGs
[2025-06-16 02:57:38,499] {logging_mixin.py:104} INFO - [2025-06-16 02:57:38,499] {dag.py:2306} INFO - Setting next_dagrun for example_bash_operator to 2025-06-14 00:00:00+00:00
[2025-06-16 02:57:38,524] {scheduler_job.py:190} INFO - Processing /home/airflow/.local/lib/python3.6/site-packages/airflow/example_dags/example_bash_operator.py took 0.144 seconds
[2025-06-16 02:58:19,676] {scheduler_job.py:182} INFO - Started process (PID=60) to work on /home/airflow/.local/lib/python3.6/site-packages/airflow/example_dags/example_bash_operator.py
[2025-06-16 02:58:19,678] {scheduler_job.py:633} INFO - Processing file /home/airflow/.local/lib/python3.6/site-packages/airflow/example_dags/example_bash_operator.py for tasks to queue
[2025-06-16 02:58:19,679] {logging_mixin.py:104} INFO - [2025-06-16 02:58:19,679] {dagbag.py:496} INFO - Filling up the DagBag from /home/airflow/.local/lib/python3.6/site-packages/airflow/example_dags/example_bash_operator.py
[2025-06-16 02:58:19,694] {scheduler_job.py:643} INFO - DAG(s) dict_keys(['example_bash_operator']) retrieved from /home/airflow/.local/lib/python3.6/site-packages/airflow/example_dags/example_bash_operator.py
[2025-06-16 02:58:19,805] {logging_mixin.py:104} INFO - [2025-06-16 02:58:19,805] {dag.py:1833} INFO - Sync 1 DAGs
[2025-06-16 02:58:19,836] {logging_mixin.py:104} INFO - [2025-06-16 02:58:19,836] {dag.py:2306} INFO - Setting next_dagrun for example_bash_operator to 2025-06-14 00:00:00+00:00
[2025-06-16 02:58:19,853] {scheduler_job.py:190} INFO - Processing /home/airflow/.local/lib/python3.6/site-packages/airflow/example_dags/example_bash_operator.py took 0.181 seconds
[2025-06-16 02:58:50,418] {scheduler_job.py:182} INFO - Started process (PID=119) to work on /home/airflow/.local/lib/python3.6/site-packages/airflow/example_dags/example_bash_operator.py
[2025-06-16 02:58:50,419] {scheduler_job.py:633} INFO - Processing file /home/airflow/.local/lib/python3.6/site-packages/airflow/example_dags/example_bash_operator.py for tasks to queue
[2025-06-16 02:58:50,419] {logging_mixin.py:104} INFO - [2025-06-16 02:58:50,419] {dagbag.py:496} INFO - Filling up the DagBag from /home/airflow/.local/lib/python3.6/site-packages/airflow/example_dags/example_bash_operator.py
[2025-06-16 02:58:50,427] {scheduler_job.py:643} INFO - DAG(s) dict_keys(['example_bash_operator']) retrieved from /home/airflow/.local/lib/python3.6/site-packages/airflow/example_dags/example_bash_operator.py
[2025-06-16 02:58:50,485] {logging_mixin.py:104} INFO - [2025-06-16 02:58:50,485] {dag.py:1833} INFO - Sync 1 DAGs
[2025-06-16 02:58:50,503] {logging_mixin.py:104} INFO - [2025-06-16 02:58:50,503] {dag.py:2306} INFO - Setting next_dagrun for example_bash_operator to 2025-06-14 00:00:00+00:00
[2025-06-16 02:58:50,513] {scheduler_job.py:190} INFO - Processing /home/airflow/.local/lib/python3.6/site-packages/airflow/example_dags/example_bash_operator.py took 0.097 seconds
[2025-06-16 02:59:20,714] {scheduler_job.py:182} INFO - Started process (PID=181) to work on /home/airflow/.local/lib/python3.6/site-packages/airflow/example_dags/example_bash_operator.py
[2025-06-16 02:59:20,714] {scheduler_job.py:633} INFO - Processing file /home/airflow/.local/lib/python3.6/site-packages/airflow/example_dags/example_bash_operator.py for tasks to queue
[2025-06-16 02:59:20,715] {logging_mixin.py:104} INFO - [2025-06-16 02:59:20,715] {dagbag.py:496} INFO - Filling up the DagBag from /home/airflow/.local/lib/python3.6/site-packages/airflow/example_dags/example_bash_operator.py
[2025-06-16 02:59:20,723] {scheduler_job.py:643} INFO - DAG(s) dict_keys(['example_bash_operator']) retrieved from /home/airflow/.local/lib/python3.6/site-packages/airflow/example_dags/example_bash_operator.py
[2025-06-16 02:59:20,811] {logging_mixin.py:104} INFO - [2025-06-16 02:59:20,811] {dag.py:1833} INFO - Sync 1 DAGs
[2025-06-16 02:59:20,849] {logging_mixin.py:104} INFO - [2025-06-16 02:59:20,849] {dag.py:2306} INFO - Setting next_dagrun for example_bash_operator to 2025-06-14 00:00:00+00:00
[2025-06-16 02:59:20,879] {scheduler_job.py:190} INFO - Processing /home/airflow/.local/lib/python3.6/site-packages/airflow/example_dags/example_bash_operator.py took 0.166 seconds
[2025-06-16 02:59:51,148] {scheduler_job.py:182} INFO - Started process (PID=249) to work on /home/airflow/.local/lib/python3.6/site-packages/airflow/example_dags/example_bash_operator.py
[2025-06-16 02:59:51,148] {scheduler_job.py:633} INFO - Processing file /home/airflow/.local/lib/python3.6/site-packages/airflow/example_dags/example_bash_operator.py for tasks to queue
[2025-06-16 02:59:51,149] {logging_mixin.py:104} INFO - [2025-06-16 02:59:51,149] {dagbag.py:496} INFO - Filling up the DagBag from /home/airflow/.local/lib/python3.6/site-packages/airflow/example_dags/example_bash_operator.py
[2025-06-16 02:59:51,158] {scheduler_job.py:643} INFO - DAG(s) dict_keys(['example_bash_operator']) retrieved from /home/airflow/.local/lib/python3.6/site-packages/airflow/example_dags/example_bash_operator.py
[2025-06-16 02:59:51,225] {logging_mixin.py:104} INFO - [2025-06-16 02:59:51,224] {dag.py:1833} INFO - Sync 1 DAGs
[2025-06-16 02:59:51,248] {logging_mixin.py:104} INFO - [2025-06-16 02:59:51,248] {dag.py:2306} INFO - Setting next_dagrun for example_bash_operator to 2025-06-14 00:00:00+00:00
[2025-06-16 02:59:51,259] {scheduler_job.py:190} INFO - Processing /home/airflow/.local/lib/python3.6/site-packages/airflow/example_dags/example_bash_operator.py took 0.114 seconds
