[2025-06-16 02:52:06,480] {scheduler_job.py:182} INFO - Started process (PID=310) to work on /home/airflow/.local/lib/python3.6/site-packages/airflow/example_dags/example_short_circuit_operator.py
[2025-06-16 02:52:06,481] {scheduler_job.py:633} INFO - Processing file /home/airflow/.local/lib/python3.6/site-packages/airflow/example_dags/example_short_circuit_operator.py for tasks to queue
[2025-06-16 02:52:06,481] {logging_mixin.py:104} INFO - [2025-06-16 02:52:06,481] {dagbag.py:496} INFO - Filling up the DagBag from /home/airflow/.local/lib/python3.6/site-packages/airflow/example_dags/example_short_circuit_operator.py
[2025-06-16 02:52:06,490] {scheduler_job.py:643} INFO - DAG(s) dict_keys(['example_short_circuit_operator']) retrieved from /home/airflow/.local/lib/python3.6/site-packages/airflow/example_dags/example_short_circuit_operator.py
[2025-06-16 02:52:08,133] {logging_mixin.py:104} INFO - [2025-06-16 02:52:08,133] {dag.py:1833} INFO - Sync 1 DAGs
[2025-06-16 02:52:08,146] {logging_mixin.py:104} INFO - [2025-06-16 02:52:08,146] {dag.py:1852} INFO - Creating ORM DAG for example_short_circuit_operator
[2025-06-16 02:52:08,156] {logging_mixin.py:104} INFO - [2025-06-16 02:52:08,156] {dag.py:2306} INFO - Setting next_dagrun for example_short_circuit_operator to 2025-06-14 00:00:00+00:00
[2025-06-16 02:52:08,162] {scheduler_job.py:190} INFO - Processing /home/airflow/.local/lib/python3.6/site-packages/airflow/example_dags/example_short_circuit_operator.py took 1.684 seconds
[2025-06-16 02:52:38,215] {scheduler_job.py:182} INFO - Started process (PID=412) to work on /home/airflow/.local/lib/python3.6/site-packages/airflow/example_dags/example_short_circuit_operator.py
[2025-06-16 02:52:38,216] {scheduler_job.py:633} INFO - Processing file /home/airflow/.local/lib/python3.6/site-packages/airflow/example_dags/example_short_circuit_operator.py for tasks to queue
[2025-06-16 02:52:38,216] {logging_mixin.py:104} INFO - [2025-06-16 02:52:38,216] {dagbag.py:496} INFO - Filling up the DagBag from /home/airflow/.local/lib/python3.6/site-packages/airflow/example_dags/example_short_circuit_operator.py
[2025-06-16 02:52:38,223] {scheduler_job.py:643} INFO - DAG(s) dict_keys(['example_short_circuit_operator']) retrieved from /home/airflow/.local/lib/python3.6/site-packages/airflow/example_dags/example_short_circuit_operator.py
[2025-06-16 02:52:38,289] {logging_mixin.py:104} INFO - [2025-06-16 02:52:38,289] {dag.py:1833} INFO - Sync 1 DAGs
[2025-06-16 02:52:38,310] {logging_mixin.py:104} INFO - [2025-06-16 02:52:38,310] {dag.py:2306} INFO - Setting next_dagrun for example_short_circuit_operator to 2025-06-14 00:00:00+00:00
[2025-06-16 02:52:38,325] {scheduler_job.py:190} INFO - Processing /home/airflow/.local/lib/python3.6/site-packages/airflow/example_dags/example_short_circuit_operator.py took 0.112 seconds
[2025-06-16 02:53:08,765] {scheduler_job.py:182} INFO - Started process (PID=471) to work on /home/airflow/.local/lib/python3.6/site-packages/airflow/example_dags/example_short_circuit_operator.py
[2025-06-16 02:53:08,766] {scheduler_job.py:633} INFO - Processing file /home/airflow/.local/lib/python3.6/site-packages/airflow/example_dags/example_short_circuit_operator.py for tasks to queue
[2025-06-16 02:53:08,767] {logging_mixin.py:104} INFO - [2025-06-16 02:53:08,767] {dagbag.py:496} INFO - Filling up the DagBag from /home/airflow/.local/lib/python3.6/site-packages/airflow/example_dags/example_short_circuit_operator.py
[2025-06-16 02:53:08,780] {scheduler_job.py:643} INFO - DAG(s) dict_keys(['example_short_circuit_operator']) retrieved from /home/airflow/.local/lib/python3.6/site-packages/airflow/example_dags/example_short_circuit_operator.py
[2025-06-16 02:53:08,850] {logging_mixin.py:104} INFO - [2025-06-16 02:53:08,850] {dag.py:1833} INFO - Sync 1 DAGs
[2025-06-16 02:53:08,869] {logging_mixin.py:104} INFO - [2025-06-16 02:53:08,869] {dag.py:2306} INFO - Setting next_dagrun for example_short_circuit_operator to 2025-06-14 00:00:00+00:00
[2025-06-16 02:53:08,881] {scheduler_job.py:190} INFO - Processing /home/airflow/.local/lib/python3.6/site-packages/airflow/example_dags/example_short_circuit_operator.py took 0.120 seconds
[2025-06-16 02:53:44,167] {scheduler_job.py:182} INFO - Started process (PID=83) to work on /home/airflow/.local/lib/python3.6/site-packages/airflow/example_dags/example_short_circuit_operator.py
[2025-06-16 02:53:44,170] {scheduler_job.py:633} INFO - Processing file /home/airflow/.local/lib/python3.6/site-packages/airflow/example_dags/example_short_circuit_operator.py for tasks to queue
[2025-06-16 02:53:44,171] {logging_mixin.py:104} INFO - [2025-06-16 02:53:44,171] {dagbag.py:496} INFO - Filling up the DagBag from /home/airflow/.local/lib/python3.6/site-packages/airflow/example_dags/example_short_circuit_operator.py
[2025-06-16 02:53:44,179] {scheduler_job.py:643} INFO - DAG(s) dict_keys(['example_short_circuit_operator']) retrieved from /home/airflow/.local/lib/python3.6/site-packages/airflow/example_dags/example_short_circuit_operator.py
[2025-06-16 02:53:44,281] {logging_mixin.py:104} INFO - [2025-06-16 02:53:44,281] {dag.py:1833} INFO - Sync 1 DAGs
[2025-06-16 02:53:44,322] {logging_mixin.py:104} INFO - [2025-06-16 02:53:44,322] {dag.py:2306} INFO - Setting next_dagrun for example_short_circuit_operator to 2025-06-14 00:00:00+00:00
[2025-06-16 02:53:44,366] {scheduler_job.py:190} INFO - Processing /home/airflow/.local/lib/python3.6/site-packages/airflow/example_dags/example_short_circuit_operator.py took 0.202 seconds
[2025-06-16 02:54:15,371] {scheduler_job.py:182} INFO - Started process (PID=152) to work on /home/airflow/.local/lib/python3.6/site-packages/airflow/example_dags/example_short_circuit_operator.py
[2025-06-16 02:54:15,371] {scheduler_job.py:633} INFO - Processing file /home/airflow/.local/lib/python3.6/site-packages/airflow/example_dags/example_short_circuit_operator.py for tasks to queue
[2025-06-16 02:54:15,372] {logging_mixin.py:104} INFO - [2025-06-16 02:54:15,372] {dagbag.py:496} INFO - Filling up the DagBag from /home/airflow/.local/lib/python3.6/site-packages/airflow/example_dags/example_short_circuit_operator.py
[2025-06-16 02:54:15,380] {scheduler_job.py:643} INFO - DAG(s) dict_keys(['example_short_circuit_operator']) retrieved from /home/airflow/.local/lib/python3.6/site-packages/airflow/example_dags/example_short_circuit_operator.py
[2025-06-16 02:54:15,445] {logging_mixin.py:104} INFO - [2025-06-16 02:54:15,444] {dag.py:1833} INFO - Sync 1 DAGs
[2025-06-16 02:54:15,466] {logging_mixin.py:104} INFO - [2025-06-16 02:54:15,466] {dag.py:2306} INFO - Setting next_dagrun for example_short_circuit_operator to 2025-06-14 00:00:00+00:00
[2025-06-16 02:54:15,478] {scheduler_job.py:190} INFO - Processing /home/airflow/.local/lib/python3.6/site-packages/airflow/example_dags/example_short_circuit_operator.py took 0.109 seconds
[2025-06-16 02:54:45,758] {scheduler_job.py:182} INFO - Started process (PID=211) to work on /home/airflow/.local/lib/python3.6/site-packages/airflow/example_dags/example_short_circuit_operator.py
[2025-06-16 02:54:45,759] {scheduler_job.py:633} INFO - Processing file /home/airflow/.local/lib/python3.6/site-packages/airflow/example_dags/example_short_circuit_operator.py for tasks to queue
[2025-06-16 02:54:45,760] {logging_mixin.py:104} INFO - [2025-06-16 02:54:45,760] {dagbag.py:496} INFO - Filling up the DagBag from /home/airflow/.local/lib/python3.6/site-packages/airflow/example_dags/example_short_circuit_operator.py
[2025-06-16 02:54:45,772] {scheduler_job.py:643} INFO - DAG(s) dict_keys(['example_short_circuit_operator']) retrieved from /home/airflow/.local/lib/python3.6/site-packages/airflow/example_dags/example_short_circuit_operator.py
[2025-06-16 02:54:45,837] {logging_mixin.py:104} INFO - [2025-06-16 02:54:45,836] {dag.py:1833} INFO - Sync 1 DAGs
[2025-06-16 02:54:45,853] {logging_mixin.py:104} INFO - [2025-06-16 02:54:45,853] {dag.py:2306} INFO - Setting next_dagrun for example_short_circuit_operator to 2025-06-14 00:00:00+00:00
[2025-06-16 02:54:45,864] {scheduler_job.py:190} INFO - Processing /home/airflow/.local/lib/python3.6/site-packages/airflow/example_dags/example_short_circuit_operator.py took 0.112 seconds
[2025-06-16 02:55:38,429] {scheduler_job.py:182} INFO - Started process (PID=83) to work on /home/airflow/.local/lib/python3.6/site-packages/airflow/example_dags/example_short_circuit_operator.py
[2025-06-16 02:55:38,438] {scheduler_job.py:633} INFO - Processing file /home/airflow/.local/lib/python3.6/site-packages/airflow/example_dags/example_short_circuit_operator.py for tasks to queue
[2025-06-16 02:55:38,441] {logging_mixin.py:104} INFO - [2025-06-16 02:55:38,440] {dagbag.py:496} INFO - Filling up the DagBag from /home/airflow/.local/lib/python3.6/site-packages/airflow/example_dags/example_short_circuit_operator.py
[2025-06-16 02:55:38,463] {scheduler_job.py:643} INFO - DAG(s) dict_keys(['example_short_circuit_operator']) retrieved from /home/airflow/.local/lib/python3.6/site-packages/airflow/example_dags/example_short_circuit_operator.py
[2025-06-16 02:55:38,569] {logging_mixin.py:104} INFO - [2025-06-16 02:55:38,569] {dag.py:1833} INFO - Sync 1 DAGs
[2025-06-16 02:55:38,607] {logging_mixin.py:104} INFO - [2025-06-16 02:55:38,606] {dag.py:2306} INFO - Setting next_dagrun for example_short_circuit_operator to 2025-06-14 00:00:00+00:00
[2025-06-16 02:55:38,644] {scheduler_job.py:190} INFO - Processing /home/airflow/.local/lib/python3.6/site-packages/airflow/example_dags/example_short_circuit_operator.py took 0.219 seconds
[2025-06-16 02:56:09,334] {scheduler_job.py:182} INFO - Started process (PID=152) to work on /home/airflow/.local/lib/python3.6/site-packages/airflow/example_dags/example_short_circuit_operator.py
[2025-06-16 02:56:09,335] {scheduler_job.py:633} INFO - Processing file /home/airflow/.local/lib/python3.6/site-packages/airflow/example_dags/example_short_circuit_operator.py for tasks to queue
[2025-06-16 02:56:09,336] {logging_mixin.py:104} INFO - [2025-06-16 02:56:09,335] {dagbag.py:496} INFO - Filling up the DagBag from /home/airflow/.local/lib/python3.6/site-packages/airflow/example_dags/example_short_circuit_operator.py
[2025-06-16 02:56:09,342] {scheduler_job.py:643} INFO - DAG(s) dict_keys(['example_short_circuit_operator']) retrieved from /home/airflow/.local/lib/python3.6/site-packages/airflow/example_dags/example_short_circuit_operator.py
[2025-06-16 02:56:09,399] {logging_mixin.py:104} INFO - [2025-06-16 02:56:09,399] {dag.py:1833} INFO - Sync 1 DAGs
[2025-06-16 02:56:09,421] {logging_mixin.py:104} INFO - [2025-06-16 02:56:09,420] {dag.py:2306} INFO - Setting next_dagrun for example_short_circuit_operator to 2025-06-14 00:00:00+00:00
[2025-06-16 02:56:09,432] {scheduler_job.py:190} INFO - Processing /home/airflow/.local/lib/python3.6/site-packages/airflow/example_dags/example_short_circuit_operator.py took 0.099 seconds
[2025-06-16 02:56:39,821] {scheduler_job.py:182} INFO - Started process (PID=211) to work on /home/airflow/.local/lib/python3.6/site-packages/airflow/example_dags/example_short_circuit_operator.py
[2025-06-16 02:56:39,821] {scheduler_job.py:633} INFO - Processing file /home/airflow/.local/lib/python3.6/site-packages/airflow/example_dags/example_short_circuit_operator.py for tasks to queue
[2025-06-16 02:56:39,822] {logging_mixin.py:104} INFO - [2025-06-16 02:56:39,822] {dagbag.py:496} INFO - Filling up the DagBag from /home/airflow/.local/lib/python3.6/site-packages/airflow/example_dags/example_short_circuit_operator.py
[2025-06-16 02:56:39,829] {scheduler_job.py:643} INFO - DAG(s) dict_keys(['example_short_circuit_operator']) retrieved from /home/airflow/.local/lib/python3.6/site-packages/airflow/example_dags/example_short_circuit_operator.py
[2025-06-16 02:56:39,888] {logging_mixin.py:104} INFO - [2025-06-16 02:56:39,888] {dag.py:1833} INFO - Sync 1 DAGs
[2025-06-16 02:56:39,905] {logging_mixin.py:104} INFO - [2025-06-16 02:56:39,905] {dag.py:2306} INFO - Setting next_dagrun for example_short_circuit_operator to 2025-06-14 00:00:00+00:00
[2025-06-16 02:56:39,918] {scheduler_job.py:190} INFO - Processing /home/airflow/.local/lib/python3.6/site-packages/airflow/example_dags/example_short_circuit_operator.py took 0.099 seconds
[2025-06-16 02:57:10,464] {scheduler_job.py:182} INFO - Started process (PID=280) to work on /home/airflow/.local/lib/python3.6/site-packages/airflow/example_dags/example_short_circuit_operator.py
[2025-06-16 02:57:10,465] {scheduler_job.py:633} INFO - Processing file /home/airflow/.local/lib/python3.6/site-packages/airflow/example_dags/example_short_circuit_operator.py for tasks to queue
[2025-06-16 02:57:10,465] {logging_mixin.py:104} INFO - [2025-06-16 02:57:10,465] {dagbag.py:496} INFO - Filling up the DagBag from /home/airflow/.local/lib/python3.6/site-packages/airflow/example_dags/example_short_circuit_operator.py
[2025-06-16 02:57:10,475] {scheduler_job.py:643} INFO - DAG(s) dict_keys(['example_short_circuit_operator']) retrieved from /home/airflow/.local/lib/python3.6/site-packages/airflow/example_dags/example_short_circuit_operator.py
[2025-06-16 02:57:10,539] {logging_mixin.py:104} INFO - [2025-06-16 02:57:10,539] {dag.py:1833} INFO - Sync 1 DAGs
[2025-06-16 02:57:10,563] {logging_mixin.py:104} INFO - [2025-06-16 02:57:10,563] {dag.py:2306} INFO - Setting next_dagrun for example_short_circuit_operator to 2025-06-14 00:00:00+00:00
[2025-06-16 02:57:10,576] {scheduler_job.py:190} INFO - Processing /home/airflow/.local/lib/python3.6/site-packages/airflow/example_dags/example_short_circuit_operator.py took 0.114 seconds
[2025-06-16 02:57:41,278] {scheduler_job.py:182} INFO - Started process (PID=348) to work on /home/airflow/.local/lib/python3.6/site-packages/airflow/example_dags/example_short_circuit_operator.py
[2025-06-16 02:57:41,279] {scheduler_job.py:633} INFO - Processing file /home/airflow/.local/lib/python3.6/site-packages/airflow/example_dags/example_short_circuit_operator.py for tasks to queue
[2025-06-16 02:57:41,279] {logging_mixin.py:104} INFO - [2025-06-16 02:57:41,279] {dagbag.py:496} INFO - Filling up the DagBag from /home/airflow/.local/lib/python3.6/site-packages/airflow/example_dags/example_short_circuit_operator.py
[2025-06-16 02:57:41,287] {scheduler_job.py:643} INFO - DAG(s) dict_keys(['example_short_circuit_operator']) retrieved from /home/airflow/.local/lib/python3.6/site-packages/airflow/example_dags/example_short_circuit_operator.py
[2025-06-16 02:57:41,357] {logging_mixin.py:104} INFO - [2025-06-16 02:57:41,357] {dag.py:1833} INFO - Sync 1 DAGs
[2025-06-16 02:57:41,375] {logging_mixin.py:104} INFO - [2025-06-16 02:57:41,375] {dag.py:2306} INFO - Setting next_dagrun for example_short_circuit_operator to 2025-06-14 00:00:00+00:00
[2025-06-16 02:57:41,386] {scheduler_job.py:190} INFO - Processing /home/airflow/.local/lib/python3.6/site-packages/airflow/example_dags/example_short_circuit_operator.py took 0.110 seconds
[2025-06-16 02:58:22,113] {scheduler_job.py:182} INFO - Started process (PID=82) to work on /home/airflow/.local/lib/python3.6/site-packages/airflow/example_dags/example_short_circuit_operator.py
[2025-06-16 02:58:22,121] {scheduler_job.py:633} INFO - Processing file /home/airflow/.local/lib/python3.6/site-packages/airflow/example_dags/example_short_circuit_operator.py for tasks to queue
[2025-06-16 02:58:22,122] {logging_mixin.py:104} INFO - [2025-06-16 02:58:22,122] {dagbag.py:496} INFO - Filling up the DagBag from /home/airflow/.local/lib/python3.6/site-packages/airflow/example_dags/example_short_circuit_operator.py
[2025-06-16 02:58:22,137] {scheduler_job.py:643} INFO - DAG(s) dict_keys(['example_short_circuit_operator']) retrieved from /home/airflow/.local/lib/python3.6/site-packages/airflow/example_dags/example_short_circuit_operator.py
[2025-06-16 02:58:22,236] {logging_mixin.py:104} INFO - [2025-06-16 02:58:22,236] {dag.py:1833} INFO - Sync 1 DAGs
[2025-06-16 02:58:22,273] {logging_mixin.py:104} INFO - [2025-06-16 02:58:22,273] {dag.py:2306} INFO - Setting next_dagrun for example_short_circuit_operator to 2025-06-14 00:00:00+00:00
[2025-06-16 02:58:22,303] {scheduler_job.py:190} INFO - Processing /home/airflow/.local/lib/python3.6/site-packages/airflow/example_dags/example_short_circuit_operator.py took 0.191 seconds
[2025-06-16 02:58:53,030] {scheduler_job.py:182} INFO - Started process (PID=151) to work on /home/airflow/.local/lib/python3.6/site-packages/airflow/example_dags/example_short_circuit_operator.py
[2025-06-16 02:58:53,031] {scheduler_job.py:633} INFO - Processing file /home/airflow/.local/lib/python3.6/site-packages/airflow/example_dags/example_short_circuit_operator.py for tasks to queue
[2025-06-16 02:58:53,031] {logging_mixin.py:104} INFO - [2025-06-16 02:58:53,031] {dagbag.py:496} INFO - Filling up the DagBag from /home/airflow/.local/lib/python3.6/site-packages/airflow/example_dags/example_short_circuit_operator.py
[2025-06-16 02:58:53,037] {scheduler_job.py:643} INFO - DAG(s) dict_keys(['example_short_circuit_operator']) retrieved from /home/airflow/.local/lib/python3.6/site-packages/airflow/example_dags/example_short_circuit_operator.py
[2025-06-16 02:58:53,095] {logging_mixin.py:104} INFO - [2025-06-16 02:58:53,095] {dag.py:1833} INFO - Sync 1 DAGs
[2025-06-16 02:58:53,112] {logging_mixin.py:104} INFO - [2025-06-16 02:58:53,112] {dag.py:2306} INFO - Setting next_dagrun for example_short_circuit_operator to 2025-06-14 00:00:00+00:00
[2025-06-16 02:58:53,122] {scheduler_job.py:190} INFO - Processing /home/airflow/.local/lib/python3.6/site-packages/airflow/example_dags/example_short_circuit_operator.py took 0.093 seconds
[2025-06-16 02:59:23,396] {scheduler_job.py:182} INFO - Started process (PID=210) to work on /home/airflow/.local/lib/python3.6/site-packages/airflow/example_dags/example_short_circuit_operator.py
[2025-06-16 02:59:23,397] {scheduler_job.py:633} INFO - Processing file /home/airflow/.local/lib/python3.6/site-packages/airflow/example_dags/example_short_circuit_operator.py for tasks to queue
[2025-06-16 02:59:23,397] {logging_mixin.py:104} INFO - [2025-06-16 02:59:23,397] {dagbag.py:496} INFO - Filling up the DagBag from /home/airflow/.local/lib/python3.6/site-packages/airflow/example_dags/example_short_circuit_operator.py
[2025-06-16 02:59:23,405] {scheduler_job.py:643} INFO - DAG(s) dict_keys(['example_short_circuit_operator']) retrieved from /home/airflow/.local/lib/python3.6/site-packages/airflow/example_dags/example_short_circuit_operator.py
[2025-06-16 02:59:23,468] {logging_mixin.py:104} INFO - [2025-06-16 02:59:23,468] {dag.py:1833} INFO - Sync 1 DAGs
[2025-06-16 02:59:23,486] {logging_mixin.py:104} INFO - [2025-06-16 02:59:23,486] {dag.py:2306} INFO - Setting next_dagrun for example_short_circuit_operator to 2025-06-14 00:00:00+00:00
[2025-06-16 02:59:23,496] {scheduler_job.py:190} INFO - Processing /home/airflow/.local/lib/python3.6/site-packages/airflow/example_dags/example_short_circuit_operator.py took 0.102 seconds
[2025-06-16 02:59:54,255] {scheduler_job.py:182} INFO - Started process (PID=279) to work on /home/airflow/.local/lib/python3.6/site-packages/airflow/example_dags/example_short_circuit_operator.py
[2025-06-16 02:59:54,256] {scheduler_job.py:633} INFO - Processing file /home/airflow/.local/lib/python3.6/site-packages/airflow/example_dags/example_short_circuit_operator.py for tasks to queue
[2025-06-16 02:59:54,256] {logging_mixin.py:104} INFO - [2025-06-16 02:59:54,256] {dagbag.py:496} INFO - Filling up the DagBag from /home/airflow/.local/lib/python3.6/site-packages/airflow/example_dags/example_short_circuit_operator.py
[2025-06-16 02:59:54,263] {scheduler_job.py:643} INFO - DAG(s) dict_keys(['example_short_circuit_operator']) retrieved from /home/airflow/.local/lib/python3.6/site-packages/airflow/example_dags/example_short_circuit_operator.py
[2025-06-16 02:59:54,323] {logging_mixin.py:104} INFO - [2025-06-16 02:59:54,323] {dag.py:1833} INFO - Sync 1 DAGs
[2025-06-16 02:59:54,340] {logging_mixin.py:104} INFO - [2025-06-16 02:59:54,340] {dag.py:2306} INFO - Setting next_dagrun for example_short_circuit_operator to 2025-06-14 00:00:00+00:00
[2025-06-16 02:59:54,350] {scheduler_job.py:190} INFO - Processing /home/airflow/.local/lib/python3.6/site-packages/airflow/example_dags/example_short_circuit_operator.py took 0.096 seconds
