[2025-06-16 02:52:01,917] {scheduler_job.py:182} INFO - Started process (PID=255) to work on /home/airflow/.local/lib/python3.6/site-packages/airflow/example_dags/example_trigger_target_dag.py
[2025-06-16 02:52:01,917] {scheduler_job.py:633} INFO - Processing file /home/airflow/.local/lib/python3.6/site-packages/airflow/example_dags/example_trigger_target_dag.py for tasks to queue
[2025-06-16 02:52:01,918] {logging_mixin.py:104} INFO - [2025-06-16 02:52:01,918] {dagbag.py:496} INFO - Filling up the DagBag from /home/airflow/.local/lib/python3.6/site-packages/airflow/example_dags/example_trigger_target_dag.py
[2025-06-16 02:52:01,926] {scheduler_job.py:643} INFO - DAG(s) dict_keys(['example_trigger_target_dag']) retrieved from /home/airflow/.local/lib/python3.6/site-packages/airflow/example_dags/example_trigger_target_dag.py
[2025-06-16 02:52:03,851] {logging_mixin.py:104} INFO - [2025-06-16 02:52:03,850] {dag.py:1833} INFO - Sync 1 DAGs
[2025-06-16 02:52:03,864] {logging_mixin.py:104} INFO - [2025-06-16 02:52:03,863] {dag.py:1852} INFO - Creating ORM DAG for example_trigger_target_dag
[2025-06-16 02:52:03,882] {logging_mixin.py:104} INFO - [2025-06-16 02:52:03,882] {dag.py:2306} INFO - Setting next_dagrun for example_trigger_target_dag to None
[2025-06-16 02:52:03,906] {scheduler_job.py:190} INFO - Processing /home/airflow/.local/lib/python3.6/site-packages/airflow/example_dags/example_trigger_target_dag.py took 1.990 seconds
[2025-06-16 02:52:34,686] {scheduler_job.py:182} INFO - Started process (PID=397) to work on /home/airflow/.local/lib/python3.6/site-packages/airflow/example_dags/example_trigger_target_dag.py
[2025-06-16 02:52:34,688] {scheduler_job.py:633} INFO - Processing file /home/airflow/.local/lib/python3.6/site-packages/airflow/example_dags/example_trigger_target_dag.py for tasks to queue
[2025-06-16 02:52:34,689] {logging_mixin.py:104} INFO - [2025-06-16 02:52:34,689] {dagbag.py:496} INFO - Filling up the DagBag from /home/airflow/.local/lib/python3.6/site-packages/airflow/example_dags/example_trigger_target_dag.py
[2025-06-16 02:52:34,702] {scheduler_job.py:643} INFO - DAG(s) dict_keys(['example_trigger_target_dag']) retrieved from /home/airflow/.local/lib/python3.6/site-packages/airflow/example_dags/example_trigger_target_dag.py
[2025-06-16 02:52:34,769] {logging_mixin.py:104} INFO - [2025-06-16 02:52:34,769] {dag.py:1833} INFO - Sync 1 DAGs
[2025-06-16 02:52:34,786] {logging_mixin.py:104} INFO - [2025-06-16 02:52:34,786] {dag.py:2306} INFO - Setting next_dagrun for example_trigger_target_dag to None
[2025-06-16 02:52:34,797] {scheduler_job.py:190} INFO - Processing /home/airflow/.local/lib/python3.6/site-packages/airflow/example_dags/example_trigger_target_dag.py took 0.116 seconds
[2025-06-16 02:53:05,489] {scheduler_job.py:182} INFO - Started process (PID=466) to work on /home/airflow/.local/lib/python3.6/site-packages/airflow/example_dags/example_trigger_target_dag.py
[2025-06-16 02:53:05,491] {scheduler_job.py:633} INFO - Processing file /home/airflow/.local/lib/python3.6/site-packages/airflow/example_dags/example_trigger_target_dag.py for tasks to queue
[2025-06-16 02:53:05,492] {logging_mixin.py:104} INFO - [2025-06-16 02:53:05,492] {dagbag.py:496} INFO - Filling up the DagBag from /home/airflow/.local/lib/python3.6/site-packages/airflow/example_dags/example_trigger_target_dag.py
[2025-06-16 02:53:05,505] {scheduler_job.py:643} INFO - DAG(s) dict_keys(['example_trigger_target_dag']) retrieved from /home/airflow/.local/lib/python3.6/site-packages/airflow/example_dags/example_trigger_target_dag.py
[2025-06-16 02:53:05,572] {logging_mixin.py:104} INFO - [2025-06-16 02:53:05,572] {dag.py:1833} INFO - Sync 1 DAGs
[2025-06-16 02:53:05,590] {logging_mixin.py:104} INFO - [2025-06-16 02:53:05,589] {dag.py:2306} INFO - Setting next_dagrun for example_trigger_target_dag to None
[2025-06-16 02:53:05,601] {scheduler_job.py:190} INFO - Processing /home/airflow/.local/lib/python3.6/site-packages/airflow/example_dags/example_trigger_target_dag.py took 0.116 seconds
[2025-06-16 02:53:43,422] {scheduler_job.py:182} INFO - Started process (PID=78) to work on /home/airflow/.local/lib/python3.6/site-packages/airflow/example_dags/example_trigger_target_dag.py
[2025-06-16 02:53:43,423] {scheduler_job.py:633} INFO - Processing file /home/airflow/.local/lib/python3.6/site-packages/airflow/example_dags/example_trigger_target_dag.py for tasks to queue
[2025-06-16 02:53:43,423] {logging_mixin.py:104} INFO - [2025-06-16 02:53:43,423] {dagbag.py:496} INFO - Filling up the DagBag from /home/airflow/.local/lib/python3.6/site-packages/airflow/example_dags/example_trigger_target_dag.py
[2025-06-16 02:53:43,431] {scheduler_job.py:643} INFO - DAG(s) dict_keys(['example_trigger_target_dag']) retrieved from /home/airflow/.local/lib/python3.6/site-packages/airflow/example_dags/example_trigger_target_dag.py
[2025-06-16 02:53:43,516] {logging_mixin.py:104} INFO - [2025-06-16 02:53:43,516] {dag.py:1833} INFO - Sync 1 DAGs
[2025-06-16 02:53:43,555] {logging_mixin.py:104} INFO - [2025-06-16 02:53:43,554] {dag.py:2306} INFO - Setting next_dagrun for example_trigger_target_dag to None
[2025-06-16 02:53:43,577] {scheduler_job.py:190} INFO - Processing /home/airflow/.local/lib/python3.6/site-packages/airflow/example_dags/example_trigger_target_dag.py took 0.157 seconds
[2025-06-16 02:54:14,039] {scheduler_job.py:182} INFO - Started process (PID=137) to work on /home/airflow/.local/lib/python3.6/site-packages/airflow/example_dags/example_trigger_target_dag.py
[2025-06-16 02:54:14,040] {scheduler_job.py:633} INFO - Processing file /home/airflow/.local/lib/python3.6/site-packages/airflow/example_dags/example_trigger_target_dag.py for tasks to queue
[2025-06-16 02:54:14,040] {logging_mixin.py:104} INFO - [2025-06-16 02:54:14,040] {dagbag.py:496} INFO - Filling up the DagBag from /home/airflow/.local/lib/python3.6/site-packages/airflow/example_dags/example_trigger_target_dag.py
[2025-06-16 02:54:14,048] {scheduler_job.py:643} INFO - DAG(s) dict_keys(['example_trigger_target_dag']) retrieved from /home/airflow/.local/lib/python3.6/site-packages/airflow/example_dags/example_trigger_target_dag.py
[2025-06-16 02:54:14,106] {logging_mixin.py:104} INFO - [2025-06-16 02:54:14,106] {dag.py:1833} INFO - Sync 1 DAGs
[2025-06-16 02:54:14,121] {logging_mixin.py:104} INFO - [2025-06-16 02:54:14,121] {dag.py:2306} INFO - Setting next_dagrun for example_trigger_target_dag to None
[2025-06-16 02:54:14,131] {scheduler_job.py:190} INFO - Processing /home/airflow/.local/lib/python3.6/site-packages/airflow/example_dags/example_trigger_target_dag.py took 0.095 seconds
[2025-06-16 02:54:44,436] {scheduler_job.py:182} INFO - Started process (PID=206) to work on /home/airflow/.local/lib/python3.6/site-packages/airflow/example_dags/example_trigger_target_dag.py
[2025-06-16 02:54:44,437] {scheduler_job.py:633} INFO - Processing file /home/airflow/.local/lib/python3.6/site-packages/airflow/example_dags/example_trigger_target_dag.py for tasks to queue
[2025-06-16 02:54:44,437] {logging_mixin.py:104} INFO - [2025-06-16 02:54:44,437] {dagbag.py:496} INFO - Filling up the DagBag from /home/airflow/.local/lib/python3.6/site-packages/airflow/example_dags/example_trigger_target_dag.py
[2025-06-16 02:54:44,445] {scheduler_job.py:643} INFO - DAG(s) dict_keys(['example_trigger_target_dag']) retrieved from /home/airflow/.local/lib/python3.6/site-packages/airflow/example_dags/example_trigger_target_dag.py
[2025-06-16 02:54:44,505] {logging_mixin.py:104} INFO - [2025-06-16 02:54:44,505] {dag.py:1833} INFO - Sync 1 DAGs
[2025-06-16 02:54:44,525] {logging_mixin.py:104} INFO - [2025-06-16 02:54:44,525] {dag.py:2306} INFO - Setting next_dagrun for example_trigger_target_dag to None
[2025-06-16 02:54:44,535] {scheduler_job.py:190} INFO - Processing /home/airflow/.local/lib/python3.6/site-packages/airflow/example_dags/example_trigger_target_dag.py took 0.100 seconds
[2025-06-16 02:55:37,983] {scheduler_job.py:182} INFO - Started process (PID=78) to work on /home/airflow/.local/lib/python3.6/site-packages/airflow/example_dags/example_trigger_target_dag.py
[2025-06-16 02:55:37,984] {scheduler_job.py:633} INFO - Processing file /home/airflow/.local/lib/python3.6/site-packages/airflow/example_dags/example_trigger_target_dag.py for tasks to queue
[2025-06-16 02:55:37,984] {logging_mixin.py:104} INFO - [2025-06-16 02:55:37,984] {dagbag.py:496} INFO - Filling up the DagBag from /home/airflow/.local/lib/python3.6/site-packages/airflow/example_dags/example_trigger_target_dag.py
[2025-06-16 02:55:37,992] {scheduler_job.py:643} INFO - DAG(s) dict_keys(['example_trigger_target_dag']) retrieved from /home/airflow/.local/lib/python3.6/site-packages/airflow/example_dags/example_trigger_target_dag.py
[2025-06-16 02:55:38,056] {logging_mixin.py:104} INFO - [2025-06-16 02:55:38,056] {dag.py:1833} INFO - Sync 1 DAGs
[2025-06-16 02:55:38,076] {logging_mixin.py:104} INFO - [2025-06-16 02:55:38,075] {dag.py:2306} INFO - Setting next_dagrun for example_trigger_target_dag to None
[2025-06-16 02:55:38,087] {scheduler_job.py:190} INFO - Processing /home/airflow/.local/lib/python3.6/site-packages/airflow/example_dags/example_trigger_target_dag.py took 0.106 seconds
[2025-06-16 02:56:08,989] {scheduler_job.py:182} INFO - Started process (PID=147) to work on /home/airflow/.local/lib/python3.6/site-packages/airflow/example_dags/example_trigger_target_dag.py
[2025-06-16 02:56:08,990] {scheduler_job.py:633} INFO - Processing file /home/airflow/.local/lib/python3.6/site-packages/airflow/example_dags/example_trigger_target_dag.py for tasks to queue
[2025-06-16 02:56:08,990] {logging_mixin.py:104} INFO - [2025-06-16 02:56:08,990] {dagbag.py:496} INFO - Filling up the DagBag from /home/airflow/.local/lib/python3.6/site-packages/airflow/example_dags/example_trigger_target_dag.py
[2025-06-16 02:56:08,997] {scheduler_job.py:643} INFO - DAG(s) dict_keys(['example_trigger_target_dag']) retrieved from /home/airflow/.local/lib/python3.6/site-packages/airflow/example_dags/example_trigger_target_dag.py
[2025-06-16 02:56:09,057] {logging_mixin.py:104} INFO - [2025-06-16 02:56:09,057] {dag.py:1833} INFO - Sync 1 DAGs
[2025-06-16 02:56:09,084] {logging_mixin.py:104} INFO - [2025-06-16 02:56:09,083] {dag.py:2306} INFO - Setting next_dagrun for example_trigger_target_dag to None
[2025-06-16 02:56:09,102] {scheduler_job.py:190} INFO - Processing /home/airflow/.local/lib/python3.6/site-packages/airflow/example_dags/example_trigger_target_dag.py took 0.114 seconds
[2025-06-16 02:56:39,495] {scheduler_job.py:182} INFO - Started process (PID=206) to work on /home/airflow/.local/lib/python3.6/site-packages/airflow/example_dags/example_trigger_target_dag.py
[2025-06-16 02:56:39,496] {scheduler_job.py:633} INFO - Processing file /home/airflow/.local/lib/python3.6/site-packages/airflow/example_dags/example_trigger_target_dag.py for tasks to queue
[2025-06-16 02:56:39,496] {logging_mixin.py:104} INFO - [2025-06-16 02:56:39,496] {dagbag.py:496} INFO - Filling up the DagBag from /home/airflow/.local/lib/python3.6/site-packages/airflow/example_dags/example_trigger_target_dag.py
[2025-06-16 02:56:39,504] {scheduler_job.py:643} INFO - DAG(s) dict_keys(['example_trigger_target_dag']) retrieved from /home/airflow/.local/lib/python3.6/site-packages/airflow/example_dags/example_trigger_target_dag.py
[2025-06-16 02:56:39,564] {logging_mixin.py:104} INFO - [2025-06-16 02:56:39,564] {dag.py:1833} INFO - Sync 1 DAGs
[2025-06-16 02:56:39,580] {logging_mixin.py:104} INFO - [2025-06-16 02:56:39,580] {dag.py:2306} INFO - Setting next_dagrun for example_trigger_target_dag to None
[2025-06-16 02:56:39,591] {scheduler_job.py:190} INFO - Processing /home/airflow/.local/lib/python3.6/site-packages/airflow/example_dags/example_trigger_target_dag.py took 0.098 seconds
[2025-06-16 02:57:10,116] {scheduler_job.py:182} INFO - Started process (PID=275) to work on /home/airflow/.local/lib/python3.6/site-packages/airflow/example_dags/example_trigger_target_dag.py
[2025-06-16 02:57:10,117] {scheduler_job.py:633} INFO - Processing file /home/airflow/.local/lib/python3.6/site-packages/airflow/example_dags/example_trigger_target_dag.py for tasks to queue
[2025-06-16 02:57:10,117] {logging_mixin.py:104} INFO - [2025-06-16 02:57:10,117] {dagbag.py:496} INFO - Filling up the DagBag from /home/airflow/.local/lib/python3.6/site-packages/airflow/example_dags/example_trigger_target_dag.py
[2025-06-16 02:57:10,126] {scheduler_job.py:643} INFO - DAG(s) dict_keys(['example_trigger_target_dag']) retrieved from /home/airflow/.local/lib/python3.6/site-packages/airflow/example_dags/example_trigger_target_dag.py
[2025-06-16 02:57:10,186] {logging_mixin.py:104} INFO - [2025-06-16 02:57:10,186] {dag.py:1833} INFO - Sync 1 DAGs
[2025-06-16 02:57:10,204] {logging_mixin.py:104} INFO - [2025-06-16 02:57:10,204] {dag.py:2306} INFO - Setting next_dagrun for example_trigger_target_dag to None
[2025-06-16 02:57:10,214] {scheduler_job.py:190} INFO - Processing /home/airflow/.local/lib/python3.6/site-packages/airflow/example_dags/example_trigger_target_dag.py took 0.100 seconds
[2025-06-16 02:57:40,836] {scheduler_job.py:182} INFO - Started process (PID=334) to work on /home/airflow/.local/lib/python3.6/site-packages/airflow/example_dags/example_trigger_target_dag.py
[2025-06-16 02:57:40,837] {scheduler_job.py:633} INFO - Processing file /home/airflow/.local/lib/python3.6/site-packages/airflow/example_dags/example_trigger_target_dag.py for tasks to queue
[2025-06-16 02:57:40,837] {logging_mixin.py:104} INFO - [2025-06-16 02:57:40,837] {dagbag.py:496} INFO - Filling up the DagBag from /home/airflow/.local/lib/python3.6/site-packages/airflow/example_dags/example_trigger_target_dag.py
[2025-06-16 02:57:40,845] {scheduler_job.py:643} INFO - DAG(s) dict_keys(['example_trigger_target_dag']) retrieved from /home/airflow/.local/lib/python3.6/site-packages/airflow/example_dags/example_trigger_target_dag.py
[2025-06-16 02:57:40,903] {logging_mixin.py:104} INFO - [2025-06-16 02:57:40,903] {dag.py:1833} INFO - Sync 1 DAGs
[2025-06-16 02:57:40,920] {logging_mixin.py:104} INFO - [2025-06-16 02:57:40,920] {dag.py:2306} INFO - Setting next_dagrun for example_trigger_target_dag to None
[2025-06-16 02:57:40,935] {scheduler_job.py:190} INFO - Processing /home/airflow/.local/lib/python3.6/site-packages/airflow/example_dags/example_trigger_target_dag.py took 0.100 seconds
[2025-06-16 02:58:21,450] {scheduler_job.py:182} INFO - Started process (PID=77) to work on /home/airflow/.local/lib/python3.6/site-packages/airflow/example_dags/example_trigger_target_dag.py
[2025-06-16 02:58:21,451] {scheduler_job.py:633} INFO - Processing file /home/airflow/.local/lib/python3.6/site-packages/airflow/example_dags/example_trigger_target_dag.py for tasks to queue
[2025-06-16 02:58:21,451] {logging_mixin.py:104} INFO - [2025-06-16 02:58:21,451] {dagbag.py:496} INFO - Filling up the DagBag from /home/airflow/.local/lib/python3.6/site-packages/airflow/example_dags/example_trigger_target_dag.py
[2025-06-16 02:58:21,461] {scheduler_job.py:643} INFO - DAG(s) dict_keys(['example_trigger_target_dag']) retrieved from /home/airflow/.local/lib/python3.6/site-packages/airflow/example_dags/example_trigger_target_dag.py
[2025-06-16 02:58:21,527] {logging_mixin.py:104} INFO - [2025-06-16 02:58:21,527] {dag.py:1833} INFO - Sync 1 DAGs
[2025-06-16 02:58:21,545] {logging_mixin.py:104} INFO - [2025-06-16 02:58:21,545] {dag.py:2306} INFO - Setting next_dagrun for example_trigger_target_dag to None
[2025-06-16 02:58:21,559] {scheduler_job.py:190} INFO - Processing /home/airflow/.local/lib/python3.6/site-packages/airflow/example_dags/example_trigger_target_dag.py took 0.110 seconds
[2025-06-16 02:58:51,734] {scheduler_job.py:182} INFO - Started process (PID=145) to work on /home/airflow/.local/lib/python3.6/site-packages/airflow/example_dags/example_trigger_target_dag.py
[2025-06-16 02:58:51,735] {scheduler_job.py:633} INFO - Processing file /home/airflow/.local/lib/python3.6/site-packages/airflow/example_dags/example_trigger_target_dag.py for tasks to queue
[2025-06-16 02:58:51,735] {logging_mixin.py:104} INFO - [2025-06-16 02:58:51,735] {dagbag.py:496} INFO - Filling up the DagBag from /home/airflow/.local/lib/python3.6/site-packages/airflow/example_dags/example_trigger_target_dag.py
[2025-06-16 02:58:51,742] {scheduler_job.py:643} INFO - DAG(s) dict_keys(['example_trigger_target_dag']) retrieved from /home/airflow/.local/lib/python3.6/site-packages/airflow/example_dags/example_trigger_target_dag.py
[2025-06-16 02:58:51,801] {logging_mixin.py:104} INFO - [2025-06-16 02:58:51,801] {dag.py:1833} INFO - Sync 1 DAGs
[2025-06-16 02:58:51,818] {logging_mixin.py:104} INFO - [2025-06-16 02:58:51,818] {dag.py:2306} INFO - Setting next_dagrun for example_trigger_target_dag to None
[2025-06-16 02:58:51,829] {scheduler_job.py:190} INFO - Processing /home/airflow/.local/lib/python3.6/site-packages/airflow/example_dags/example_trigger_target_dag.py took 0.097 seconds
[2025-06-16 02:59:22,001] {scheduler_job.py:182} INFO - Started process (PID=205) to work on /home/airflow/.local/lib/python3.6/site-packages/airflow/example_dags/example_trigger_target_dag.py
[2025-06-16 02:59:22,002] {scheduler_job.py:633} INFO - Processing file /home/airflow/.local/lib/python3.6/site-packages/airflow/example_dags/example_trigger_target_dag.py for tasks to queue
[2025-06-16 02:59:22,002] {logging_mixin.py:104} INFO - [2025-06-16 02:59:22,002] {dagbag.py:496} INFO - Filling up the DagBag from /home/airflow/.local/lib/python3.6/site-packages/airflow/example_dags/example_trigger_target_dag.py
[2025-06-16 02:59:22,009] {scheduler_job.py:643} INFO - DAG(s) dict_keys(['example_trigger_target_dag']) retrieved from /home/airflow/.local/lib/python3.6/site-packages/airflow/example_dags/example_trigger_target_dag.py
[2025-06-16 02:59:22,066] {logging_mixin.py:104} INFO - [2025-06-16 02:59:22,066] {dag.py:1833} INFO - Sync 1 DAGs
[2025-06-16 02:59:22,082] {logging_mixin.py:104} INFO - [2025-06-16 02:59:22,082] {dag.py:2306} INFO - Setting next_dagrun for example_trigger_target_dag to None
[2025-06-16 02:59:22,092] {scheduler_job.py:190} INFO - Processing /home/airflow/.local/lib/python3.6/site-packages/airflow/example_dags/example_trigger_target_dag.py took 0.092 seconds
[2025-06-16 02:59:52,857] {scheduler_job.py:182} INFO - Started process (PID=274) to work on /home/airflow/.local/lib/python3.6/site-packages/airflow/example_dags/example_trigger_target_dag.py
[2025-06-16 02:59:52,858] {scheduler_job.py:633} INFO - Processing file /home/airflow/.local/lib/python3.6/site-packages/airflow/example_dags/example_trigger_target_dag.py for tasks to queue
[2025-06-16 02:59:52,858] {logging_mixin.py:104} INFO - [2025-06-16 02:59:52,858] {dagbag.py:496} INFO - Filling up the DagBag from /home/airflow/.local/lib/python3.6/site-packages/airflow/example_dags/example_trigger_target_dag.py
[2025-06-16 02:59:52,867] {scheduler_job.py:643} INFO - DAG(s) dict_keys(['example_trigger_target_dag']) retrieved from /home/airflow/.local/lib/python3.6/site-packages/airflow/example_dags/example_trigger_target_dag.py
[2025-06-16 02:59:52,930] {logging_mixin.py:104} INFO - [2025-06-16 02:59:52,930] {dag.py:1833} INFO - Sync 1 DAGs
[2025-06-16 02:59:52,947] {logging_mixin.py:104} INFO - [2025-06-16 02:59:52,947] {dag.py:2306} INFO - Setting next_dagrun for example_trigger_target_dag to None
[2025-06-16 02:59:52,957] {scheduler_job.py:190} INFO - Processing /home/airflow/.local/lib/python3.6/site-packages/airflow/example_dags/example_trigger_target_dag.py took 0.103 seconds
