[2025-06-16 02:51:45,297] {scheduler_job.py:182} INFO - Started process (PID=75) to work on /home/airflow/.local/lib/python3.6/site-packages/airflow/example_dags/example_branch_day_of_week_operator.py
[2025-06-16 02:51:45,297] {scheduler_job.py:633} INFO - Processing file /home/airflow/.local/lib/python3.6/site-packages/airflow/example_dags/example_branch_day_of_week_operator.py for tasks to queue
[2025-06-16 02:51:45,298] {logging_mixin.py:104} INFO - [2025-06-16 02:51:45,298] {dagbag.py:496} INFO - Filling up the DagBag from /home/airflow/.local/lib/python3.6/site-packages/airflow/example_dags/example_branch_day_of_week_operator.py
[2025-06-16 02:51:45,309] {scheduler_job.py:643} INFO - DAG(s) dict_keys(['example_weekday_branch_operator']) retrieved from /home/airflow/.local/lib/python3.6/site-packages/airflow/example_dags/example_branch_day_of_week_operator.py
[2025-06-16 02:51:47,101] {logging_mixin.py:104} INFO - [2025-06-16 02:51:47,100] {dag.py:1833} INFO - Sync 1 DAGs
[2025-06-16 02:51:47,107] {logging_mixin.py:104} INFO - [2025-06-16 02:51:47,106] {dag.py:1852} INFO - Creating ORM DAG for example_weekday_branch_operator
[2025-06-16 02:51:47,117] {logging_mixin.py:104} INFO - [2025-06-16 02:51:47,116] {dag.py:2306} INFO - Setting next_dagrun for example_weekday_branch_operator to 2025-06-14 00:00:00+00:00
[2025-06-16 02:51:47,123] {scheduler_job.py:190} INFO - Processing /home/airflow/.local/lib/python3.6/site-packages/airflow/example_dags/example_branch_day_of_week_operator.py took 1.828 seconds
[2025-06-16 02:52:18,084] {scheduler_job.py:182} INFO - Started process (PID=368) to work on /home/airflow/.local/lib/python3.6/site-packages/airflow/example_dags/example_branch_day_of_week_operator.py
[2025-06-16 02:52:18,087] {scheduler_job.py:633} INFO - Processing file /home/airflow/.local/lib/python3.6/site-packages/airflow/example_dags/example_branch_day_of_week_operator.py for tasks to queue
[2025-06-16 02:52:18,088] {logging_mixin.py:104} INFO - [2025-06-16 02:52:18,088] {dagbag.py:496} INFO - Filling up the DagBag from /home/airflow/.local/lib/python3.6/site-packages/airflow/example_dags/example_branch_day_of_week_operator.py
[2025-06-16 02:52:18,105] {scheduler_job.py:643} INFO - DAG(s) dict_keys(['example_weekday_branch_operator']) retrieved from /home/airflow/.local/lib/python3.6/site-packages/airflow/example_dags/example_branch_day_of_week_operator.py
[2025-06-16 02:52:18,172] {logging_mixin.py:104} INFO - [2025-06-16 02:52:18,172] {dag.py:1833} INFO - Sync 1 DAGs
[2025-06-16 02:52:18,194] {logging_mixin.py:104} INFO - [2025-06-16 02:52:18,194] {dag.py:2306} INFO - Setting next_dagrun for example_weekday_branch_operator to 2025-06-14 00:00:00+00:00
[2025-06-16 02:52:18,205] {scheduler_job.py:190} INFO - Processing /home/airflow/.local/lib/python3.6/site-packages/airflow/example_dags/example_branch_day_of_week_operator.py took 0.127 seconds
[2025-06-16 02:52:48,334] {scheduler_job.py:182} INFO - Started process (PID=427) to work on /home/airflow/.local/lib/python3.6/site-packages/airflow/example_dags/example_branch_day_of_week_operator.py
[2025-06-16 02:52:48,336] {scheduler_job.py:633} INFO - Processing file /home/airflow/.local/lib/python3.6/site-packages/airflow/example_dags/example_branch_day_of_week_operator.py for tasks to queue
[2025-06-16 02:52:48,337] {logging_mixin.py:104} INFO - [2025-06-16 02:52:48,337] {dagbag.py:496} INFO - Filling up the DagBag from /home/airflow/.local/lib/python3.6/site-packages/airflow/example_dags/example_branch_day_of_week_operator.py
[2025-06-16 02:52:48,344] {scheduler_job.py:643} INFO - DAG(s) dict_keys(['example_weekday_branch_operator']) retrieved from /home/airflow/.local/lib/python3.6/site-packages/airflow/example_dags/example_branch_day_of_week_operator.py
[2025-06-16 02:52:48,406] {logging_mixin.py:104} INFO - [2025-06-16 02:52:48,406] {dag.py:1833} INFO - Sync 1 DAGs
[2025-06-16 02:52:48,427] {logging_mixin.py:104} INFO - [2025-06-16 02:52:48,427] {dag.py:2306} INFO - Setting next_dagrun for example_weekday_branch_operator to 2025-06-14 00:00:00+00:00
[2025-06-16 02:52:48,439] {scheduler_job.py:190} INFO - Processing /home/airflow/.local/lib/python3.6/site-packages/airflow/example_dags/example_branch_day_of_week_operator.py took 0.107 seconds
[2025-06-16 02:53:19,238] {scheduler_job.py:182} INFO - Started process (PID=496) to work on /home/airflow/.local/lib/python3.6/site-packages/airflow/example_dags/example_branch_day_of_week_operator.py
[2025-06-16 02:53:19,249] {scheduler_job.py:633} INFO - Processing file /home/airflow/.local/lib/python3.6/site-packages/airflow/example_dags/example_branch_day_of_week_operator.py for tasks to queue
[2025-06-16 02:53:19,253] {logging_mixin.py:104} INFO - [2025-06-16 02:53:19,253] {dagbag.py:496} INFO - Filling up the DagBag from /home/airflow/.local/lib/python3.6/site-packages/airflow/example_dags/example_branch_day_of_week_operator.py
[2025-06-16 02:53:19,297] {scheduler_job.py:643} INFO - DAG(s) dict_keys(['example_weekday_branch_operator']) retrieved from /home/airflow/.local/lib/python3.6/site-packages/airflow/example_dags/example_branch_day_of_week_operator.py
[2025-06-16 02:53:19,515] {logging_mixin.py:104} INFO - [2025-06-16 02:53:19,515] {dag.py:1833} INFO - Sync 1 DAGs
[2025-06-16 02:53:19,562] {logging_mixin.py:104} INFO - [2025-06-16 02:53:19,562] {dag.py:2306} INFO - Setting next_dagrun for example_weekday_branch_operator to 2025-06-14 00:00:00+00:00
[2025-06-16 02:53:19,628] {scheduler_job.py:190} INFO - Processing /home/airflow/.local/lib/python3.6/site-packages/airflow/example_dags/example_branch_day_of_week_operator.py took 0.401 seconds
[2025-06-16 02:53:41,419] {scheduler_job.py:182} INFO - Started process (PID=59) to work on /home/airflow/.local/lib/python3.6/site-packages/airflow/example_dags/example_branch_day_of_week_operator.py
[2025-06-16 02:53:41,420] {scheduler_job.py:633} INFO - Processing file /home/airflow/.local/lib/python3.6/site-packages/airflow/example_dags/example_branch_day_of_week_operator.py for tasks to queue
[2025-06-16 02:53:41,421] {logging_mixin.py:104} INFO - [2025-06-16 02:53:41,421] {dagbag.py:496} INFO - Filling up the DagBag from /home/airflow/.local/lib/python3.6/site-packages/airflow/example_dags/example_branch_day_of_week_operator.py
[2025-06-16 02:53:41,432] {scheduler_job.py:643} INFO - DAG(s) dict_keys(['example_weekday_branch_operator']) retrieved from /home/airflow/.local/lib/python3.6/site-packages/airflow/example_dags/example_branch_day_of_week_operator.py
[2025-06-16 02:53:41,553] {logging_mixin.py:104} INFO - [2025-06-16 02:53:41,553] {dag.py:1833} INFO - Sync 1 DAGs
[2025-06-16 02:53:41,607] {logging_mixin.py:104} INFO - [2025-06-16 02:53:41,606] {dag.py:2306} INFO - Setting next_dagrun for example_weekday_branch_operator to 2025-06-14 00:00:00+00:00
[2025-06-16 02:53:41,638] {scheduler_job.py:190} INFO - Processing /home/airflow/.local/lib/python3.6/site-packages/airflow/example_dags/example_branch_day_of_week_operator.py took 0.223 seconds
[2025-06-16 02:54:12,518] {scheduler_job.py:182} INFO - Started process (PID=118) to work on /home/airflow/.local/lib/python3.6/site-packages/airflow/example_dags/example_branch_day_of_week_operator.py
[2025-06-16 02:54:12,526] {scheduler_job.py:633} INFO - Processing file /home/airflow/.local/lib/python3.6/site-packages/airflow/example_dags/example_branch_day_of_week_operator.py for tasks to queue
[2025-06-16 02:54:12,527] {logging_mixin.py:104} INFO - [2025-06-16 02:54:12,527] {dagbag.py:496} INFO - Filling up the DagBag from /home/airflow/.local/lib/python3.6/site-packages/airflow/example_dags/example_branch_day_of_week_operator.py
[2025-06-16 02:54:12,533] {scheduler_job.py:643} INFO - DAG(s) dict_keys(['example_weekday_branch_operator']) retrieved from /home/airflow/.local/lib/python3.6/site-packages/airflow/example_dags/example_branch_day_of_week_operator.py
[2025-06-16 02:54:12,599] {logging_mixin.py:104} INFO - [2025-06-16 02:54:12,598] {dag.py:1833} INFO - Sync 1 DAGs
[2025-06-16 02:54:12,618] {logging_mixin.py:104} INFO - [2025-06-16 02:54:12,618] {dag.py:2306} INFO - Setting next_dagrun for example_weekday_branch_operator to 2025-06-14 00:00:00+00:00
[2025-06-16 02:54:12,629] {scheduler_job.py:190} INFO - Processing /home/airflow/.local/lib/python3.6/site-packages/airflow/example_dags/example_branch_day_of_week_operator.py took 0.112 seconds
[2025-06-16 02:54:43,160] {scheduler_job.py:182} INFO - Started process (PID=187) to work on /home/airflow/.local/lib/python3.6/site-packages/airflow/example_dags/example_branch_day_of_week_operator.py
[2025-06-16 02:54:43,168] {scheduler_job.py:633} INFO - Processing file /home/airflow/.local/lib/python3.6/site-packages/airflow/example_dags/example_branch_day_of_week_operator.py for tasks to queue
[2025-06-16 02:54:43,169] {logging_mixin.py:104} INFO - [2025-06-16 02:54:43,169] {dagbag.py:496} INFO - Filling up the DagBag from /home/airflow/.local/lib/python3.6/site-packages/airflow/example_dags/example_branch_day_of_week_operator.py
[2025-06-16 02:54:43,178] {scheduler_job.py:643} INFO - DAG(s) dict_keys(['example_weekday_branch_operator']) retrieved from /home/airflow/.local/lib/python3.6/site-packages/airflow/example_dags/example_branch_day_of_week_operator.py
[2025-06-16 02:54:43,269] {logging_mixin.py:104} INFO - [2025-06-16 02:54:43,269] {dag.py:1833} INFO - Sync 1 DAGs
[2025-06-16 02:54:43,289] {logging_mixin.py:104} INFO - [2025-06-16 02:54:43,288] {dag.py:2306} INFO - Setting next_dagrun for example_weekday_branch_operator to 2025-06-14 00:00:00+00:00
[2025-06-16 02:54:43,298] {scheduler_job.py:190} INFO - Processing /home/airflow/.local/lib/python3.6/site-packages/airflow/example_dags/example_branch_day_of_week_operator.py took 0.141 seconds
[2025-06-16 02:55:35,871] {scheduler_job.py:182} INFO - Started process (PID=59) to work on /home/airflow/.local/lib/python3.6/site-packages/airflow/example_dags/example_branch_day_of_week_operator.py
[2025-06-16 02:55:35,872] {scheduler_job.py:633} INFO - Processing file /home/airflow/.local/lib/python3.6/site-packages/airflow/example_dags/example_branch_day_of_week_operator.py for tasks to queue
[2025-06-16 02:55:35,873] {logging_mixin.py:104} INFO - [2025-06-16 02:55:35,873] {dagbag.py:496} INFO - Filling up the DagBag from /home/airflow/.local/lib/python3.6/site-packages/airflow/example_dags/example_branch_day_of_week_operator.py
[2025-06-16 02:55:35,889] {scheduler_job.py:643} INFO - DAG(s) dict_keys(['example_weekday_branch_operator']) retrieved from /home/airflow/.local/lib/python3.6/site-packages/airflow/example_dags/example_branch_day_of_week_operator.py
[2025-06-16 02:55:35,995] {logging_mixin.py:104} INFO - [2025-06-16 02:55:35,994] {dag.py:1833} INFO - Sync 1 DAGs
[2025-06-16 02:55:36,026] {logging_mixin.py:104} INFO - [2025-06-16 02:55:36,025] {dag.py:2306} INFO - Setting next_dagrun for example_weekday_branch_operator to 2025-06-14 00:00:00+00:00
[2025-06-16 02:55:36,070] {scheduler_job.py:190} INFO - Processing /home/airflow/.local/lib/python3.6/site-packages/airflow/example_dags/example_branch_day_of_week_operator.py took 0.203 seconds
[2025-06-16 02:56:06,697] {scheduler_job.py:182} INFO - Started process (PID=118) to work on /home/airflow/.local/lib/python3.6/site-packages/airflow/example_dags/example_branch_day_of_week_operator.py
[2025-06-16 02:56:06,698] {scheduler_job.py:633} INFO - Processing file /home/airflow/.local/lib/python3.6/site-packages/airflow/example_dags/example_branch_day_of_week_operator.py for tasks to queue
[2025-06-16 02:56:06,698] {logging_mixin.py:104} INFO - [2025-06-16 02:56:06,698] {dagbag.py:496} INFO - Filling up the DagBag from /home/airflow/.local/lib/python3.6/site-packages/airflow/example_dags/example_branch_day_of_week_operator.py
[2025-06-16 02:56:06,705] {scheduler_job.py:643} INFO - DAG(s) dict_keys(['example_weekday_branch_operator']) retrieved from /home/airflow/.local/lib/python3.6/site-packages/airflow/example_dags/example_branch_day_of_week_operator.py
[2025-06-16 02:56:06,763] {logging_mixin.py:104} INFO - [2025-06-16 02:56:06,763] {dag.py:1833} INFO - Sync 1 DAGs
[2025-06-16 02:56:06,781] {logging_mixin.py:104} INFO - [2025-06-16 02:56:06,781] {dag.py:2306} INFO - Setting next_dagrun for example_weekday_branch_operator to 2025-06-14 00:00:00+00:00
[2025-06-16 02:56:06,791] {scheduler_job.py:190} INFO - Processing /home/airflow/.local/lib/python3.6/site-packages/airflow/example_dags/example_branch_day_of_week_operator.py took 0.095 seconds
[2025-06-16 02:56:36,930] {scheduler_job.py:182} INFO - Started process (PID=179) to work on /home/airflow/.local/lib/python3.6/site-packages/airflow/example_dags/example_branch_day_of_week_operator.py
[2025-06-16 02:56:36,931] {scheduler_job.py:633} INFO - Processing file /home/airflow/.local/lib/python3.6/site-packages/airflow/example_dags/example_branch_day_of_week_operator.py for tasks to queue
[2025-06-16 02:56:36,931] {logging_mixin.py:104} INFO - [2025-06-16 02:56:36,931] {dagbag.py:496} INFO - Filling up the DagBag from /home/airflow/.local/lib/python3.6/site-packages/airflow/example_dags/example_branch_day_of_week_operator.py
[2025-06-16 02:56:36,938] {scheduler_job.py:643} INFO - DAG(s) dict_keys(['example_weekday_branch_operator']) retrieved from /home/airflow/.local/lib/python3.6/site-packages/airflow/example_dags/example_branch_day_of_week_operator.py
[2025-06-16 02:56:36,994] {logging_mixin.py:104} INFO - [2025-06-16 02:56:36,993] {dag.py:1833} INFO - Sync 1 DAGs
[2025-06-16 02:56:37,011] {logging_mixin.py:104} INFO - [2025-06-16 02:56:37,011] {dag.py:2306} INFO - Setting next_dagrun for example_weekday_branch_operator to 2025-06-14 00:00:00+00:00
[2025-06-16 02:56:37,020] {scheduler_job.py:190} INFO - Processing /home/airflow/.local/lib/python3.6/site-packages/airflow/example_dags/example_branch_day_of_week_operator.py took 0.091 seconds
[2025-06-16 02:57:07,580] {scheduler_job.py:182} INFO - Started process (PID=248) to work on /home/airflow/.local/lib/python3.6/site-packages/airflow/example_dags/example_branch_day_of_week_operator.py
[2025-06-16 02:57:07,581] {scheduler_job.py:633} INFO - Processing file /home/airflow/.local/lib/python3.6/site-packages/airflow/example_dags/example_branch_day_of_week_operator.py for tasks to queue
[2025-06-16 02:57:07,581] {logging_mixin.py:104} INFO - [2025-06-16 02:57:07,581] {dagbag.py:496} INFO - Filling up the DagBag from /home/airflow/.local/lib/python3.6/site-packages/airflow/example_dags/example_branch_day_of_week_operator.py
[2025-06-16 02:57:07,587] {scheduler_job.py:643} INFO - DAG(s) dict_keys(['example_weekday_branch_operator']) retrieved from /home/airflow/.local/lib/python3.6/site-packages/airflow/example_dags/example_branch_day_of_week_operator.py
[2025-06-16 02:57:07,645] {logging_mixin.py:104} INFO - [2025-06-16 02:57:07,645] {dag.py:1833} INFO - Sync 1 DAGs
[2025-06-16 02:57:07,663] {logging_mixin.py:104} INFO - [2025-06-16 02:57:07,663] {dag.py:2306} INFO - Setting next_dagrun for example_weekday_branch_operator to 2025-06-14 00:00:00+00:00
[2025-06-16 02:57:07,673] {scheduler_job.py:190} INFO - Processing /home/airflow/.local/lib/python3.6/site-packages/airflow/example_dags/example_branch_day_of_week_operator.py took 0.094 seconds
[2025-06-16 02:57:38,279] {scheduler_job.py:182} INFO - Started process (PID=307) to work on /home/airflow/.local/lib/python3.6/site-packages/airflow/example_dags/example_branch_day_of_week_operator.py
[2025-06-16 02:57:38,280] {scheduler_job.py:633} INFO - Processing file /home/airflow/.local/lib/python3.6/site-packages/airflow/example_dags/example_branch_day_of_week_operator.py for tasks to queue
[2025-06-16 02:57:38,281] {logging_mixin.py:104} INFO - [2025-06-16 02:57:38,281] {dagbag.py:496} INFO - Filling up the DagBag from /home/airflow/.local/lib/python3.6/site-packages/airflow/example_dags/example_branch_day_of_week_operator.py
[2025-06-16 02:57:38,288] {scheduler_job.py:643} INFO - DAG(s) dict_keys(['example_weekday_branch_operator']) retrieved from /home/airflow/.local/lib/python3.6/site-packages/airflow/example_dags/example_branch_day_of_week_operator.py
[2025-06-16 02:57:38,346] {logging_mixin.py:104} INFO - [2025-06-16 02:57:38,346] {dag.py:1833} INFO - Sync 1 DAGs
[2025-06-16 02:57:38,365] {logging_mixin.py:104} INFO - [2025-06-16 02:57:38,364] {dag.py:2306} INFO - Setting next_dagrun for example_weekday_branch_operator to 2025-06-14 00:00:00+00:00
[2025-06-16 02:57:38,374] {scheduler_job.py:190} INFO - Processing /home/airflow/.local/lib/python3.6/site-packages/airflow/example_dags/example_branch_day_of_week_operator.py took 0.096 seconds
[2025-06-16 02:58:19,217] {scheduler_job.py:182} INFO - Started process (PID=58) to work on /home/airflow/.local/lib/python3.6/site-packages/airflow/example_dags/example_branch_day_of_week_operator.py
[2025-06-16 02:58:19,221] {scheduler_job.py:633} INFO - Processing file /home/airflow/.local/lib/python3.6/site-packages/airflow/example_dags/example_branch_day_of_week_operator.py for tasks to queue
[2025-06-16 02:58:19,222] {logging_mixin.py:104} INFO - [2025-06-16 02:58:19,222] {dagbag.py:496} INFO - Filling up the DagBag from /home/airflow/.local/lib/python3.6/site-packages/airflow/example_dags/example_branch_day_of_week_operator.py
[2025-06-16 02:58:19,240] {scheduler_job.py:643} INFO - DAG(s) dict_keys(['example_weekday_branch_operator']) retrieved from /home/airflow/.local/lib/python3.6/site-packages/airflow/example_dags/example_branch_day_of_week_operator.py
[2025-06-16 02:58:19,350] {logging_mixin.py:104} INFO - [2025-06-16 02:58:19,350] {dag.py:1833} INFO - Sync 1 DAGs
[2025-06-16 02:58:19,380] {logging_mixin.py:104} INFO - [2025-06-16 02:58:19,380] {dag.py:2306} INFO - Setting next_dagrun for example_weekday_branch_operator to 2025-06-14 00:00:00+00:00
[2025-06-16 02:58:19,400] {scheduler_job.py:190} INFO - Processing /home/airflow/.local/lib/python3.6/site-packages/airflow/example_dags/example_branch_day_of_week_operator.py took 0.190 seconds
[2025-06-16 02:58:50,159] {scheduler_job.py:182} INFO - Started process (PID=117) to work on /home/airflow/.local/lib/python3.6/site-packages/airflow/example_dags/example_branch_day_of_week_operator.py
[2025-06-16 02:58:50,160] {scheduler_job.py:633} INFO - Processing file /home/airflow/.local/lib/python3.6/site-packages/airflow/example_dags/example_branch_day_of_week_operator.py for tasks to queue
[2025-06-16 02:58:50,160] {logging_mixin.py:104} INFO - [2025-06-16 02:58:50,160] {dagbag.py:496} INFO - Filling up the DagBag from /home/airflow/.local/lib/python3.6/site-packages/airflow/example_dags/example_branch_day_of_week_operator.py
[2025-06-16 02:58:50,173] {scheduler_job.py:643} INFO - DAG(s) dict_keys(['example_weekday_branch_operator']) retrieved from /home/airflow/.local/lib/python3.6/site-packages/airflow/example_dags/example_branch_day_of_week_operator.py
[2025-06-16 02:58:50,245] {logging_mixin.py:104} INFO - [2025-06-16 02:58:50,245] {dag.py:1833} INFO - Sync 1 DAGs
[2025-06-16 02:58:50,277] {logging_mixin.py:104} INFO - [2025-06-16 02:58:50,276] {dag.py:2306} INFO - Setting next_dagrun for example_weekday_branch_operator to 2025-06-14 00:00:00+00:00
[2025-06-16 02:58:50,286] {scheduler_job.py:190} INFO - Processing /home/airflow/.local/lib/python3.6/site-packages/airflow/example_dags/example_branch_day_of_week_operator.py took 0.131 seconds
[2025-06-16 02:59:20,500] {scheduler_job.py:182} INFO - Started process (PID=178) to work on /home/airflow/.local/lib/python3.6/site-packages/airflow/example_dags/example_branch_day_of_week_operator.py
[2025-06-16 02:59:20,502] {scheduler_job.py:633} INFO - Processing file /home/airflow/.local/lib/python3.6/site-packages/airflow/example_dags/example_branch_day_of_week_operator.py for tasks to queue
[2025-06-16 02:59:20,502] {logging_mixin.py:104} INFO - [2025-06-16 02:59:20,502] {dagbag.py:496} INFO - Filling up the DagBag from /home/airflow/.local/lib/python3.6/site-packages/airflow/example_dags/example_branch_day_of_week_operator.py
[2025-06-16 02:59:20,511] {scheduler_job.py:643} INFO - DAG(s) dict_keys(['example_weekday_branch_operator']) retrieved from /home/airflow/.local/lib/python3.6/site-packages/airflow/example_dags/example_branch_day_of_week_operator.py
[2025-06-16 02:59:20,576] {logging_mixin.py:104} INFO - [2025-06-16 02:59:20,575] {dag.py:1833} INFO - Sync 1 DAGs
[2025-06-16 02:59:20,593] {logging_mixin.py:104} INFO - [2025-06-16 02:59:20,593] {dag.py:2306} INFO - Setting next_dagrun for example_weekday_branch_operator to 2025-06-14 00:00:00+00:00
[2025-06-16 02:59:20,603] {scheduler_job.py:190} INFO - Processing /home/airflow/.local/lib/python3.6/site-packages/airflow/example_dags/example_branch_day_of_week_operator.py took 0.105 seconds
[2025-06-16 02:59:50,883] {scheduler_job.py:182} INFO - Started process (PID=247) to work on /home/airflow/.local/lib/python3.6/site-packages/airflow/example_dags/example_branch_day_of_week_operator.py
[2025-06-16 02:59:50,887] {scheduler_job.py:633} INFO - Processing file /home/airflow/.local/lib/python3.6/site-packages/airflow/example_dags/example_branch_day_of_week_operator.py for tasks to queue
[2025-06-16 02:59:50,888] {logging_mixin.py:104} INFO - [2025-06-16 02:59:50,888] {dagbag.py:496} INFO - Filling up the DagBag from /home/airflow/.local/lib/python3.6/site-packages/airflow/example_dags/example_branch_day_of_week_operator.py
[2025-06-16 02:59:50,903] {scheduler_job.py:643} INFO - DAG(s) dict_keys(['example_weekday_branch_operator']) retrieved from /home/airflow/.local/lib/python3.6/site-packages/airflow/example_dags/example_branch_day_of_week_operator.py
[2025-06-16 02:59:50,972] {logging_mixin.py:104} INFO - [2025-06-16 02:59:50,972] {dag.py:1833} INFO - Sync 1 DAGs
[2025-06-16 02:59:50,996] {logging_mixin.py:104} INFO - [2025-06-16 02:59:50,996] {dag.py:2306} INFO - Setting next_dagrun for example_weekday_branch_operator to 2025-06-14 00:00:00+00:00
[2025-06-16 02:59:51,013] {scheduler_job.py:190} INFO - Processing /home/airflow/.local/lib/python3.6/site-packages/airflow/example_dags/example_branch_day_of_week_operator.py took 0.133 seconds
