[2025-06-16 02:51:55,813] {scheduler_job.py:182} INFO - Started process (PID=192) to work on /home/airflow/.local/lib/python3.6/site-packages/airflow/example_dags/example_external_task_marker_dag.py
[2025-06-16 02:51:55,814] {scheduler_job.py:633} INFO - Processing file /home/airflow/.local/lib/python3.6/site-packages/airflow/example_dags/example_external_task_marker_dag.py for tasks to queue
[2025-06-16 02:51:55,814] {logging_mixin.py:104} INFO - [2025-06-16 02:51:55,814] {dagbag.py:496} INFO - Filling up the DagBag from /home/airflow/.local/lib/python3.6/site-packages/airflow/example_dags/example_external_task_marker_dag.py
[2025-06-16 02:51:55,823] {scheduler_job.py:643} INFO - DAG(s) dict_keys(['example_external_task_marker_parent', 'example_external_task_marker_child']) retrieved from /home/airflow/.local/lib/python3.6/site-packages/airflow/example_dags/example_external_task_marker_dag.py
[2025-06-16 02:51:57,516] {logging_mixin.py:104} INFO - [2025-06-16 02:51:57,516] {dag.py:1833} INFO - Sync 2 DAGs
[2025-06-16 02:51:57,529] {logging_mixin.py:104} INFO - [2025-06-16 02:51:57,528] {dag.py:1852} INFO - Creating ORM DAG for example_external_task_marker_child
[2025-06-16 02:51:57,530] {logging_mixin.py:104} INFO - [2025-06-16 02:51:57,530] {dag.py:1852} INFO - Creating ORM DAG for example_external_task_marker_parent
[2025-06-16 02:51:57,539] {logging_mixin.py:104} INFO - [2025-06-16 02:51:57,539] {dag.py:2306} INFO - Setting next_dagrun for example_external_task_marker_child to None
[2025-06-16 02:51:57,539] {logging_mixin.py:104} INFO - [2025-06-16 02:51:57,539] {dag.py:2306} INFO - Setting next_dagrun for example_external_task_marker_parent to None
[2025-06-16 02:51:57,545] {scheduler_job.py:190} INFO - Processing /home/airflow/.local/lib/python3.6/site-packages/airflow/example_dags/example_external_task_marker_dag.py took 1.731 seconds
[2025-06-16 02:52:28,090] {scheduler_job.py:182} INFO - Started process (PID=390) to work on /home/airflow/.local/lib/python3.6/site-packages/airflow/example_dags/example_external_task_marker_dag.py
[2025-06-16 02:52:28,092] {scheduler_job.py:633} INFO - Processing file /home/airflow/.local/lib/python3.6/site-packages/airflow/example_dags/example_external_task_marker_dag.py for tasks to queue
[2025-06-16 02:52:28,093] {logging_mixin.py:104} INFO - [2025-06-16 02:52:28,093] {dagbag.py:496} INFO - Filling up the DagBag from /home/airflow/.local/lib/python3.6/site-packages/airflow/example_dags/example_external_task_marker_dag.py
[2025-06-16 02:52:28,106] {scheduler_job.py:643} INFO - DAG(s) dict_keys(['example_external_task_marker_parent', 'example_external_task_marker_child']) retrieved from /home/airflow/.local/lib/python3.6/site-packages/airflow/example_dags/example_external_task_marker_dag.py
[2025-06-16 02:52:28,173] {logging_mixin.py:104} INFO - [2025-06-16 02:52:28,173] {dag.py:1833} INFO - Sync 2 DAGs
[2025-06-16 02:52:28,194] {logging_mixin.py:104} INFO - [2025-06-16 02:52:28,194] {dag.py:2306} INFO - Setting next_dagrun for example_external_task_marker_child to None
[2025-06-16 02:52:28,194] {logging_mixin.py:104} INFO - [2025-06-16 02:52:28,194] {dag.py:2306} INFO - Setting next_dagrun for example_external_task_marker_parent to None
[2025-06-16 02:52:28,205] {scheduler_job.py:190} INFO - Processing /home/airflow/.local/lib/python3.6/site-packages/airflow/example_dags/example_external_task_marker_dag.py took 0.120 seconds
[2025-06-16 02:52:59,103] {scheduler_job.py:182} INFO - Started process (PID=449) to work on /home/airflow/.local/lib/python3.6/site-packages/airflow/example_dags/example_external_task_marker_dag.py
[2025-06-16 02:52:59,104] {scheduler_job.py:633} INFO - Processing file /home/airflow/.local/lib/python3.6/site-packages/airflow/example_dags/example_external_task_marker_dag.py for tasks to queue
[2025-06-16 02:52:59,105] {logging_mixin.py:104} INFO - [2025-06-16 02:52:59,105] {dagbag.py:496} INFO - Filling up the DagBag from /home/airflow/.local/lib/python3.6/site-packages/airflow/example_dags/example_external_task_marker_dag.py
[2025-06-16 02:52:59,115] {scheduler_job.py:643} INFO - DAG(s) dict_keys(['example_external_task_marker_parent', 'example_external_task_marker_child']) retrieved from /home/airflow/.local/lib/python3.6/site-packages/airflow/example_dags/example_external_task_marker_dag.py
[2025-06-16 02:52:59,186] {logging_mixin.py:104} INFO - [2025-06-16 02:52:59,186] {dag.py:1833} INFO - Sync 2 DAGs
[2025-06-16 02:52:59,208] {logging_mixin.py:104} INFO - [2025-06-16 02:52:59,208] {dag.py:2306} INFO - Setting next_dagrun for example_external_task_marker_child to None
[2025-06-16 02:52:59,209] {logging_mixin.py:104} INFO - [2025-06-16 02:52:59,209] {dag.py:2306} INFO - Setting next_dagrun for example_external_task_marker_parent to None
[2025-06-16 02:52:59,219] {scheduler_job.py:190} INFO - Processing /home/airflow/.local/lib/python3.6/site-packages/airflow/example_dags/example_external_task_marker_dag.py took 0.119 seconds
[2025-06-16 02:53:42,850] {scheduler_job.py:182} INFO - Started process (PID=71) to work on /home/airflow/.local/lib/python3.6/site-packages/airflow/example_dags/example_external_task_marker_dag.py
[2025-06-16 02:53:42,851] {scheduler_job.py:633} INFO - Processing file /home/airflow/.local/lib/python3.6/site-packages/airflow/example_dags/example_external_task_marker_dag.py for tasks to queue
[2025-06-16 02:53:42,851] {logging_mixin.py:104} INFO - [2025-06-16 02:53:42,851] {dagbag.py:496} INFO - Filling up the DagBag from /home/airflow/.local/lib/python3.6/site-packages/airflow/example_dags/example_external_task_marker_dag.py
[2025-06-16 02:53:42,858] {scheduler_job.py:643} INFO - DAG(s) dict_keys(['example_external_task_marker_parent', 'example_external_task_marker_child']) retrieved from /home/airflow/.local/lib/python3.6/site-packages/airflow/example_dags/example_external_task_marker_dag.py
[2025-06-16 02:53:43,114] {logging_mixin.py:104} INFO - [2025-06-16 02:53:43,114] {dag.py:1833} INFO - Sync 2 DAGs
[2025-06-16 02:53:43,140] {logging_mixin.py:104} INFO - [2025-06-16 02:53:43,139] {dag.py:2306} INFO - Setting next_dagrun for example_external_task_marker_child to None
[2025-06-16 02:53:43,140] {logging_mixin.py:104} INFO - [2025-06-16 02:53:43,140] {dag.py:2306} INFO - Setting next_dagrun for example_external_task_marker_parent to None
[2025-06-16 02:53:43,153] {scheduler_job.py:190} INFO - Processing /home/airflow/.local/lib/python3.6/site-packages/airflow/example_dags/example_external_task_marker_dag.py took 0.305 seconds
[2025-06-16 02:54:13,482] {scheduler_job.py:182} INFO - Started process (PID=130) to work on /home/airflow/.local/lib/python3.6/site-packages/airflow/example_dags/example_external_task_marker_dag.py
[2025-06-16 02:54:13,483] {scheduler_job.py:633} INFO - Processing file /home/airflow/.local/lib/python3.6/site-packages/airflow/example_dags/example_external_task_marker_dag.py for tasks to queue
[2025-06-16 02:54:13,483] {logging_mixin.py:104} INFO - [2025-06-16 02:54:13,483] {dagbag.py:496} INFO - Filling up the DagBag from /home/airflow/.local/lib/python3.6/site-packages/airflow/example_dags/example_external_task_marker_dag.py
[2025-06-16 02:54:13,489] {scheduler_job.py:643} INFO - DAG(s) dict_keys(['example_external_task_marker_parent', 'example_external_task_marker_child']) retrieved from /home/airflow/.local/lib/python3.6/site-packages/airflow/example_dags/example_external_task_marker_dag.py
[2025-06-16 02:54:13,686] {logging_mixin.py:104} INFO - [2025-06-16 02:54:13,686] {dag.py:1833} INFO - Sync 2 DAGs
[2025-06-16 02:54:13,705] {logging_mixin.py:104} INFO - [2025-06-16 02:54:13,704] {dag.py:2306} INFO - Setting next_dagrun for example_external_task_marker_child to None
[2025-06-16 02:54:13,705] {logging_mixin.py:104} INFO - [2025-06-16 02:54:13,705] {dag.py:2306} INFO - Setting next_dagrun for example_external_task_marker_parent to None
[2025-06-16 02:54:13,719] {scheduler_job.py:190} INFO - Processing /home/airflow/.local/lib/python3.6/site-packages/airflow/example_dags/example_external_task_marker_dag.py took 0.239 seconds
[2025-06-16 02:54:43,993] {scheduler_job.py:182} INFO - Started process (PID=199) to work on /home/airflow/.local/lib/python3.6/site-packages/airflow/example_dags/example_external_task_marker_dag.py
[2025-06-16 02:54:43,993] {scheduler_job.py:633} INFO - Processing file /home/airflow/.local/lib/python3.6/site-packages/airflow/example_dags/example_external_task_marker_dag.py for tasks to queue
[2025-06-16 02:54:43,994] {logging_mixin.py:104} INFO - [2025-06-16 02:54:43,994] {dagbag.py:496} INFO - Filling up the DagBag from /home/airflow/.local/lib/python3.6/site-packages/airflow/example_dags/example_external_task_marker_dag.py
[2025-06-16 02:54:44,000] {scheduler_job.py:643} INFO - DAG(s) dict_keys(['example_external_task_marker_parent', 'example_external_task_marker_child']) retrieved from /home/airflow/.local/lib/python3.6/site-packages/airflow/example_dags/example_external_task_marker_dag.py
[2025-06-16 02:54:44,171] {logging_mixin.py:104} INFO - [2025-06-16 02:54:44,171] {dag.py:1833} INFO - Sync 2 DAGs
[2025-06-16 02:54:44,194] {logging_mixin.py:104} INFO - [2025-06-16 02:54:44,193] {dag.py:2306} INFO - Setting next_dagrun for example_external_task_marker_child to None
[2025-06-16 02:54:44,194] {logging_mixin.py:104} INFO - [2025-06-16 02:54:44,194] {dag.py:2306} INFO - Setting next_dagrun for example_external_task_marker_parent to None
[2025-06-16 02:54:44,207] {scheduler_job.py:190} INFO - Processing /home/airflow/.local/lib/python3.6/site-packages/airflow/example_dags/example_external_task_marker_dag.py took 0.216 seconds
[2025-06-16 02:55:37,467] {scheduler_job.py:182} INFO - Started process (PID=71) to work on /home/airflow/.local/lib/python3.6/site-packages/airflow/example_dags/example_external_task_marker_dag.py
[2025-06-16 02:55:37,468] {scheduler_job.py:633} INFO - Processing file /home/airflow/.local/lib/python3.6/site-packages/airflow/example_dags/example_external_task_marker_dag.py for tasks to queue
[2025-06-16 02:55:37,469] {logging_mixin.py:104} INFO - [2025-06-16 02:55:37,469] {dagbag.py:496} INFO - Filling up the DagBag from /home/airflow/.local/lib/python3.6/site-packages/airflow/example_dags/example_external_task_marker_dag.py
[2025-06-16 02:55:37,482] {scheduler_job.py:643} INFO - DAG(s) dict_keys(['example_external_task_marker_parent', 'example_external_task_marker_child']) retrieved from /home/airflow/.local/lib/python3.6/site-packages/airflow/example_dags/example_external_task_marker_dag.py
[2025-06-16 02:55:37,684] {logging_mixin.py:104} INFO - [2025-06-16 02:55:37,684] {dag.py:1833} INFO - Sync 2 DAGs
[2025-06-16 02:55:37,710] {logging_mixin.py:104} INFO - [2025-06-16 02:55:37,710] {dag.py:2306} INFO - Setting next_dagrun for example_external_task_marker_child to None
[2025-06-16 02:55:37,711] {logging_mixin.py:104} INFO - [2025-06-16 02:55:37,711] {dag.py:2306} INFO - Setting next_dagrun for example_external_task_marker_parent to None
[2025-06-16 02:55:37,731] {scheduler_job.py:190} INFO - Processing /home/airflow/.local/lib/python3.6/site-packages/airflow/example_dags/example_external_task_marker_dag.py took 0.267 seconds
[2025-06-16 02:56:08,444] {scheduler_job.py:182} INFO - Started process (PID=140) to work on /home/airflow/.local/lib/python3.6/site-packages/airflow/example_dags/example_external_task_marker_dag.py
[2025-06-16 02:56:08,445] {scheduler_job.py:633} INFO - Processing file /home/airflow/.local/lib/python3.6/site-packages/airflow/example_dags/example_external_task_marker_dag.py for tasks to queue
[2025-06-16 02:56:08,446] {logging_mixin.py:104} INFO - [2025-06-16 02:56:08,446] {dagbag.py:496} INFO - Filling up the DagBag from /home/airflow/.local/lib/python3.6/site-packages/airflow/example_dags/example_external_task_marker_dag.py
[2025-06-16 02:56:08,453] {scheduler_job.py:643} INFO - DAG(s) dict_keys(['example_external_task_marker_parent', 'example_external_task_marker_child']) retrieved from /home/airflow/.local/lib/python3.6/site-packages/airflow/example_dags/example_external_task_marker_dag.py
[2025-06-16 02:56:08,628] {logging_mixin.py:104} INFO - [2025-06-16 02:56:08,627] {dag.py:1833} INFO - Sync 2 DAGs
[2025-06-16 02:56:08,647] {logging_mixin.py:104} INFO - [2025-06-16 02:56:08,647] {dag.py:2306} INFO - Setting next_dagrun for example_external_task_marker_child to None
[2025-06-16 02:56:08,648] {logging_mixin.py:104} INFO - [2025-06-16 02:56:08,648] {dag.py:2306} INFO - Setting next_dagrun for example_external_task_marker_parent to None
[2025-06-16 02:56:08,663] {scheduler_job.py:190} INFO - Processing /home/airflow/.local/lib/python3.6/site-packages/airflow/example_dags/example_external_task_marker_dag.py took 0.220 seconds
[2025-06-16 02:56:39,032] {scheduler_job.py:182} INFO - Started process (PID=199) to work on /home/airflow/.local/lib/python3.6/site-packages/airflow/example_dags/example_external_task_marker_dag.py
[2025-06-16 02:56:39,033] {scheduler_job.py:633} INFO - Processing file /home/airflow/.local/lib/python3.6/site-packages/airflow/example_dags/example_external_task_marker_dag.py for tasks to queue
[2025-06-16 02:56:39,034] {logging_mixin.py:104} INFO - [2025-06-16 02:56:39,033] {dagbag.py:496} INFO - Filling up the DagBag from /home/airflow/.local/lib/python3.6/site-packages/airflow/example_dags/example_external_task_marker_dag.py
[2025-06-16 02:56:39,041] {scheduler_job.py:643} INFO - DAG(s) dict_keys(['example_external_task_marker_parent', 'example_external_task_marker_child']) retrieved from /home/airflow/.local/lib/python3.6/site-packages/airflow/example_dags/example_external_task_marker_dag.py
[2025-06-16 02:56:39,222] {logging_mixin.py:104} INFO - [2025-06-16 02:56:39,222] {dag.py:1833} INFO - Sync 2 DAGs
[2025-06-16 02:56:39,240] {logging_mixin.py:104} INFO - [2025-06-16 02:56:39,240] {dag.py:2306} INFO - Setting next_dagrun for example_external_task_marker_child to None
[2025-06-16 02:56:39,240] {logging_mixin.py:104} INFO - [2025-06-16 02:56:39,240] {dag.py:2306} INFO - Setting next_dagrun for example_external_task_marker_parent to None
[2025-06-16 02:56:39,253] {scheduler_job.py:190} INFO - Processing /home/airflow/.local/lib/python3.6/site-packages/airflow/example_dags/example_external_task_marker_dag.py took 0.223 seconds
[2025-06-16 02:57:09,579] {scheduler_job.py:182} INFO - Started process (PID=268) to work on /home/airflow/.local/lib/python3.6/site-packages/airflow/example_dags/example_external_task_marker_dag.py
[2025-06-16 02:57:09,581] {scheduler_job.py:633} INFO - Processing file /home/airflow/.local/lib/python3.6/site-packages/airflow/example_dags/example_external_task_marker_dag.py for tasks to queue
[2025-06-16 02:57:09,581] {logging_mixin.py:104} INFO - [2025-06-16 02:57:09,581] {dagbag.py:496} INFO - Filling up the DagBag from /home/airflow/.local/lib/python3.6/site-packages/airflow/example_dags/example_external_task_marker_dag.py
[2025-06-16 02:57:09,587] {scheduler_job.py:643} INFO - DAG(s) dict_keys(['example_external_task_marker_parent', 'example_external_task_marker_child']) retrieved from /home/airflow/.local/lib/python3.6/site-packages/airflow/example_dags/example_external_task_marker_dag.py
[2025-06-16 02:57:09,750] {logging_mixin.py:104} INFO - [2025-06-16 02:57:09,750] {dag.py:1833} INFO - Sync 2 DAGs
[2025-06-16 02:57:09,767] {logging_mixin.py:104} INFO - [2025-06-16 02:57:09,767] {dag.py:2306} INFO - Setting next_dagrun for example_external_task_marker_child to None
[2025-06-16 02:57:09,767] {logging_mixin.py:104} INFO - [2025-06-16 02:57:09,767] {dag.py:2306} INFO - Setting next_dagrun for example_external_task_marker_parent to None
[2025-06-16 02:57:09,782] {scheduler_job.py:190} INFO - Processing /home/airflow/.local/lib/python3.6/site-packages/airflow/example_dags/example_external_task_marker_dag.py took 0.204 seconds
[2025-06-16 02:57:40,367] {scheduler_job.py:182} INFO - Started process (PID=327) to work on /home/airflow/.local/lib/python3.6/site-packages/airflow/example_dags/example_external_task_marker_dag.py
[2025-06-16 02:57:40,368] {scheduler_job.py:633} INFO - Processing file /home/airflow/.local/lib/python3.6/site-packages/airflow/example_dags/example_external_task_marker_dag.py for tasks to queue
[2025-06-16 02:57:40,369] {logging_mixin.py:104} INFO - [2025-06-16 02:57:40,369] {dagbag.py:496} INFO - Filling up the DagBag from /home/airflow/.local/lib/python3.6/site-packages/airflow/example_dags/example_external_task_marker_dag.py
[2025-06-16 02:57:40,376] {scheduler_job.py:643} INFO - DAG(s) dict_keys(['example_external_task_marker_parent', 'example_external_task_marker_child']) retrieved from /home/airflow/.local/lib/python3.6/site-packages/airflow/example_dags/example_external_task_marker_dag.py
[2025-06-16 02:57:40,553] {logging_mixin.py:104} INFO - [2025-06-16 02:57:40,553] {dag.py:1833} INFO - Sync 2 DAGs
[2025-06-16 02:57:40,572] {logging_mixin.py:104} INFO - [2025-06-16 02:57:40,572] {dag.py:2306} INFO - Setting next_dagrun for example_external_task_marker_child to None
[2025-06-16 02:57:40,573] {logging_mixin.py:104} INFO - [2025-06-16 02:57:40,573] {dag.py:2306} INFO - Setting next_dagrun for example_external_task_marker_parent to None
[2025-06-16 02:57:40,587] {scheduler_job.py:190} INFO - Processing /home/airflow/.local/lib/python3.6/site-packages/airflow/example_dags/example_external_task_marker_dag.py took 0.222 seconds
[2025-06-16 02:58:20,921] {scheduler_job.py:182} INFO - Started process (PID=70) to work on /home/airflow/.local/lib/python3.6/site-packages/airflow/example_dags/example_external_task_marker_dag.py
[2025-06-16 02:58:20,923] {scheduler_job.py:633} INFO - Processing file /home/airflow/.local/lib/python3.6/site-packages/airflow/example_dags/example_external_task_marker_dag.py for tasks to queue
[2025-06-16 02:58:20,924] {logging_mixin.py:104} INFO - [2025-06-16 02:58:20,924] {dagbag.py:496} INFO - Filling up the DagBag from /home/airflow/.local/lib/python3.6/site-packages/airflow/example_dags/example_external_task_marker_dag.py
[2025-06-16 02:58:20,940] {scheduler_job.py:643} INFO - DAG(s) dict_keys(['example_external_task_marker_parent', 'example_external_task_marker_child']) retrieved from /home/airflow/.local/lib/python3.6/site-packages/airflow/example_dags/example_external_task_marker_dag.py
[2025-06-16 02:58:21,147] {logging_mixin.py:104} INFO - [2025-06-16 02:58:21,147] {dag.py:1833} INFO - Sync 2 DAGs
[2025-06-16 02:58:21,171] {logging_mixin.py:104} INFO - [2025-06-16 02:58:21,171] {dag.py:2306} INFO - Setting next_dagrun for example_external_task_marker_child to None
[2025-06-16 02:58:21,171] {logging_mixin.py:104} INFO - [2025-06-16 02:58:21,171] {dag.py:2306} INFO - Setting next_dagrun for example_external_task_marker_parent to None
[2025-06-16 02:58:21,189] {scheduler_job.py:190} INFO - Processing /home/airflow/.local/lib/python3.6/site-packages/airflow/example_dags/example_external_task_marker_dag.py took 0.276 seconds
[2025-06-16 02:58:51,226] {scheduler_job.py:182} INFO - Started process (PID=129) to work on /home/airflow/.local/lib/python3.6/site-packages/airflow/example_dags/example_external_task_marker_dag.py
[2025-06-16 02:58:51,227] {scheduler_job.py:633} INFO - Processing file /home/airflow/.local/lib/python3.6/site-packages/airflow/example_dags/example_external_task_marker_dag.py for tasks to queue
[2025-06-16 02:58:51,228] {logging_mixin.py:104} INFO - [2025-06-16 02:58:51,228] {dagbag.py:496} INFO - Filling up the DagBag from /home/airflow/.local/lib/python3.6/site-packages/airflow/example_dags/example_external_task_marker_dag.py
[2025-06-16 02:58:51,234] {scheduler_job.py:643} INFO - DAG(s) dict_keys(['example_external_task_marker_parent', 'example_external_task_marker_child']) retrieved from /home/airflow/.local/lib/python3.6/site-packages/airflow/example_dags/example_external_task_marker_dag.py
[2025-06-16 02:58:51,389] {logging_mixin.py:104} INFO - [2025-06-16 02:58:51,389] {dag.py:1833} INFO - Sync 2 DAGs
[2025-06-16 02:58:51,406] {logging_mixin.py:104} INFO - [2025-06-16 02:58:51,406] {dag.py:2306} INFO - Setting next_dagrun for example_external_task_marker_child to None
[2025-06-16 02:58:51,407] {logging_mixin.py:104} INFO - [2025-06-16 02:58:51,407] {dag.py:2306} INFO - Setting next_dagrun for example_external_task_marker_parent to None
[2025-06-16 02:58:51,418] {scheduler_job.py:190} INFO - Processing /home/airflow/.local/lib/python3.6/site-packages/airflow/example_dags/example_external_task_marker_dag.py took 0.193 seconds
[2025-06-16 02:59:21,606] {scheduler_job.py:182} INFO - Started process (PID=198) to work on /home/airflow/.local/lib/python3.6/site-packages/airflow/example_dags/example_external_task_marker_dag.py
[2025-06-16 02:59:21,606] {scheduler_job.py:633} INFO - Processing file /home/airflow/.local/lib/python3.6/site-packages/airflow/example_dags/example_external_task_marker_dag.py for tasks to queue
[2025-06-16 02:59:21,607] {logging_mixin.py:104} INFO - [2025-06-16 02:59:21,607] {dagbag.py:496} INFO - Filling up the DagBag from /home/airflow/.local/lib/python3.6/site-packages/airflow/example_dags/example_external_task_marker_dag.py
[2025-06-16 02:59:21,613] {scheduler_job.py:643} INFO - DAG(s) dict_keys(['example_external_task_marker_parent', 'example_external_task_marker_child']) retrieved from /home/airflow/.local/lib/python3.6/site-packages/airflow/example_dags/example_external_task_marker_dag.py
[2025-06-16 02:59:21,762] {logging_mixin.py:104} INFO - [2025-06-16 02:59:21,762] {dag.py:1833} INFO - Sync 2 DAGs
[2025-06-16 02:59:21,780] {logging_mixin.py:104} INFO - [2025-06-16 02:59:21,780] {dag.py:2306} INFO - Setting next_dagrun for example_external_task_marker_child to None
[2025-06-16 02:59:21,782] {logging_mixin.py:104} INFO - [2025-06-16 02:59:21,782] {dag.py:2306} INFO - Setting next_dagrun for example_external_task_marker_parent to None
[2025-06-16 02:59:21,793] {scheduler_job.py:190} INFO - Processing /home/airflow/.local/lib/python3.6/site-packages/airflow/example_dags/example_external_task_marker_dag.py took 0.188 seconds
[2025-06-16 02:59:52,428] {scheduler_job.py:182} INFO - Started process (PID=267) to work on /home/airflow/.local/lib/python3.6/site-packages/airflow/example_dags/example_external_task_marker_dag.py
[2025-06-16 02:59:52,429] {scheduler_job.py:633} INFO - Processing file /home/airflow/.local/lib/python3.6/site-packages/airflow/example_dags/example_external_task_marker_dag.py for tasks to queue
[2025-06-16 02:59:52,429] {logging_mixin.py:104} INFO - [2025-06-16 02:59:52,429] {dagbag.py:496} INFO - Filling up the DagBag from /home/airflow/.local/lib/python3.6/site-packages/airflow/example_dags/example_external_task_marker_dag.py
[2025-06-16 02:59:52,436] {scheduler_job.py:643} INFO - DAG(s) dict_keys(['example_external_task_marker_parent', 'example_external_task_marker_child']) retrieved from /home/airflow/.local/lib/python3.6/site-packages/airflow/example_dags/example_external_task_marker_dag.py
[2025-06-16 02:59:52,594] {logging_mixin.py:104} INFO - [2025-06-16 02:59:52,594] {dag.py:1833} INFO - Sync 2 DAGs
[2025-06-16 02:59:52,612] {logging_mixin.py:104} INFO - [2025-06-16 02:59:52,612] {dag.py:2306} INFO - Setting next_dagrun for example_external_task_marker_child to None
[2025-06-16 02:59:52,613] {logging_mixin.py:104} INFO - [2025-06-16 02:59:52,613] {dag.py:2306} INFO - Setting next_dagrun for example_external_task_marker_parent to None
[2025-06-16 02:59:52,626] {scheduler_job.py:190} INFO - Processing /home/airflow/.local/lib/python3.6/site-packages/airflow/example_dags/example_external_task_marker_dag.py took 0.200 seconds
