[2025-06-16 02:52:03,935] {scheduler_job.py:182} INFO - Started process (PID=283) to work on /home/airflow/.local/lib/python3.6/site-packages/airflow/example_dags/example_dag_decorator.py
[2025-06-16 02:52:03,938] {scheduler_job.py:633} INFO - Processing file /home/airflow/.local/lib/python3.6/site-packages/airflow/example_dags/example_dag_decorator.py for tasks to queue
[2025-06-16 02:52:03,939] {logging_mixin.py:104} INFO - [2025-06-16 02:52:03,939] {dagbag.py:496} INFO - Filling up the DagBag from /home/airflow/.local/lib/python3.6/site-packages/airflow/example_dags/example_dag_decorator.py
[2025-06-16 02:52:03,958] {scheduler_job.py:643} INFO - DAG(s) dict_keys(['example_dag_decorator']) retrieved from /home/airflow/.local/lib/python3.6/site-packages/airflow/example_dags/example_dag_decorator.py
[2025-06-16 02:52:05,574] {logging_mixin.py:104} INFO - [2025-06-16 02:52:05,574] {dag.py:1833} INFO - Sync 1 DAGs
[2025-06-16 02:52:05,582] {logging_mixin.py:104} INFO - [2025-06-16 02:52:05,581] {dag.py:1852} INFO - Creating ORM DAG for example_dag_decorator
[2025-06-16 02:52:05,591] {logging_mixin.py:104} INFO - [2025-06-16 02:52:05,591] {dag.py:2306} INFO - Setting next_dagrun for example_dag_decorator to None
[2025-06-16 02:52:05,602] {scheduler_job.py:190} INFO - Processing /home/airflow/.local/lib/python3.6/site-packages/airflow/example_dags/example_dag_decorator.py took 1.673 seconds
[2025-06-16 02:52:35,828] {scheduler_job.py:182} INFO - Started process (PID=399) to work on /home/airflow/.local/lib/python3.6/site-packages/airflow/example_dags/example_dag_decorator.py
[2025-06-16 02:52:35,831] {scheduler_job.py:633} INFO - Processing file /home/airflow/.local/lib/python3.6/site-packages/airflow/example_dags/example_dag_decorator.py for tasks to queue
[2025-06-16 02:52:35,831] {logging_mixin.py:104} INFO - [2025-06-16 02:52:35,831] {dagbag.py:496} INFO - Filling up the DagBag from /home/airflow/.local/lib/python3.6/site-packages/airflow/example_dags/example_dag_decorator.py
[2025-06-16 02:52:35,854] {scheduler_job.py:643} INFO - DAG(s) dict_keys(['example_dag_decorator']) retrieved from /home/airflow/.local/lib/python3.6/site-packages/airflow/example_dags/example_dag_decorator.py
[2025-06-16 02:52:36,053] {logging_mixin.py:104} INFO - [2025-06-16 02:52:36,053] {dag.py:1833} INFO - Sync 1 DAGs
[2025-06-16 02:52:36,071] {logging_mixin.py:104} INFO - [2025-06-16 02:52:36,071] {dag.py:2306} INFO - Setting next_dagrun for example_dag_decorator to None
[2025-06-16 02:52:36,083] {scheduler_job.py:190} INFO - Processing /home/airflow/.local/lib/python3.6/site-packages/airflow/example_dags/example_dag_decorator.py took 0.260 seconds
[2025-06-16 02:53:06,641] {scheduler_job.py:182} INFO - Started process (PID=468) to work on /home/airflow/.local/lib/python3.6/site-packages/airflow/example_dags/example_dag_decorator.py
[2025-06-16 02:53:06,643] {scheduler_job.py:633} INFO - Processing file /home/airflow/.local/lib/python3.6/site-packages/airflow/example_dags/example_dag_decorator.py for tasks to queue
[2025-06-16 02:53:06,644] {logging_mixin.py:104} INFO - [2025-06-16 02:53:06,644] {dagbag.py:496} INFO - Filling up the DagBag from /home/airflow/.local/lib/python3.6/site-packages/airflow/example_dags/example_dag_decorator.py
[2025-06-16 02:53:06,667] {scheduler_job.py:643} INFO - DAG(s) dict_keys(['example_dag_decorator']) retrieved from /home/airflow/.local/lib/python3.6/site-packages/airflow/example_dags/example_dag_decorator.py
[2025-06-16 02:53:06,835] {logging_mixin.py:104} INFO - [2025-06-16 02:53:06,835] {dag.py:1833} INFO - Sync 1 DAGs
[2025-06-16 02:53:06,853] {logging_mixin.py:104} INFO - [2025-06-16 02:53:06,853] {dag.py:2306} INFO - Setting next_dagrun for example_dag_decorator to None
[2025-06-16 02:53:06,868] {scheduler_job.py:190} INFO - Processing /home/airflow/.local/lib/python3.6/site-packages/airflow/example_dags/example_dag_decorator.py took 0.234 seconds
[2025-06-16 02:53:43,616] {scheduler_job.py:182} INFO - Started process (PID=80) to work on /home/airflow/.local/lib/python3.6/site-packages/airflow/example_dags/example_dag_decorator.py
[2025-06-16 02:53:43,618] {scheduler_job.py:633} INFO - Processing file /home/airflow/.local/lib/python3.6/site-packages/airflow/example_dags/example_dag_decorator.py for tasks to queue
[2025-06-16 02:53:43,619] {logging_mixin.py:104} INFO - [2025-06-16 02:53:43,619] {dagbag.py:496} INFO - Filling up the DagBag from /home/airflow/.local/lib/python3.6/site-packages/airflow/example_dags/example_dag_decorator.py
[2025-06-16 02:53:43,635] {scheduler_job.py:643} INFO - DAG(s) dict_keys(['example_dag_decorator']) retrieved from /home/airflow/.local/lib/python3.6/site-packages/airflow/example_dags/example_dag_decorator.py
[2025-06-16 02:53:43,998] {logging_mixin.py:104} INFO - [2025-06-16 02:53:43,997] {dag.py:1833} INFO - Sync 1 DAGs
[2025-06-16 02:53:44,041] {logging_mixin.py:104} INFO - [2025-06-16 02:53:44,041] {dag.py:2306} INFO - Setting next_dagrun for example_dag_decorator to None
[2025-06-16 02:53:44,101] {scheduler_job.py:190} INFO - Processing /home/airflow/.local/lib/python3.6/site-packages/airflow/example_dags/example_dag_decorator.py took 0.490 seconds
[2025-06-16 02:54:14,139] {scheduler_job.py:182} INFO - Started process (PID=139) to work on /home/airflow/.local/lib/python3.6/site-packages/airflow/example_dags/example_dag_decorator.py
[2025-06-16 02:54:14,140] {scheduler_job.py:633} INFO - Processing file /home/airflow/.local/lib/python3.6/site-packages/airflow/example_dags/example_dag_decorator.py for tasks to queue
[2025-06-16 02:54:14,140] {logging_mixin.py:104} INFO - [2025-06-16 02:54:14,140] {dagbag.py:496} INFO - Filling up the DagBag from /home/airflow/.local/lib/python3.6/site-packages/airflow/example_dags/example_dag_decorator.py
[2025-06-16 02:54:14,150] {scheduler_job.py:643} INFO - DAG(s) dict_keys(['example_dag_decorator']) retrieved from /home/airflow/.local/lib/python3.6/site-packages/airflow/example_dags/example_dag_decorator.py
[2025-06-16 02:54:14,323] {logging_mixin.py:104} INFO - [2025-06-16 02:54:14,323] {dag.py:1833} INFO - Sync 1 DAGs
[2025-06-16 02:54:14,341] {logging_mixin.py:104} INFO - [2025-06-16 02:54:14,341] {dag.py:2306} INFO - Setting next_dagrun for example_dag_decorator to None
[2025-06-16 02:54:14,354] {scheduler_job.py:190} INFO - Processing /home/airflow/.local/lib/python3.6/site-packages/airflow/example_dags/example_dag_decorator.py took 0.216 seconds
[2025-06-16 02:54:44,544] {scheduler_job.py:182} INFO - Started process (PID=208) to work on /home/airflow/.local/lib/python3.6/site-packages/airflow/example_dags/example_dag_decorator.py
[2025-06-16 02:54:44,545] {scheduler_job.py:633} INFO - Processing file /home/airflow/.local/lib/python3.6/site-packages/airflow/example_dags/example_dag_decorator.py for tasks to queue
[2025-06-16 02:54:44,545] {logging_mixin.py:104} INFO - [2025-06-16 02:54:44,545] {dagbag.py:496} INFO - Filling up the DagBag from /home/airflow/.local/lib/python3.6/site-packages/airflow/example_dags/example_dag_decorator.py
[2025-06-16 02:54:44,555] {scheduler_job.py:643} INFO - DAG(s) dict_keys(['example_dag_decorator']) retrieved from /home/airflow/.local/lib/python3.6/site-packages/airflow/example_dags/example_dag_decorator.py
[2025-06-16 02:54:44,613] {logging_mixin.py:104} INFO - [2025-06-16 02:54:44,613] {dag.py:1833} INFO - Sync 1 DAGs
[2025-06-16 02:54:44,630] {logging_mixin.py:104} INFO - [2025-06-16 02:54:44,630] {dag.py:2306} INFO - Setting next_dagrun for example_dag_decorator to None
[2025-06-16 02:54:44,640] {scheduler_job.py:190} INFO - Processing /home/airflow/.local/lib/python3.6/site-packages/airflow/example_dags/example_dag_decorator.py took 0.098 seconds
[2025-06-16 02:55:38,099] {scheduler_job.py:182} INFO - Started process (PID=80) to work on /home/airflow/.local/lib/python3.6/site-packages/airflow/example_dags/example_dag_decorator.py
[2025-06-16 02:55:38,100] {scheduler_job.py:633} INFO - Processing file /home/airflow/.local/lib/python3.6/site-packages/airflow/example_dags/example_dag_decorator.py for tasks to queue
[2025-06-16 02:55:38,100] {logging_mixin.py:104} INFO - [2025-06-16 02:55:38,100] {dagbag.py:496} INFO - Filling up the DagBag from /home/airflow/.local/lib/python3.6/site-packages/airflow/example_dags/example_dag_decorator.py
[2025-06-16 02:55:38,114] {scheduler_job.py:643} INFO - DAG(s) dict_keys(['example_dag_decorator']) retrieved from /home/airflow/.local/lib/python3.6/site-packages/airflow/example_dags/example_dag_decorator.py
[2025-06-16 02:55:38,306] {logging_mixin.py:104} INFO - [2025-06-16 02:55:38,306] {dag.py:1833} INFO - Sync 1 DAGs
[2025-06-16 02:55:38,329] {logging_mixin.py:104} INFO - [2025-06-16 02:55:38,329] {dag.py:2306} INFO - Setting next_dagrun for example_dag_decorator to None
[2025-06-16 02:55:38,344] {scheduler_job.py:190} INFO - Processing /home/airflow/.local/lib/python3.6/site-packages/airflow/example_dags/example_dag_decorator.py took 0.247 seconds
[2025-06-16 02:56:09,111] {scheduler_job.py:182} INFO - Started process (PID=149) to work on /home/airflow/.local/lib/python3.6/site-packages/airflow/example_dags/example_dag_decorator.py
[2025-06-16 02:56:09,112] {scheduler_job.py:633} INFO - Processing file /home/airflow/.local/lib/python3.6/site-packages/airflow/example_dags/example_dag_decorator.py for tasks to queue
[2025-06-16 02:56:09,113] {logging_mixin.py:104} INFO - [2025-06-16 02:56:09,112] {dagbag.py:496} INFO - Filling up the DagBag from /home/airflow/.local/lib/python3.6/site-packages/airflow/example_dags/example_dag_decorator.py
[2025-06-16 02:56:09,123] {scheduler_job.py:643} INFO - DAG(s) dict_keys(['example_dag_decorator']) retrieved from /home/airflow/.local/lib/python3.6/site-packages/airflow/example_dags/example_dag_decorator.py
[2025-06-16 02:56:09,285] {logging_mixin.py:104} INFO - [2025-06-16 02:56:09,285] {dag.py:1833} INFO - Sync 1 DAGs
[2025-06-16 02:56:09,300] {logging_mixin.py:104} INFO - [2025-06-16 02:56:09,300] {dag.py:2306} INFO - Setting next_dagrun for example_dag_decorator to None
[2025-06-16 02:56:09,311] {scheduler_job.py:190} INFO - Processing /home/airflow/.local/lib/python3.6/site-packages/airflow/example_dags/example_dag_decorator.py took 0.201 seconds
[2025-06-16 02:56:39,601] {scheduler_job.py:182} INFO - Started process (PID=208) to work on /home/airflow/.local/lib/python3.6/site-packages/airflow/example_dags/example_dag_decorator.py
[2025-06-16 02:56:39,603] {scheduler_job.py:633} INFO - Processing file /home/airflow/.local/lib/python3.6/site-packages/airflow/example_dags/example_dag_decorator.py for tasks to queue
[2025-06-16 02:56:39,603] {logging_mixin.py:104} INFO - [2025-06-16 02:56:39,603] {dagbag.py:496} INFO - Filling up the DagBag from /home/airflow/.local/lib/python3.6/site-packages/airflow/example_dags/example_dag_decorator.py
[2025-06-16 02:56:39,613] {scheduler_job.py:643} INFO - DAG(s) dict_keys(['example_dag_decorator']) retrieved from /home/airflow/.local/lib/python3.6/site-packages/airflow/example_dags/example_dag_decorator.py
[2025-06-16 02:56:39,671] {logging_mixin.py:104} INFO - [2025-06-16 02:56:39,671] {dag.py:1833} INFO - Sync 1 DAGs
[2025-06-16 02:56:39,690] {logging_mixin.py:104} INFO - [2025-06-16 02:56:39,690] {dag.py:2306} INFO - Setting next_dagrun for example_dag_decorator to None
[2025-06-16 02:56:39,700] {scheduler_job.py:190} INFO - Processing /home/airflow/.local/lib/python3.6/site-packages/airflow/example_dags/example_dag_decorator.py took 0.101 seconds
[2025-06-16 02:57:10,223] {scheduler_job.py:182} INFO - Started process (PID=277) to work on /home/airflow/.local/lib/python3.6/site-packages/airflow/example_dags/example_dag_decorator.py
[2025-06-16 02:57:10,223] {scheduler_job.py:633} INFO - Processing file /home/airflow/.local/lib/python3.6/site-packages/airflow/example_dags/example_dag_decorator.py for tasks to queue
[2025-06-16 02:57:10,224] {logging_mixin.py:104} INFO - [2025-06-16 02:57:10,224] {dagbag.py:496} INFO - Filling up the DagBag from /home/airflow/.local/lib/python3.6/site-packages/airflow/example_dags/example_dag_decorator.py
[2025-06-16 02:57:10,234] {scheduler_job.py:643} INFO - DAG(s) dict_keys(['example_dag_decorator']) retrieved from /home/airflow/.local/lib/python3.6/site-packages/airflow/example_dags/example_dag_decorator.py
[2025-06-16 02:57:10,408] {logging_mixin.py:104} INFO - [2025-06-16 02:57:10,408] {dag.py:1833} INFO - Sync 1 DAGs
[2025-06-16 02:57:10,425] {logging_mixin.py:104} INFO - [2025-06-16 02:57:10,425] {dag.py:2306} INFO - Setting next_dagrun for example_dag_decorator to None
[2025-06-16 02:57:10,438] {scheduler_job.py:190} INFO - Processing /home/airflow/.local/lib/python3.6/site-packages/airflow/example_dags/example_dag_decorator.py took 0.217 seconds
[2025-06-16 02:57:40,943] {scheduler_job.py:182} INFO - Started process (PID=336) to work on /home/airflow/.local/lib/python3.6/site-packages/airflow/example_dags/example_dag_decorator.py
[2025-06-16 02:57:40,944] {scheduler_job.py:633} INFO - Processing file /home/airflow/.local/lib/python3.6/site-packages/airflow/example_dags/example_dag_decorator.py for tasks to queue
[2025-06-16 02:57:40,944] {logging_mixin.py:104} INFO - [2025-06-16 02:57:40,944] {dagbag.py:496} INFO - Filling up the DagBag from /home/airflow/.local/lib/python3.6/site-packages/airflow/example_dags/example_dag_decorator.py
[2025-06-16 02:57:40,957] {scheduler_job.py:643} INFO - DAG(s) dict_keys(['example_dag_decorator']) retrieved from /home/airflow/.local/lib/python3.6/site-packages/airflow/example_dags/example_dag_decorator.py
[2025-06-16 02:57:41,126] {logging_mixin.py:104} INFO - [2025-06-16 02:57:41,126] {dag.py:1833} INFO - Sync 1 DAGs
[2025-06-16 02:57:41,142] {logging_mixin.py:104} INFO - [2025-06-16 02:57:41,142] {dag.py:2306} INFO - Setting next_dagrun for example_dag_decorator to None
[2025-06-16 02:57:41,155] {scheduler_job.py:190} INFO - Processing /home/airflow/.local/lib/python3.6/site-packages/airflow/example_dags/example_dag_decorator.py took 0.214 seconds
[2025-06-16 02:58:21,572] {scheduler_job.py:182} INFO - Started process (PID=79) to work on /home/airflow/.local/lib/python3.6/site-packages/airflow/example_dags/example_dag_decorator.py
[2025-06-16 02:58:21,573] {scheduler_job.py:633} INFO - Processing file /home/airflow/.local/lib/python3.6/site-packages/airflow/example_dags/example_dag_decorator.py for tasks to queue
[2025-06-16 02:58:21,574] {logging_mixin.py:104} INFO - [2025-06-16 02:58:21,574] {dagbag.py:496} INFO - Filling up the DagBag from /home/airflow/.local/lib/python3.6/site-packages/airflow/example_dags/example_dag_decorator.py
[2025-06-16 02:58:21,586] {scheduler_job.py:643} INFO - DAG(s) dict_keys(['example_dag_decorator']) retrieved from /home/airflow/.local/lib/python3.6/site-packages/airflow/example_dags/example_dag_decorator.py
[2025-06-16 02:58:21,798] {logging_mixin.py:104} INFO - [2025-06-16 02:58:21,798] {dag.py:1833} INFO - Sync 1 DAGs
[2025-06-16 02:58:21,830] {logging_mixin.py:104} INFO - [2025-06-16 02:58:21,830] {dag.py:2306} INFO - Setting next_dagrun for example_dag_decorator to None
[2025-06-16 02:58:21,853] {scheduler_job.py:190} INFO - Processing /home/airflow/.local/lib/python3.6/site-packages/airflow/example_dags/example_dag_decorator.py took 0.284 seconds
[2025-06-16 02:58:52,740] {scheduler_job.py:182} INFO - Started process (PID=148) to work on /home/airflow/.local/lib/python3.6/site-packages/airflow/example_dags/example_dag_decorator.py
[2025-06-16 02:58:52,741] {scheduler_job.py:633} INFO - Processing file /home/airflow/.local/lib/python3.6/site-packages/airflow/example_dags/example_dag_decorator.py for tasks to queue
[2025-06-16 02:58:52,742] {logging_mixin.py:104} INFO - [2025-06-16 02:58:52,742] {dagbag.py:496} INFO - Filling up the DagBag from /home/airflow/.local/lib/python3.6/site-packages/airflow/example_dags/example_dag_decorator.py
[2025-06-16 02:58:52,751] {scheduler_job.py:643} INFO - DAG(s) dict_keys(['example_dag_decorator']) retrieved from /home/airflow/.local/lib/python3.6/site-packages/airflow/example_dags/example_dag_decorator.py
[2025-06-16 02:58:52,898] {logging_mixin.py:104} INFO - [2025-06-16 02:58:52,898] {dag.py:1833} INFO - Sync 1 DAGs
[2025-06-16 02:58:52,913] {logging_mixin.py:104} INFO - [2025-06-16 02:58:52,913] {dag.py:2306} INFO - Setting next_dagrun for example_dag_decorator to None
[2025-06-16 02:58:52,924] {scheduler_job.py:190} INFO - Processing /home/airflow/.local/lib/python3.6/site-packages/airflow/example_dags/example_dag_decorator.py took 0.186 seconds
[2025-06-16 02:59:23,078] {scheduler_job.py:182} INFO - Started process (PID=207) to work on /home/airflow/.local/lib/python3.6/site-packages/airflow/example_dags/example_dag_decorator.py
[2025-06-16 02:59:23,079] {scheduler_job.py:633} INFO - Processing file /home/airflow/.local/lib/python3.6/site-packages/airflow/example_dags/example_dag_decorator.py for tasks to queue
[2025-06-16 02:59:23,079] {logging_mixin.py:104} INFO - [2025-06-16 02:59:23,079] {dagbag.py:496} INFO - Filling up the DagBag from /home/airflow/.local/lib/python3.6/site-packages/airflow/example_dags/example_dag_decorator.py
[2025-06-16 02:59:23,091] {scheduler_job.py:643} INFO - DAG(s) dict_keys(['example_dag_decorator']) retrieved from /home/airflow/.local/lib/python3.6/site-packages/airflow/example_dags/example_dag_decorator.py
[2025-06-16 02:59:23,247] {logging_mixin.py:104} INFO - [2025-06-16 02:59:23,247] {dag.py:1833} INFO - Sync 1 DAGs
[2025-06-16 02:59:23,264] {logging_mixin.py:104} INFO - [2025-06-16 02:59:23,264] {dag.py:2306} INFO - Setting next_dagrun for example_dag_decorator to None
[2025-06-16 02:59:23,275] {scheduler_job.py:190} INFO - Processing /home/airflow/.local/lib/python3.6/site-packages/airflow/example_dags/example_dag_decorator.py took 0.200 seconds
[2025-06-16 02:59:53,879] {scheduler_job.py:182} INFO - Started process (PID=276) to work on /home/airflow/.local/lib/python3.6/site-packages/airflow/example_dags/example_dag_decorator.py
[2025-06-16 02:59:53,881] {scheduler_job.py:633} INFO - Processing file /home/airflow/.local/lib/python3.6/site-packages/airflow/example_dags/example_dag_decorator.py for tasks to queue
[2025-06-16 02:59:53,882] {logging_mixin.py:104} INFO - [2025-06-16 02:59:53,882] {dagbag.py:496} INFO - Filling up the DagBag from /home/airflow/.local/lib/python3.6/site-packages/airflow/example_dags/example_dag_decorator.py
[2025-06-16 02:59:53,903] {scheduler_job.py:643} INFO - DAG(s) dict_keys(['example_dag_decorator']) retrieved from /home/airflow/.local/lib/python3.6/site-packages/airflow/example_dags/example_dag_decorator.py
[2025-06-16 02:59:54,104] {logging_mixin.py:104} INFO - [2025-06-16 02:59:54,104] {dag.py:1833} INFO - Sync 1 DAGs
[2025-06-16 02:59:54,121] {logging_mixin.py:104} INFO - [2025-06-16 02:59:54,121] {dag.py:2306} INFO - Setting next_dagrun for example_dag_decorator to None
[2025-06-16 02:59:54,134] {scheduler_job.py:190} INFO - Processing /home/airflow/.local/lib/python3.6/site-packages/airflow/example_dags/example_dag_decorator.py took 0.256 seconds
