[2025-06-16 02:51:51,783] {scheduler_job.py:182} INFO - Started process (PID=148) to work on /home/airflow/.local/lib/python3.6/site-packages/airflow/example_dags/example_branch_datetime_operator.py
[2025-06-16 02:51:51,783] {scheduler_job.py:633} INFO - Processing file /home/airflow/.local/lib/python3.6/site-packages/airflow/example_dags/example_branch_datetime_operator.py for tasks to queue
[2025-06-16 02:51:51,783] {logging_mixin.py:104} INFO - [2025-06-16 02:51:51,783] {dagbag.py:496} INFO - Filling up the DagBag from /home/airflow/.local/lib/python3.6/site-packages/airflow/example_dags/example_branch_datetime_operator.py
[2025-06-16 02:51:51,793] {scheduler_job.py:643} INFO - DAG(s) dict_keys(['example_branch_datetime_operator_2']) retrieved from /home/airflow/.local/lib/python3.6/site-packages/airflow/example_dags/example_branch_datetime_operator.py
[2025-06-16 02:51:53,478] {logging_mixin.py:104} INFO - [2025-06-16 02:51:53,478] {dag.py:1833} INFO - Sync 1 DAGs
[2025-06-16 02:51:53,487] {logging_mixin.py:104} INFO - [2025-06-16 02:51:53,486] {dag.py:1852} INFO - Creating ORM DAG for example_branch_datetime_operator_2
[2025-06-16 02:51:53,504] {logging_mixin.py:104} INFO - [2025-06-16 02:51:53,504] {dag.py:2306} INFO - Setting next_dagrun for example_branch_datetime_operator_2 to 2025-06-14 00:00:00+00:00
[2025-06-16 02:51:53,510] {scheduler_job.py:190} INFO - Processing /home/airflow/.local/lib/python3.6/site-packages/airflow/example_dags/example_branch_datetime_operator.py took 1.729 seconds
[2025-06-16 02:52:23,599] {scheduler_job.py:182} INFO - Started process (PID=375) to work on /home/airflow/.local/lib/python3.6/site-packages/airflow/example_dags/example_branch_datetime_operator.py
[2025-06-16 02:52:23,601] {scheduler_job.py:633} INFO - Processing file /home/airflow/.local/lib/python3.6/site-packages/airflow/example_dags/example_branch_datetime_operator.py for tasks to queue
[2025-06-16 02:52:23,602] {logging_mixin.py:104} INFO - [2025-06-16 02:52:23,602] {dagbag.py:496} INFO - Filling up the DagBag from /home/airflow/.local/lib/python3.6/site-packages/airflow/example_dags/example_branch_datetime_operator.py
[2025-06-16 02:52:23,614] {scheduler_job.py:643} INFO - DAG(s) dict_keys(['example_branch_datetime_operator_2']) retrieved from /home/airflow/.local/lib/python3.6/site-packages/airflow/example_dags/example_branch_datetime_operator.py
[2025-06-16 02:52:23,680] {logging_mixin.py:104} INFO - [2025-06-16 02:52:23,680] {dag.py:1833} INFO - Sync 1 DAGs
[2025-06-16 02:52:23,697] {logging_mixin.py:104} INFO - [2025-06-16 02:52:23,697] {dag.py:2306} INFO - Setting next_dagrun for example_branch_datetime_operator_2 to 2025-06-14 00:00:00+00:00
[2025-06-16 02:52:23,707] {scheduler_job.py:190} INFO - Processing /home/airflow/.local/lib/python3.6/site-packages/airflow/example_dags/example_branch_datetime_operator.py took 0.112 seconds
[2025-06-16 02:52:53,740] {scheduler_job.py:182} INFO - Started process (PID=444) to work on /home/airflow/.local/lib/python3.6/site-packages/airflow/example_dags/example_branch_datetime_operator.py
[2025-06-16 02:52:53,742] {scheduler_job.py:633} INFO - Processing file /home/airflow/.local/lib/python3.6/site-packages/airflow/example_dags/example_branch_datetime_operator.py for tasks to queue
[2025-06-16 02:52:53,743] {logging_mixin.py:104} INFO - [2025-06-16 02:52:53,743] {dagbag.py:496} INFO - Filling up the DagBag from /home/airflow/.local/lib/python3.6/site-packages/airflow/example_dags/example_branch_datetime_operator.py
[2025-06-16 02:52:53,754] {scheduler_job.py:643} INFO - DAG(s) dict_keys(['example_branch_datetime_operator_2']) retrieved from /home/airflow/.local/lib/python3.6/site-packages/airflow/example_dags/example_branch_datetime_operator.py
[2025-06-16 02:52:53,819] {logging_mixin.py:104} INFO - [2025-06-16 02:52:53,818] {dag.py:1833} INFO - Sync 1 DAGs
[2025-06-16 02:52:53,836] {logging_mixin.py:104} INFO - [2025-06-16 02:52:53,836] {dag.py:2306} INFO - Setting next_dagrun for example_branch_datetime_operator_2 to 2025-06-14 00:00:00+00:00
[2025-06-16 02:52:53,845] {scheduler_job.py:190} INFO - Processing /home/airflow/.local/lib/python3.6/site-packages/airflow/example_dags/example_branch_datetime_operator.py took 0.107 seconds
[2025-06-16 02:53:42,388] {scheduler_job.py:182} INFO - Started process (PID=66) to work on /home/airflow/.local/lib/python3.6/site-packages/airflow/example_dags/example_branch_datetime_operator.py
[2025-06-16 02:53:42,390] {scheduler_job.py:633} INFO - Processing file /home/airflow/.local/lib/python3.6/site-packages/airflow/example_dags/example_branch_datetime_operator.py for tasks to queue
[2025-06-16 02:53:42,395] {logging_mixin.py:104} INFO - [2025-06-16 02:53:42,395] {dagbag.py:496} INFO - Filling up the DagBag from /home/airflow/.local/lib/python3.6/site-packages/airflow/example_dags/example_branch_datetime_operator.py
[2025-06-16 02:53:42,406] {scheduler_job.py:643} INFO - DAG(s) dict_keys(['example_branch_datetime_operator_2']) retrieved from /home/airflow/.local/lib/python3.6/site-packages/airflow/example_dags/example_branch_datetime_operator.py
[2025-06-16 02:53:42,483] {logging_mixin.py:104} INFO - [2025-06-16 02:53:42,483] {dag.py:1833} INFO - Sync 1 DAGs
[2025-06-16 02:53:42,517] {logging_mixin.py:104} INFO - [2025-06-16 02:53:42,517] {dag.py:2306} INFO - Setting next_dagrun for example_branch_datetime_operator_2 to 2025-06-14 00:00:00+00:00
[2025-06-16 02:53:42,531] {scheduler_job.py:190} INFO - Processing /home/airflow/.local/lib/python3.6/site-packages/airflow/example_dags/example_branch_datetime_operator.py took 0.149 seconds
[2025-06-16 02:54:13,102] {scheduler_job.py:182} INFO - Started process (PID=125) to work on /home/airflow/.local/lib/python3.6/site-packages/airflow/example_dags/example_branch_datetime_operator.py
[2025-06-16 02:54:13,103] {scheduler_job.py:633} INFO - Processing file /home/airflow/.local/lib/python3.6/site-packages/airflow/example_dags/example_branch_datetime_operator.py for tasks to queue
[2025-06-16 02:54:13,103] {logging_mixin.py:104} INFO - [2025-06-16 02:54:13,103] {dagbag.py:496} INFO - Filling up the DagBag from /home/airflow/.local/lib/python3.6/site-packages/airflow/example_dags/example_branch_datetime_operator.py
[2025-06-16 02:54:13,109] {scheduler_job.py:643} INFO - DAG(s) dict_keys(['example_branch_datetime_operator_2']) retrieved from /home/airflow/.local/lib/python3.6/site-packages/airflow/example_dags/example_branch_datetime_operator.py
[2025-06-16 02:54:13,222] {logging_mixin.py:104} INFO - [2025-06-16 02:54:13,222] {dag.py:1833} INFO - Sync 1 DAGs
[2025-06-16 02:54:13,244] {logging_mixin.py:104} INFO - [2025-06-16 02:54:13,244] {dag.py:2306} INFO - Setting next_dagrun for example_branch_datetime_operator_2 to 2025-06-14 00:00:00+00:00
[2025-06-16 02:54:13,257] {scheduler_job.py:190} INFO - Processing /home/airflow/.local/lib/python3.6/site-packages/airflow/example_dags/example_branch_datetime_operator.py took 0.157 seconds
[2025-06-16 02:54:43,730] {scheduler_job.py:182} INFO - Started process (PID=194) to work on /home/airflow/.local/lib/python3.6/site-packages/airflow/example_dags/example_branch_datetime_operator.py
[2025-06-16 02:54:43,731] {scheduler_job.py:633} INFO - Processing file /home/airflow/.local/lib/python3.6/site-packages/airflow/example_dags/example_branch_datetime_operator.py for tasks to queue
[2025-06-16 02:54:43,731] {logging_mixin.py:104} INFO - [2025-06-16 02:54:43,731] {dagbag.py:496} INFO - Filling up the DagBag from /home/airflow/.local/lib/python3.6/site-packages/airflow/example_dags/example_branch_datetime_operator.py
[2025-06-16 02:54:43,762] {scheduler_job.py:643} INFO - DAG(s) dict_keys(['example_branch_datetime_operator_2']) retrieved from /home/airflow/.local/lib/python3.6/site-packages/airflow/example_dags/example_branch_datetime_operator.py
[2025-06-16 02:54:43,824] {logging_mixin.py:104} INFO - [2025-06-16 02:54:43,824] {dag.py:1833} INFO - Sync 1 DAGs
[2025-06-16 02:54:43,842] {logging_mixin.py:104} INFO - [2025-06-16 02:54:43,842] {dag.py:2306} INFO - Setting next_dagrun for example_branch_datetime_operator_2 to 2025-06-14 00:00:00+00:00
[2025-06-16 02:54:43,852] {scheduler_job.py:190} INFO - Processing /home/airflow/.local/lib/python3.6/site-packages/airflow/example_dags/example_branch_datetime_operator.py took 0.124 seconds
[2025-06-16 02:55:36,854] {scheduler_job.py:182} INFO - Started process (PID=66) to work on /home/airflow/.local/lib/python3.6/site-packages/airflow/example_dags/example_branch_datetime_operator.py
[2025-06-16 02:55:36,856] {scheduler_job.py:633} INFO - Processing file /home/airflow/.local/lib/python3.6/site-packages/airflow/example_dags/example_branch_datetime_operator.py for tasks to queue
[2025-06-16 02:55:36,858] {logging_mixin.py:104} INFO - [2025-06-16 02:55:36,858] {dagbag.py:496} INFO - Filling up the DagBag from /home/airflow/.local/lib/python3.6/site-packages/airflow/example_dags/example_branch_datetime_operator.py
[2025-06-16 02:55:36,881] {scheduler_job.py:643} INFO - DAG(s) dict_keys(['example_branch_datetime_operator_2']) retrieved from /home/airflow/.local/lib/python3.6/site-packages/airflow/example_dags/example_branch_datetime_operator.py
[2025-06-16 02:55:36,985] {logging_mixin.py:104} INFO - [2025-06-16 02:55:36,985] {dag.py:1833} INFO - Sync 1 DAGs
[2025-06-16 02:55:37,028] {logging_mixin.py:104} INFO - [2025-06-16 02:55:37,027] {dag.py:2306} INFO - Setting next_dagrun for example_branch_datetime_operator_2 to 2025-06-14 00:00:00+00:00
[2025-06-16 02:55:37,053] {scheduler_job.py:190} INFO - Processing /home/airflow/.local/lib/python3.6/site-packages/airflow/example_dags/example_branch_datetime_operator.py took 0.208 seconds
[2025-06-16 02:56:07,165] {scheduler_job.py:182} INFO - Started process (PID=125) to work on /home/airflow/.local/lib/python3.6/site-packages/airflow/example_dags/example_branch_datetime_operator.py
[2025-06-16 02:56:07,166] {scheduler_job.py:633} INFO - Processing file /home/airflow/.local/lib/python3.6/site-packages/airflow/example_dags/example_branch_datetime_operator.py for tasks to queue
[2025-06-16 02:56:07,166] {logging_mixin.py:104} INFO - [2025-06-16 02:56:07,166] {dagbag.py:496} INFO - Filling up the DagBag from /home/airflow/.local/lib/python3.6/site-packages/airflow/example_dags/example_branch_datetime_operator.py
[2025-06-16 02:56:07,172] {scheduler_job.py:643} INFO - DAG(s) dict_keys(['example_branch_datetime_operator_2']) retrieved from /home/airflow/.local/lib/python3.6/site-packages/airflow/example_dags/example_branch_datetime_operator.py
[2025-06-16 02:56:07,230] {logging_mixin.py:104} INFO - [2025-06-16 02:56:07,230] {dag.py:1833} INFO - Sync 1 DAGs
[2025-06-16 02:56:07,255] {logging_mixin.py:104} INFO - [2025-06-16 02:56:07,255] {dag.py:2306} INFO - Setting next_dagrun for example_branch_datetime_operator_2 to 2025-06-14 00:00:00+00:00
[2025-06-16 02:56:07,266] {scheduler_job.py:190} INFO - Processing /home/airflow/.local/lib/python3.6/site-packages/airflow/example_dags/example_branch_datetime_operator.py took 0.102 seconds
[2025-06-16 02:56:37,677] {scheduler_job.py:182} INFO - Started process (PID=194) to work on /home/airflow/.local/lib/python3.6/site-packages/airflow/example_dags/example_branch_datetime_operator.py
[2025-06-16 02:56:37,679] {scheduler_job.py:633} INFO - Processing file /home/airflow/.local/lib/python3.6/site-packages/airflow/example_dags/example_branch_datetime_operator.py for tasks to queue
[2025-06-16 02:56:37,679] {logging_mixin.py:104} INFO - [2025-06-16 02:56:37,679] {dagbag.py:496} INFO - Filling up the DagBag from /home/airflow/.local/lib/python3.6/site-packages/airflow/example_dags/example_branch_datetime_operator.py
[2025-06-16 02:56:37,691] {scheduler_job.py:643} INFO - DAG(s) dict_keys(['example_branch_datetime_operator_2']) retrieved from /home/airflow/.local/lib/python3.6/site-packages/airflow/example_dags/example_branch_datetime_operator.py
[2025-06-16 02:56:37,777] {logging_mixin.py:104} INFO - [2025-06-16 02:56:37,777] {dag.py:1833} INFO - Sync 1 DAGs
[2025-06-16 02:56:37,796] {logging_mixin.py:104} INFO - [2025-06-16 02:56:37,796] {dag.py:2306} INFO - Setting next_dagrun for example_branch_datetime_operator_2 to 2025-06-14 00:00:00+00:00
[2025-06-16 02:56:37,806] {scheduler_job.py:190} INFO - Processing /home/airflow/.local/lib/python3.6/site-packages/airflow/example_dags/example_branch_datetime_operator.py took 0.133 seconds
[2025-06-16 02:57:08,351] {scheduler_job.py:182} INFO - Started process (PID=263) to work on /home/airflow/.local/lib/python3.6/site-packages/airflow/example_dags/example_branch_datetime_operator.py
[2025-06-16 02:57:08,352] {scheduler_job.py:633} INFO - Processing file /home/airflow/.local/lib/python3.6/site-packages/airflow/example_dags/example_branch_datetime_operator.py for tasks to queue
[2025-06-16 02:57:08,352] {logging_mixin.py:104} INFO - [2025-06-16 02:57:08,352] {dagbag.py:496} INFO - Filling up the DagBag from /home/airflow/.local/lib/python3.6/site-packages/airflow/example_dags/example_branch_datetime_operator.py
[2025-06-16 02:57:08,359] {scheduler_job.py:643} INFO - DAG(s) dict_keys(['example_branch_datetime_operator_2']) retrieved from /home/airflow/.local/lib/python3.6/site-packages/airflow/example_dags/example_branch_datetime_operator.py
[2025-06-16 02:57:08,417] {logging_mixin.py:104} INFO - [2025-06-16 02:57:08,417] {dag.py:1833} INFO - Sync 1 DAGs
[2025-06-16 02:57:08,436] {logging_mixin.py:104} INFO - [2025-06-16 02:57:08,436] {dag.py:2306} INFO - Setting next_dagrun for example_branch_datetime_operator_2 to 2025-06-14 00:00:00+00:00
[2025-06-16 02:57:08,446] {scheduler_job.py:190} INFO - Processing /home/airflow/.local/lib/python3.6/site-packages/airflow/example_dags/example_branch_datetime_operator.py took 0.096 seconds
[2025-06-16 02:57:39,052] {scheduler_job.py:182} INFO - Started process (PID=322) to work on /home/airflow/.local/lib/python3.6/site-packages/airflow/example_dags/example_branch_datetime_operator.py
[2025-06-16 02:57:39,053] {scheduler_job.py:633} INFO - Processing file /home/airflow/.local/lib/python3.6/site-packages/airflow/example_dags/example_branch_datetime_operator.py for tasks to queue
[2025-06-16 02:57:39,053] {logging_mixin.py:104} INFO - [2025-06-16 02:57:39,053] {dagbag.py:496} INFO - Filling up the DagBag from /home/airflow/.local/lib/python3.6/site-packages/airflow/example_dags/example_branch_datetime_operator.py
[2025-06-16 02:57:39,060] {scheduler_job.py:643} INFO - DAG(s) dict_keys(['example_branch_datetime_operator_2']) retrieved from /home/airflow/.local/lib/python3.6/site-packages/airflow/example_dags/example_branch_datetime_operator.py
[2025-06-16 02:57:39,117] {logging_mixin.py:104} INFO - [2025-06-16 02:57:39,117] {dag.py:1833} INFO - Sync 1 DAGs
[2025-06-16 02:57:39,136] {logging_mixin.py:104} INFO - [2025-06-16 02:57:39,136] {dag.py:2306} INFO - Setting next_dagrun for example_branch_datetime_operator_2 to 2025-06-14 00:00:00+00:00
[2025-06-16 02:57:39,145] {scheduler_job.py:190} INFO - Processing /home/airflow/.local/lib/python3.6/site-packages/airflow/example_dags/example_branch_datetime_operator.py took 0.095 seconds
[2025-06-16 02:58:20,195] {scheduler_job.py:182} INFO - Started process (PID=65) to work on /home/airflow/.local/lib/python3.6/site-packages/airflow/example_dags/example_branch_datetime_operator.py
[2025-06-16 02:58:20,196] {scheduler_job.py:633} INFO - Processing file /home/airflow/.local/lib/python3.6/site-packages/airflow/example_dags/example_branch_datetime_operator.py for tasks to queue
[2025-06-16 02:58:20,198] {logging_mixin.py:104} INFO - [2025-06-16 02:58:20,198] {dagbag.py:496} INFO - Filling up the DagBag from /home/airflow/.local/lib/python3.6/site-packages/airflow/example_dags/example_branch_datetime_operator.py
[2025-06-16 02:58:20,208] {scheduler_job.py:643} INFO - DAG(s) dict_keys(['example_branch_datetime_operator_2']) retrieved from /home/airflow/.local/lib/python3.6/site-packages/airflow/example_dags/example_branch_datetime_operator.py
[2025-06-16 02:58:20,299] {logging_mixin.py:104} INFO - [2025-06-16 02:58:20,299] {dag.py:1833} INFO - Sync 1 DAGs
[2025-06-16 02:58:20,328] {logging_mixin.py:104} INFO - [2025-06-16 02:58:20,327] {dag.py:2306} INFO - Setting next_dagrun for example_branch_datetime_operator_2 to 2025-06-14 00:00:00+00:00
[2025-06-16 02:58:20,341] {scheduler_job.py:190} INFO - Processing /home/airflow/.local/lib/python3.6/site-packages/airflow/example_dags/example_branch_datetime_operator.py took 0.148 seconds
[2025-06-16 02:58:50,769] {scheduler_job.py:182} INFO - Started process (PID=124) to work on /home/airflow/.local/lib/python3.6/site-packages/airflow/example_dags/example_branch_datetime_operator.py
[2025-06-16 02:58:50,769] {scheduler_job.py:633} INFO - Processing file /home/airflow/.local/lib/python3.6/site-packages/airflow/example_dags/example_branch_datetime_operator.py for tasks to queue
[2025-06-16 02:58:50,770] {logging_mixin.py:104} INFO - [2025-06-16 02:58:50,770] {dagbag.py:496} INFO - Filling up the DagBag from /home/airflow/.local/lib/python3.6/site-packages/airflow/example_dags/example_branch_datetime_operator.py
[2025-06-16 02:58:50,776] {scheduler_job.py:643} INFO - DAG(s) dict_keys(['example_branch_datetime_operator_2']) retrieved from /home/airflow/.local/lib/python3.6/site-packages/airflow/example_dags/example_branch_datetime_operator.py
[2025-06-16 02:58:50,835] {logging_mixin.py:104} INFO - [2025-06-16 02:58:50,835] {dag.py:1833} INFO - Sync 1 DAGs
[2025-06-16 02:58:50,855] {logging_mixin.py:104} INFO - [2025-06-16 02:58:50,855] {dag.py:2306} INFO - Setting next_dagrun for example_branch_datetime_operator_2 to 2025-06-14 00:00:00+00:00
[2025-06-16 02:58:50,864] {scheduler_job.py:190} INFO - Processing /home/airflow/.local/lib/python3.6/site-packages/airflow/example_dags/example_branch_datetime_operator.py took 0.097 seconds
[2025-06-16 02:59:21,308] {scheduler_job.py:182} INFO - Started process (PID=193) to work on /home/airflow/.local/lib/python3.6/site-packages/airflow/example_dags/example_branch_datetime_operator.py
[2025-06-16 02:59:21,308] {scheduler_job.py:633} INFO - Processing file /home/airflow/.local/lib/python3.6/site-packages/airflow/example_dags/example_branch_datetime_operator.py for tasks to queue
[2025-06-16 02:59:21,309] {logging_mixin.py:104} INFO - [2025-06-16 02:59:21,309] {dagbag.py:496} INFO - Filling up the DagBag from /home/airflow/.local/lib/python3.6/site-packages/airflow/example_dags/example_branch_datetime_operator.py
[2025-06-16 02:59:21,315] {scheduler_job.py:643} INFO - DAG(s) dict_keys(['example_branch_datetime_operator_2']) retrieved from /home/airflow/.local/lib/python3.6/site-packages/airflow/example_dags/example_branch_datetime_operator.py
[2025-06-16 02:59:21,372] {logging_mixin.py:104} INFO - [2025-06-16 02:59:21,372] {dag.py:1833} INFO - Sync 1 DAGs
[2025-06-16 02:59:21,391] {logging_mixin.py:104} INFO - [2025-06-16 02:59:21,391] {dag.py:2306} INFO - Setting next_dagrun for example_branch_datetime_operator_2 to 2025-06-14 00:00:00+00:00
[2025-06-16 02:59:21,400] {scheduler_job.py:190} INFO - Processing /home/airflow/.local/lib/python3.6/site-packages/airflow/example_dags/example_branch_datetime_operator.py took 0.094 seconds
[2025-06-16 02:59:52,110] {scheduler_job.py:182} INFO - Started process (PID=262) to work on /home/airflow/.local/lib/python3.6/site-packages/airflow/example_dags/example_branch_datetime_operator.py
[2025-06-16 02:59:52,111] {scheduler_job.py:633} INFO - Processing file /home/airflow/.local/lib/python3.6/site-packages/airflow/example_dags/example_branch_datetime_operator.py for tasks to queue
[2025-06-16 02:59:52,111] {logging_mixin.py:104} INFO - [2025-06-16 02:59:52,111] {dagbag.py:496} INFO - Filling up the DagBag from /home/airflow/.local/lib/python3.6/site-packages/airflow/example_dags/example_branch_datetime_operator.py
[2025-06-16 02:59:52,118] {scheduler_job.py:643} INFO - DAG(s) dict_keys(['example_branch_datetime_operator_2']) retrieved from /home/airflow/.local/lib/python3.6/site-packages/airflow/example_dags/example_branch_datetime_operator.py
[2025-06-16 02:59:52,175] {logging_mixin.py:104} INFO - [2025-06-16 02:59:52,175] {dag.py:1833} INFO - Sync 1 DAGs
[2025-06-16 02:59:52,197] {logging_mixin.py:104} INFO - [2025-06-16 02:59:52,197] {dag.py:2306} INFO - Setting next_dagrun for example_branch_datetime_operator_2 to 2025-06-14 00:00:00+00:00
[2025-06-16 02:59:52,208] {scheduler_job.py:190} INFO - Processing /home/airflow/.local/lib/python3.6/site-packages/airflow/example_dags/example_branch_datetime_operator.py took 0.100 seconds
