[2025-06-16 02:52:04,711] {scheduler_job.py:182} INFO - Started process (PID=292) to work on /home/airflow/.local/lib/python3.6/site-packages/airflow/example_dags/tutorial_etl_dag.py
[2025-06-16 02:52:04,711] {scheduler_job.py:633} INFO - Processing file /home/airflow/.local/lib/python3.6/site-packages/airflow/example_dags/tutorial_etl_dag.py for tasks to queue
[2025-06-16 02:52:04,712] {logging_mixin.py:104} INFO - [2025-06-16 02:52:04,712] {dagbag.py:496} INFO - Filling up the DagBag from /home/airflow/.local/lib/python3.6/site-packages/airflow/example_dags/tutorial_etl_dag.py
[2025-06-16 02:52:04,719] {scheduler_job.py:643} INFO - DAG(s) dict_keys(['tutorial_etl_dag']) retrieved from /home/airflow/.local/lib/python3.6/site-packages/airflow/example_dags/tutorial_etl_dag.py
[2025-06-16 02:52:06,423] {logging_mixin.py:104} INFO - [2025-06-16 02:52:06,423] {dag.py:1833} INFO - Sync 1 DAGs
[2025-06-16 02:52:06,436] {logging_mixin.py:104} INFO - [2025-06-16 02:52:06,435] {dag.py:1852} INFO - Creating ORM DAG for tutorial_etl_dag
[2025-06-16 02:52:06,452] {logging_mixin.py:104} INFO - [2025-06-16 02:52:06,452] {dag.py:2306} INFO - Setting next_dagrun for tutorial_etl_dag to None
[2025-06-16 02:52:06,463] {scheduler_job.py:190} INFO - Processing /home/airflow/.local/lib/python3.6/site-packages/airflow/example_dags/tutorial_etl_dag.py took 1.754 seconds
[2025-06-16 02:52:37,008] {scheduler_job.py:182} INFO - Started process (PID=400) to work on /home/airflow/.local/lib/python3.6/site-packages/airflow/example_dags/tutorial_etl_dag.py
[2025-06-16 02:52:37,011] {scheduler_job.py:633} INFO - Processing file /home/airflow/.local/lib/python3.6/site-packages/airflow/example_dags/tutorial_etl_dag.py for tasks to queue
[2025-06-16 02:52:37,011] {logging_mixin.py:104} INFO - [2025-06-16 02:52:37,011] {dagbag.py:496} INFO - Filling up the DagBag from /home/airflow/.local/lib/python3.6/site-packages/airflow/example_dags/tutorial_etl_dag.py
[2025-06-16 02:52:37,024] {scheduler_job.py:643} INFO - DAG(s) dict_keys(['tutorial_etl_dag']) retrieved from /home/airflow/.local/lib/python3.6/site-packages/airflow/example_dags/tutorial_etl_dag.py
[2025-06-16 02:52:37,091] {logging_mixin.py:104} INFO - [2025-06-16 02:52:37,091] {dag.py:1833} INFO - Sync 1 DAGs
[2025-06-16 02:52:37,106] {logging_mixin.py:104} INFO - [2025-06-16 02:52:37,106] {dag.py:2306} INFO - Setting next_dagrun for tutorial_etl_dag to None
[2025-06-16 02:52:37,116] {scheduler_job.py:190} INFO - Processing /home/airflow/.local/lib/python3.6/site-packages/airflow/example_dags/tutorial_etl_dag.py took 0.111 seconds
[2025-06-16 02:53:07,751] {scheduler_job.py:182} INFO - Started process (PID=469) to work on /home/airflow/.local/lib/python3.6/site-packages/airflow/example_dags/tutorial_etl_dag.py
[2025-06-16 02:53:07,753] {scheduler_job.py:633} INFO - Processing file /home/airflow/.local/lib/python3.6/site-packages/airflow/example_dags/tutorial_etl_dag.py for tasks to queue
[2025-06-16 02:53:07,754] {logging_mixin.py:104} INFO - [2025-06-16 02:53:07,754] {dagbag.py:496} INFO - Filling up the DagBag from /home/airflow/.local/lib/python3.6/site-packages/airflow/example_dags/tutorial_etl_dag.py
[2025-06-16 02:53:07,771] {scheduler_job.py:643} INFO - DAG(s) dict_keys(['tutorial_etl_dag']) retrieved from /home/airflow/.local/lib/python3.6/site-packages/airflow/example_dags/tutorial_etl_dag.py
[2025-06-16 02:53:07,837] {logging_mixin.py:104} INFO - [2025-06-16 02:53:07,837] {dag.py:1833} INFO - Sync 1 DAGs
[2025-06-16 02:53:07,854] {logging_mixin.py:104} INFO - [2025-06-16 02:53:07,854] {dag.py:2306} INFO - Setting next_dagrun for tutorial_etl_dag to None
[2025-06-16 02:53:07,863] {scheduler_job.py:190} INFO - Processing /home/airflow/.local/lib/python3.6/site-packages/airflow/example_dags/tutorial_etl_dag.py took 0.116 seconds
[2025-06-16 02:53:43,927] {scheduler_job.py:182} INFO - Started process (PID=81) to work on /home/airflow/.local/lib/python3.6/site-packages/airflow/example_dags/tutorial_etl_dag.py
[2025-06-16 02:53:43,928] {scheduler_job.py:633} INFO - Processing file /home/airflow/.local/lib/python3.6/site-packages/airflow/example_dags/tutorial_etl_dag.py for tasks to queue
[2025-06-16 02:53:43,930] {logging_mixin.py:104} INFO - [2025-06-16 02:53:43,929] {dagbag.py:496} INFO - Filling up the DagBag from /home/airflow/.local/lib/python3.6/site-packages/airflow/example_dags/tutorial_etl_dag.py
[2025-06-16 02:53:43,947] {scheduler_job.py:643} INFO - DAG(s) dict_keys(['tutorial_etl_dag']) retrieved from /home/airflow/.local/lib/python3.6/site-packages/airflow/example_dags/tutorial_etl_dag.py
[2025-06-16 02:53:44,056] {logging_mixin.py:104} INFO - [2025-06-16 02:53:44,056] {dag.py:1833} INFO - Sync 1 DAGs
[2025-06-16 02:53:44,102] {logging_mixin.py:104} INFO - [2025-06-16 02:53:44,102] {dag.py:2306} INFO - Setting next_dagrun for tutorial_etl_dag to None
[2025-06-16 02:53:44,127] {scheduler_job.py:190} INFO - Processing /home/airflow/.local/lib/python3.6/site-packages/airflow/example_dags/tutorial_etl_dag.py took 0.203 seconds
[2025-06-16 02:54:14,262] {scheduler_job.py:182} INFO - Started process (PID=146) to work on /home/airflow/.local/lib/python3.6/site-packages/airflow/example_dags/tutorial_etl_dag.py
[2025-06-16 02:54:14,263] {scheduler_job.py:633} INFO - Processing file /home/airflow/.local/lib/python3.6/site-packages/airflow/example_dags/tutorial_etl_dag.py for tasks to queue
[2025-06-16 02:54:14,263] {logging_mixin.py:104} INFO - [2025-06-16 02:54:14,263] {dagbag.py:496} INFO - Filling up the DagBag from /home/airflow/.local/lib/python3.6/site-packages/airflow/example_dags/tutorial_etl_dag.py
[2025-06-16 02:54:14,270] {scheduler_job.py:643} INFO - DAG(s) dict_keys(['tutorial_etl_dag']) retrieved from /home/airflow/.local/lib/python3.6/site-packages/airflow/example_dags/tutorial_etl_dag.py
[2025-06-16 02:54:14,330] {logging_mixin.py:104} INFO - [2025-06-16 02:54:14,330] {dag.py:1833} INFO - Sync 1 DAGs
[2025-06-16 02:54:14,347] {logging_mixin.py:104} INFO - [2025-06-16 02:54:14,347] {dag.py:2306} INFO - Setting next_dagrun for tutorial_etl_dag to None
[2025-06-16 02:54:14,359] {scheduler_job.py:190} INFO - Processing /home/airflow/.local/lib/python3.6/site-packages/airflow/example_dags/tutorial_etl_dag.py took 0.099 seconds
[2025-06-16 02:54:44,648] {scheduler_job.py:182} INFO - Started process (PID=209) to work on /home/airflow/.local/lib/python3.6/site-packages/airflow/example_dags/tutorial_etl_dag.py
[2025-06-16 02:54:44,648] {scheduler_job.py:633} INFO - Processing file /home/airflow/.local/lib/python3.6/site-packages/airflow/example_dags/tutorial_etl_dag.py for tasks to queue
[2025-06-16 02:54:44,648] {logging_mixin.py:104} INFO - [2025-06-16 02:54:44,648] {dagbag.py:496} INFO - Filling up the DagBag from /home/airflow/.local/lib/python3.6/site-packages/airflow/example_dags/tutorial_etl_dag.py
[2025-06-16 02:54:44,654] {scheduler_job.py:643} INFO - DAG(s) dict_keys(['tutorial_etl_dag']) retrieved from /home/airflow/.local/lib/python3.6/site-packages/airflow/example_dags/tutorial_etl_dag.py
[2025-06-16 02:54:44,712] {logging_mixin.py:104} INFO - [2025-06-16 02:54:44,712] {dag.py:1833} INFO - Sync 1 DAGs
[2025-06-16 02:54:44,731] {logging_mixin.py:104} INFO - [2025-06-16 02:54:44,731] {dag.py:2306} INFO - Setting next_dagrun for tutorial_etl_dag to None
[2025-06-16 02:54:44,741] {scheduler_job.py:190} INFO - Processing /home/airflow/.local/lib/python3.6/site-packages/airflow/example_dags/tutorial_etl_dag.py took 0.095 seconds
[2025-06-16 02:55:38,300] {scheduler_job.py:182} INFO - Started process (PID=81) to work on /home/airflow/.local/lib/python3.6/site-packages/airflow/example_dags/tutorial_etl_dag.py
[2025-06-16 02:55:38,300] {scheduler_job.py:633} INFO - Processing file /home/airflow/.local/lib/python3.6/site-packages/airflow/example_dags/tutorial_etl_dag.py for tasks to queue
[2025-06-16 02:55:38,301] {logging_mixin.py:104} INFO - [2025-06-16 02:55:38,301] {dagbag.py:496} INFO - Filling up the DagBag from /home/airflow/.local/lib/python3.6/site-packages/airflow/example_dags/tutorial_etl_dag.py
[2025-06-16 02:55:38,309] {scheduler_job.py:643} INFO - DAG(s) dict_keys(['tutorial_etl_dag']) retrieved from /home/airflow/.local/lib/python3.6/site-packages/airflow/example_dags/tutorial_etl_dag.py
[2025-06-16 02:55:38,384] {logging_mixin.py:104} INFO - [2025-06-16 02:55:38,384] {dag.py:1833} INFO - Sync 1 DAGs
[2025-06-16 02:55:38,404] {logging_mixin.py:104} INFO - [2025-06-16 02:55:38,404] {dag.py:2306} INFO - Setting next_dagrun for tutorial_etl_dag to None
[2025-06-16 02:55:38,416] {scheduler_job.py:190} INFO - Processing /home/airflow/.local/lib/python3.6/site-packages/airflow/example_dags/tutorial_etl_dag.py took 0.118 seconds
[2025-06-16 02:56:09,231] {scheduler_job.py:182} INFO - Started process (PID=150) to work on /home/airflow/.local/lib/python3.6/site-packages/airflow/example_dags/tutorial_etl_dag.py
[2025-06-16 02:56:09,232] {scheduler_job.py:633} INFO - Processing file /home/airflow/.local/lib/python3.6/site-packages/airflow/example_dags/tutorial_etl_dag.py for tasks to queue
[2025-06-16 02:56:09,232] {logging_mixin.py:104} INFO - [2025-06-16 02:56:09,232] {dagbag.py:496} INFO - Filling up the DagBag from /home/airflow/.local/lib/python3.6/site-packages/airflow/example_dags/tutorial_etl_dag.py
[2025-06-16 02:56:09,239] {scheduler_job.py:643} INFO - DAG(s) dict_keys(['tutorial_etl_dag']) retrieved from /home/airflow/.local/lib/python3.6/site-packages/airflow/example_dags/tutorial_etl_dag.py
[2025-06-16 02:56:09,298] {logging_mixin.py:104} INFO - [2025-06-16 02:56:09,298] {dag.py:1833} INFO - Sync 1 DAGs
[2025-06-16 02:56:09,315] {logging_mixin.py:104} INFO - [2025-06-16 02:56:09,315] {dag.py:2306} INFO - Setting next_dagrun for tutorial_etl_dag to None
[2025-06-16 02:56:09,326] {scheduler_job.py:190} INFO - Processing /home/airflow/.local/lib/python3.6/site-packages/airflow/example_dags/tutorial_etl_dag.py took 0.096 seconds
[2025-06-16 02:56:39,709] {scheduler_job.py:182} INFO - Started process (PID=209) to work on /home/airflow/.local/lib/python3.6/site-packages/airflow/example_dags/tutorial_etl_dag.py
[2025-06-16 02:56:39,710] {scheduler_job.py:633} INFO - Processing file /home/airflow/.local/lib/python3.6/site-packages/airflow/example_dags/tutorial_etl_dag.py for tasks to queue
[2025-06-16 02:56:39,710] {logging_mixin.py:104} INFO - [2025-06-16 02:56:39,710] {dagbag.py:496} INFO - Filling up the DagBag from /home/airflow/.local/lib/python3.6/site-packages/airflow/example_dags/tutorial_etl_dag.py
[2025-06-16 02:56:39,717] {scheduler_job.py:643} INFO - DAG(s) dict_keys(['tutorial_etl_dag']) retrieved from /home/airflow/.local/lib/python3.6/site-packages/airflow/example_dags/tutorial_etl_dag.py
[2025-06-16 02:56:39,781] {logging_mixin.py:104} INFO - [2025-06-16 02:56:39,781] {dag.py:1833} INFO - Sync 1 DAGs
[2025-06-16 02:56:39,797] {logging_mixin.py:104} INFO - [2025-06-16 02:56:39,797] {dag.py:2306} INFO - Setting next_dagrun for tutorial_etl_dag to None
[2025-06-16 02:56:39,810] {scheduler_job.py:190} INFO - Processing /home/airflow/.local/lib/python3.6/site-packages/airflow/example_dags/tutorial_etl_dag.py took 0.103 seconds
[2025-06-16 02:57:10,351] {scheduler_job.py:182} INFO - Started process (PID=278) to work on /home/airflow/.local/lib/python3.6/site-packages/airflow/example_dags/tutorial_etl_dag.py
[2025-06-16 02:57:10,352] {scheduler_job.py:633} INFO - Processing file /home/airflow/.local/lib/python3.6/site-packages/airflow/example_dags/tutorial_etl_dag.py for tasks to queue
[2025-06-16 02:57:10,352] {logging_mixin.py:104} INFO - [2025-06-16 02:57:10,352] {dagbag.py:496} INFO - Filling up the DagBag from /home/airflow/.local/lib/python3.6/site-packages/airflow/example_dags/tutorial_etl_dag.py
[2025-06-16 02:57:10,359] {scheduler_job.py:643} INFO - DAG(s) dict_keys(['tutorial_etl_dag']) retrieved from /home/airflow/.local/lib/python3.6/site-packages/airflow/example_dags/tutorial_etl_dag.py
[2025-06-16 02:57:10,421] {logging_mixin.py:104} INFO - [2025-06-16 02:57:10,421] {dag.py:1833} INFO - Sync 1 DAGs
[2025-06-16 02:57:10,439] {logging_mixin.py:104} INFO - [2025-06-16 02:57:10,439] {dag.py:2306} INFO - Setting next_dagrun for tutorial_etl_dag to None
[2025-06-16 02:57:10,453] {scheduler_job.py:190} INFO - Processing /home/airflow/.local/lib/python3.6/site-packages/airflow/example_dags/tutorial_etl_dag.py took 0.103 seconds
[2025-06-16 02:57:41,162] {scheduler_job.py:182} INFO - Started process (PID=344) to work on /home/airflow/.local/lib/python3.6/site-packages/airflow/example_dags/tutorial_etl_dag.py
[2025-06-16 02:57:41,163] {scheduler_job.py:633} INFO - Processing file /home/airflow/.local/lib/python3.6/site-packages/airflow/example_dags/tutorial_etl_dag.py for tasks to queue
[2025-06-16 02:57:41,163] {logging_mixin.py:104} INFO - [2025-06-16 02:57:41,163] {dagbag.py:496} INFO - Filling up the DagBag from /home/airflow/.local/lib/python3.6/site-packages/airflow/example_dags/tutorial_etl_dag.py
[2025-06-16 02:57:41,171] {scheduler_job.py:643} INFO - DAG(s) dict_keys(['tutorial_etl_dag']) retrieved from /home/airflow/.local/lib/python3.6/site-packages/airflow/example_dags/tutorial_etl_dag.py
[2025-06-16 02:57:41,237] {logging_mixin.py:104} INFO - [2025-06-16 02:57:41,237] {dag.py:1833} INFO - Sync 1 DAGs
[2025-06-16 02:57:41,257] {logging_mixin.py:104} INFO - [2025-06-16 02:57:41,257] {dag.py:2306} INFO - Setting next_dagrun for tutorial_etl_dag to None
[2025-06-16 02:57:41,269] {scheduler_job.py:190} INFO - Processing /home/airflow/.local/lib/python3.6/site-packages/airflow/example_dags/tutorial_etl_dag.py took 0.109 seconds
[2025-06-16 02:58:21,874] {scheduler_job.py:182} INFO - Started process (PID=80) to work on /home/airflow/.local/lib/python3.6/site-packages/airflow/example_dags/tutorial_etl_dag.py
[2025-06-16 02:58:21,875] {scheduler_job.py:633} INFO - Processing file /home/airflow/.local/lib/python3.6/site-packages/airflow/example_dags/tutorial_etl_dag.py for tasks to queue
[2025-06-16 02:58:21,876] {logging_mixin.py:104} INFO - [2025-06-16 02:58:21,876] {dagbag.py:496} INFO - Filling up the DagBag from /home/airflow/.local/lib/python3.6/site-packages/airflow/example_dags/tutorial_etl_dag.py
[2025-06-16 02:58:21,886] {scheduler_job.py:643} INFO - DAG(s) dict_keys(['tutorial_etl_dag']) retrieved from /home/airflow/.local/lib/python3.6/site-packages/airflow/example_dags/tutorial_etl_dag.py
[2025-06-16 02:58:21,984] {logging_mixin.py:104} INFO - [2025-06-16 02:58:21,984] {dag.py:1833} INFO - Sync 1 DAGs
[2025-06-16 02:58:22,036] {logging_mixin.py:104} INFO - [2025-06-16 02:58:22,036] {dag.py:2306} INFO - Setting next_dagrun for tutorial_etl_dag to None
[2025-06-16 02:58:22,072] {scheduler_job.py:190} INFO - Processing /home/airflow/.local/lib/python3.6/site-packages/airflow/example_dags/tutorial_etl_dag.py took 0.202 seconds
[2025-06-16 02:58:52,931] {scheduler_job.py:182} INFO - Started process (PID=149) to work on /home/airflow/.local/lib/python3.6/site-packages/airflow/example_dags/tutorial_etl_dag.py
[2025-06-16 02:58:52,932] {scheduler_job.py:633} INFO - Processing file /home/airflow/.local/lib/python3.6/site-packages/airflow/example_dags/tutorial_etl_dag.py for tasks to queue
[2025-06-16 02:58:52,932] {logging_mixin.py:104} INFO - [2025-06-16 02:58:52,932] {dagbag.py:496} INFO - Filling up the DagBag from /home/airflow/.local/lib/python3.6/site-packages/airflow/example_dags/tutorial_etl_dag.py
[2025-06-16 02:58:52,939] {scheduler_job.py:643} INFO - DAG(s) dict_keys(['tutorial_etl_dag']) retrieved from /home/airflow/.local/lib/python3.6/site-packages/airflow/example_dags/tutorial_etl_dag.py
[2025-06-16 02:58:52,995] {logging_mixin.py:104} INFO - [2025-06-16 02:58:52,995] {dag.py:1833} INFO - Sync 1 DAGs
[2025-06-16 02:58:53,012] {logging_mixin.py:104} INFO - [2025-06-16 02:58:53,012] {dag.py:2306} INFO - Setting next_dagrun for tutorial_etl_dag to None
[2025-06-16 02:58:53,022] {scheduler_job.py:190} INFO - Processing /home/airflow/.local/lib/python3.6/site-packages/airflow/example_dags/tutorial_etl_dag.py took 0.092 seconds
[2025-06-16 02:59:23,281] {scheduler_job.py:182} INFO - Started process (PID=208) to work on /home/airflow/.local/lib/python3.6/site-packages/airflow/example_dags/tutorial_etl_dag.py
[2025-06-16 02:59:23,281] {scheduler_job.py:633} INFO - Processing file /home/airflow/.local/lib/python3.6/site-packages/airflow/example_dags/tutorial_etl_dag.py for tasks to queue
[2025-06-16 02:59:23,282] {logging_mixin.py:104} INFO - [2025-06-16 02:59:23,282] {dagbag.py:496} INFO - Filling up the DagBag from /home/airflow/.local/lib/python3.6/site-packages/airflow/example_dags/tutorial_etl_dag.py
[2025-06-16 02:59:23,289] {scheduler_job.py:643} INFO - DAG(s) dict_keys(['tutorial_etl_dag']) retrieved from /home/airflow/.local/lib/python3.6/site-packages/airflow/example_dags/tutorial_etl_dag.py
[2025-06-16 02:59:23,354] {logging_mixin.py:104} INFO - [2025-06-16 02:59:23,354] {dag.py:1833} INFO - Sync 1 DAGs
[2025-06-16 02:59:23,373] {logging_mixin.py:104} INFO - [2025-06-16 02:59:23,373] {dag.py:2306} INFO - Setting next_dagrun for tutorial_etl_dag to None
[2025-06-16 02:59:23,384] {scheduler_job.py:190} INFO - Processing /home/airflow/.local/lib/python3.6/site-packages/airflow/example_dags/tutorial_etl_dag.py took 0.105 seconds
[2025-06-16 02:59:54,144] {scheduler_job.py:182} INFO - Started process (PID=277) to work on /home/airflow/.local/lib/python3.6/site-packages/airflow/example_dags/tutorial_etl_dag.py
[2025-06-16 02:59:54,145] {scheduler_job.py:633} INFO - Processing file /home/airflow/.local/lib/python3.6/site-packages/airflow/example_dags/tutorial_etl_dag.py for tasks to queue
[2025-06-16 02:59:54,145] {logging_mixin.py:104} INFO - [2025-06-16 02:59:54,145] {dagbag.py:496} INFO - Filling up the DagBag from /home/airflow/.local/lib/python3.6/site-packages/airflow/example_dags/tutorial_etl_dag.py
[2025-06-16 02:59:54,154] {scheduler_job.py:643} INFO - DAG(s) dict_keys(['tutorial_etl_dag']) retrieved from /home/airflow/.local/lib/python3.6/site-packages/airflow/example_dags/tutorial_etl_dag.py
[2025-06-16 02:59:54,216] {logging_mixin.py:104} INFO - [2025-06-16 02:59:54,216] {dag.py:1833} INFO - Sync 1 DAGs
[2025-06-16 02:59:54,233] {logging_mixin.py:104} INFO - [2025-06-16 02:59:54,233] {dag.py:2306} INFO - Setting next_dagrun for tutorial_etl_dag to None
[2025-06-16 02:59:54,247] {scheduler_job.py:190} INFO - Processing /home/airflow/.local/lib/python3.6/site-packages/airflow/example_dags/tutorial_etl_dag.py took 0.105 seconds
