[2025-06-16 02:51:57,559] {scheduler_job.py:182} INFO - Started process (PID=210) to work on /home/airflow/.local/lib/python3.6/site-packages/airflow/example_dags/tutorial.py
[2025-06-16 02:51:57,560] {scheduler_job.py:633} INFO - Processing file /home/airflow/.local/lib/python3.6/site-packages/airflow/example_dags/tutorial.py for tasks to queue
[2025-06-16 02:51:57,560] {logging_mixin.py:104} INFO - [2025-06-16 02:51:57,560] {dagbag.py:496} INFO - Filling up the DagBag from /home/airflow/.local/lib/python3.6/site-packages/airflow/example_dags/tutorial.py
[2025-06-16 02:51:57,568] {scheduler_job.py:643} INFO - DAG(s) dict_keys(['tutorial']) retrieved from /home/airflow/.local/lib/python3.6/site-packages/airflow/example_dags/tutorial.py
[2025-06-16 02:51:59,200] {logging_mixin.py:104} INFO - [2025-06-16 02:51:59,200] {dag.py:1833} INFO - Sync 1 DAGs
[2025-06-16 02:51:59,210] {logging_mixin.py:104} INFO - [2025-06-16 02:51:59,210] {dag.py:1852} INFO - Creating ORM DAG for tutorial
[2025-06-16 02:51:59,220] {logging_mixin.py:104} INFO - [2025-06-16 02:51:59,220] {dag.py:2306} INFO - Setting next_dagrun for tutorial to 2025-06-14 00:00:00+00:00
[2025-06-16 02:51:59,236] {scheduler_job.py:190} INFO - Processing /home/airflow/.local/lib/python3.6/site-packages/airflow/example_dags/tutorial.py took 1.679 seconds
[2025-06-16 02:52:29,384] {scheduler_job.py:182} INFO - Started process (PID=392) to work on /home/airflow/.local/lib/python3.6/site-packages/airflow/example_dags/tutorial.py
[2025-06-16 02:52:29,385] {scheduler_job.py:633} INFO - Processing file /home/airflow/.local/lib/python3.6/site-packages/airflow/example_dags/tutorial.py for tasks to queue
[2025-06-16 02:52:29,385] {logging_mixin.py:104} INFO - [2025-06-16 02:52:29,385] {dagbag.py:496} INFO - Filling up the DagBag from /home/airflow/.local/lib/python3.6/site-packages/airflow/example_dags/tutorial.py
[2025-06-16 02:52:29,394] {scheduler_job.py:643} INFO - DAG(s) dict_keys(['tutorial']) retrieved from /home/airflow/.local/lib/python3.6/site-packages/airflow/example_dags/tutorial.py
[2025-06-16 02:52:29,454] {logging_mixin.py:104} INFO - [2025-06-16 02:52:29,454] {dag.py:1833} INFO - Sync 1 DAGs
[2025-06-16 02:52:29,481] {logging_mixin.py:104} INFO - [2025-06-16 02:52:29,480] {dag.py:2306} INFO - Setting next_dagrun for tutorial to 2025-06-14 00:00:00+00:00
[2025-06-16 02:52:29,496] {scheduler_job.py:190} INFO - Processing /home/airflow/.local/lib/python3.6/site-packages/airflow/example_dags/tutorial.py took 0.116 seconds
[2025-06-16 02:53:00,148] {scheduler_job.py:182} INFO - Started process (PID=451) to work on /home/airflow/.local/lib/python3.6/site-packages/airflow/example_dags/tutorial.py
[2025-06-16 02:53:00,151] {scheduler_job.py:633} INFO - Processing file /home/airflow/.local/lib/python3.6/site-packages/airflow/example_dags/tutorial.py for tasks to queue
[2025-06-16 02:53:00,151] {logging_mixin.py:104} INFO - [2025-06-16 02:53:00,151] {dagbag.py:496} INFO - Filling up the DagBag from /home/airflow/.local/lib/python3.6/site-packages/airflow/example_dags/tutorial.py
[2025-06-16 02:53:00,166] {scheduler_job.py:643} INFO - DAG(s) dict_keys(['tutorial']) retrieved from /home/airflow/.local/lib/python3.6/site-packages/airflow/example_dags/tutorial.py
[2025-06-16 02:53:00,234] {logging_mixin.py:104} INFO - [2025-06-16 02:53:00,234] {dag.py:1833} INFO - Sync 1 DAGs
[2025-06-16 02:53:00,253] {logging_mixin.py:104} INFO - [2025-06-16 02:53:00,253] {dag.py:2306} INFO - Setting next_dagrun for tutorial to 2025-06-14 00:00:00+00:00
[2025-06-16 02:53:00,264] {scheduler_job.py:190} INFO - Processing /home/airflow/.local/lib/python3.6/site-packages/airflow/example_dags/tutorial.py took 0.120 seconds
[2025-06-16 02:53:43,107] {scheduler_job.py:182} INFO - Started process (PID=73) to work on /home/airflow/.local/lib/python3.6/site-packages/airflow/example_dags/tutorial.py
[2025-06-16 02:53:43,108] {scheduler_job.py:633} INFO - Processing file /home/airflow/.local/lib/python3.6/site-packages/airflow/example_dags/tutorial.py for tasks to queue
[2025-06-16 02:53:43,109] {logging_mixin.py:104} INFO - [2025-06-16 02:53:43,109] {dagbag.py:496} INFO - Filling up the DagBag from /home/airflow/.local/lib/python3.6/site-packages/airflow/example_dags/tutorial.py
[2025-06-16 02:53:43,119] {scheduler_job.py:643} INFO - DAG(s) dict_keys(['tutorial']) retrieved from /home/airflow/.local/lib/python3.6/site-packages/airflow/example_dags/tutorial.py
[2025-06-16 02:53:43,191] {logging_mixin.py:104} INFO - [2025-06-16 02:53:43,191] {dag.py:1833} INFO - Sync 1 DAGs
[2025-06-16 02:53:43,217] {logging_mixin.py:104} INFO - [2025-06-16 02:53:43,217] {dag.py:2306} INFO - Setting next_dagrun for tutorial to 2025-06-14 00:00:00+00:00
[2025-06-16 02:53:43,237] {scheduler_job.py:190} INFO - Processing /home/airflow/.local/lib/python3.6/site-packages/airflow/example_dags/tutorial.py took 0.131 seconds
[2025-06-16 02:54:13,729] {scheduler_job.py:182} INFO - Started process (PID=132) to work on /home/airflow/.local/lib/python3.6/site-packages/airflow/example_dags/tutorial.py
[2025-06-16 02:54:13,730] {scheduler_job.py:633} INFO - Processing file /home/airflow/.local/lib/python3.6/site-packages/airflow/example_dags/tutorial.py for tasks to queue
[2025-06-16 02:54:13,730] {logging_mixin.py:104} INFO - [2025-06-16 02:54:13,730] {dagbag.py:496} INFO - Filling up the DagBag from /home/airflow/.local/lib/python3.6/site-packages/airflow/example_dags/tutorial.py
[2025-06-16 02:54:13,737] {scheduler_job.py:643} INFO - DAG(s) dict_keys(['tutorial']) retrieved from /home/airflow/.local/lib/python3.6/site-packages/airflow/example_dags/tutorial.py
[2025-06-16 02:54:13,795] {logging_mixin.py:104} INFO - [2025-06-16 02:54:13,795] {dag.py:1833} INFO - Sync 1 DAGs
[2025-06-16 02:54:13,815] {logging_mixin.py:104} INFO - [2025-06-16 02:54:13,815] {dag.py:2306} INFO - Setting next_dagrun for tutorial to 2025-06-14 00:00:00+00:00
[2025-06-16 02:54:13,828] {scheduler_job.py:190} INFO - Processing /home/airflow/.local/lib/python3.6/site-packages/airflow/example_dags/tutorial.py took 0.101 seconds
[2025-06-16 02:54:44,178] {scheduler_job.py:182} INFO - Started process (PID=201) to work on /home/airflow/.local/lib/python3.6/site-packages/airflow/example_dags/tutorial.py
[2025-06-16 02:54:44,178] {scheduler_job.py:633} INFO - Processing file /home/airflow/.local/lib/python3.6/site-packages/airflow/example_dags/tutorial.py for tasks to queue
[2025-06-16 02:54:44,179] {logging_mixin.py:104} INFO - [2025-06-16 02:54:44,179] {dagbag.py:496} INFO - Filling up the DagBag from /home/airflow/.local/lib/python3.6/site-packages/airflow/example_dags/tutorial.py
[2025-06-16 02:54:44,185] {scheduler_job.py:643} INFO - DAG(s) dict_keys(['tutorial']) retrieved from /home/airflow/.local/lib/python3.6/site-packages/airflow/example_dags/tutorial.py
[2025-06-16 02:54:44,248] {logging_mixin.py:104} INFO - [2025-06-16 02:54:44,248] {dag.py:1833} INFO - Sync 1 DAGs
[2025-06-16 02:54:44,266] {logging_mixin.py:104} INFO - [2025-06-16 02:54:44,266] {dag.py:2306} INFO - Setting next_dagrun for tutorial to 2025-06-14 00:00:00+00:00
[2025-06-16 02:54:44,278] {scheduler_job.py:190} INFO - Processing /home/airflow/.local/lib/python3.6/site-packages/airflow/example_dags/tutorial.py took 0.101 seconds
[2025-06-16 02:55:37,664] {scheduler_job.py:182} INFO - Started process (PID=73) to work on /home/airflow/.local/lib/python3.6/site-packages/airflow/example_dags/tutorial.py
[2025-06-16 02:55:37,665] {scheduler_job.py:633} INFO - Processing file /home/airflow/.local/lib/python3.6/site-packages/airflow/example_dags/tutorial.py for tasks to queue
[2025-06-16 02:55:37,665] {logging_mixin.py:104} INFO - [2025-06-16 02:55:37,665] {dagbag.py:496} INFO - Filling up the DagBag from /home/airflow/.local/lib/python3.6/site-packages/airflow/example_dags/tutorial.py
[2025-06-16 02:55:37,673] {scheduler_job.py:643} INFO - DAG(s) dict_keys(['tutorial']) retrieved from /home/airflow/.local/lib/python3.6/site-packages/airflow/example_dags/tutorial.py
[2025-06-16 02:55:37,755] {logging_mixin.py:104} INFO - [2025-06-16 02:55:37,755] {dag.py:1833} INFO - Sync 1 DAGs
[2025-06-16 02:55:37,775] {logging_mixin.py:104} INFO - [2025-06-16 02:55:37,775] {dag.py:2306} INFO - Setting next_dagrun for tutorial to 2025-06-14 00:00:00+00:00
[2025-06-16 02:55:37,788] {scheduler_job.py:190} INFO - Processing /home/airflow/.local/lib/python3.6/site-packages/airflow/example_dags/tutorial.py took 0.126 seconds
[2025-06-16 02:56:08,673] {scheduler_job.py:182} INFO - Started process (PID=142) to work on /home/airflow/.local/lib/python3.6/site-packages/airflow/example_dags/tutorial.py
[2025-06-16 02:56:08,674] {scheduler_job.py:633} INFO - Processing file /home/airflow/.local/lib/python3.6/site-packages/airflow/example_dags/tutorial.py for tasks to queue
[2025-06-16 02:56:08,674] {logging_mixin.py:104} INFO - [2025-06-16 02:56:08,674] {dagbag.py:496} INFO - Filling up the DagBag from /home/airflow/.local/lib/python3.6/site-packages/airflow/example_dags/tutorial.py
[2025-06-16 02:56:08,681] {scheduler_job.py:643} INFO - DAG(s) dict_keys(['tutorial']) retrieved from /home/airflow/.local/lib/python3.6/site-packages/airflow/example_dags/tutorial.py
[2025-06-16 02:56:08,742] {logging_mixin.py:104} INFO - [2025-06-16 02:56:08,741] {dag.py:1833} INFO - Sync 1 DAGs
[2025-06-16 02:56:08,759] {logging_mixin.py:104} INFO - [2025-06-16 02:56:08,759] {dag.py:2306} INFO - Setting next_dagrun for tutorial to 2025-06-14 00:00:00+00:00
[2025-06-16 02:56:08,771] {scheduler_job.py:190} INFO - Processing /home/airflow/.local/lib/python3.6/site-packages/airflow/example_dags/tutorial.py took 0.099 seconds
[2025-06-16 02:56:39,262] {scheduler_job.py:182} INFO - Started process (PID=201) to work on /home/airflow/.local/lib/python3.6/site-packages/airflow/example_dags/tutorial.py
[2025-06-16 02:56:39,262] {scheduler_job.py:633} INFO - Processing file /home/airflow/.local/lib/python3.6/site-packages/airflow/example_dags/tutorial.py for tasks to queue
[2025-06-16 02:56:39,263] {logging_mixin.py:104} INFO - [2025-06-16 02:56:39,263] {dagbag.py:496} INFO - Filling up the DagBag from /home/airflow/.local/lib/python3.6/site-packages/airflow/example_dags/tutorial.py
[2025-06-16 02:56:39,269] {scheduler_job.py:643} INFO - DAG(s) dict_keys(['tutorial']) retrieved from /home/airflow/.local/lib/python3.6/site-packages/airflow/example_dags/tutorial.py
[2025-06-16 02:56:39,329] {logging_mixin.py:104} INFO - [2025-06-16 02:56:39,329] {dag.py:1833} INFO - Sync 1 DAGs
[2025-06-16 02:56:39,347] {logging_mixin.py:104} INFO - [2025-06-16 02:56:39,346] {dag.py:2306} INFO - Setting next_dagrun for tutorial to 2025-06-14 00:00:00+00:00
[2025-06-16 02:56:39,357] {scheduler_job.py:190} INFO - Processing /home/airflow/.local/lib/python3.6/site-packages/airflow/example_dags/tutorial.py took 0.097 seconds
[2025-06-16 02:57:09,783] {scheduler_job.py:182} INFO - Started process (PID=270) to work on /home/airflow/.local/lib/python3.6/site-packages/airflow/example_dags/tutorial.py
[2025-06-16 02:57:09,784] {scheduler_job.py:633} INFO - Processing file /home/airflow/.local/lib/python3.6/site-packages/airflow/example_dags/tutorial.py for tasks to queue
[2025-06-16 02:57:09,785] {logging_mixin.py:104} INFO - [2025-06-16 02:57:09,785] {dagbag.py:496} INFO - Filling up the DagBag from /home/airflow/.local/lib/python3.6/site-packages/airflow/example_dags/tutorial.py
[2025-06-16 02:57:09,793] {scheduler_job.py:643} INFO - DAG(s) dict_keys(['tutorial']) retrieved from /home/airflow/.local/lib/python3.6/site-packages/airflow/example_dags/tutorial.py
[2025-06-16 02:57:09,852] {logging_mixin.py:104} INFO - [2025-06-16 02:57:09,852] {dag.py:1833} INFO - Sync 1 DAGs
[2025-06-16 02:57:09,870] {logging_mixin.py:104} INFO - [2025-06-16 02:57:09,870] {dag.py:2306} INFO - Setting next_dagrun for tutorial to 2025-06-14 00:00:00+00:00
[2025-06-16 02:57:09,881] {scheduler_job.py:190} INFO - Processing /home/airflow/.local/lib/python3.6/site-packages/airflow/example_dags/tutorial.py took 0.099 seconds
[2025-06-16 02:57:40,588] {scheduler_job.py:182} INFO - Started process (PID=329) to work on /home/airflow/.local/lib/python3.6/site-packages/airflow/example_dags/tutorial.py
[2025-06-16 02:57:40,592] {scheduler_job.py:633} INFO - Processing file /home/airflow/.local/lib/python3.6/site-packages/airflow/example_dags/tutorial.py for tasks to queue
[2025-06-16 02:57:40,595] {logging_mixin.py:104} INFO - [2025-06-16 02:57:40,594] {dagbag.py:496} INFO - Filling up the DagBag from /home/airflow/.local/lib/python3.6/site-packages/airflow/example_dags/tutorial.py
[2025-06-16 02:57:40,601] {scheduler_job.py:643} INFO - DAG(s) dict_keys(['tutorial']) retrieved from /home/airflow/.local/lib/python3.6/site-packages/airflow/example_dags/tutorial.py
[2025-06-16 02:57:40,662] {logging_mixin.py:104} INFO - [2025-06-16 02:57:40,662] {dag.py:1833} INFO - Sync 1 DAGs
[2025-06-16 02:57:40,680] {logging_mixin.py:104} INFO - [2025-06-16 02:57:40,679] {dag.py:2306} INFO - Setting next_dagrun for tutorial to 2025-06-14 00:00:00+00:00
[2025-06-16 02:57:40,690] {scheduler_job.py:190} INFO - Processing /home/airflow/.local/lib/python3.6/site-packages/airflow/example_dags/tutorial.py took 0.104 seconds
[2025-06-16 02:58:21,197] {scheduler_job.py:182} INFO - Started process (PID=72) to work on /home/airflow/.local/lib/python3.6/site-packages/airflow/example_dags/tutorial.py
[2025-06-16 02:58:21,199] {scheduler_job.py:633} INFO - Processing file /home/airflow/.local/lib/python3.6/site-packages/airflow/example_dags/tutorial.py for tasks to queue
[2025-06-16 02:58:21,200] {logging_mixin.py:104} INFO - [2025-06-16 02:58:21,200] {dagbag.py:496} INFO - Filling up the DagBag from /home/airflow/.local/lib/python3.6/site-packages/airflow/example_dags/tutorial.py
[2025-06-16 02:58:21,208] {scheduler_job.py:643} INFO - DAG(s) dict_keys(['tutorial']) retrieved from /home/airflow/.local/lib/python3.6/site-packages/airflow/example_dags/tutorial.py
[2025-06-16 02:58:21,274] {logging_mixin.py:104} INFO - [2025-06-16 02:58:21,274] {dag.py:1833} INFO - Sync 1 DAGs
[2025-06-16 02:58:21,295] {logging_mixin.py:104} INFO - [2025-06-16 02:58:21,295] {dag.py:2306} INFO - Setting next_dagrun for tutorial to 2025-06-14 00:00:00+00:00
[2025-06-16 02:58:21,308] {scheduler_job.py:190} INFO - Processing /home/airflow/.local/lib/python3.6/site-packages/airflow/example_dags/tutorial.py took 0.114 seconds
[2025-06-16 02:58:51,327] {scheduler_job.py:182} INFO - Started process (PID=131) to work on /home/airflow/.local/lib/python3.6/site-packages/airflow/example_dags/tutorial.py
[2025-06-16 02:58:51,328] {scheduler_job.py:633} INFO - Processing file /home/airflow/.local/lib/python3.6/site-packages/airflow/example_dags/tutorial.py for tasks to queue
[2025-06-16 02:58:51,328] {logging_mixin.py:104} INFO - [2025-06-16 02:58:51,328] {dagbag.py:496} INFO - Filling up the DagBag from /home/airflow/.local/lib/python3.6/site-packages/airflow/example_dags/tutorial.py
[2025-06-16 02:58:51,334] {scheduler_job.py:643} INFO - DAG(s) dict_keys(['tutorial']) retrieved from /home/airflow/.local/lib/python3.6/site-packages/airflow/example_dags/tutorial.py
[2025-06-16 02:58:51,394] {logging_mixin.py:104} INFO - [2025-06-16 02:58:51,394] {dag.py:1833} INFO - Sync 1 DAGs
[2025-06-16 02:58:51,410] {logging_mixin.py:104} INFO - [2025-06-16 02:58:51,410] {dag.py:2306} INFO - Setting next_dagrun for tutorial to 2025-06-14 00:00:00+00:00
[2025-06-16 02:58:51,420] {scheduler_job.py:190} INFO - Processing /home/airflow/.local/lib/python3.6/site-packages/airflow/example_dags/tutorial.py took 0.094 seconds
[2025-06-16 02:59:21,772] {scheduler_job.py:182} INFO - Started process (PID=200) to work on /home/airflow/.local/lib/python3.6/site-packages/airflow/example_dags/tutorial.py
[2025-06-16 02:59:21,773] {scheduler_job.py:633} INFO - Processing file /home/airflow/.local/lib/python3.6/site-packages/airflow/example_dags/tutorial.py for tasks to queue
[2025-06-16 02:59:21,773] {logging_mixin.py:104} INFO - [2025-06-16 02:59:21,773] {dagbag.py:496} INFO - Filling up the DagBag from /home/airflow/.local/lib/python3.6/site-packages/airflow/example_dags/tutorial.py
[2025-06-16 02:59:21,779] {scheduler_job.py:643} INFO - DAG(s) dict_keys(['tutorial']) retrieved from /home/airflow/.local/lib/python3.6/site-packages/airflow/example_dags/tutorial.py
[2025-06-16 02:59:21,838] {logging_mixin.py:104} INFO - [2025-06-16 02:59:21,837] {dag.py:1833} INFO - Sync 1 DAGs
[2025-06-16 02:59:21,854] {logging_mixin.py:104} INFO - [2025-06-16 02:59:21,854] {dag.py:2306} INFO - Setting next_dagrun for tutorial to 2025-06-14 00:00:00+00:00
[2025-06-16 02:59:21,864] {scheduler_job.py:190} INFO - Processing /home/airflow/.local/lib/python3.6/site-packages/airflow/example_dags/tutorial.py took 0.093 seconds
[2025-06-16 02:59:52,534] {scheduler_job.py:182} INFO - Started process (PID=269) to work on /home/airflow/.local/lib/python3.6/site-packages/airflow/example_dags/tutorial.py
[2025-06-16 02:59:52,535] {scheduler_job.py:633} INFO - Processing file /home/airflow/.local/lib/python3.6/site-packages/airflow/example_dags/tutorial.py for tasks to queue
[2025-06-16 02:59:52,535] {logging_mixin.py:104} INFO - [2025-06-16 02:59:52,535] {dagbag.py:496} INFO - Filling up the DagBag from /home/airflow/.local/lib/python3.6/site-packages/airflow/example_dags/tutorial.py
[2025-06-16 02:59:52,542] {scheduler_job.py:643} INFO - DAG(s) dict_keys(['tutorial']) retrieved from /home/airflow/.local/lib/python3.6/site-packages/airflow/example_dags/tutorial.py
[2025-06-16 02:59:52,601] {logging_mixin.py:104} INFO - [2025-06-16 02:59:52,601] {dag.py:1833} INFO - Sync 1 DAGs
[2025-06-16 02:59:52,618] {logging_mixin.py:104} INFO - [2025-06-16 02:59:52,618] {dag.py:2306} INFO - Setting next_dagrun for tutorial to 2025-06-14 00:00:00+00:00
[2025-06-16 02:59:52,629] {scheduler_job.py:190} INFO - Processing /home/airflow/.local/lib/python3.6/site-packages/airflow/example_dags/tutorial.py took 0.097 seconds
