[2025-06-16 02:51:48,038] {scheduler_job.py:182} INFO - Started process (PID=101) to work on /home/airflow/.local/lib/python3.6/site-packages/airflow/example_dags/tutorial_taskflow_api_etl.py
[2025-06-16 02:51:48,039] {scheduler_job.py:633} INFO - Processing file /home/airflow/.local/lib/python3.6/site-packages/airflow/example_dags/tutorial_taskflow_api_etl.py for tasks to queue
[2025-06-16 02:51:48,039] {logging_mixin.py:104} INFO - [2025-06-16 02:51:48,039] {dagbag.py:496} INFO - Filling up the DagBag from /home/airflow/.local/lib/python3.6/site-packages/airflow/example_dags/tutorial_taskflow_api_etl.py
[2025-06-16 02:51:48,052] {scheduler_job.py:643} INFO - DAG(s) dict_keys(['tutorial_taskflow_api_etl']) retrieved from /home/airflow/.local/lib/python3.6/site-packages/airflow/example_dags/tutorial_taskflow_api_etl.py
[2025-06-16 02:51:49,735] {logging_mixin.py:104} INFO - [2025-06-16 02:51:49,735] {dag.py:1833} INFO - Sync 1 DAGs
[2025-06-16 02:51:49,744] {logging_mixin.py:104} INFO - [2025-06-16 02:51:49,744] {dag.py:1852} INFO - Creating ORM DAG for tutorial_taskflow_api_etl
[2025-06-16 02:51:49,754] {logging_mixin.py:104} INFO - [2025-06-16 02:51:49,754] {dag.py:2306} INFO - Setting next_dagrun for tutorial_taskflow_api_etl to None
[2025-06-16 02:51:49,761] {scheduler_job.py:190} INFO - Processing /home/airflow/.local/lib/python3.6/site-packages/airflow/example_dags/tutorial_taskflow_api_etl.py took 1.725 seconds
[2025-06-16 02:52:20,263] {scheduler_job.py:182} INFO - Started process (PID=371) to work on /home/airflow/.local/lib/python3.6/site-packages/airflow/example_dags/tutorial_taskflow_api_etl.py
[2025-06-16 02:52:20,265] {scheduler_job.py:633} INFO - Processing file /home/airflow/.local/lib/python3.6/site-packages/airflow/example_dags/tutorial_taskflow_api_etl.py for tasks to queue
[2025-06-16 02:52:20,266] {logging_mixin.py:104} INFO - [2025-06-16 02:52:20,266] {dagbag.py:496} INFO - Filling up the DagBag from /home/airflow/.local/lib/python3.6/site-packages/airflow/example_dags/tutorial_taskflow_api_etl.py
[2025-06-16 02:52:20,283] {scheduler_job.py:643} INFO - DAG(s) dict_keys(['tutorial_taskflow_api_etl']) retrieved from /home/airflow/.local/lib/python3.6/site-packages/airflow/example_dags/tutorial_taskflow_api_etl.py
[2025-06-16 02:52:20,450] {logging_mixin.py:104} INFO - [2025-06-16 02:52:20,450] {dag.py:1833} INFO - Sync 1 DAGs
[2025-06-16 02:52:20,464] {logging_mixin.py:104} INFO - [2025-06-16 02:52:20,464] {dag.py:2306} INFO - Setting next_dagrun for tutorial_taskflow_api_etl to None
[2025-06-16 02:52:20,476] {scheduler_job.py:190} INFO - Processing /home/airflow/.local/lib/python3.6/site-packages/airflow/example_dags/tutorial_taskflow_api_etl.py took 0.220 seconds
[2025-06-16 02:52:50,578] {scheduler_job.py:182} INFO - Started process (PID=440) to work on /home/airflow/.local/lib/python3.6/site-packages/airflow/example_dags/tutorial_taskflow_api_etl.py
[2025-06-16 02:52:50,579] {scheduler_job.py:633} INFO - Processing file /home/airflow/.local/lib/python3.6/site-packages/airflow/example_dags/tutorial_taskflow_api_etl.py for tasks to queue
[2025-06-16 02:52:50,579] {logging_mixin.py:104} INFO - [2025-06-16 02:52:50,579] {dagbag.py:496} INFO - Filling up the DagBag from /home/airflow/.local/lib/python3.6/site-packages/airflow/example_dags/tutorial_taskflow_api_etl.py
[2025-06-16 02:52:50,589] {scheduler_job.py:643} INFO - DAG(s) dict_keys(['tutorial_taskflow_api_etl']) retrieved from /home/airflow/.local/lib/python3.6/site-packages/airflow/example_dags/tutorial_taskflow_api_etl.py
[2025-06-16 02:52:50,750] {logging_mixin.py:104} INFO - [2025-06-16 02:52:50,750] {dag.py:1833} INFO - Sync 1 DAGs
[2025-06-16 02:52:50,765] {logging_mixin.py:104} INFO - [2025-06-16 02:52:50,765] {dag.py:2306} INFO - Setting next_dagrun for tutorial_taskflow_api_etl to None
[2025-06-16 02:52:50,777] {scheduler_job.py:190} INFO - Processing /home/airflow/.local/lib/python3.6/site-packages/airflow/example_dags/tutorial_taskflow_api_etl.py took 0.201 seconds
[2025-06-16 02:53:41,907] {scheduler_job.py:182} INFO - Started process (PID=62) to work on /home/airflow/.local/lib/python3.6/site-packages/airflow/example_dags/tutorial_taskflow_api_etl.py
[2025-06-16 02:53:41,908] {scheduler_job.py:633} INFO - Processing file /home/airflow/.local/lib/python3.6/site-packages/airflow/example_dags/tutorial_taskflow_api_etl.py for tasks to queue
[2025-06-16 02:53:41,909] {logging_mixin.py:104} INFO - [2025-06-16 02:53:41,909] {dagbag.py:496} INFO - Filling up the DagBag from /home/airflow/.local/lib/python3.6/site-packages/airflow/example_dags/tutorial_taskflow_api_etl.py
[2025-06-16 02:53:41,920] {scheduler_job.py:643} INFO - DAG(s) dict_keys(['tutorial_taskflow_api_etl']) retrieved from /home/airflow/.local/lib/python3.6/site-packages/airflow/example_dags/tutorial_taskflow_api_etl.py
[2025-06-16 02:53:42,175] {logging_mixin.py:104} INFO - [2025-06-16 02:53:42,175] {dag.py:1833} INFO - Sync 1 DAGs
[2025-06-16 02:53:42,211] {logging_mixin.py:104} INFO - [2025-06-16 02:53:42,211] {dag.py:2306} INFO - Setting next_dagrun for tutorial_taskflow_api_etl to None
[2025-06-16 02:53:42,241] {scheduler_job.py:190} INFO - Processing /home/airflow/.local/lib/python3.6/site-packages/airflow/example_dags/tutorial_taskflow_api_etl.py took 0.336 seconds
[2025-06-16 02:54:12,882] {scheduler_job.py:182} INFO - Started process (PID=122) to work on /home/airflow/.local/lib/python3.6/site-packages/airflow/example_dags/tutorial_taskflow_api_etl.py
[2025-06-16 02:54:12,883] {scheduler_job.py:633} INFO - Processing file /home/airflow/.local/lib/python3.6/site-packages/airflow/example_dags/tutorial_taskflow_api_etl.py for tasks to queue
[2025-06-16 02:54:12,883] {logging_mixin.py:104} INFO - [2025-06-16 02:54:12,883] {dagbag.py:496} INFO - Filling up the DagBag from /home/airflow/.local/lib/python3.6/site-packages/airflow/example_dags/tutorial_taskflow_api_etl.py
[2025-06-16 02:54:12,892] {scheduler_job.py:643} INFO - DAG(s) dict_keys(['tutorial_taskflow_api_etl']) retrieved from /home/airflow/.local/lib/python3.6/site-packages/airflow/example_dags/tutorial_taskflow_api_etl.py
[2025-06-16 02:54:13,063] {logging_mixin.py:104} INFO - [2025-06-16 02:54:13,063] {dag.py:1833} INFO - Sync 1 DAGs
[2025-06-16 02:54:13,077] {logging_mixin.py:104} INFO - [2025-06-16 02:54:13,077] {dag.py:2306} INFO - Setting next_dagrun for tutorial_taskflow_api_etl to None
[2025-06-16 02:54:13,091] {scheduler_job.py:190} INFO - Processing /home/airflow/.local/lib/python3.6/site-packages/airflow/example_dags/tutorial_taskflow_api_etl.py took 0.210 seconds
[2025-06-16 02:54:43,531] {scheduler_job.py:182} INFO - Started process (PID=190) to work on /home/airflow/.local/lib/python3.6/site-packages/airflow/example_dags/tutorial_taskflow_api_etl.py
[2025-06-16 02:54:43,531] {scheduler_job.py:633} INFO - Processing file /home/airflow/.local/lib/python3.6/site-packages/airflow/example_dags/tutorial_taskflow_api_etl.py for tasks to queue
[2025-06-16 02:54:43,532] {logging_mixin.py:104} INFO - [2025-06-16 02:54:43,531] {dagbag.py:496} INFO - Filling up the DagBag from /home/airflow/.local/lib/python3.6/site-packages/airflow/example_dags/tutorial_taskflow_api_etl.py
[2025-06-16 02:54:43,540] {scheduler_job.py:643} INFO - DAG(s) dict_keys(['tutorial_taskflow_api_etl']) retrieved from /home/airflow/.local/lib/python3.6/site-packages/airflow/example_dags/tutorial_taskflow_api_etl.py
[2025-06-16 02:54:43,597] {logging_mixin.py:104} INFO - [2025-06-16 02:54:43,597] {dag.py:1833} INFO - Sync 1 DAGs
[2025-06-16 02:54:43,614] {logging_mixin.py:104} INFO - [2025-06-16 02:54:43,613] {dag.py:2306} INFO - Setting next_dagrun for tutorial_taskflow_api_etl to None
[2025-06-16 02:54:43,624] {scheduler_job.py:190} INFO - Processing /home/airflow/.local/lib/python3.6/site-packages/airflow/example_dags/tutorial_taskflow_api_etl.py took 0.095 seconds
[2025-06-16 02:55:36,309] {scheduler_job.py:182} INFO - Started process (PID=62) to work on /home/airflow/.local/lib/python3.6/site-packages/airflow/example_dags/tutorial_taskflow_api_etl.py
[2025-06-16 02:55:36,310] {scheduler_job.py:633} INFO - Processing file /home/airflow/.local/lib/python3.6/site-packages/airflow/example_dags/tutorial_taskflow_api_etl.py for tasks to queue
[2025-06-16 02:55:36,315] {logging_mixin.py:104} INFO - [2025-06-16 02:55:36,315] {dagbag.py:496} INFO - Filling up the DagBag from /home/airflow/.local/lib/python3.6/site-packages/airflow/example_dags/tutorial_taskflow_api_etl.py
[2025-06-16 02:55:36,327] {scheduler_job.py:643} INFO - DAG(s) dict_keys(['tutorial_taskflow_api_etl']) retrieved from /home/airflow/.local/lib/python3.6/site-packages/airflow/example_dags/tutorial_taskflow_api_etl.py
[2025-06-16 02:55:36,620] {logging_mixin.py:104} INFO - [2025-06-16 02:55:36,620] {dag.py:1833} INFO - Sync 1 DAGs
[2025-06-16 02:55:36,650] {logging_mixin.py:104} INFO - [2025-06-16 02:55:36,650] {dag.py:2306} INFO - Setting next_dagrun for tutorial_taskflow_api_etl to None
[2025-06-16 02:55:36,671] {scheduler_job.py:190} INFO - Processing /home/airflow/.local/lib/python3.6/site-packages/airflow/example_dags/tutorial_taskflow_api_etl.py took 0.366 seconds
[2025-06-16 02:56:06,913] {scheduler_job.py:182} INFO - Started process (PID=121) to work on /home/airflow/.local/lib/python3.6/site-packages/airflow/example_dags/tutorial_taskflow_api_etl.py
[2025-06-16 02:56:06,914] {scheduler_job.py:633} INFO - Processing file /home/airflow/.local/lib/python3.6/site-packages/airflow/example_dags/tutorial_taskflow_api_etl.py for tasks to queue
[2025-06-16 02:56:06,914] {logging_mixin.py:104} INFO - [2025-06-16 02:56:06,914] {dagbag.py:496} INFO - Filling up the DagBag from /home/airflow/.local/lib/python3.6/site-packages/airflow/example_dags/tutorial_taskflow_api_etl.py
[2025-06-16 02:56:06,923] {scheduler_job.py:643} INFO - DAG(s) dict_keys(['tutorial_taskflow_api_etl']) retrieved from /home/airflow/.local/lib/python3.6/site-packages/airflow/example_dags/tutorial_taskflow_api_etl.py
[2025-06-16 02:56:07,082] {logging_mixin.py:104} INFO - [2025-06-16 02:56:07,082] {dag.py:1833} INFO - Sync 1 DAGs
[2025-06-16 02:56:07,097] {logging_mixin.py:104} INFO - [2025-06-16 02:56:07,097] {dag.py:2306} INFO - Setting next_dagrun for tutorial_taskflow_api_etl to None
[2025-06-16 02:56:07,110] {scheduler_job.py:190} INFO - Processing /home/airflow/.local/lib/python3.6/site-packages/airflow/example_dags/tutorial_taskflow_api_etl.py took 0.198 seconds
[2025-06-16 02:56:37,365] {scheduler_job.py:182} INFO - Started process (PID=190) to work on /home/airflow/.local/lib/python3.6/site-packages/airflow/example_dags/tutorial_taskflow_api_etl.py
[2025-06-16 02:56:37,366] {scheduler_job.py:633} INFO - Processing file /home/airflow/.local/lib/python3.6/site-packages/airflow/example_dags/tutorial_taskflow_api_etl.py for tasks to queue
[2025-06-16 02:56:37,367] {logging_mixin.py:104} INFO - [2025-06-16 02:56:37,366] {dagbag.py:496} INFO - Filling up the DagBag from /home/airflow/.local/lib/python3.6/site-packages/airflow/example_dags/tutorial_taskflow_api_etl.py
[2025-06-16 02:56:37,376] {scheduler_job.py:643} INFO - DAG(s) dict_keys(['tutorial_taskflow_api_etl']) retrieved from /home/airflow/.local/lib/python3.6/site-packages/airflow/example_dags/tutorial_taskflow_api_etl.py
[2025-06-16 02:56:37,434] {logging_mixin.py:104} INFO - [2025-06-16 02:56:37,434] {dag.py:1833} INFO - Sync 1 DAGs
[2025-06-16 02:56:37,450] {logging_mixin.py:104} INFO - [2025-06-16 02:56:37,449] {dag.py:2306} INFO - Setting next_dagrun for tutorial_taskflow_api_etl to None
[2025-06-16 02:56:37,460] {scheduler_job.py:190} INFO - Processing /home/airflow/.local/lib/python3.6/site-packages/airflow/example_dags/tutorial_taskflow_api_etl.py took 0.096 seconds
[2025-06-16 02:57:07,846] {scheduler_job.py:182} INFO - Started process (PID=259) to work on /home/airflow/.local/lib/python3.6/site-packages/airflow/example_dags/tutorial_taskflow_api_etl.py
[2025-06-16 02:57:07,850] {scheduler_job.py:633} INFO - Processing file /home/airflow/.local/lib/python3.6/site-packages/airflow/example_dags/tutorial_taskflow_api_etl.py for tasks to queue
[2025-06-16 02:57:07,855] {logging_mixin.py:104} INFO - [2025-06-16 02:57:07,855] {dagbag.py:496} INFO - Filling up the DagBag from /home/airflow/.local/lib/python3.6/site-packages/airflow/example_dags/tutorial_taskflow_api_etl.py
[2025-06-16 02:57:07,887] {scheduler_job.py:643} INFO - DAG(s) dict_keys(['tutorial_taskflow_api_etl']) retrieved from /home/airflow/.local/lib/python3.6/site-packages/airflow/example_dags/tutorial_taskflow_api_etl.py
[2025-06-16 02:57:08,110] {logging_mixin.py:104} INFO - [2025-06-16 02:57:08,110] {dag.py:1833} INFO - Sync 1 DAGs
[2025-06-16 02:57:08,125] {logging_mixin.py:104} INFO - [2025-06-16 02:57:08,125] {dag.py:2306} INFO - Setting next_dagrun for tutorial_taskflow_api_etl to None
[2025-06-16 02:57:08,137] {scheduler_job.py:190} INFO - Processing /home/airflow/.local/lib/python3.6/site-packages/airflow/example_dags/tutorial_taskflow_api_etl.py took 0.293 seconds
[2025-06-16 02:57:38,546] {scheduler_job.py:182} INFO - Started process (PID=318) to work on /home/airflow/.local/lib/python3.6/site-packages/airflow/example_dags/tutorial_taskflow_api_etl.py
[2025-06-16 02:57:38,550] {scheduler_job.py:633} INFO - Processing file /home/airflow/.local/lib/python3.6/site-packages/airflow/example_dags/tutorial_taskflow_api_etl.py for tasks to queue
[2025-06-16 02:57:38,551] {logging_mixin.py:104} INFO - [2025-06-16 02:57:38,551] {dagbag.py:496} INFO - Filling up the DagBag from /home/airflow/.local/lib/python3.6/site-packages/airflow/example_dags/tutorial_taskflow_api_etl.py
[2025-06-16 02:57:38,578] {scheduler_job.py:643} INFO - DAG(s) dict_keys(['tutorial_taskflow_api_etl']) retrieved from /home/airflow/.local/lib/python3.6/site-packages/airflow/example_dags/tutorial_taskflow_api_etl.py
[2025-06-16 02:57:38,795] {logging_mixin.py:104} INFO - [2025-06-16 02:57:38,795] {dag.py:1833} INFO - Sync 1 DAGs
[2025-06-16 02:57:38,814] {logging_mixin.py:104} INFO - [2025-06-16 02:57:38,814] {dag.py:2306} INFO - Setting next_dagrun for tutorial_taskflow_api_etl to None
[2025-06-16 02:57:38,830] {scheduler_job.py:190} INFO - Processing /home/airflow/.local/lib/python3.6/site-packages/airflow/example_dags/tutorial_taskflow_api_etl.py took 0.287 seconds
[2025-06-16 02:58:19,711] {scheduler_job.py:182} INFO - Started process (PID=61) to work on /home/airflow/.local/lib/python3.6/site-packages/airflow/example_dags/tutorial_taskflow_api_etl.py
[2025-06-16 02:58:19,713] {scheduler_job.py:633} INFO - Processing file /home/airflow/.local/lib/python3.6/site-packages/airflow/example_dags/tutorial_taskflow_api_etl.py for tasks to queue
[2025-06-16 02:58:19,714] {logging_mixin.py:104} INFO - [2025-06-16 02:58:19,714] {dagbag.py:496} INFO - Filling up the DagBag from /home/airflow/.local/lib/python3.6/site-packages/airflow/example_dags/tutorial_taskflow_api_etl.py
[2025-06-16 02:58:19,735] {scheduler_job.py:643} INFO - DAG(s) dict_keys(['tutorial_taskflow_api_etl']) retrieved from /home/airflow/.local/lib/python3.6/site-packages/airflow/example_dags/tutorial_taskflow_api_etl.py
[2025-06-16 02:58:19,966] {logging_mixin.py:104} INFO - [2025-06-16 02:58:19,966] {dag.py:1833} INFO - Sync 1 DAGs
[2025-06-16 02:58:19,993] {logging_mixin.py:104} INFO - [2025-06-16 02:58:19,993] {dag.py:2306} INFO - Setting next_dagrun for tutorial_taskflow_api_etl to None
[2025-06-16 02:58:20,012] {scheduler_job.py:190} INFO - Processing /home/airflow/.local/lib/python3.6/site-packages/airflow/example_dags/tutorial_taskflow_api_etl.py took 0.305 seconds
[2025-06-16 02:58:50,522] {scheduler_job.py:182} INFO - Started process (PID=120) to work on /home/airflow/.local/lib/python3.6/site-packages/airflow/example_dags/tutorial_taskflow_api_etl.py
[2025-06-16 02:58:50,522] {scheduler_job.py:633} INFO - Processing file /home/airflow/.local/lib/python3.6/site-packages/airflow/example_dags/tutorial_taskflow_api_etl.py for tasks to queue
[2025-06-16 02:58:50,523] {logging_mixin.py:104} INFO - [2025-06-16 02:58:50,523] {dagbag.py:496} INFO - Filling up the DagBag from /home/airflow/.local/lib/python3.6/site-packages/airflow/example_dags/tutorial_taskflow_api_etl.py
[2025-06-16 02:58:50,531] {scheduler_job.py:643} INFO - DAG(s) dict_keys(['tutorial_taskflow_api_etl']) retrieved from /home/airflow/.local/lib/python3.6/site-packages/airflow/example_dags/tutorial_taskflow_api_etl.py
[2025-06-16 02:58:50,699] {logging_mixin.py:104} INFO - [2025-06-16 02:58:50,698] {dag.py:1833} INFO - Sync 1 DAGs
[2025-06-16 02:58:50,712] {logging_mixin.py:104} INFO - [2025-06-16 02:58:50,712] {dag.py:2306} INFO - Setting next_dagrun for tutorial_taskflow_api_etl to None
[2025-06-16 02:58:50,724] {scheduler_job.py:190} INFO - Processing /home/airflow/.local/lib/python3.6/site-packages/airflow/example_dags/tutorial_taskflow_api_etl.py took 0.204 seconds
[2025-06-16 02:59:21,081] {scheduler_job.py:182} INFO - Started process (PID=190) to work on /home/airflow/.local/lib/python3.6/site-packages/airflow/example_dags/tutorial_taskflow_api_etl.py
[2025-06-16 02:59:21,082] {scheduler_job.py:633} INFO - Processing file /home/airflow/.local/lib/python3.6/site-packages/airflow/example_dags/tutorial_taskflow_api_etl.py for tasks to queue
[2025-06-16 02:59:21,082] {logging_mixin.py:104} INFO - [2025-06-16 02:59:21,082] {dagbag.py:496} INFO - Filling up the DagBag from /home/airflow/.local/lib/python3.6/site-packages/airflow/example_dags/tutorial_taskflow_api_etl.py
[2025-06-16 02:59:21,090] {scheduler_job.py:643} INFO - DAG(s) dict_keys(['tutorial_taskflow_api_etl']) retrieved from /home/airflow/.local/lib/python3.6/site-packages/airflow/example_dags/tutorial_taskflow_api_etl.py
[2025-06-16 02:59:21,244] {logging_mixin.py:104} INFO - [2025-06-16 02:59:21,244] {dag.py:1833} INFO - Sync 1 DAGs
[2025-06-16 02:59:21,257] {logging_mixin.py:104} INFO - [2025-06-16 02:59:21,257] {dag.py:2306} INFO - Setting next_dagrun for tutorial_taskflow_api_etl to None
[2025-06-16 02:59:21,269] {scheduler_job.py:190} INFO - Processing /home/airflow/.local/lib/python3.6/site-packages/airflow/example_dags/tutorial_taskflow_api_etl.py took 0.189 seconds
[2025-06-16 02:59:51,886] {scheduler_job.py:182} INFO - Started process (PID=259) to work on /home/airflow/.local/lib/python3.6/site-packages/airflow/example_dags/tutorial_taskflow_api_etl.py
[2025-06-16 02:59:51,886] {scheduler_job.py:633} INFO - Processing file /home/airflow/.local/lib/python3.6/site-packages/airflow/example_dags/tutorial_taskflow_api_etl.py for tasks to queue
[2025-06-16 02:59:51,887] {logging_mixin.py:104} INFO - [2025-06-16 02:59:51,887] {dagbag.py:496} INFO - Filling up the DagBag from /home/airflow/.local/lib/python3.6/site-packages/airflow/example_dags/tutorial_taskflow_api_etl.py
[2025-06-16 02:59:51,895] {scheduler_job.py:643} INFO - DAG(s) dict_keys(['tutorial_taskflow_api_etl']) retrieved from /home/airflow/.local/lib/python3.6/site-packages/airflow/example_dags/tutorial_taskflow_api_etl.py
[2025-06-16 02:59:52,077] {logging_mixin.py:104} INFO - [2025-06-16 02:59:52,077] {dag.py:1833} INFO - Sync 1 DAGs
[2025-06-16 02:59:52,091] {logging_mixin.py:104} INFO - [2025-06-16 02:59:52,091] {dag.py:2306} INFO - Setting next_dagrun for tutorial_taskflow_api_etl to None
[2025-06-16 02:59:52,105] {scheduler_job.py:190} INFO - Processing /home/airflow/.local/lib/python3.6/site-packages/airflow/example_dags/tutorial_taskflow_api_etl.py took 0.221 seconds
