[2025-06-16 02:56:23,381] {taskinstance.py:896} INFO - Dependencies all met for <TaskInstance: Job_dag.data_ingestion 2025-06-16T01:00:00+00:00 [queued]>
[2025-06-16 02:56:23,460] {taskinstance.py:896} INFO - Dependencies all met for <TaskInstance: Job_dag.data_ingestion 2025-06-16T01:00:00+00:00 [queued]>
[2025-06-16 02:56:23,460] {taskinstance.py:1087} INFO - 
--------------------------------------------------------------------------------
[2025-06-16 02:56:23,461] {taskinstance.py:1088} INFO - Starting attempt 1 of 2
[2025-06-16 02:56:23,461] {taskinstance.py:1089} INFO - 
--------------------------------------------------------------------------------
[2025-06-16 02:56:23,480] {taskinstance.py:1107} INFO - Executing <Task(PythonOperator): data_ingestion> on 2025-06-16T01:00:00+00:00
[2025-06-16 02:56:23,485] {standard_task_runner.py:52} INFO - Started process 147 to run task
[2025-06-16 02:56:23,488] {standard_task_runner.py:76} INFO - Running: ['***', 'tasks', 'run', 'Job_dag', 'data_ingestion', '2025-06-16T01:00:00+00:00', '--job-id', '5', '--pool', 'default_pool', '--raw', '--subdir', 'DAGS_FOLDER/churn_dag.py', '--cfg-path', '/tmp/tmpvxfxayky', '--error-file', '/tmp/tmp0801skbn']
[2025-06-16 02:56:23,489] {standard_task_runner.py:77} INFO - Job 5: Subtask data_ingestion
[2025-06-16 02:56:23,631] {logging_mixin.py:104} INFO - Running <TaskInstance: Job_dag.data_ingestion 2025-06-16T01:00:00+00:00 [running]> on host 00c15d6be3a5
[2025-06-16 02:56:23,850] {taskinstance.py:1302} INFO - Exporting the following env vars:
AIRFLOW_CTX_DAG_EMAIL=***@example.com
AIRFLOW_CTX_DAG_OWNER=***
AIRFLOW_CTX_DAG_ID=Job_dag
AIRFLOW_CTX_TASK_ID=data_ingestion
AIRFLOW_CTX_EXECUTION_DATE=2025-06-16T01:00:00+00:00
AIRFLOW_CTX_DAG_RUN_ID=scheduled__2025-06-16T01:00:00+00:00
[2025-06-16 02:56:23,882] {logging_mixin.py:104} INFO - Conection Testing123
[2025-06-16 02:56:23,882] {logging_mixin.py:104} INFO - <connection object at 0x7ffff2cd2908; dsn: 'user=myuser password=xxx dbname=cust_churn_stg host=host.docker.internal port=6543', closed: 0>
[2025-06-16 02:56:23,896] {logging_mixin.py:104} INFO - Old data deleted.
[2025-06-16 02:56:24,233] {logging_mixin.py:104} INFO - CSV data inserted into Postgres successfully.
[2025-06-16 02:56:24,233] {python.py:151} INFO - Done. Returned value was: None
[2025-06-16 02:56:24,276] {taskinstance.py:1211} INFO - Marking task as SUCCESS. dag_id=Job_dag, task_id=data_ingestion, execution_date=20250616T010000, start_date=20250616T025623, end_date=20250616T025624
[2025-06-16 02:56:24,381] {taskinstance.py:1265} INFO - 1 downstream tasks scheduled from follow-on schedule check
[2025-06-16 02:56:24,407] {local_task_job.py:151} INFO - Task exited with return code 0
